<?xml version="1.0" encoding="UTF-8"?>
<coverage generated="1777138344807" clover="3.2.0">
  <project timestamp="1777138344807" name="All files">
    <metrics statements="64" coveredstatements="64" conditionals="39" coveredconditionals="39" methods="17" coveredmethods="17" elements="120" coveredelements="120" complexity="0" loc="64" ncloc="64" packages="1" files="1" classes="1"/>
    <file name="index.js" path="/home/runner/work/rollup-extras/rollup-extras/plugin-angularjs-template-cache/src/index.js">
      <metrics statements="64" coveredstatements="64" conditionals="39" coveredconditionals="39" methods="17" coveredmethods="17"/>
      <line num="23" count="1" type="stmt"/>
      <line num="25" count="1" type="stmt"/>
      <line num="27" count="1" type="stmt"/>
      <line num="28" count="1" type="stmt"/>
      <line num="30" count="1" type="stmt"/>
      <line num="44" count="36" type="stmt"/>
      <line num="49" count="28" type="stmt"/>
      <line num="50" count="34" type="stmt"/>
      <line num="82" count="36" type="stmt"/>
      <line num="84" count="36" type="stmt"/>
      <line num="86" count="36" type="stmt"/>
      <line num="91" count="29" type="cond" truecount="2" falsecount="0"/>
      <line num="92" count="1" type="stmt"/>
      <line num="93" count="1" type="stmt"/>
      <line num="102" count="33" type="cond" truecount="4" falsecount="0"/>
      <line num="103" count="3" type="cond" truecount="2" falsecount="0"/>
      <line num="106" count="30" type="cond" truecount="2" falsecount="0"/>
      <line num="107" count="26" type="stmt"/>
      <line num="108" count="26" type="stmt"/>
      <line num="111" count="4" type="cond" truecount="2" falsecount="0"/>
      <line num="112" count="1" type="stmt"/>
      <line num="115" count="3" type="stmt"/>
      <line num="120" count="30" type="cond" truecount="2" falsecount="0"/>
      <line num="121" count="27" type="stmt"/>
      <line num="123" count="27" type="cond" truecount="2" falsecount="0"/>
      <line num="124" count="26" type="stmt"/>
      <line num="125" count="32" type="stmt"/>
      <line num="129" count="27" type="stmt"/>
      <line num="142" count="3" type="cond" truecount="2" falsecount="0"/>
      <line num="143" count="2" type="stmt"/>
      <line num="144" count="2" type="stmt"/>
      <line num="147" count="1" type="stmt"/>
      <line num="153" count="27" type="stmt"/>
      <line num="154" count="27" type="stmt"/>
      <line num="156" count="27" type="stmt"/>
      <line num="157" count="30" type="stmt"/>
      <line num="160" count="27" type="stmt"/>
      <line num="162" count="27" type="cond" truecount="2" falsecount="0"/>
      <line num="163" count="26" type="stmt"/>
      <line num="166" count="26" type="cond" truecount="2" falsecount="0"/>
      <line num="168" count="26" type="cond" truecount="2" falsecount="0"/>
      <line num="169" count="26" type="stmt"/>
      <line num="171" count="32" type="stmt"/>
      <line num="172" count="32" type="stmt"/>
      <line num="173" count="32" type="stmt"/>
      <line num="174" count="31" type="cond" truecount="2" falsecount="0"/>
      <line num="175" count="1" type="stmt"/>
      <line num="177" count="30" type="stmt"/>
      <line num="179" count="2" type="cond" truecount="2" falsecount="0"/>
      <line num="180" count="2" type="stmt"/>
      <line num="181" count="2" type="stmt"/>
      <line num="183" count="29" type="cond" truecount="2" falsecount="0"/>
      <line num="184" count="1" type="stmt"/>
      <line num="186" count="29" type="stmt"/>
      <line num="189" count="26" type="stmt"/>
      <line num="194" count="27" type="cond" truecount="2" falsecount="0"/>
      <line num="195" count="1" type="stmt"/>
      <line num="197" count="26" type="stmt"/>
      <line num="201" count="27" type="cond" truecount="2" falsecount="0"/>
      <line num="202" count="1" type="stmt"/>
      <line num="204" count="26" type="stmt"/>
      <line num="205" count="29" type="stmt"/>
      <line num="215" count="35" type="stmt"/>
      <line num="223" count="36" type="stmt"/>
    </file>
  </project>
</coverage>
