{"/home/runner/work/rollup-extras/rollup-extras/plugin-angularjs-template-cache/src/index.js": {"path":"/home/runner/work/rollup-extras/rollup-extras/plugin-angularjs-template-cache/src/index.js","statementMap":{"0":{"start":{"line":23,"column":22},"end":{"line":23,"column":38}},"1":{"start":{"line":25,"column":18},"end":{"line":25,"column":28}},"2":{"start":{"line":27,"column":24},"end":{"line":27,"column":38}},"3":{"start":{"line":28,"column":23},"end":{"line":28,"column":36}},"4":{"start":{"line":30,"column":29},"end":{"line":30,"column":42}},"5":{"start":{"line":44,"column":29},"end":{"line":64,"column":5}},"6":{"start":{"line":49,"column":57},"end":{"line":49,"column":61}},"7":{"start":{"line":50,"column":65},"end":{"line":50,"column":68}},"8":{"start":{"line":82,"column":8},"end":{"line":82,"column":25}},"9":{"start":{"line":84,"column":31},"end":{"line":84,"column":55}},"10":{"start":{"line":86,"column":4},"end":{"line":149,"column":null}},"11":{"start":{"line":91,"column":12},"end":{"line":97,"column":null}},"12":{"start":{"line":92,"column":16},"end":{"line":92,"column":null}},"13":{"start":{"line":93,"column":16},"end":{"line":96,"column":null}},"14":{"start":{"line":102,"column":12},"end":{"line":104,"column":null}},"15":{"start":{"line":103,"column":16},"end":{"line":103,"column":null}},"16":{"start":{"line":106,"column":12},"end":{"line":109,"column":null}},"17":{"start":{"line":107,"column":16},"end":{"line":107,"column":null}},"18":{"start":{"line":108,"column":16},"end":{"line":108,"column":null}},"19":{"start":{"line":111,"column":12},"end":{"line":113,"column":null}},"20":{"start":{"line":112,"column":16},"end":{"line":112,"column":null}},"21":{"start":{"line":115,"column":12},"end":{"line":115,"column":null}},"22":{"start":{"line":120,"column":12},"end":{"line":140,"column":null}},"23":{"start":{"line":121,"column":16},"end":{"line":121,"column":null}},"24":{"start":{"line":123,"column":16},"end":{"line":127,"column":null}},"25":{"start":{"line":124,"column":20},"end":{"line":126,"column":null}},"26":{"start":{"line":125,"column":24},"end":{"line":125,"column":null}},"27":{"start":{"line":129,"column":16},"end":{"line":139,"column":null}},"28":{"start":{"line":142,"column":12},"end":{"line":145,"column":null}},"29":{"start":{"line":143,"column":31},"end":{"line":143,"column":62}},"30":{"start":{"line":144,"column":16},"end":{"line":144,"column":null}},"31":{"start":{"line":147,"column":12},"end":{"line":147,"column":null}},"32":{"start":{"line":153,"column":8},"end":{"line":153,"column":null}},"33":{"start":{"line":154,"column":8},"end":{"line":154,"column":null}},"34":{"start":{"line":156,"column":24},"end":{"line":158,"column":9}},"35":{"start":{"line":157,"column":82},"end":{"line":157,"column":117}},"36":{"start":{"line":160,"column":8},"end":{"line":160,"column":null}},"37":{"start":{"line":162,"column":8},"end":{"line":190,"column":null}},"38":{"start":{"line":163,"column":39},"end":{"line":167,"column":13}},"39":{"start":{"line":166,"column":20},"end":{"line":166,"column":null}},"40":{"start":{"line":168,"column":12},"end":{"line":168,"column":null}},"41":{"start":{"line":169,"column":12},"end":{"line":188,"column":null}},"42":{"start":{"line":171,"column":40},"end":{"line":171,"column":64}},"43":{"start":{"line":172,"column":20},"end":{"line":182,"column":null}},"44":{"start":{"line":173,"column":41},"end":{"line":173,"column":61}},"45":{"start":{"line":174,"column":24},"end":{"line":176,"column":null}},"46":{"start":{"line":175,"column":28},"end":{"line":175,"column":null}},"47":{"start":{"line":177,"column":24},"end":{"line":177,"column":null}},"48":{"start":{"line":179,"column":73},"end":{"line":179,"column":122}},"49":{"start":{"line":180,"column":24},"end":{"line":180,"column":null}},"50":{"start":{"line":181,"column":24},"end":{"line":181,"column":null}},"51":{"start":{"line":183,"column":20},"end":{"line":185,"column":null}},"52":{"start":{"line":184,"column":24},"end":{"line":184,"column":null}},"53":{"start":{"line":186,"column":20},"end":{"line":186,"column":null}},"54":{"start":{"line":189,"column":12},"end":{"line":189,"column":null}},"55":{"start":{"line":194,"column":8},"end":{"line":196,"column":null}},"56":{"start":{"line":195,"column":12},"end":{"line":195,"column":null}},"57":{"start":{"line":195,"column":55},"end":{"line":195,"column":111}},"58":{"start":{"line":197,"column":8},"end":{"line":197,"column":null}},"59":{"start":{"line":201,"column":8},"end":{"line":207,"column":null}},"60":{"start":{"line":202,"column":12},"end":{"line":202,"column":null}},"61":{"start":{"line":202,"column":55},"end":{"line":202,"column":122}},"62":{"start":{"line":204,"column":12},"end":{"line":206,"column":null}},"63":{"start":{"line":205,"column":30},"end":{"line":205,"column":81}},"64":{"start":{"line":215,"column":8},"end":{"line":215,"column":null}},"65":{"start":{"line":223,"column":8},"end":{"line":223,"column":null}}},"fnMap":{"0":{"name":"(anonymous_0)","decl":{"start":{"line":36,"column":15},"end":{"line":36,"column":23}},"loc":{"start":{"line":36,"column":57},"end":{"line":225,"column":null}},"line":36},"1":{"name":"(anonymous_1)","decl":{"start":{"line":49,"column":25},"end":{"line":49,"column":26}},"loc":{"start":{"line":49,"column":57},"end":{"line":49,"column":61}},"line":49},"2":{"name":"(anonymous_2)","decl":{"start":{"line":50,"column":34},"end":{"line":50,"column":35}},"loc":{"start":{"line":50,"column":65},"end":{"line":50,"column":68}},"line":50},"3":{"name":"(anonymous_3)","decl":{"start":{"line":90,"column":14},"end":{"line":90,"column":24}},"loc":{"start":{"line":90,"column":27},"end":{"line":98,"column":9}},"line":90},"4":{"name":"(anonymous_4)","decl":{"start":{"line":101,"column":8},"end":{"line":101,"column":17}},"loc":{"start":{"line":101,"column":88},"end":{"line":116,"column":9}},"line":101},"5":{"name":"(anonymous_5)","decl":{"start":{"line":119,"column":14},"end":{"line":119,"column":18}},"loc":{"start":{"line":119,"column":45},"end":{"line":148,"column":9}},"line":119},"6":{"name":"scanForTemplates","decl":{"start":{"line":152,"column":19},"end":{"line":152,"column":35}},"loc":{"start":{"line":152,"column":38},"end":{"line":191,"column":null}},"line":152},"7":{"name":"(anonymous_7)","decl":{"start":{"line":157,"column":66},"end":{"line":157,"column":78}},"loc":{"start":{"line":157,"column":82},"end":{"line":157,"column":117}},"line":157},"8":{"name":"(anonymous_8)","decl":{"start":{"line":165,"column":16},"end":{"line":165,"column":17}},"loc":{"start":{"line":166,"column":20},"end":{"line":166,"column":null}},"line":166},"9":{"name":"(anonymous_9)","decl":{"start":{"line":170,"column":28},"end":{"line":170,"column":33}},"loc":{"start":{"line":170,"column":46},"end":{"line":187,"column":17}},"line":170},"10":{"name":"getImports","decl":{"start":{"line":193,"column":13},"end":{"line":193,"column":23}},"loc":{"start":{"line":193,"column":26},"end":{"line":198,"column":null}},"line":193},"11":{"name":"(anonymous_11)","decl":{"start":{"line":195,"column":37},"end":{"line":195,"column":38}},"loc":{"start":{"line":195,"column":55},"end":{"line":195,"column":111}},"line":195},"12":{"name":"getPopulateCacheCode","decl":{"start":{"line":200,"column":13},"end":{"line":200,"column":33}},"loc":{"start":{"line":200,"column":36},"end":{"line":208,"column":null}},"line":200},"13":{"name":"(anonymous_13)","decl":{"start":{"line":202,"column":37},"end":{"line":202,"column":38}},"loc":{"start":{"line":202,"column":55},"end":{"line":202,"column":122}},"line":202},"14":{"name":"(anonymous_14)","decl":{"start":{"line":205,"column":21},"end":{"line":205,"column":26}},"loc":{"start":{"line":205,"column":30},"end":{"line":205,"column":81}},"line":205},"15":{"name":"getTemplateUri","decl":{"start":{"line":214,"column":13},"end":{"line":214,"column":27}},"loc":{"start":{"line":214,"column":38},"end":{"line":216,"column":null}},"line":214},"16":{"name":"fixSlashes","decl":{"start":{"line":222,"column":13},"end":{"line":222,"column":23}},"loc":{"start":{"line":222,"column":29},"end":{"line":224,"column":null}},"line":222}},"branchMap":{"0":{"loc":{"start":{"line":36,"column":25},"end":{"line":36,"column":55}},"type":"default-arg","locations":[{"start":{"line":36,"column":35},"end":{"line":36,"column":55}}],"line":36},"1":{"loc":{"start":{"line":91,"column":12},"end":{"line":97,"column":null}},"type":"if","locations":[{"start":{"line":91,"column":12},"end":{"line":97,"column":null}},{"start":{},"end":{}}],"line":91},"2":{"loc":{"start":{"line":102,"column":12},"end":{"line":104,"column":null}},"type":"if","locations":[{"start":{"line":102,"column":12},"end":{"line":104,"column":null}},{"start":{},"end":{}}],"line":102},"3":{"loc":{"start":{"line":102,"column":16},"end":{"line":102,"column":66}},"type":"binary-expr","locations":[{"start":{"line":102,"column":16},"end":{"line":102,"column":42}},{"start":{"line":102,"column":46},"end":{"line":102,"column":66}}],"line":102},"4":{"loc":{"start":{"line":103,"column":47},"end":{"line":103,"column":90}},"type":"cond-expr","locations":[{"start":{"line":103,"column":57},"end":{"line":103,"column":85}},{"start":{"line":103,"column":88},"end":{"line":103,"column":90}}],"line":103},"5":{"loc":{"start":{"line":106,"column":12},"end":{"line":109,"column":null}},"type":"if","locations":[{"start":{"line":106,"column":12},"end":{"line":109,"column":null}},{"start":{},"end":{}}],"line":106},"6":{"loc":{"start":{"line":111,"column":12},"end":{"line":113,"column":null}},"type":"if","locations":[{"start":{"line":111,"column":12},"end":{"line":113,"column":null}},{"start":{},"end":{}}],"line":111},"7":{"loc":{"start":{"line":120,"column":12},"end":{"line":140,"column":null}},"type":"if","locations":[{"start":{"line":120,"column":12},"end":{"line":140,"column":null}},{"start":{},"end":{}}],"line":120},"8":{"loc":{"start":{"line":123,"column":16},"end":{"line":127,"column":null}},"type":"if","locations":[{"start":{"line":123,"column":16},"end":{"line":127,"column":null}},{"start":{},"end":{}}],"line":123},"9":{"loc":{"start":{"line":130,"column":22},"end":{"line":130,"column":75}},"type":"cond-expr","locations":[{"start":{"line":130,"column":38},"end":{"line":130,"column":70}},{"start":{"line":130,"column":73},"end":{"line":130,"column":75}}],"line":130},"10":{"loc":{"start":{"line":132,"column":55},"end":{"line":132,"column":79}},"type":"cond-expr","locations":[{"start":{"line":132,"column":68},"end":{"line":132,"column":74}},{"start":{"line":132,"column":77},"end":{"line":132,"column":79}}],"line":132},"11":{"loc":{"start":{"line":142,"column":12},"end":{"line":145,"column":null}},"type":"if","locations":[{"start":{"line":142,"column":12},"end":{"line":145,"column":null}},{"start":{},"end":{}}],"line":142},"12":{"loc":{"start":{"line":162,"column":8},"end":{"line":190,"column":null}},"type":"if","locations":[{"start":{"line":162,"column":8},"end":{"line":190,"column":null}},{"start":{},"end":{}}],"line":162},"13":{"loc":{"start":{"line":166,"column":31},"end":{"line":166,"column":101}},"type":"cond-expr","locations":[{"start":{"line":166,"column":60},"end":{"line":166,"column":81}},{"start":{"line":166,"column":84},"end":{"line":166,"column":101}}],"line":166},"14":{"loc":{"start":{"line":168,"column":47},"end":{"line":168,"column":89}},"type":"cond-expr","locations":[{"start":{"line":168,"column":57},"end":{"line":168,"column":70}},{"start":{"line":168,"column":73},"end":{"line":168,"column":89}}],"line":168},"15":{"loc":{"start":{"line":174,"column":24},"end":{"line":176,"column":null}},"type":"if","locations":[{"start":{"line":174,"column":24},"end":{"line":176,"column":null}},{"start":{},"end":{}}],"line":174},"16":{"loc":{"start":{"line":179,"column":73},"end":{"line":179,"column":122}},"type":"cond-expr","locations":[{"start":{"line":179,"column":97},"end":{"line":179,"column":106}},{"start":{"line":179,"column":109},"end":{"line":179,"column":122}}],"line":179},"17":{"loc":{"start":{"line":183,"column":20},"end":{"line":185,"column":null}},"type":"if","locations":[{"start":{"line":183,"column":20},"end":{"line":185,"column":null}},{"start":{},"end":{}}],"line":183},"18":{"loc":{"start":{"line":194,"column":8},"end":{"line":196,"column":null}},"type":"if","locations":[{"start":{"line":194,"column":8},"end":{"line":196,"column":null}},{"start":{},"end":{}}],"line":194},"19":{"loc":{"start":{"line":201,"column":8},"end":{"line":207,"column":null}},"type":"if","locations":[{"start":{"line":201,"column":8},"end":{"line":207,"column":null}},{"start":{"line":203,"column":15},"end":{"line":207,"column":null}}],"line":201}},"s":{"0":1,"1":1,"2":1,"3":1,"4":1,"5":36,"6":28,"7":34,"8":36,"9":36,"10":36,"11":29,"12":1,"13":1,"14":33,"15":3,"16":30,"17":26,"18":26,"19":4,"20":1,"21":3,"22":30,"23":27,"24":27,"25":26,"26":32,"27":27,"28":3,"29":2,"30":2,"31":1,"32":27,"33":27,"34":27,"35":30,"36":27,"37":27,"38":26,"39":26,"40":26,"41":26,"42":32,"43":32,"44":32,"45":31,"46":1,"47":30,"48":2,"49":2,"50":2,"51":29,"52":1,"53":29,"54":26,"55":27,"56":1,"57":1,"58":26,"59":27,"60":1,"61":1,"62":26,"63":29,"64":35,"65":36},"f":{"0":36,"1":28,"2":34,"3":29,"4":33,"5":30,"6":27,"7":30,"8":26,"9":32,"10":27,"11":1,"12":27,"13":1,"14":29,"15":35,"16":36},"b":{"0":[36],"1":[1,28],"2":[3,30],"3":[33,3],"4":[2,1],"5":[26,4],"6":[1,3],"7":[27,3],"8":[26,1],"9":[4,23],"10":[26,1],"11":[2,1],"12":[26,1],"13":[1,25],"14":[2,24],"15":[1,30],"16":[1,1],"17":[1,28],"18":[1,26],"19":[1,26]},"meta":{"lastBranch":20,"lastFunction":17,"lastStatement":66,"seen":{"s:23:22:23:38":0,"s:25:18:25:28":1,"s:27:24:27:38":2,"s:28:23:28:36":3,"s:30:29:30:42":4,"f:36:15:36:23":0,"b:36:35:36:55":0,"s:44:29:64:5":5,"f:49:25:49:26":1,"s:49:57:49:61":6,"f:50:34:50:35":2,"s:50:65:50:68":7,"s:82:8:82:25":8,"s:84:31:84:55":9,"s:86:4:149:Infinity":10,"f:90:14:90:24":3,"b:91:12:97:Infinity:undefined:undefined:undefined:undefined":1,"s:91:12:97:Infinity":11,"s:92:16:92:Infinity":12,"s:93:16:96:Infinity":13,"f:101:8:101:17":4,"b:102:12:104:Infinity:undefined:undefined:undefined:undefined":2,"s:102:12:104:Infinity":14,"b:102:16:102:42:102:46:102:66":3,"s:103:16:103:Infinity":15,"b:103:57:103:85:103:88:103:90":4,"b:106:12:109:Infinity:undefined:undefined:undefined:undefined":5,"s:106:12:109:Infinity":16,"s:107:16:107:Infinity":17,"s:108:16:108:Infinity":18,"b:111:12:113:Infinity:undefined:undefined:undefined:undefined":6,"s:111:12:113:Infinity":19,"s:112:16:112:Infinity":20,"s:115:12:115:Infinity":21,"f:119:14:119:18":5,"b:120:12:140:Infinity:undefined:undefined:undefined:undefined":7,"s:120:12:140:Infinity":22,"s:121:16:121:Infinity":23,"b:123:16:127:Infinity:undefined:undefined:undefined:undefined":8,"s:123:16:127:Infinity":24,"s:124:20:126:Infinity":25,"s:125:24:125:Infinity":26,"s:129:16:139:Infinity":27,"b:130:38:130:70:130:73:130:75":9,"b:132:68:132:74:132:77:132:79":10,"b:142:12:145:Infinity:undefined:undefined:undefined:undefined":11,"s:142:12:145:Infinity":28,"s:143:31:143:62":29,"s:144:16:144:Infinity":30,"s:147:12:147:Infinity":31,"f:152:19:152:35":6,"s:153:8:153:Infinity":32,"s:154:8:154:Infinity":33,"s:156:24:158:9":34,"f:157:66:157:78":7,"s:157:82:157:117":35,"s:160:8:160:Infinity":36,"b:162:8:190:Infinity:undefined:undefined:undefined:undefined":12,"s:162:8:190:Infinity":37,"s:163:39:167:13":38,"f:165:16:165:17":8,"s:166:20:166:Infinity":39,"b:166:60:166:81:166:84:166:101":13,"s:168:12:168:Infinity":40,"b:168:57:168:70:168:73:168:89":14,"s:169:12:188:Infinity":41,"f:170:28:170:33":9,"s:171:40:171:64":42,"s:172:20:182:Infinity":43,"s:173:41:173:61":44,"b:174:24:176:Infinity:undefined:undefined:undefined:undefined":15,"s:174:24:176:Infinity":45,"s:175:28:175:Infinity":46,"s:177:24:177:Infinity":47,"s:179:73:179:122":48,"b:179:97:179:106:179:109:179:122":16,"s:180:24:180:Infinity":49,"s:181:24:181:Infinity":50,"b:183:20:185:Infinity:undefined:undefined:undefined:undefined":17,"s:183:20:185:Infinity":51,"s:184:24:184:Infinity":52,"s:186:20:186:Infinity":53,"s:189:12:189:Infinity":54,"f:193:13:193:23":10,"b:194:8:196:Infinity:undefined:undefined:undefined:undefined":18,"s:194:8:196:Infinity":55,"s:195:12:195:Infinity":56,"f:195:37:195:38":11,"s:195:55:195:111":57,"s:197:8:197:Infinity":58,"f:200:13:200:33":12,"b:201:8:207:Infinity:203:15:207:Infinity":19,"s:201:8:207:Infinity":59,"s:202:12:202:Infinity":60,"f:202:37:202:38":13,"s:202:55:202:122":61,"s:204:12:206:Infinity":62,"f:205:21:205:26":14,"s:205:30:205:81":63,"f:214:13:214:27":15,"s:215:8:215:Infinity":64,"f:222:13:222:23":16,"s:223:8:223:Infinity":65}}}
}
