<?xml version="1.0" encoding="UTF-8"?>
<coverage generated="1777138344790" clover="3.2.0">
  <project timestamp="1777138344790" name="All files">
    <metrics statements="39" coveredstatements="39" conditionals="27" coveredconditionals="26" methods="7" coveredmethods="7" elements="73" coveredelements="72" complexity="0" loc="39" ncloc="39" packages="1" files="3" classes="3"/>
    <file name="factories.js" path="/home/runner/work/rollup-extras/rollup-extras/plugin-binify/src/factories.js">
      <metrics statements="4" coveredstatements="4" conditionals="2" coveredconditionals="2" methods="1" coveredmethods="1"/>
      <line num="10" count="28" type="stmt"/>
      <line num="14" count="28" type="cond" truecount="2" falsecount="0"/>
      <line num="15" count="25" type="stmt"/>
      <line num="17" count="28" type="stmt"/>
    </file>
    <file name="index.js" path="/home/runner/work/rollup-extras/rollup-extras/plugin-binify/src/index.js">
      <metrics statements="32" coveredstatements="32" conditionals="23" coveredconditionals="22" methods="5" coveredmethods="5"/>
      <line num="21" count="1" type="stmt"/>
      <line num="28" count="24" type="stmt"/>
      <line num="35" count="30" type="cond" truecount="2" falsecount="0"/>
      <line num="40" count="24" type="stmt"/>
      <line num="43" count="24" type="stmt"/>
      <line num="47" count="22" type="cond" truecount="2" falsecount="0"/>
      <line num="48" count="22" type="stmt"/>
      <line num="49" count="22" type="cond" truecount="2" falsecount="0"/>
      <line num="53" count="22" type="stmt"/>
      <line num="54" count="30" type="stmt"/>
      <line num="55" count="30" type="cond" truecount="2" falsecount="0"/>
      <line num="56" count="24" type="stmt"/>
      <line num="57" count="24" type="cond" truecount="2" falsecount="0"/>
      <line num="58" count="23" type="cond" truecount="2" falsecount="0"/>
      <line num="59" count="2" type="stmt"/>
      <line num="61" count="23" type="stmt"/>
      <line num="63" count="1" type="stmt"/>
      <line num="65" count="24" type="stmt"/>
      <line num="67" count="30" type="cond" truecount="2" falsecount="0"/>
      <line num="68" count="9" type="stmt"/>
      <line num="74" count="8" type="cond" truecount="2" falsecount="0"/>
      <line num="75" count="6" type="stmt"/>
      <line num="76" count="8" type="stmt"/>
      <line num="77" count="8" type="cond" truecount="2" falsecount="0"/>
      <line num="78" count="7" type="stmt"/>
      <line num="79" count="7" type="stmt"/>
      <line num="80" count="7" type="stmt"/>
      <line num="81" count="7" type="stmt"/>
      <line num="82" count="5" type="stmt"/>
      <line num="84" count="2" type="stmt"/>
      <line num="86" count="7" type="cond" truecount="2" falsecount="0"/>
      <line num="87" count="6" type="stmt"/>
    </file>
    <file name="utils.js" path="/home/runner/work/rollup-extras/rollup-extras/plugin-binify/src/utils.js">
      <metrics statements="3" coveredstatements="3" conditionals="2" coveredconditionals="2" methods="1" coveredmethods="1"/>
      <line num="7" count="8" type="stmt"/>
      <line num="9" count="64" type="cond" truecount="2" falsecount="0"/>
      <line num="11" count="8" type="stmt"/>
    </file>
  </project>
</coverage>
