{"/home/runner/work/rollup-extras/rollup-extras/plugin-binify/src/factories.js": {"path":"/home/runner/work/rollup-extras/rollup-extras/plugin-binify/src/factories.js","statementMap":{"0":{"start":{"line":10,"column":46},"end":{"line":10,"column":61}},"1":{"start":{"line":14,"column":4},"end":{"line":16,"column":null}},"2":{"start":{"line":15,"column":8},"end":{"line":15,"column":null}},"3":{"start":{"line":17,"column":4},"end":{"line":17,"column":null}}},"fnMap":{"0":{"name":"shebang","decl":{"start":{"line":9,"column":16},"end":{"line":9,"column":23}},"loc":{"start":{"line":9,"column":33},"end":{"line":18,"column":null}},"line":9}},"branchMap":{"0":{"loc":{"start":{"line":14,"column":4},"end":{"line":16,"column":null}},"type":"if","locations":[{"start":{"line":14,"column":4},"end":{"line":16,"column":null}},{"start":{},"end":{}}],"line":14}},"s":{"0":28,"1":28,"2":25,"3":28},"f":{"0":28},"b":{"0":[25,3]},"meta":{"lastBranch":1,"lastFunction":1,"lastStatement":4,"seen":{"f:9:16:9:23":0,"s:10:46:10:61":0,"b:14:4:16:Infinity:undefined:undefined:undefined:undefined":0,"s:14:4:16:Infinity":1,"s:15:8:15:Infinity":2,"s:17:4:17:Infinity":3}}}
,"/home/runner/work/rollup-extras/rollup-extras/plugin-binify/src/index.js": {"path":"/home/runner/work/rollup-extras/rollup-extras/plugin-binify/src/index.js","statementMap":{"0":{"start":{"line":21,"column":18},"end":{"line":21,"column":37}},"1":{"start":{"line":28,"column":76},"end":{"line":38,"column":5}},"2":{"start":{"line":35,"column":71},"end":{"line":35,"column":137}},"3":{"start":{"line":40,"column":21},"end":{"line":40,"column":23}},"4":{"start":{"line":43,"column":4},"end":{"line":93,"column":null}},"5":{"start":{"line":47,"column":12},"end":{"line":47,"column":null}},"6":{"start":{"line":48,"column":12},"end":{"line":48,"column":null}},"7":{"start":{"line":49,"column":12},"end":{"line":49,"column":null}},"8":{"start":{"line":53,"column":12},"end":{"line":70,"column":null}},"9":{"start":{"line":54,"column":71},"end":{"line":54,"column":82}},"10":{"start":{"line":55,"column":16},"end":{"line":66,"column":null}},"11":{"start":{"line":56,"column":20},"end":{"line":56,"column":null}},"12":{"start":{"line":57,"column":20},"end":{"line":64,"column":null}},"13":{"start":{"line":58,"column":24},"end":{"line":60,"column":null}},"14":{"start":{"line":59,"column":28},"end":{"line":59,"column":null}},"15":{"start":{"line":61,"column":24},"end":{"line":61,"column":null}},"16":{"start":{"line":63,"column":24},"end":{"line":63,"column":null}},"17":{"start":{"line":65,"column":20},"end":{"line":65,"column":null}},"18":{"start":{"line":67,"column":16},"end":{"line":69,"column":null}},"19":{"start":{"line":68,"column":20},"end":{"line":68,"column":null}},"20":{"start":{"line":74,"column":12},"end":{"line":91,"column":null}},"21":{"start":{"line":75,"column":16},"end":{"line":90,"column":null}},"22":{"start":{"line":76,"column":75},"end":{"line":76,"column":86}},"23":{"start":{"line":77,"column":20},"end":{"line":89,"column":null}},"24":{"start":{"line":78,"column":24},"end":{"line":78,"column":null}},"25":{"start":{"line":79,"column":40},"end":{"line":79,"column":72}},"26":{"start":{"line":80,"column":24},"end":{"line":85,"column":null}},"27":{"start":{"line":81,"column":28},"end":{"line":81,"column":null}},"28":{"start":{"line":82,"column":28},"end":{"line":82,"column":null}},"29":{"start":{"line":84,"column":28},"end":{"line":84,"column":null}},"30":{"start":{"line":86,"column":24},"end":{"line":88,"column":null}},"31":{"start":{"line":87,"column":28},"end":{"line":87,"column":null}}},"fnMap":{"0":{"name":"(anonymous_0)","decl":{"start":{"line":27,"column":15},"end":{"line":27,"column":23}},"loc":{"start":{"line":27,"column":39},"end":{"line":94,"column":null}},"line":27},"1":{"name":"(anonymous_1)","decl":{"start":{"line":35,"column":20},"end":{"line":35,"column":21}},"loc":{"start":{"line":35,"column":71},"end":{"line":35,"column":137}},"line":35},"2":{"name":"(anonymous_2)","decl":{"start":{"line":46,"column":8},"end":{"line":46,"column":19}},"loc":{"start":{"line":46,"column":74},"end":{"line":50,"column":9}},"line":46},"3":{"name":"(anonymous_3)","decl":{"start":{"line":52,"column":8},"end":{"line":52,"column":22}},"loc":{"start":{"line":52,"column":108},"end":{"line":71,"column":9}},"line":52},"4":{"name":"(anonymous_4)","decl":{"start":{"line":73,"column":14},"end":{"line":73,"column":25}},"loc":{"start":{"line":73,"column":111},"end":{"line":92,"column":9}},"line":73}},"branchMap":{"0":{"loc":{"start":{"line":27,"column":25},"end":{"line":27,"column":37}},"type":"default-arg","locations":[{"start":{"line":27,"column":35},"end":{"line":27,"column":37}}],"line":27},"1":{"loc":{"start":{"line":34,"column":28},"end":{"line":34,"column":72}},"type":"cond-expr","locations":[{"start":{"line":34,"column":59},"end":{"line":34,"column":64}},{"start":{"line":34,"column":67},"end":{"line":34,"column":72}}],"line":34},"2":{"loc":{"start":{"line":35,"column":71},"end":{"line":35,"column":137}},"type":"binary-expr","locations":[{"start":{"line":35,"column":71},"end":{"line":35,"column":92}},{"start":{"line":35,"column":123},"end":{"line":35,"column":137}}],"line":35},"3":{"loc":{"start":{"line":47,"column":25},"end":{"line":47,"column":48}},"type":"binary-expr","locations":[{"start":{"line":47,"column":25},"end":{"line":47,"column":42}},{"start":{"line":47,"column":46},"end":{"line":47,"column":48}}],"line":47},"4":{"loc":{"start":{"line":49,"column":86},"end":{"line":49,"column":128}},"type":"cond-expr","locations":[{"start":{"line":49,"column":96},"end":{"line":49,"column":109}},{"start":{"line":49,"column":112},"end":{"line":49,"column":128}}],"line":49},"5":{"loc":{"start":{"line":55,"column":16},"end":{"line":66,"column":null}},"type":"if","locations":[{"start":{"line":55,"column":16},"end":{"line":66,"column":null}},{"start":{},"end":{}}],"line":55},"6":{"loc":{"start":{"line":57,"column":20},"end":{"line":64,"column":null}},"type":"if","locations":[{"start":{"line":57,"column":20},"end":{"line":64,"column":null}},{"start":{"line":62,"column":27},"end":{"line":64,"column":null}}],"line":57},"7":{"loc":{"start":{"line":58,"column":24},"end":{"line":60,"column":null}},"type":"if","locations":[{"start":{"line":58,"column":24},"end":{"line":60,"column":null}},{"start":{},"end":{}}],"line":58},"8":{"loc":{"start":{"line":67,"column":16},"end":{"line":69,"column":null}},"type":"if","locations":[{"start":{"line":67,"column":16},"end":{"line":69,"column":null}},{"start":{},"end":{}}],"line":67},"9":{"loc":{"start":{"line":74,"column":12},"end":{"line":91,"column":null}},"type":"if","locations":[{"start":{"line":74,"column":12},"end":{"line":91,"column":null}},{"start":{},"end":{}}],"line":74},"10":{"loc":{"start":{"line":77,"column":20},"end":{"line":89,"column":null}},"type":"if","locations":[{"start":{"line":77,"column":20},"end":{"line":89,"column":null}},{"start":{},"end":{}}],"line":77},"11":{"loc":{"start":{"line":86,"column":24},"end":{"line":88,"column":null}},"type":"if","locations":[{"start":{"line":86,"column":24},"end":{"line":88,"column":null}},{"start":{},"end":{}}],"line":86}},"s":{"0":1,"1":24,"2":30,"3":24,"4":24,"5":22,"6":22,"7":22,"8":22,"9":30,"10":30,"11":24,"12":24,"13":23,"14":2,"15":23,"16":1,"17":24,"18":30,"19":9,"20":8,"21":6,"22":8,"23":8,"24":7,"25":7,"26":7,"27":7,"28":5,"29":2,"30":7,"31":6},"f":{"0":24,"1":30,"2":22,"3":22,"4":8},"b":{"0":[24],"1":[0,24],"2":[30,27],"3":[22,1],"4":[1,21],"5":[24,6],"6":[23,1],"7":[2,21],"8":[9,21],"9":[6,2],"10":[7,1],"11":[6,1]},"meta":{"lastBranch":12,"lastFunction":5,"lastStatement":32,"seen":{"s:21:18:21:37":0,"f:27:15:27:23":0,"b:27:35:27:37":0,"s:28:76:38:5":1,"b:34:59:34:64:34:67:34:72":1,"f:35:20:35:21":1,"s:35:71:35:137":2,"b:35:71:35:92:35:123:35:137":2,"s:40:21:40:23":3,"s:43:4:93:Infinity":4,"f:46:8:46:19":2,"s:47:12:47:Infinity":5,"b:47:25:47:42:47:46:47:48":3,"s:48:12:48:Infinity":6,"s:49:12:49:Infinity":7,"b:49:96:49:109:49:112:49:128":4,"f:52:8:52:22":3,"s:53:12:70:Infinity":8,"s:54:71:54:82":9,"b:55:16:66:Infinity:undefined:undefined:undefined:undefined":5,"s:55:16:66:Infinity":10,"s:56:20:56:Infinity":11,"b:57:20:64:Infinity:62:27:64:Infinity":6,"s:57:20:64:Infinity":12,"b:58:24:60:Infinity:undefined:undefined:undefined:undefined":7,"s:58:24:60:Infinity":13,"s:59:28:59:Infinity":14,"s:61:24:61:Infinity":15,"s:63:24:63:Infinity":16,"s:65:20:65:Infinity":17,"b:67:16:69:Infinity:undefined:undefined:undefined:undefined":8,"s:67:16:69:Infinity":18,"s:68:20:68:Infinity":19,"f:73:14:73:25":4,"b:74:12:91:Infinity:undefined:undefined:undefined:undefined":9,"s:74:12:91:Infinity":20,"s:75:16:90:Infinity":21,"s:76:75:76:86":22,"b:77:20:89:Infinity:undefined:undefined:undefined:undefined":10,"s:77:20:89:Infinity":23,"s:78:24:78:Infinity":24,"s:79:40:79:72":25,"s:80:24:85:Infinity":26,"s:81:28:81:Infinity":27,"s:82:28:82:Infinity":28,"s:84:28:84:Infinity":29,"b:86:24:88:Infinity:undefined:undefined:undefined:undefined":11,"s:86:24:88:Infinity":30,"s:87:28:87:Infinity":31}}}
,"/home/runner/work/rollup-extras/rollup-extras/plugin-binify/src/utils.js": {"path":"/home/runner/work/rollup-extras/rollup-extras/plugin-binify/src/utils.js","statementMap":{"0":{"start":{"line":7,"column":22},"end":{"line":7,"column":23}},"1":{"start":{"line":9,"column":4},"end":{"line":9,"column":null}},"2":{"start":{"line":9,"column":27},"end":{"line":9,"column":null}},"3":{"start":{"line":11,"column":4},"end":{"line":11,"column":null}}},"fnMap":{"0":{"name":"count","decl":{"start":{"line":6,"column":16},"end":{"line":6,"column":21}},"loc":{"start":{"line":6,"column":37},"end":{"line":12,"column":null}},"line":6}},"branchMap":{"0":{"loc":{"start":{"line":9,"column":27},"end":{"line":9,"column":56}},"type":"binary-expr","locations":[{"start":{"line":9,"column":27},"end":{"line":9,"column":39}},{"start":{"line":9,"column":43},"end":{"line":9,"column":56}}],"line":9}},"s":{"0":8,"1":8,"2":64,"3":8},"f":{"0":8},"b":{"0":[64,8]},"meta":{"lastBranch":1,"lastFunction":1,"lastStatement":4,"seen":{"f:6:16:6:21":0,"s:7:22:7:23":0,"s:9:4:9:Infinity":1,"s:9:27:9:Infinity":2,"b:9:27:9:39:9:43:9:56":0,"s:11:4:11:Infinity":3}}}
}
