<?xml version="1.0" encoding="UTF-8"?>
<coverage generated="1777138345274" clover="3.2.0">
  <project timestamp="1777138345274" name="All files">
    <metrics statements="114" coveredstatements="114" conditionals="85" coveredconditionals="83" methods="15" coveredmethods="15" elements="214" coveredelements="212" complexity="0" loc="114" ncloc="114" packages="1" files="1" classes="1"/>
    <file name="index.js" path="/home/runner/work/rollup-extras/rollup-extras/plugin-size/src/index.js">
      <metrics statements="114" coveredstatements="114" conditionals="85" coveredconditionals="83" methods="15" coveredmethods="15"/>
      <line num="15" count="1" type="stmt"/>
      <line num="16" count="1" type="stmt"/>
      <line num="38" count="1" type="stmt"/>
      <line num="46" count="134" type="cond" truecount="2" falsecount="0"/>
      <line num="47" count="7" type="cond" truecount="2" falsecount="0"/>
      <line num="48" count="1" type="stmt"/>
      <line num="58" count="63" type="cond" truecount="2" falsecount="0"/>
      <line num="59" count="10" type="stmt"/>
      <line num="60" count="10" type="cond" truecount="2" falsecount="0"/>
      <line num="61" count="7" type="cond" truecount="2" falsecount="0"/>
      <line num="62" count="3" type="stmt"/>
      <line num="75" count="60" type="stmt"/>
      <line num="76" count="60" type="cond" truecount="2" falsecount="0"/>
      <line num="77" count="55" type="stmt"/>
      <line num="79" count="60" type="cond" truecount="2" falsecount="0"/>
      <line num="80" count="8" type="stmt"/>
      <line num="82" count="60" type="cond" truecount="2" falsecount="0"/>
      <line num="83" count="55" type="stmt"/>
      <line num="93" count="150" type="cond" truecount="4" falsecount="0"/>
      <line num="94" count="150" type="stmt"/>
      <line num="104" count="50" type="stmt"/>
      <line num="105" count="50" type="stmt"/>
      <line num="106" count="50" type="stmt"/>
      <line num="108" count="50" type="cond" truecount="5" falsecount="0"/>
      <line num="109" count="1" type="stmt"/>
      <line num="112" count="49" type="stmt"/>
      <line num="113" count="52" type="stmt"/>
      <line num="114" count="52" type="stmt"/>
      <line num="115" count="52" type="cond" truecount="2" falsecount="0"/>
      <line num="116" count="50" type="cond" truecount="2" falsecount="0"/>
      <line num="117" count="50" type="stmt"/>
      <line num="119" count="2" type="stmt"/>
      <line num="123" count="49" type="stmt"/>
      <line num="124" count="3" type="stmt"/>
      <line num="125" count="3" type="stmt"/>
      <line num="126" count="3" type="cond" truecount="2" falsecount="0"/>
      <line num="127" count="2" type="cond" truecount="1" falsecount="1"/>
      <line num="128" count="2" type="stmt"/>
      <line num="130" count="1" type="stmt"/>
      <line num="134" count="49" type="stmt"/>
      <line num="135" count="10" type="stmt"/>
      <line num="136" count="10" type="stmt"/>
      <line num="137" count="10" type="cond" truecount="2" falsecount="0"/>
      <line num="138" count="8" type="stmt"/>
      <line num="140" count="2" type="stmt"/>
      <line num="153" count="60" type="stmt"/>
      <line num="155" count="60" type="stmt"/>
      <line num="157" count="60" type="cond" truecount="2" falsecount="0"/>
      <line num="158" count="55" type="stmt"/>
      <line num="160" count="55" type="stmt"/>
      <line num="164" count="60" type="cond" truecount="2" falsecount="0"/>
      <line num="165" count="8" type="stmt"/>
      <line num="167" count="8" type="stmt"/>
      <line num="172" count="60" type="stmt"/>
      <line num="173" count="60" type="stmt"/>
      <line num="185" count="50" type="stmt"/>
      <line num="187" count="50" type="stmt"/>
      <line num="189" count="60" type="cond" truecount="2" falsecount="0"/>
      <line num="190" count="52" type="stmt"/>
      <line num="191" count="52" type="stmt"/>
      <line num="194" count="52" type="stmt"/>
      <line num="198" count="52" type="cond" truecount="2" falsecount="0"/>
      <line num="199" count="4" type="stmt"/>
      <line num="200" count="4" type="stmt"/>
      <line num="201" count="4" type="stmt"/>
      <line num="204" count="52" type="stmt"/>
      <line num="206" count="52" type="cond" truecount="2" falsecount="0"/>
      <line num="207" count="52" type="cond" truecount="2" falsecount="0"/>
      <line num="208" count="50" type="stmt"/>
      <line num="210" count="52" type="stmt"/>
      <line num="211" count="52" type="cond" truecount="2" falsecount="0"/>
      <line num="212" count="51" type="stmt"/>
      <line num="214" count="52" type="stmt"/>
      <line num="215" count="52" type="cond" truecount="2" falsecount="0"/>
      <line num="216" count="4" type="cond" truecount="2" falsecount="0"/>
      <line num="218" count="52" type="cond" truecount="2" falsecount="0"/>
      <line num="219" count="48" type="cond" truecount="2" falsecount="0"/>
      <line num="221" count="52" type="cond" truecount="2" falsecount="0"/>
      <line num="222" count="7" type="cond" truecount="2" falsecount="0"/>
      <line num="225" count="8" type="stmt"/>
      <line num="226" count="8" type="cond" truecount="2" falsecount="0"/>
      <line num="227" count="8" type="cond" truecount="2" falsecount="0"/>
      <line num="228" count="8" type="cond" truecount="2" falsecount="0"/>
      <line num="229" count="8" type="stmt"/>
      <line num="231" count="8" type="cond" truecount="2" falsecount="0"/>
      <line num="232" count="7" type="stmt"/>
      <line num="234" count="8" type="cond" truecount="1" falsecount="1"/>
      <line num="235" count="8" type="stmt"/>
      <line num="237" count="8" type="stmt"/>
      <line num="238" count="8" type="cond" truecount="2" falsecount="0"/>
      <line num="239" count="7" type="cond" truecount="2" falsecount="0"/>
      <line num="241" count="8" type="cond" truecount="2" falsecount="0"/>
      <line num="242" count="1" type="cond" truecount="2" falsecount="0"/>
      <line num="255" count="50" type="stmt"/>
      <line num="256" count="50" type="stmt"/>
      <line num="257" count="12" type="stmt"/>
      <line num="259" count="39" type="stmt"/>
      <line num="275" count="52" type="stmt"/>
      <line num="288" count="52" type="stmt"/>
      <line num="291" count="52" type="stmt"/>
      <line num="294" count="52" type="stmt"/>
      <line num="296" count="52" type="stmt"/>
      <line num="301" count="52" type="cond" truecount="2" falsecount="0"/>
      <line num="302" count="50" type="stmt"/>
      <line num="303" count="48" type="stmt"/>
      <line num="304" count="48" type="stmt"/>
      <line num="305" count="48" type="stmt"/>
      <line num="309" count="52" type="stmt"/>
      <line num="317" count="50" type="stmt"/>
      <line num="324" count="50" type="stmt"/>
      <line num="326" count="50" type="stmt"/>
      <line num="328" count="50" type="stmt"/>
      <line num="330" count="50" type="cond" truecount="2" falsecount="0"/>
      <line num="331" count="49" type="stmt"/>
    </file>
  </project>
</coverage>
