{"/home/runner/work/rollup-extras/rollup-extras/plugin-size/src/index.js": {"path":"/home/runner/work/rollup-extras/rollup-extras/plugin-size/src/index.js","statementMap":{"0":{"start":{"line":15,"column":12},"end":{"line":15,"column":30}},"1":{"start":{"line":16,"column":14},"end":{"line":16,"column":34}},"2":{"start":{"line":38,"column":18},"end":{"line":38,"column":28}},"3":{"start":{"line":46,"column":4},"end":{"line":46,"column":null}},"4":{"start":{"line":46,"column":22},"end":{"line":46,"column":null}},"5":{"start":{"line":47,"column":4},"end":{"line":47,"column":null}},"6":{"start":{"line":47,"column":29},"end":{"line":47,"column":null}},"7":{"start":{"line":48,"column":4},"end":{"line":48,"column":null}},"8":{"start":{"line":58,"column":4},"end":{"line":58,"column":null}},"9":{"start":{"line":58,"column":26},"end":{"line":58,"column":null}},"10":{"start":{"line":59,"column":18},"end":{"line":59,"column":36}},"11":{"start":{"line":60,"column":4},"end":{"line":60,"column":null}},"12":{"start":{"line":60,"column":21},"end":{"line":60,"column":null}},"13":{"start":{"line":61,"column":4},"end":{"line":61,"column":null}},"14":{"start":{"line":61,"column":19},"end":{"line":61,"column":null}},"15":{"start":{"line":62,"column":4},"end":{"line":62,"column":null}},"16":{"start":{"line":75,"column":18},"end":{"line":75,"column":20}},"17":{"start":{"line":76,"column":4},"end":{"line":78,"column":null}},"18":{"start":{"line":77,"column":8},"end":{"line":77,"column":null}},"19":{"start":{"line":79,"column":4},"end":{"line":81,"column":null}},"20":{"start":{"line":80,"column":8},"end":{"line":80,"column":null}},"21":{"start":{"line":82,"column":4},"end":{"line":82,"column":null}},"22":{"start":{"line":82,"column":28},"end":{"line":82,"column":null}},"23":{"start":{"line":83,"column":4},"end":{"line":83,"column":null}},"24":{"start":{"line":93,"column":16},"end":{"line":93,"column":75}},"25":{"start":{"line":94,"column":4},"end":{"line":94,"column":null}},"26":{"start":{"line":104,"column":22},"end":{"line":104,"column":64}},"27":{"start":{"line":105,"column":22},"end":{"line":105,"column":62}},"28":{"start":{"line":106,"column":22},"end":{"line":106,"column":62}},"29":{"start":{"line":108,"column":4},"end":{"line":110,"column":null}},"30":{"start":{"line":109,"column":8},"end":{"line":109,"column":null}},"31":{"start":{"line":112,"column":4},"end":{"line":121,"column":null}},"32":{"start":{"line":113,"column":20},"end":{"line":113,"column":45}},"33":{"start":{"line":114,"column":21},"end":{"line":114,"column":47}},"34":{"start":{"line":115,"column":8},"end":{"line":120,"column":null}},"35":{"start":{"line":116,"column":28},"end":{"line":116,"column":88}},"36":{"start":{"line":117,"column":12},"end":{"line":117,"column":null}},"37":{"start":{"line":119,"column":12},"end":{"line":119,"column":null}},"38":{"start":{"line":123,"column":4},"end":{"line":132,"column":null}},"39":{"start":{"line":124,"column":20},"end":{"line":124,"column":44}},"40":{"start":{"line":125,"column":21},"end":{"line":125,"column":46}},"41":{"start":{"line":126,"column":8},"end":{"line":131,"column":null}},"42":{"start":{"line":127,"column":28},"end":{"line":127,"column":88}},"43":{"start":{"line":128,"column":12},"end":{"line":128,"column":null}},"44":{"start":{"line":130,"column":12},"end":{"line":130,"column":null}},"45":{"start":{"line":134,"column":4},"end":{"line":142,"column":null}},"46":{"start":{"line":135,"column":20},"end":{"line":135,"column":41}},"47":{"start":{"line":136,"column":21},"end":{"line":136,"column":43}},"48":{"start":{"line":137,"column":8},"end":{"line":141,"column":null}},"49":{"start":{"line":138,"column":12},"end":{"line":138,"column":null}},"50":{"start":{"line":140,"column":12},"end":{"line":140,"column":null}},"51":{"start":{"line":153,"column":19},"end":{"line":153,"column":21}},"52":{"start":{"line":155,"column":18},"end":{"line":155,"column":20}},"53":{"start":{"line":157,"column":4},"end":{"line":163,"column":null}},"54":{"start":{"line":158,"column":8},"end":{"line":162,"column":null}},"55":{"start":{"line":160,"column":16},"end":{"line":160,"column":null}},"56":{"start":{"line":164,"column":4},"end":{"line":170,"column":null}},"57":{"start":{"line":165,"column":8},"end":{"line":169,"column":null}},"58":{"start":{"line":167,"column":16},"end":{"line":167,"column":null}},"59":{"start":{"line":172,"column":4},"end":{"line":172,"column":null}},"60":{"start":{"line":173,"column":4},"end":{"line":173,"column":null}},"61":{"start":{"line":185,"column":19},"end":{"line":185,"column":39}},"62":{"start":{"line":187,"column":4},"end":{"line":246,"column":null}},"63":{"start":{"line":189,"column":12},"end":{"line":244,"column":null}},"64":{"start":{"line":190,"column":56},"end":{"line":190,"column":67}},"65":{"start":{"line":191,"column":28},"end":{"line":191,"column":59}},"66":{"start":{"line":194,"column":41},"end":{"line":194,"column":45}},"67":{"start":{"line":198,"column":16},"end":{"line":202,"column":null}},"68":{"start":{"line":199,"column":41},"end":{"line":199,"column":71}},"69":{"start":{"line":200,"column":20},"end":{"line":200,"column":null}},"70":{"start":{"line":201,"column":20},"end":{"line":201,"column":null}},"71":{"start":{"line":204,"column":30},"end":{"line":204,"column":97}},"72":{"start":{"line":206,"column":60},"end":{"line":206,"column":97}},"73":{"start":{"line":207,"column":16},"end":{"line":209,"column":null}},"74":{"start":{"line":208,"column":20},"end":{"line":208,"column":null}},"75":{"start":{"line":210,"column":78},"end":{"line":210,"column":100}},"76":{"start":{"line":211,"column":16},"end":{"line":213,"column":null}},"77":{"start":{"line":212,"column":20},"end":{"line":212,"column":null}},"78":{"start":{"line":214,"column":16},"end":{"line":214,"column":null}},"79":{"start":{"line":215,"column":16},"end":{"line":217,"column":null}},"80":{"start":{"line":216,"column":20},"end":{"line":216,"column":null}},"81":{"start":{"line":218,"column":16},"end":{"line":220,"column":null}},"82":{"start":{"line":219,"column":20},"end":{"line":219,"column":null}},"83":{"start":{"line":221,"column":16},"end":{"line":223,"column":null}},"84":{"start":{"line":222,"column":20},"end":{"line":222,"column":null}},"85":{"start":{"line":225,"column":58},"end":{"line":225,"column":71}},"86":{"start":{"line":226,"column":28},"end":{"line":226,"column":110}},"87":{"start":{"line":227,"column":27},"end":{"line":227,"column":57}},"88":{"start":{"line":228,"column":28},"end":{"line":228,"column":106}},"89":{"start":{"line":229,"column":30},"end":{"line":229,"column":61}},"90":{"start":{"line":231,"column":16},"end":{"line":233,"column":null}},"91":{"start":{"line":232,"column":20},"end":{"line":232,"column":null}},"92":{"start":{"line":234,"column":16},"end":{"line":236,"column":null}},"93":{"start":{"line":235,"column":20},"end":{"line":235,"column":null}},"94":{"start":{"line":237,"column":16},"end":{"line":237,"column":null}},"95":{"start":{"line":238,"column":16},"end":{"line":240,"column":null}},"96":{"start":{"line":239,"column":20},"end":{"line":239,"column":null}},"97":{"start":{"line":241,"column":16},"end":{"line":243,"column":null}},"98":{"start":{"line":242,"column":20},"end":{"line":242,"column":null}},"99":{"start":{"line":255,"column":4},"end":{"line":260,"column":null}},"100":{"start":{"line":256,"column":24},"end":{"line":256,"column":57}},"101":{"start":{"line":257,"column":8},"end":{"line":257,"column":null}},"102":{"start":{"line":259,"column":8},"end":{"line":259,"column":null}},"103":{"start":{"line":275,"column":29},"end":{"line":286,"column":5}},"104":{"start":{"line":288,"column":91},"end":{"line":288,"column":108}},"105":{"start":{"line":291,"column":18},"end":{"line":291,"column":84}},"106":{"start":{"line":294,"column":25},"end":{"line":294,"column":27}},"107":{"start":{"line":296,"column":20},"end":{"line":296,"column":90}},"108":{"start":{"line":301,"column":4},"end":{"line":307,"column":null}},"109":{"start":{"line":302,"column":8},"end":{"line":306,"column":null}},"110":{"start":{"line":303,"column":12},"end":{"line":303,"column":null}},"111":{"start":{"line":304,"column":12},"end":{"line":304,"column":null}},"112":{"start":{"line":305,"column":12},"end":{"line":305,"column":null}},"113":{"start":{"line":309,"column":4},"end":{"line":309,"column":null}},"114":{"start":{"line":317,"column":8},"end":{"line":317,"column":null}},"115":{"start":{"line":324,"column":25},"end":{"line":324,"column":59}},"116":{"start":{"line":326,"column":30},"end":{"line":326,"column":64}},"117":{"start":{"line":328,"column":8},"end":{"line":328,"column":null}},"118":{"start":{"line":330,"column":8},"end":{"line":332,"column":null}},"119":{"start":{"line":331,"column":12},"end":{"line":331,"column":null}}},"fnMap":{"0":{"name":"formatSize","decl":{"start":{"line":45,"column":9},"end":{"line":45,"column":19}},"loc":{"start":{"line":45,"column":27},"end":{"line":49,"column":null}},"line":45},"1":{"name":"formatDelta","decl":{"start":{"line":57,"column":9},"end":{"line":57,"column":20}},"loc":{"start":{"line":57,"column":40},"end":{"line":63,"column":null}},"line":57},"2":{"name":"formatCompressed","decl":{"start":{"line":74,"column":9},"end":{"line":74,"column":25}},"loc":{"start":{"line":74,"column":37},"end":{"line":84,"column":null}},"line":74},"3":{"name":"allKeys","decl":{"start":{"line":92,"column":9},"end":{"line":92,"column":16}},"loc":{"start":{"line":92,"column":23},"end":{"line":95,"column":null}},"line":92},"4":{"name":"printReport","decl":{"start":{"line":103,"column":9},"end":{"line":103,"column":20}},"loc":{"start":{"line":103,"column":45},"end":{"line":143,"column":null}},"line":103},"5":{"name":"compressSizes","decl":{"start":{"line":151,"column":15},"end":{"line":151,"column":28}},"loc":{"start":{"line":151,"column":41},"end":{"line":174,"column":null}},"line":151},"6":{"name":"(anonymous_6)","decl":{"start":{"line":159,"column":27},"end":{"line":159,"column":37}},"loc":{"start":{"line":159,"column":41},"end":{"line":161,"column":13}},"line":159},"7":{"name":"(anonymous_7)","decl":{"start":{"line":166,"column":29},"end":{"line":166,"column":39}},"loc":{"start":{"line":166,"column":43},"end":{"line":168,"column":13}},"line":166},"8":{"name":"collectStats","decl":{"start":{"line":184,"column":15},"end":{"line":184,"column":27}},"loc":{"start":{"line":184,"column":82},"end":{"line":247,"column":null}},"line":184},"9":{"name":"(anonymous_9)","decl":{"start":{"line":188,"column":35},"end":{"line":188,"column":40}},"loc":{"start":{"line":188,"column":63},"end":{"line":245,"column":9}},"line":188},"10":{"name":"loadPreviousStats","decl":{"start":{"line":254,"column":15},"end":{"line":254,"column":32}},"loc":{"start":{"line":254,"column":44},"end":{"line":261,"column":null}},"line":254},"11":{"name":"(anonymous_11)","decl":{"start":{"line":274,"column":15},"end":{"line":274,"column":23}},"loc":{"start":{"line":274,"column":34},"end":{"line":334,"column":null}},"line":274},"12":{"name":"(anonymous_12)","decl":{"start":{"line":302,"column":30},"end":{"line":302,"column":31}},"loc":{"start":{"line":302,"column":36},"end":{"line":306,"column":9}},"line":302},"13":{"name":"onEachOutput","decl":{"start":{"line":316,"column":19},"end":{"line":316,"column":31}},"loc":{"start":{"line":316,"column":55},"end":{"line":318,"column":null}},"line":316},"14":{"name":"reportAndSave","decl":{"start":{"line":323,"column":19},"end":{"line":323,"column":32}},"loc":{"start":{"line":323,"column":35},"end":{"line":333,"column":null}},"line":323}},"branchMap":{"0":{"loc":{"start":{"line":46,"column":4},"end":{"line":46,"column":null}},"type":"if","locations":[{"start":{"line":46,"column":4},"end":{"line":46,"column":null}},{"start":{},"end":{}}],"line":46},"1":{"loc":{"start":{"line":47,"column":4},"end":{"line":47,"column":null}},"type":"if","locations":[{"start":{"line":47,"column":4},"end":{"line":47,"column":null}},{"start":{},"end":{}}],"line":47},"2":{"loc":{"start":{"line":58,"column":4},"end":{"line":58,"column":null}},"type":"if","locations":[{"start":{"line":58,"column":4},"end":{"line":58,"column":null}},{"start":{},"end":{}}],"line":58},"3":{"loc":{"start":{"line":60,"column":4},"end":{"line":60,"column":null}},"type":"if","locations":[{"start":{"line":60,"column":4},"end":{"line":60,"column":null}},{"start":{},"end":{}}],"line":60},"4":{"loc":{"start":{"line":61,"column":4},"end":{"line":61,"column":null}},"type":"if","locations":[{"start":{"line":61,"column":4},"end":{"line":61,"column":null}},{"start":{},"end":{}}],"line":61},"5":{"loc":{"start":{"line":76,"column":4},"end":{"line":78,"column":null}},"type":"if","locations":[{"start":{"line":76,"column":4},"end":{"line":78,"column":null}},{"start":{},"end":{}}],"line":76},"6":{"loc":{"start":{"line":79,"column":4},"end":{"line":81,"column":null}},"type":"if","locations":[{"start":{"line":79,"column":4},"end":{"line":81,"column":null}},{"start":{},"end":{}}],"line":79},"7":{"loc":{"start":{"line":82,"column":4},"end":{"line":82,"column":null}},"type":"if","locations":[{"start":{"line":82,"column":4},"end":{"line":82,"column":null}},{"start":{},"end":{}}],"line":82},"8":{"loc":{"start":{"line":93,"column":40},"end":{"line":93,"column":47}},"type":"binary-expr","locations":[{"start":{"line":93,"column":40},"end":{"line":93,"column":41}},{"start":{"line":93,"column":45},"end":{"line":93,"column":47}}],"line":93},"9":{"loc":{"start":{"line":93,"column":65},"end":{"line":93,"column":72}},"type":"binary-expr","locations":[{"start":{"line":93,"column":65},"end":{"line":93,"column":66}},{"start":{"line":93,"column":70},"end":{"line":93,"column":72}}],"line":93},"10":{"loc":{"start":{"line":108,"column":4},"end":{"line":110,"column":null}},"type":"if","locations":[{"start":{"line":108,"column":4},"end":{"line":110,"column":null}},{"start":{},"end":{}}],"line":108},"11":{"loc":{"start":{"line":108,"column":8},"end":{"line":108,"column":82}},"type":"binary-expr","locations":[{"start":{"line":108,"column":8},"end":{"line":108,"column":30}},{"start":{"line":108,"column":34},"end":{"line":108,"column":56}},{"start":{"line":108,"column":60},"end":{"line":108,"column":82}}],"line":108},"12":{"loc":{"start":{"line":115,"column":8},"end":{"line":120,"column":null}},"type":"if","locations":[{"start":{"line":115,"column":8},"end":{"line":120,"column":null}},{"start":{"line":118,"column":15},"end":{"line":120,"column":null}}],"line":115},"13":{"loc":{"start":{"line":116,"column":28},"end":{"line":116,"column":88}},"type":"cond-expr","locations":[{"start":{"line":116,"column":51},"end":{"line":116,"column":83}},{"start":{"line":116,"column":86},"end":{"line":116,"column":88}}],"line":116},"14":{"loc":{"start":{"line":126,"column":8},"end":{"line":131,"column":null}},"type":"if","locations":[{"start":{"line":126,"column":8},"end":{"line":131,"column":null}},{"start":{"line":129,"column":15},"end":{"line":131,"column":null}}],"line":126},"15":{"loc":{"start":{"line":127,"column":28},"end":{"line":127,"column":88}},"type":"cond-expr","locations":[{"start":{"line":127,"column":51},"end":{"line":127,"column":83}},{"start":{"line":127,"column":86},"end":{"line":127,"column":88}}],"line":127},"16":{"loc":{"start":{"line":137,"column":8},"end":{"line":141,"column":null}},"type":"if","locations":[{"start":{"line":137,"column":8},"end":{"line":141,"column":null}},{"start":{"line":139,"column":15},"end":{"line":141,"column":null}}],"line":137},"17":{"loc":{"start":{"line":157,"column":4},"end":{"line":163,"column":null}},"type":"if","locations":[{"start":{"line":157,"column":4},"end":{"line":163,"column":null}},{"start":{},"end":{}}],"line":157},"18":{"loc":{"start":{"line":164,"column":4},"end":{"line":170,"column":null}},"type":"if","locations":[{"start":{"line":164,"column":4},"end":{"line":170,"column":null}},{"start":{},"end":{}}],"line":164},"19":{"loc":{"start":{"line":189,"column":12},"end":{"line":244,"column":null}},"type":"if","locations":[{"start":{"line":189,"column":12},"end":{"line":244,"column":null}},{"start":{"line":224,"column":19},"end":{"line":244,"column":null}}],"line":189},"20":{"loc":{"start":{"line":198,"column":16},"end":{"line":202,"column":null}},"type":"if","locations":[{"start":{"line":198,"column":16},"end":{"line":202,"column":null}},{"start":{},"end":{}}],"line":198},"21":{"loc":{"start":{"line":206,"column":60},"end":{"line":206,"column":97}},"type":"cond-expr","locations":[{"start":{"line":206,"column":77},"end":{"line":206,"column":86}},{"start":{"line":206,"column":89},"end":{"line":206,"column":97}}],"line":206},"22":{"loc":{"start":{"line":207,"column":16},"end":{"line":209,"column":null}},"type":"if","locations":[{"start":{"line":207,"column":16},"end":{"line":209,"column":null}},{"start":{},"end":{}}],"line":207},"23":{"loc":{"start":{"line":211,"column":16},"end":{"line":213,"column":null}},"type":"if","locations":[{"start":{"line":211,"column":16},"end":{"line":213,"column":null}},{"start":{},"end":{}}],"line":211},"24":{"loc":{"start":{"line":215,"column":16},"end":{"line":217,"column":null}},"type":"if","locations":[{"start":{"line":215,"column":16},"end":{"line":217,"column":null}},{"start":{},"end":{}}],"line":215},"25":{"loc":{"start":{"line":216,"column":47},"end":{"line":216,"column":75}},"type":"binary-expr","locations":[{"start":{"line":216,"column":47},"end":{"line":216,"column":70}},{"start":{"line":216,"column":74},"end":{"line":216,"column":75}}],"line":216},"26":{"loc":{"start":{"line":218,"column":16},"end":{"line":220,"column":null}},"type":"if","locations":[{"start":{"line":218,"column":16},"end":{"line":220,"column":null}},{"start":{},"end":{}}],"line":218},"27":{"loc":{"start":{"line":219,"column":43},"end":{"line":219,"column":67}},"type":"binary-expr","locations":[{"start":{"line":219,"column":43},"end":{"line":219,"column":62}},{"start":{"line":219,"column":66},"end":{"line":219,"column":67}}],"line":219},"28":{"loc":{"start":{"line":221,"column":16},"end":{"line":223,"column":null}},"type":"if","locations":[{"start":{"line":221,"column":16},"end":{"line":223,"column":null}},{"start":{},"end":{}}],"line":221},"29":{"loc":{"start":{"line":222,"column":45},"end":{"line":222,"column":71}},"type":"binary-expr","locations":[{"start":{"line":222,"column":45},"end":{"line":222,"column":66}},{"start":{"line":222,"column":70},"end":{"line":222,"column":71}}],"line":222},"30":{"loc":{"start":{"line":226,"column":28},"end":{"line":226,"column":110}},"type":"cond-expr","locations":[{"start":{"line":226,"column":57},"end":{"line":226,"column":90}},{"start":{"line":226,"column":93},"end":{"line":226,"column":110}}],"line":226},"31":{"loc":{"start":{"line":227,"column":27},"end":{"line":227,"column":57}},"type":"binary-expr","locations":[{"start":{"line":227,"column":27},"end":{"line":227,"column":45}},{"start":{"line":227,"column":49},"end":{"line":227,"column":57}}],"line":227},"32":{"loc":{"start":{"line":228,"column":28},"end":{"line":228,"column":106}},"type":"cond-expr","locations":[{"start":{"line":228,"column":57},"end":{"line":228,"column":84}},{"start":{"line":228,"column":87},"end":{"line":228,"column":106}}],"line":228},"33":{"loc":{"start":{"line":231,"column":16},"end":{"line":233,"column":null}},"type":"if","locations":[{"start":{"line":231,"column":16},"end":{"line":233,"column":null}},{"start":{},"end":{}}],"line":231},"34":{"loc":{"start":{"line":234,"column":16},"end":{"line":236,"column":null}},"type":"if","locations":[{"start":{"line":234,"column":16},"end":{"line":236,"column":null}},{"start":{},"end":{}}],"line":234},"35":{"loc":{"start":{"line":238,"column":16},"end":{"line":240,"column":null}},"type":"if","locations":[{"start":{"line":238,"column":16},"end":{"line":240,"column":null}},{"start":{},"end":{}}],"line":238},"36":{"loc":{"start":{"line":239,"column":53},"end":{"line":239,"column":87}},"type":"binary-expr","locations":[{"start":{"line":239,"column":53},"end":{"line":239,"column":82}},{"start":{"line":239,"column":86},"end":{"line":239,"column":87}}],"line":239},"37":{"loc":{"start":{"line":241,"column":16},"end":{"line":243,"column":null}},"type":"if","locations":[{"start":{"line":241,"column":16},"end":{"line":243,"column":null}},{"start":{},"end":{}}],"line":241},"38":{"loc":{"start":{"line":242,"column":55},"end":{"line":242,"column":91}},"type":"binary-expr","locations":[{"start":{"line":242,"column":55},"end":{"line":242,"column":86}},{"start":{"line":242,"column":90},"end":{"line":242,"column":91}}],"line":242},"39":{"loc":{"start":{"line":276,"column":8},"end":{"line":276,"column":21}},"type":"binary-expr","locations":[{"start":{"line":276,"column":8},"end":{"line":276,"column":15}},{"start":{"line":276,"column":19},"end":{"line":276,"column":21}}],"line":276},"40":{"loc":{"start":{"line":301,"column":4},"end":{"line":307,"column":null}},"type":"if","locations":[{"start":{"line":301,"column":4},"end":{"line":307,"column":null}},{"start":{},"end":{}}],"line":301},"41":{"loc":{"start":{"line":330,"column":8},"end":{"line":332,"column":null}},"type":"if","locations":[{"start":{"line":330,"column":8},"end":{"line":332,"column":null}},{"start":{},"end":{}}],"line":330}},"s":{"0":1,"1":1,"2":1,"3":134,"4":127,"5":7,"6":7,"7":1,"8":63,"9":53,"10":10,"11":10,"12":3,"13":7,"14":7,"15":3,"16":60,"17":60,"18":55,"19":60,"20":8,"21":60,"22":5,"23":55,"24":150,"25":150,"26":50,"27":50,"28":50,"29":50,"30":1,"31":49,"32":52,"33":52,"34":52,"35":50,"36":50,"37":2,"38":49,"39":3,"40":3,"41":3,"42":2,"43":2,"44":1,"45":49,"46":10,"47":10,"48":10,"49":8,"50":2,"51":60,"52":60,"53":60,"54":55,"55":55,"56":60,"57":8,"58":8,"59":60,"60":60,"61":50,"62":50,"63":60,"64":52,"65":52,"66":52,"67":52,"68":4,"69":4,"70":4,"71":52,"72":52,"73":52,"74":50,"75":52,"76":52,"77":51,"78":52,"79":52,"80":4,"81":52,"82":48,"83":52,"84":7,"85":8,"86":8,"87":8,"88":8,"89":8,"90":8,"91":7,"92":8,"93":8,"94":8,"95":8,"96":7,"97":8,"98":1,"99":50,"100":50,"101":12,"102":39,"103":52,"104":52,"105":52,"106":52,"107":52,"108":52,"109":50,"110":48,"111":48,"112":48,"113":52,"114":50,"115":50,"116":50,"117":50,"118":50,"119":49},"f":{"0":134,"1":63,"2":60,"3":150,"4":50,"5":60,"6":55,"7":8,"8":50,"9":60,"10":50,"11":52,"12":48,"13":50,"14":50},"b":{"0":[127,7],"1":[6,1],"2":[53,10],"3":[3,7],"4":[4,3],"5":[55,5],"6":[8,52],"7":[5,55],"8":[150,92],"9":[150,135],"10":[1,49],"11":[50,1,1],"12":[50,2],"13":[4,46],"14":[2,1],"15":[0,2],"16":[8,2],"17":[55,5],"18":[8,52],"19":[52,8],"20":[4,48],"21":[49,3],"22":[50,2],"23":[51,1],"24":[4,48],"25":[4,4],"26":[48,4],"27":[48,47],"28":[7,45],"29":[7,7],"30":[7,1],"31":[8,1],"32":[7,1],"33":[7,1],"34":[8,0],"35":[7,1],"36":[7,7],"37":[1,7],"38":[1,1],"39":[52,3],"40":[50,2],"41":[49,1]},"meta":{"lastBranch":42,"lastFunction":15,"lastStatement":120,"seen":{"s:15:12:15:30":0,"s:16:14:16:34":1,"s:38:18:38:28":2,"f:45:9:45:19":0,"b:46:4:46:Infinity:undefined:undefined:undefined:undefined":0,"s:46:4:46:Infinity":3,"s:46:22:46:Infinity":4,"b:47:4:47:Infinity:undefined:undefined:undefined:undefined":1,"s:47:4:47:Infinity":5,"s:47:29:47:Infinity":6,"s:48:4:48:Infinity":7,"f:57:9:57:20":1,"b:58:4:58:Infinity:undefined:undefined:undefined:undefined":2,"s:58:4:58:Infinity":8,"s:58:26:58:Infinity":9,"s:59:18:59:36":10,"b:60:4:60:Infinity:undefined:undefined:undefined:undefined":3,"s:60:4:60:Infinity":11,"s:60:21:60:Infinity":12,"b:61:4:61:Infinity:undefined:undefined:undefined:undefined":4,"s:61:4:61:Infinity":13,"s:61:19:61:Infinity":14,"s:62:4:62:Infinity":15,"f:74:9:74:25":2,"s:75:18:75:20":16,"b:76:4:78:Infinity:undefined:undefined:undefined:undefined":5,"s:76:4:78:Infinity":17,"s:77:8:77:Infinity":18,"b:79:4:81:Infinity:undefined:undefined:undefined:undefined":6,"s:79:4:81:Infinity":19,"s:80:8:80:Infinity":20,"b:82:4:82:Infinity:undefined:undefined:undefined:undefined":7,"s:82:4:82:Infinity":21,"s:82:28:82:Infinity":22,"s:83:4:83:Infinity":23,"f:92:9:92:16":3,"s:93:16:93:75":24,"b:93:40:93:41:93:45:93:47":8,"b:93:65:93:66:93:70:93:72":9,"s:94:4:94:Infinity":25,"f:103:9:103:20":4,"s:104:22:104:64":26,"s:105:22:105:62":27,"s:106:22:106:62":28,"b:108:4:110:Infinity:undefined:undefined:undefined:undefined":10,"s:108:4:110:Infinity":29,"b:108:8:108:30:108:34:108:56:108:60:108:82":11,"s:109:8:109:Infinity":30,"s:112:4:121:Infinity":31,"s:113:20:113:45":32,"s:114:21:114:47":33,"b:115:8:120:Infinity:118:15:120:Infinity":12,"s:115:8:120:Infinity":34,"s:116:28:116:88":35,"b:116:51:116:83:116:86:116:88":13,"s:117:12:117:Infinity":36,"s:119:12:119:Infinity":37,"s:123:4:132:Infinity":38,"s:124:20:124:44":39,"s:125:21:125:46":40,"b:126:8:131:Infinity:129:15:131:Infinity":14,"s:126:8:131:Infinity":41,"s:127:28:127:88":42,"b:127:51:127:83:127:86:127:88":15,"s:128:12:128:Infinity":43,"s:130:12:130:Infinity":44,"s:134:4:142:Infinity":45,"s:135:20:135:41":46,"s:136:21:136:43":47,"b:137:8:141:Infinity:139:15:141:Infinity":16,"s:137:8:141:Infinity":48,"s:138:12:138:Infinity":49,"s:140:12:140:Infinity":50,"f:151:15:151:28":5,"s:153:19:153:21":51,"s:155:18:155:20":52,"b:157:4:163:Infinity:undefined:undefined:undefined:undefined":17,"s:157:4:163:Infinity":53,"s:158:8:162:Infinity":54,"f:159:27:159:37":6,"s:160:16:160:Infinity":55,"b:164:4:170:Infinity:undefined:undefined:undefined:undefined":18,"s:164:4:170:Infinity":56,"s:165:8:169:Infinity":57,"f:166:29:166:39":7,"s:167:16:167:Infinity":58,"s:172:4:172:Infinity":59,"s:173:4:173:Infinity":60,"f:184:15:184:27":8,"s:185:19:185:39":61,"s:187:4:246:Infinity":62,"f:188:35:188:40":9,"b:189:12:244:Infinity:224:19:244:Infinity":19,"s:189:12:244:Infinity":63,"s:190:56:190:67":64,"s:191:28:191:59":65,"s:194:41:194:45":66,"b:198:16:202:Infinity:undefined:undefined:undefined:undefined":20,"s:198:16:202:Infinity":67,"s:199:41:199:71":68,"s:200:20:200:Infinity":69,"s:201:20:201:Infinity":70,"s:204:30:204:97":71,"s:206:60:206:97":72,"b:206:77:206:86:206:89:206:97":21,"b:207:16:209:Infinity:undefined:undefined:undefined:undefined":22,"s:207:16:209:Infinity":73,"s:208:20:208:Infinity":74,"s:210:78:210:100":75,"b:211:16:213:Infinity:undefined:undefined:undefined:undefined":23,"s:211:16:213:Infinity":76,"s:212:20:212:Infinity":77,"s:214:16:214:Infinity":78,"b:215:16:217:Infinity:undefined:undefined:undefined:undefined":24,"s:215:16:217:Infinity":79,"s:216:20:216:Infinity":80,"b:216:47:216:70:216:74:216:75":25,"b:218:16:220:Infinity:undefined:undefined:undefined:undefined":26,"s:218:16:220:Infinity":81,"s:219:20:219:Infinity":82,"b:219:43:219:62:219:66:219:67":27,"b:221:16:223:Infinity:undefined:undefined:undefined:undefined":28,"s:221:16:223:Infinity":83,"s:222:20:222:Infinity":84,"b:222:45:222:66:222:70:222:71":29,"s:225:58:225:71":85,"s:226:28:226:110":86,"b:226:57:226:90:226:93:226:110":30,"s:227:27:227:57":87,"b:227:27:227:45:227:49:227:57":31,"s:228:28:228:106":88,"b:228:57:228:84:228:87:228:106":32,"s:229:30:229:61":89,"b:231:16:233:Infinity:undefined:undefined:undefined:undefined":33,"s:231:16:233:Infinity":90,"s:232:20:232:Infinity":91,"b:234:16:236:Infinity:undefined:undefined:undefined:undefined":34,"s:234:16:236:Infinity":92,"s:235:20:235:Infinity":93,"s:237:16:237:Infinity":94,"b:238:16:240:Infinity:undefined:undefined:undefined:undefined":35,"s:238:16:240:Infinity":95,"s:239:20:239:Infinity":96,"b:239:53:239:82:239:86:239:87":36,"b:241:16:243:Infinity:undefined:undefined:undefined:undefined":37,"s:241:16:243:Infinity":97,"s:242:20:242:Infinity":98,"b:242:55:242:86:242:90:242:91":38,"f:254:15:254:32":10,"s:255:4:260:Infinity":99,"s:256:24:256:57":100,"s:257:8:257:Infinity":101,"s:259:8:259:Infinity":102,"f:274:15:274:23":11,"s:275:29:286:5":103,"b:276:8:276:15:276:19:276:21":39,"s:288:91:288:108":104,"s:291:18:291:84":105,"s:294:25:294:27":106,"s:296:20:296:90":107,"b:301:4:307:Infinity:undefined:undefined:undefined:undefined":40,"s:301:4:307:Infinity":108,"s:302:8:306:Infinity":109,"f:302:30:302:31":12,"s:303:12:303:Infinity":110,"s:304:12:304:Infinity":111,"s:305:12:305:Infinity":112,"s:309:4:309:Infinity":113,"f:316:19:316:31":13,"s:317:8:317:Infinity":114,"f:323:19:323:32":14,"s:324:25:324:59":115,"s:326:30:326:64":116,"s:328:8:328:Infinity":117,"b:330:8:332:Infinity:undefined:undefined:undefined:undefined":41,"s:330:8:332:Infinity":118,"s:331:12:331:Infinity":119}}}
}
