<?xml version="1.0" encoding="UTF-8"?>
<coverage generated="1777138346669" clover="3.2.0">
  <project timestamp="1777138346669" name="All files">
    <metrics statements="130" coveredstatements="120" conditionals="77" coveredconditionals="65" methods="24" coveredmethods="23" elements="231" coveredelements="208" complexity="0" loc="130" ncloc="130" packages="1" files="2" classes="2"/>
    <file name="index.js" path="/home/runner/work/rollup-extras/rollup-extras/plugin-serve/src/index.js">
      <metrics statements="84" coveredstatements="84" conditionals="59" coveredconditionals="56" methods="14" coveredmethods="14"/>
      <line num="37" count="1" type="stmt"/>
      <line num="44" count="52" type="stmt"/>
      <line num="57" count="52" type="stmt"/>
      <line num="58" count="52" type="cond" truecount="2" falsecount="0"/>
      <line num="59" count="52" type="cond" truecount="2" falsecount="0"/>
      <line num="64" count="52" type="stmt"/>
      <line num="66" count="52" type="stmt"/>
      <line num="67" count="52" type="stmt"/>
      <line num="68" count="52" type="stmt"/>
      <line num="69" count="52" type="stmt"/>
      <line num="71" count="52" type="stmt"/>
      <line num="73" count="52" type="cond" truecount="2" falsecount="0"/>
      <line num="74" count="12" type="stmt"/>
      <line num="75" count="12" type="stmt"/>
      <line num="76" count="12" type="stmt"/>
      <line num="77" count="40" type="cond" truecount="2" falsecount="0"/>
      <line num="78" count="13" type="stmt"/>
      <line num="81" count="52" type="stmt"/>
      <line num="86" count="18" type="stmt"/>
      <line num="87" count="18" type="cond" truecount="2" falsecount="0"/>
      <line num="88" count="12" type="stmt"/>
      <line num="90" count="18" type="cond" truecount="2" falsecount="0"/>
      <line num="91" count="6" type="cond" truecount="2" falsecount="0"/>
      <line num="92" count="4" type="stmt"/>
      <line num="99" count="44" type="stmt"/>
      <line num="100" count="44" type="stmt"/>
      <line num="107" count="12" type="stmt"/>
      <line num="108" count="11" type="stmt"/>
      <line num="109" count="11" type="cond" truecount="2" falsecount="0"/>
      <line num="110" count="11" type="cond" truecount="1" falsecount="1"/>
      <line num="121" count="12" type="stmt"/>
      <line num="126" count="45" type="cond" truecount="2" falsecount="0"/>
      <line num="127" count="7" type="stmt"/>
      <line num="129" count="38" type="cond" truecount="2" falsecount="0"/>
      <line num="130" count="2" type="cond" truecount="2" falsecount="0"/>
      <line num="131" count="1" type="stmt"/>
      <line num="133" count="2" type="stmt"/>
      <line num="135" count="36" type="stmt"/>
      <line num="137" count="36" type="cond" truecount="2" falsecount="0"/>
      <line num="138" count="35" type="stmt"/>
      <line num="139" count="35" type="stmt"/>
      <line num="140" count="35" type="stmt"/>
      <line num="141" count="35" type="stmt"/>
      <line num="144" count="36" type="stmt"/>
      <line num="146" count="36" type="cond" truecount="2" falsecount="0"/>
      <line num="147" count="1" type="stmt"/>
      <line num="150" count="36" type="cond" truecount="2" falsecount="0"/>
      <line num="151" count="4" type="stmt"/>
      <line num="152" count="4" type="stmt"/>
      <line num="155" count="36" type="cond" truecount="2" falsecount="0"/>
      <line num="156" count="35" type="stmt"/>
      <line num="159" count="36" type="cond" truecount="2" falsecount="0"/>
      <line num="160" count="11" type="stmt"/>
      <line num="163" count="36" type="stmt"/>
      <line num="164" count="23" type="stmt"/>
      <line num="167" count="36" type="stmt"/>
      <line num="171" count="45" type="stmt"/>
      <line num="173" count="45" type="stmt"/>
      <line num="175" count="45" type="cond" truecount="2" falsecount="0"/>
      <line num="176" count="2" type="stmt"/>
      <line num="178" count="34" type="stmt"/>
      <line num="181" count="36" type="stmt"/>
      <line num="182" count="3" type="cond" truecount="2" falsecount="0"/>
      <line num="183" count="2" type="stmt"/>
      <line num="185" count="1" type="stmt"/>
      <line num="194" count="34" type="cond" truecount="2" falsecount="0"/>
      <line num="195" count="6" type="stmt"/>
      <line num="206" count="6" type="cond" truecount="4" falsecount="0"/>
      <line num="207" count="4" type="stmt"/>
      <line num="209" count="2" type="stmt"/>
      <line num="218" count="4" type="cond" truecount="2" falsecount="0"/>
      <line num="219" count="4" type="cond" truecount="2" falsecount="0"/>
      <line num="220" count="3" type="stmt"/>
      <line num="222" count="4" type="cond" truecount="1" falsecount="1"/>
      <line num="223" count="4" type="stmt"/>
      <line num="231" count="11" type="stmt"/>
      <line num="232" count="12" type="stmt"/>
      <line num="233" count="12" type="cond" truecount="2" falsecount="0"/>
      <line num="234" count="1" type="stmt"/>
      <line num="236" count="12" type="cond" truecount="1" falsecount="1"/>
      <line num="237" count="12" type="stmt"/>
      <line num="238" count="12" type="cond" truecount="2" falsecount="0"/>
      <line num="239" count="10" type="stmt"/>
      <line num="241" count="2" type="stmt"/>
    </file>
    <file name="livereload.js" path="/home/runner/work/rollup-extras/rollup-extras/plugin-serve/src/livereload.js">
      <metrics statements="46" coveredstatements="36" conditionals="18" coveredconditionals="9" methods="10" coveredmethods="9"/>
      <line num="8" count="1" type="stmt"/>
      <line num="9" count="1" type="stmt"/>
      <line num="11" count="1" type="stmt"/>
      <line num="18" count="4" type="stmt"/>
      <line num="19" count="4" type="stmt"/>
      <line num="21" count="4" type="stmt"/>
      <line num="27" count="4" type="stmt"/>
      <line num="28" count="2" type="stmt"/>
      <line num="29" count="2" type="stmt"/>
      <line num="30" count="2" type="stmt"/>
      <line num="31" count="0" type="stmt"/>
      <line num="33" count="2" type="cond" truecount="3" falsecount="0"/>
      <line num="34" count="2" type="stmt"/>
      <line num="35" count="0" type="cond" truecount="0" falsecount="5"/>
      <line num="36" count="0" type="stmt"/>
      <line num="37" count="0" type="stmt"/>
      <line num="39" count="0" type="stmt"/>
      <line num="42" count="0" type="stmt"/>
      <line num="56" count="4" type="stmt"/>
      <line num="57" count="2" type="stmt"/>
      <line num="58" count="2" type="stmt"/>
      <line num="59" count="2" type="cond" truecount="1" falsecount="1"/>
      <line num="60" count="2" type="cond" truecount="1" falsecount="1"/>
      <line num="61" count="2" type="cond" truecount="2" falsecount="0"/>
      <line num="63" count="1" type="stmt"/>
      <line num="64" count="1" type="stmt"/>
      <line num="66" count="0" type="stmt"/>
      <line num="68" count="1" type="stmt"/>
      <line num="69" count="1" type="stmt"/>
      <line num="70" count="1" type="stmt"/>
      <line num="80" count="1" type="stmt"/>
      <line num="81" count="1" type="stmt"/>
      <line num="82" count="1" type="stmt"/>
      <line num="84" count="0" type="stmt"/>
      <line num="90" count="3" type="stmt"/>
      <line num="91" count="3" type="stmt"/>
      <line num="92" count="2" type="stmt"/>
      <line num="93" count="2" type="stmt"/>
      <line num="98" count="3" type="stmt"/>
      <line num="107" count="1" type="cond" truecount="1" falsecount="1"/>
      <line num="108" count="0" type="stmt"/>
      <line num="110" count="1" type="stmt"/>
      <line num="111" count="1" type="cond" truecount="1" falsecount="1"/>
      <line num="112" count="1" type="stmt"/>
      <line num="113" count="1" type="stmt"/>
      <line num="115" count="0" type="stmt"/>
    </file>
  </project>
</coverage>
