{"/home/runner/work/rollup-extras/rollup-extras/plugin-serve/src/index.js": {"path":"/home/runner/work/rollup-extras/rollup-extras/plugin-serve/src/index.js","statementMap":{"0":{"start":{"line":37,"column":18},"end":{"line":37,"column":28}},"1":{"start":{"line":44,"column":29},"end":{"line":55,"column":5}},"2":{"start":{"line":57,"column":8},"end":{"line":57,"column":25}},"3":{"start":{"line":58,"column":27},"end":{"line":58,"column":78}},"4":{"start":{"line":59,"column":21},"end":{"line":61,"column":66}},"5":{"start":{"line":64,"column":24},"end":{"line":64,"column":33}},"6":{"start":{"line":66,"column":19},"end":{"line":66,"column":36}},"7":{"start":{"line":67,"column":22},"end":{"line":67,"column":27}},"8":{"start":{"line":68,"column":18},"end":{"line":68,"column":23}},"9":{"start":{"line":69,"column":20},"end":{"line":69,"column":24}},"10":{"start":{"line":71,"column":27},"end":{"line":71,"column":57}},"11":{"start":{"line":73,"column":4},"end":{"line":79,"column":null}},"12":{"start":{"line":74,"column":8},"end":{"line":74,"column":null}},"13":{"start":{"line":75,"column":8},"end":{"line":75,"column":null}},"14":{"start":{"line":76,"column":8},"end":{"line":76,"column":null}},"15":{"start":{"line":77,"column":11},"end":{"line":79,"column":null}},"16":{"start":{"line":78,"column":8},"end":{"line":78,"column":null}},"17":{"start":{"line":81,"column":4},"end":{"line":81,"column":null}},"18":{"start":{"line":86,"column":8},"end":{"line":86,"column":null}},"19":{"start":{"line":87,"column":8},"end":{"line":89,"column":null}},"20":{"start":{"line":88,"column":12},"end":{"line":88,"column":null}},"21":{"start":{"line":90,"column":8},"end":{"line":94,"column":null}},"22":{"start":{"line":91,"column":12},"end":{"line":93,"column":null}},"23":{"start":{"line":92,"column":40},"end":{"line":92,"column":null}},"24":{"start":{"line":99,"column":8},"end":{"line":99,"column":null}},"25":{"start":{"line":100,"column":8},"end":{"line":100,"column":null}},"26":{"start":{"line":107,"column":8},"end":{"line":111,"column":null}},"27":{"start":{"line":108,"column":67},"end":{"line":108,"column":78}},"28":{"start":{"line":109,"column":28},"end":{"line":109,"column":75}},"29":{"start":{"line":110,"column":12},"end":{"line":110,"column":null}},"30":{"start":{"line":121,"column":8},"end":{"line":121,"column":null}},"31":{"start":{"line":126,"column":8},"end":{"line":128,"column":null}},"32":{"start":{"line":127,"column":12},"end":{"line":127,"column":null}},"33":{"start":{"line":129,"column":8},"end":{"line":134,"column":null}},"34":{"start":{"line":130,"column":12},"end":{"line":132,"column":null}},"35":{"start":{"line":131,"column":16},"end":{"line":131,"column":null}},"36":{"start":{"line":133,"column":12},"end":{"line":133,"column":null}},"37":{"start":{"line":135,"column":8},"end":{"line":135,"column":null}},"38":{"start":{"line":137,"column":8},"end":{"line":142,"column":null}},"39":{"start":{"line":138,"column":12},"end":{"line":138,"column":null}},"40":{"start":{"line":139,"column":12},"end":{"line":139,"column":null}},"41":{"start":{"line":140,"column":12},"end":{"line":140,"column":null}},"42":{"start":{"line":140,"column":67},"end":{"line":140,"column":96}},"43":{"start":{"line":141,"column":12},"end":{"line":141,"column":null}},"44":{"start":{"line":144,"column":20},"end":{"line":144,"column":30}},"45":{"start":{"line":146,"column":8},"end":{"line":148,"column":null}},"46":{"start":{"line":147,"column":12},"end":{"line":147,"column":null}},"47":{"start":{"line":150,"column":8},"end":{"line":153,"column":null}},"48":{"start":{"line":151,"column":12},"end":{"line":151,"column":null}},"49":{"start":{"line":152,"column":12},"end":{"line":152,"column":null}},"50":{"start":{"line":155,"column":8},"end":{"line":157,"column":null}},"51":{"start":{"line":156,"column":12},"end":{"line":156,"column":null}},"52":{"start":{"line":159,"column":8},"end":{"line":161,"column":null}},"53":{"start":{"line":160,"column":12},"end":{"line":160,"column":null}},"54":{"start":{"line":163,"column":8},"end":{"line":165,"column":null}},"55":{"start":{"line":164,"column":12},"end":{"line":164,"column":null}},"56":{"start":{"line":167,"column":22},"end":{"line":170,"column":10}},"57":{"start":{"line":171,"column":8},"end":{"line":171,"column":null}},"58":{"start":{"line":173,"column":25},"end":{"line":173,"column":55}},"59":{"start":{"line":173,"column":31},"end":{"line":173,"column":55}},"60":{"start":{"line":175,"column":8},"end":{"line":179,"column":null}},"61":{"start":{"line":176,"column":12},"end":{"line":176,"column":null}},"62":{"start":{"line":178,"column":12},"end":{"line":178,"column":null}},"63":{"start":{"line":181,"column":8},"end":{"line":187,"column":null}},"64":{"start":{"line":182,"column":12},"end":{"line":186,"column":null}},"65":{"start":{"line":183,"column":16},"end":{"line":183,"column":null}},"66":{"start":{"line":185,"column":16},"end":{"line":185,"column":null}},"67":{"start":{"line":194,"column":8},"end":{"line":196,"column":null}},"68":{"start":{"line":195,"column":12},"end":{"line":195,"column":null}},"69":{"start":{"line":206,"column":4},"end":{"line":208,"column":null}},"70":{"start":{"line":207,"column":8},"end":{"line":207,"column":null}},"71":{"start":{"line":209,"column":4},"end":{"line":209,"column":null}},"72":{"start":{"line":218,"column":21},"end":{"line":218,"column":65}},"73":{"start":{"line":219,"column":4},"end":{"line":221,"column":null}},"74":{"start":{"line":220,"column":8},"end":{"line":220,"column":null}},"75":{"start":{"line":222,"column":21},"end":{"line":222,"column":49}},"76":{"start":{"line":223,"column":4},"end":{"line":223,"column":null}},"77":{"start":{"line":231,"column":4},"end":{"line":242,"column":null}},"78":{"start":{"line":232,"column":23},"end":{"line":232,"column":50}},"79":{"start":{"line":233,"column":8},"end":{"line":235,"column":null}},"80":{"start":{"line":234,"column":12},"end":{"line":234,"column":null}},"81":{"start":{"line":236,"column":25},"end":{"line":236,"column":80}},"82":{"start":{"line":237,"column":21},"end":{"line":237,"column":40}},"83":{"start":{"line":238,"column":8},"end":{"line":240,"column":null}},"84":{"start":{"line":239,"column":12},"end":{"line":239,"column":null}},"85":{"start":{"line":241,"column":8},"end":{"line":241,"column":null}}},"fnMap":{"0":{"name":"(anonymous_0)","decl":{"start":{"line":43,"column":15},"end":{"line":43,"column":23}},"loc":{"start":{"line":43,"column":39},"end":{"line":198,"column":null}},"line":43},"1":{"name":"renderStart","decl":{"start":{"line":84,"column":13},"end":{"line":84,"column":24}},"loc":{"start":{"line":84,"column":131},"end":{"line":95,"column":null}},"line":84},"2":{"name":"outputOptions","decl":{"start":{"line":98,"column":13},"end":{"line":98,"column":26}},"loc":{"start":{"line":98,"column":29},"end":{"line":101,"column":null}},"line":98},"3":{"name":"captureBundle","decl":{"start":{"line":106,"column":13},"end":{"line":106,"column":26}},"loc":{"start":{"line":106,"column":35},"end":{"line":112,"column":null}},"line":106},"4":{"name":"captureOutput","decl":{"start":{"line":115,"column":13},"end":{"line":115,"column":26}},"loc":{"start":{"line":120,"column":6},"end":{"line":122,"column":null}},"line":120},"5":{"name":"serve","decl":{"start":{"line":125,"column":19},"end":{"line":125,"column":24}},"loc":{"start":{"line":125,"column":27},"end":{"line":188,"column":null}},"line":125},"6":{"name":"(anonymous_6)","decl":{"start":{"line":140,"column":30},"end":{"line":140,"column":37}},"loc":{"start":{"line":140,"column":67},"end":{"line":140,"column":96}},"line":140},"7":{"name":"(anonymous_7)","decl":{"start":{"line":173,"column":25},"end":{"line":173,"column":26}},"loc":{"start":{"line":173,"column":31},"end":{"line":173,"column":55}},"line":173},"8":{"name":"(anonymous_8)","decl":{"start":{"line":181,"column":27},"end":{"line":181,"column":28}},"loc":{"start":{"line":181,"column":71},"end":{"line":187,"column":9}},"line":181},"9":{"name":"internalOnListen","decl":{"start":{"line":193,"column":13},"end":{"line":193,"column":29}},"loc":{"start":{"line":193,"column":38},"end":{"line":197,"column":null}},"line":193},"10":{"name":"linkFromAddress","decl":{"start":{"line":205,"column":9},"end":{"line":205,"column":24}},"loc":{"start":{"line":205,"column":41},"end":{"line":210,"column":null}},"line":205},"11":{"name":"linkFromAddressInfo","decl":{"start":{"line":217,"column":9},"end":{"line":217,"column":28}},"loc":{"start":{"line":217,"column":63},"end":{"line":224,"column":null}},"line":217},"12":{"name":"inMemoryMiddleware","decl":{"start":{"line":230,"column":9},"end":{"line":230,"column":27}},"loc":{"start":{"line":230,"column":35},"end":{"line":243,"column":null}},"line":230},"13":{"name":"(anonymous_13)","decl":{"start":{"line":231,"column":11},"end":{"line":231,"column":16}},"loc":{"start":{"line":231,"column":30},"end":{"line":242,"column":5}},"line":231}},"branchMap":{"0":{"loc":{"start":{"line":43,"column":25},"end":{"line":43,"column":37}},"type":"default-arg","locations":[{"start":{"line":43,"column":35},"end":{"line":43,"column":37}}],"line":43},"1":{"loc":{"start":{"line":58,"column":27},"end":{"line":58,"column":78}},"type":"cond-expr","locations":[{"start":{"line":58,"column":38},"end":{"line":58,"column":43}},{"start":{"line":58,"column":46},"end":{"line":58,"column":78}}],"line":58},"2":{"loc":{"start":{"line":59,"column":21},"end":{"line":61,"column":66}},"type":"cond-expr","locations":[{"start":{"line":60,"column":9},"end":{"line":60,"column":null}},{"start":{"line":61,"column":9},"end":{"line":61,"column":66}}],"line":59},"3":{"loc":{"start":{"line":73,"column":4},"end":{"line":79,"column":null}},"type":"if","locations":[{"start":{"line":73,"column":4},"end":{"line":79,"column":null}},{"start":{"line":77,"column":11},"end":{"line":79,"column":null}}],"line":73},"4":{"loc":{"start":{"line":77,"column":11},"end":{"line":79,"column":null}},"type":"if","locations":[{"start":{"line":77,"column":11},"end":{"line":79,"column":null}},{"start":{},"end":{}}],"line":77},"5":{"loc":{"start":{"line":87,"column":8},"end":{"line":89,"column":null}},"type":"if","locations":[{"start":{"line":87,"column":8},"end":{"line":89,"column":null}},{"start":{},"end":{}}],"line":87},"6":{"loc":{"start":{"line":90,"column":8},"end":{"line":94,"column":null}},"type":"if","locations":[{"start":{"line":90,"column":8},"end":{"line":94,"column":null}},{"start":{},"end":{}}],"line":90},"7":{"loc":{"start":{"line":91,"column":12},"end":{"line":93,"column":null}},"type":"if","locations":[{"start":{"line":91,"column":12},"end":{"line":93,"column":null}},{"start":{},"end":{}}],"line":91},"8":{"loc":{"start":{"line":109,"column":28},"end":{"line":109,"column":75}},"type":"cond-expr","locations":[{"start":{"line":109,"column":52},"end":{"line":109,"column":61}},{"start":{"line":109,"column":64},"end":{"line":109,"column":75}}],"line":109},"9":{"loc":{"start":{"line":110,"column":59},"end":{"line":110,"column":116}},"type":"binary-expr","locations":[{"start":{"line":110,"column":59},"end":{"line":110,"column":86}},{"start":{"line":110,"column":90},"end":{"line":110,"column":116}}],"line":110},"10":{"loc":{"start":{"line":126,"column":8},"end":{"line":128,"column":null}},"type":"if","locations":[{"start":{"line":126,"column":8},"end":{"line":128,"column":null}},{"start":{},"end":{}}],"line":126},"11":{"loc":{"start":{"line":129,"column":8},"end":{"line":134,"column":null}},"type":"if","locations":[{"start":{"line":129,"column":8},"end":{"line":134,"column":null}},{"start":{},"end":{}}],"line":129},"12":{"loc":{"start":{"line":130,"column":12},"end":{"line":132,"column":null}},"type":"if","locations":[{"start":{"line":130,"column":12},"end":{"line":132,"column":null}},{"start":{},"end":{}}],"line":130},"13":{"loc":{"start":{"line":137,"column":8},"end":{"line":142,"column":null}},"type":"if","locations":[{"start":{"line":137,"column":8},"end":{"line":142,"column":null}},{"start":{},"end":{}}],"line":137},"14":{"loc":{"start":{"line":146,"column":8},"end":{"line":148,"column":null}},"type":"if","locations":[{"start":{"line":146,"column":8},"end":{"line":148,"column":null}},{"start":{},"end":{}}],"line":146},"15":{"loc":{"start":{"line":150,"column":8},"end":{"line":153,"column":null}},"type":"if","locations":[{"start":{"line":150,"column":8},"end":{"line":153,"column":null}},{"start":{},"end":{}}],"line":150},"16":{"loc":{"start":{"line":155,"column":8},"end":{"line":157,"column":null}},"type":"if","locations":[{"start":{"line":155,"column":8},"end":{"line":157,"column":null}},{"start":{},"end":{}}],"line":155},"17":{"loc":{"start":{"line":159,"column":8},"end":{"line":161,"column":null}},"type":"if","locations":[{"start":{"line":159,"column":8},"end":{"line":161,"column":null}},{"start":{},"end":{}}],"line":159},"18":{"loc":{"start":{"line":169,"column":16},"end":{"line":169,"column":86}},"type":"cond-expr","locations":[{"start":{"line":169,"column":24},"end":{"line":169,"column":81}},{"start":{"line":169,"column":84},"end":{"line":169,"column":86}}],"line":169},"19":{"loc":{"start":{"line":175,"column":8},"end":{"line":179,"column":null}},"type":"if","locations":[{"start":{"line":175,"column":8},"end":{"line":179,"column":null}},{"start":{"line":177,"column":15},"end":{"line":179,"column":null}}],"line":175},"20":{"loc":{"start":{"line":182,"column":12},"end":{"line":186,"column":null}},"type":"if","locations":[{"start":{"line":182,"column":12},"end":{"line":186,"column":null}},{"start":{"line":184,"column":19},"end":{"line":186,"column":null}}],"line":182},"21":{"loc":{"start":{"line":194,"column":8},"end":{"line":196,"column":null}},"type":"if","locations":[{"start":{"line":194,"column":8},"end":{"line":196,"column":null}},{"start":{},"end":{}}],"line":194},"22":{"loc":{"start":{"line":206,"column":4},"end":{"line":208,"column":null}},"type":"if","locations":[{"start":{"line":206,"column":4},"end":{"line":208,"column":null}},{"start":{},"end":{}}],"line":206},"23":{"loc":{"start":{"line":206,"column":8},"end":{"line":206,"column":46}},"type":"binary-expr","locations":[{"start":{"line":206,"column":8},"end":{"line":206,"column":15}},{"start":{"line":206,"column":19},"end":{"line":206,"column":46}}],"line":206},"24":{"loc":{"start":{"line":218,"column":21},"end":{"line":218,"column":65}},"type":"cond-expr","locations":[{"start":{"line":218,"column":41},"end":{"line":218,"column":55}},{"start":{"line":218,"column":58},"end":{"line":218,"column":65}}],"line":218},"25":{"loc":{"start":{"line":219,"column":4},"end":{"line":221,"column":null}},"type":"if","locations":[{"start":{"line":219,"column":4},"end":{"line":221,"column":null}},{"start":{},"end":{}}],"line":219},"26":{"loc":{"start":{"line":222,"column":28},"end":{"line":222,"column":44}},"type":"cond-expr","locations":[{"start":{"line":222,"column":36},"end":{"line":222,"column":39}},{"start":{"line":222,"column":42},"end":{"line":222,"column":44}}],"line":222},"27":{"loc":{"start":{"line":233,"column":8},"end":{"line":235,"column":null}},"type":"if","locations":[{"start":{"line":233,"column":8},"end":{"line":235,"column":null}},{"start":{},"end":{}}],"line":233},"28":{"loc":{"start":{"line":236,"column":25},"end":{"line":236,"column":80}},"type":"cond-expr","locations":[{"start":{"line":236,"column":52},"end":{"line":236,"column":69}},{"start":{"line":236,"column":72},"end":{"line":236,"column":80}}],"line":236},"29":{"loc":{"start":{"line":238,"column":8},"end":{"line":240,"column":null}},"type":"if","locations":[{"start":{"line":238,"column":8},"end":{"line":240,"column":null}},{"start":{},"end":{}}],"line":238}},"s":{"0":1,"1":52,"2":52,"3":52,"4":52,"5":52,"6":52,"7":52,"8":52,"9":52,"10":52,"11":52,"12":12,"13":12,"14":12,"15":40,"16":13,"17":52,"18":18,"19":18,"20":12,"21":18,"22":6,"23":4,"24":44,"25":44,"26":12,"27":11,"28":11,"29":11,"30":12,"31":45,"32":7,"33":38,"34":2,"35":1,"36":2,"37":36,"38":36,"39":35,"40":35,"41":35,"42":35,"43":35,"44":36,"45":36,"46":1,"47":36,"48":4,"49":4,"50":36,"51":35,"52":36,"53":11,"54":36,"55":23,"56":36,"57":45,"58":45,"59":34,"60":45,"61":2,"62":34,"63":36,"64":3,"65":2,"66":1,"67":34,"68":6,"69":6,"70":4,"71":2,"72":4,"73":4,"74":3,"75":4,"76":4,"77":11,"78":12,"79":12,"80":1,"81":12,"82":12,"83":12,"84":10,"85":2},"f":{"0":52,"1":18,"2":44,"3":12,"4":12,"5":45,"6":35,"7":34,"8":3,"9":34,"10":6,"11":4,"12":11,"13":12},"b":{"0":[52],"1":[13,39],"2":[13,39],"3":[12,40],"4":[13,27],"5":[12,6],"6":[6,12],"7":[4,2],"8":[4,7],"9":[11,0],"10":[7,38],"11":[2,36],"12":[1,1],"13":[35,1],"14":[1,35],"15":[4,32],"16":[35,1],"17":[11,25],"18":[1,35],"19":[2,34],"20":[2,1],"21":[6,28],"22":[4,2],"23":[6,5],"24":[3,1],"25":[3,1],"26":[0,4],"27":[1,11],"28":[12,0],"29":[10,2]},"meta":{"lastBranch":30,"lastFunction":14,"lastStatement":86,"seen":{"s:37:18:37:28":0,"f:43:15:43:23":0,"b:43:35:43:37":0,"s:44:29:55:5":1,"s:57:8:57:25":2,"s:58:27:58:78":3,"b:58:38:58:43:58:46:58:78":1,"s:59:21:61:66":4,"b:60:9:60:Infinity:61:9:61:66":2,"s:64:24:64:33":5,"s:66:19:66:36":6,"s:67:22:67:27":7,"s:68:18:68:23":8,"s:69:20:69:24":9,"s:71:27:71:57":10,"b:73:4:79:Infinity:77:11:79:Infinity":3,"s:73:4:79:Infinity":11,"s:74:8:74:Infinity":12,"s:75:8:75:Infinity":13,"s:76:8:76:Infinity":14,"b:77:11:79:Infinity:undefined:undefined:undefined:undefined":4,"s:77:11:79:Infinity":15,"s:78:8:78:Infinity":16,"s:81:4:81:Infinity":17,"f:84:13:84:24":1,"s:86:8:86:Infinity":18,"b:87:8:89:Infinity:undefined:undefined:undefined:undefined":5,"s:87:8:89:Infinity":19,"s:88:12:88:Infinity":20,"b:90:8:94:Infinity:undefined:undefined:undefined:undefined":6,"s:90:8:94:Infinity":21,"b:91:12:93:Infinity:undefined:undefined:undefined:undefined":7,"s:91:12:93:Infinity":22,"s:92:40:92:Infinity":23,"f:98:13:98:26":2,"s:99:8:99:Infinity":24,"s:100:8:100:Infinity":25,"f:106:13:106:26":3,"s:107:8:111:Infinity":26,"s:108:67:108:78":27,"s:109:28:109:75":28,"b:109:52:109:61:109:64:109:75":8,"s:110:12:110:Infinity":29,"b:110:59:110:86:110:90:110:116":9,"f:115:13:115:26":4,"s:121:8:121:Infinity":30,"f:125:19:125:24":5,"b:126:8:128:Infinity:undefined:undefined:undefined:undefined":10,"s:126:8:128:Infinity":31,"s:127:12:127:Infinity":32,"b:129:8:134:Infinity:undefined:undefined:undefined:undefined":11,"s:129:8:134:Infinity":33,"b:130:12:132:Infinity:undefined:undefined:undefined:undefined":12,"s:130:12:132:Infinity":34,"s:131:16:131:Infinity":35,"s:133:12:133:Infinity":36,"s:135:8:135:Infinity":37,"b:137:8:142:Infinity:undefined:undefined:undefined:undefined":13,"s:137:8:142:Infinity":38,"s:138:12:138:Infinity":39,"s:139:12:139:Infinity":40,"s:140:12:140:Infinity":41,"f:140:30:140:37":6,"s:140:67:140:96":42,"s:141:12:141:Infinity":43,"s:144:20:144:30":44,"b:146:8:148:Infinity:undefined:undefined:undefined:undefined":14,"s:146:8:148:Infinity":45,"s:147:12:147:Infinity":46,"b:150:8:153:Infinity:undefined:undefined:undefined:undefined":15,"s:150:8:153:Infinity":47,"s:151:12:151:Infinity":48,"s:152:12:152:Infinity":49,"b:155:8:157:Infinity:undefined:undefined:undefined:undefined":16,"s:155:8:157:Infinity":50,"s:156:12:156:Infinity":51,"b:159:8:161:Infinity:undefined:undefined:undefined:undefined":17,"s:159:8:161:Infinity":52,"s:160:12:160:Infinity":53,"s:163:8:165:Infinity":54,"s:164:12:164:Infinity":55,"s:167:22:170:10":56,"b:169:24:169:81:169:84:169:86":18,"s:171:8:171:Infinity":57,"s:173:25:173:55":58,"f:173:25:173:26":7,"s:173:31:173:55":59,"b:175:8:179:Infinity:177:15:179:Infinity":19,"s:175:8:179:Infinity":60,"s:176:12:176:Infinity":61,"s:178:12:178:Infinity":62,"s:181:8:187:Infinity":63,"f:181:27:181:28":8,"b:182:12:186:Infinity:184:19:186:Infinity":20,"s:182:12:186:Infinity":64,"s:183:16:183:Infinity":65,"s:185:16:185:Infinity":66,"f:193:13:193:29":9,"b:194:8:196:Infinity:undefined:undefined:undefined:undefined":21,"s:194:8:196:Infinity":67,"s:195:12:195:Infinity":68,"f:205:9:205:24":10,"b:206:4:208:Infinity:undefined:undefined:undefined:undefined":22,"s:206:4:208:Infinity":69,"b:206:8:206:15:206:19:206:46":23,"s:207:8:207:Infinity":70,"s:209:4:209:Infinity":71,"f:217:9:217:28":11,"s:218:21:218:65":72,"b:218:41:218:55:218:58:218:65":24,"b:219:4:221:Infinity:undefined:undefined:undefined:undefined":25,"s:219:4:221:Infinity":73,"s:220:8:220:Infinity":74,"s:222:21:222:49":75,"b:222:36:222:39:222:42:222:44":26,"s:223:4:223:Infinity":76,"f:230:9:230:27":12,"s:231:4:242:Infinity":77,"f:231:11:231:16":13,"s:232:23:232:50":78,"b:233:8:235:Infinity:undefined:undefined:undefined:undefined":27,"s:233:8:235:Infinity":79,"s:234:12:234:Infinity":80,"s:236:25:236:80":81,"b:236:52:236:69:236:72:236:80":28,"s:237:21:237:40":82,"b:238:8:240:Infinity:undefined:undefined:undefined:undefined":29,"s:238:8:240:Infinity":83,"s:239:12:239:Infinity":84,"s:241:8:241:Infinity":85}}}
,"/home/runner/work/rollup-extras/rollup-extras/plugin-serve/src/livereload.js": {"path":"/home/runner/work/rollup-extras/rollup-extras/plugin-serve/src/livereload.js","statementMap":{"0":{"start":{"line":8,"column":17},"end":{"line":8,"column":32}},"1":{"start":{"line":9,"column":21},"end":{"line":9,"column":26}},"2":{"start":{"line":11,"column":22},"end":{"line":11,"column":186}},"3":{"start":{"line":18,"column":20},"end":{"line":18,"column":29}},"4":{"start":{"line":19,"column":17},"end":{"line":19,"column":22}},"5":{"start":{"line":21,"column":4},"end":{"line":21,"column":null}},"6":{"start":{"line":27,"column":8},"end":{"line":44,"column":null}},"7":{"start":{"line":28,"column":12},"end":{"line":43,"column":null}},"8":{"start":{"line":29,"column":16},"end":{"line":29,"column":null}},"9":{"start":{"line":30,"column":16},"end":{"line":32,"column":null}},"10":{"start":{"line":31,"column":20},"end":{"line":31,"column":null}},"11":{"start":{"line":33,"column":16},"end":{"line":41,"column":null}},"12":{"start":{"line":34,"column":20},"end":{"line":34,"column":null}},"13":{"start":{"line":34,"column":45},"end":{"line":34,"column":74}},"14":{"start":{"line":35,"column":20},"end":{"line":35,"column":null}},"15":{"start":{"line":35,"column":67},"end":{"line":35,"column":null}},"16":{"start":{"line":36,"column":20},"end":{"line":40,"column":null}},"17":{"start":{"line":37,"column":24},"end":{"line":37,"column":null}},"18":{"start":{"line":39,"column":24},"end":{"line":39,"column":null}},"19":{"start":{"line":42,"column":16},"end":{"line":42,"column":null}},"20":{"start":{"line":56,"column":8},"end":{"line":75,"column":null}},"21":{"start":{"line":57,"column":12},"end":{"line":57,"column":null}},"22":{"start":{"line":58,"column":24},"end":{"line":58,"column":29}},"23":{"start":{"line":59,"column":12},"end":{"line":59,"column":null}},"24":{"start":{"line":59,"column":22},"end":{"line":59,"column":null}},"25":{"start":{"line":60,"column":32},"end":{"line":60,"column":69}},"26":{"start":{"line":61,"column":12},"end":{"line":61,"column":null}},"27":{"start":{"line":61,"column":66},"end":{"line":61,"column":null}},"28":{"start":{"line":63,"column":12},"end":{"line":67,"column":null}},"29":{"start":{"line":64,"column":16},"end":{"line":64,"column":null}},"30":{"start":{"line":66,"column":16},"end":{"line":66,"column":null}},"31":{"start":{"line":68,"column":29},"end":{"line":68,"column":41}},"32":{"start":{"line":69,"column":12},"end":{"line":69,"column":null}},"33":{"start":{"line":70,"column":12},"end":{"line":74,"column":null}},"34":{"start":{"line":80,"column":8},"end":{"line":86,"column":null}},"35":{"start":{"line":81,"column":12},"end":{"line":85,"column":null}},"36":{"start":{"line":82,"column":16},"end":{"line":82,"column":null}},"37":{"start":{"line":84,"column":16},"end":{"line":84,"column":null}},"38":{"start":{"line":90,"column":8},"end":{"line":90,"column":null}},"39":{"start":{"line":91,"column":8},"end":{"line":97,"column":null}},"40":{"start":{"line":92,"column":12},"end":{"line":96,"column":null}},"41":{"start":{"line":93,"column":16},"end":{"line":93,"column":null}},"42":{"start":{"line":98,"column":8},"end":{"line":98,"column":null}},"43":{"start":{"line":107,"column":4},"end":{"line":109,"column":null}},"44":{"start":{"line":108,"column":8},"end":{"line":108,"column":null}},"45":{"start":{"line":110,"column":18},"end":{"line":110,"column":44}},"46":{"start":{"line":111,"column":4},"end":{"line":114,"column":null}},"47":{"start":{"line":112,"column":43},"end":{"line":112,"column":54}},"48":{"start":{"line":113,"column":8},"end":{"line":113,"column":null}},"49":{"start":{"line":115,"column":4},"end":{"line":115,"column":null}}},"fnMap":{"0":{"name":"createLiveReload","decl":{"start":{"line":16,"column":16},"end":{"line":16,"column":32}},"loc":{"start":{"line":16,"column":35},"end":{"line":100,"column":null}},"line":16},"1":{"name":"register","decl":{"start":{"line":26,"column":13},"end":{"line":26,"column":21}},"loc":{"start":{"line":26,"column":27},"end":{"line":76,"column":null}},"line":26},"2":{"name":"(anonymous_2)","decl":{"start":{"line":27,"column":26},"end":{"line":27,"column":27}},"loc":{"start":{"line":27,"column":31},"end":{"line":44,"column":9}},"line":27},"3":{"name":"(anonymous_3)","decl":{"start":{"line":28,"column":32},"end":{"line":28,"column":37}},"loc":{"start":{"line":28,"column":48},"end":{"line":43,"column":13}},"line":28},"4":{"name":"(anonymous_4)","decl":{"start":{"line":30,"column":31},"end":{"line":30,"column":32}},"loc":{"start":{"line":30,"column":37},"end":{"line":32,"column":17}},"line":30},"5":{"name":"(anonymous_5)","decl":{"start":{"line":34,"column":38},"end":{"line":34,"column":41}},"loc":{"start":{"line":34,"column":45},"end":{"line":34,"column":74}},"line":34},"6":{"name":"(anonymous_6)","decl":{"start":{"line":56,"column":21},"end":{"line":56,"column":26}},"loc":{"start":{"line":56,"column":40},"end":{"line":75,"column":9}},"line":56},"7":{"name":"broadcast","decl":{"start":{"line":79,"column":13},"end":{"line":79,"column":22}},"loc":{"start":{"line":79,"column":30},"end":{"line":87,"column":null}},"line":79},"8":{"name":"close","decl":{"start":{"line":89,"column":13},"end":{"line":89,"column":18}},"loc":{"start":{"line":89,"column":21},"end":{"line":99,"column":null}},"line":89},"9":{"name":"inject","decl":{"start":{"line":106,"column":9},"end":{"line":106,"column":15}},"loc":{"start":{"line":106,"column":22},"end":{"line":116,"column":null}},"line":106}},"branchMap":{"0":{"loc":{"start":{"line":33,"column":23},"end":{"line":33,"column":67}},"type":"binary-expr","locations":[{"start":{"line":33,"column":23},"end":{"line":33,"column":30}},{"start":{"line":33,"column":34},"end":{"line":33,"column":49}},{"start":{"line":33,"column":53},"end":{"line":33,"column":67}}],"line":33},"1":{"loc":{"start":{"line":35,"column":20},"end":{"line":35,"column":null}},"type":"if","locations":[{"start":{"line":35,"column":20},"end":{"line":35,"column":null}},{"start":{},"end":{}}],"line":35},"2":{"loc":{"start":{"line":35,"column":24},"end":{"line":35,"column":65}},"type":"binary-expr","locations":[{"start":{"line":35,"column":24},"end":{"line":35,"column":30}},{"start":{"line":35,"column":34},"end":{"line":35,"column":48}},{"start":{"line":35,"column":52},"end":{"line":35,"column":65}}],"line":35},"3":{"loc":{"start":{"line":59,"column":12},"end":{"line":59,"column":null}},"type":"if","locations":[{"start":{"line":59,"column":12},"end":{"line":59,"column":null}},{"start":{},"end":{}}],"line":59},"4":{"loc":{"start":{"line":60,"column":32},"end":{"line":60,"column":69}},"type":"binary-expr","locations":[{"start":{"line":60,"column":32},"end":{"line":60,"column":63}},{"start":{"line":60,"column":67},"end":{"line":60,"column":69}}],"line":60},"5":{"loc":{"start":{"line":61,"column":12},"end":{"line":61,"column":null}},"type":"if","locations":[{"start":{"line":61,"column":12},"end":{"line":61,"column":null}},{"start":{},"end":{}}],"line":61},"6":{"loc":{"start":{"line":107,"column":4},"end":{"line":109,"column":null}},"type":"if","locations":[{"start":{"line":107,"column":4},"end":{"line":109,"column":null}},{"start":{},"end":{}}],"line":107},"7":{"loc":{"start":{"line":111,"column":4},"end":{"line":114,"column":null}},"type":"if","locations":[{"start":{"line":111,"column":4},"end":{"line":114,"column":null}},{"start":{},"end":{}}],"line":111}},"s":{"0":1,"1":1,"2":1,"3":4,"4":4,"5":4,"6":4,"7":2,"8":2,"9":2,"10":0,"11":2,"12":2,"13":2,"14":0,"15":0,"16":0,"17":0,"18":0,"19":0,"20":4,"21":2,"22":2,"23":2,"24":0,"25":2,"26":2,"27":1,"28":1,"29":1,"30":0,"31":1,"32":1,"33":1,"34":1,"35":1,"36":1,"37":0,"38":3,"39":3,"40":2,"41":2,"42":3,"43":1,"44":0,"45":1,"46":1,"47":1,"48":1,"49":0},"f":{"0":4,"1":4,"2":2,"3":2,"4":0,"5":2,"6":2,"7":1,"8":3,"9":1},"b":{"0":[2,2,2],"1":[0,0],"2":[0,0,0],"3":[0,2],"4":[2,0],"5":[1,1],"6":[0,1],"7":[1,0]},"meta":{"lastBranch":8,"lastFunction":10,"lastStatement":50,"seen":{"s:8:17:8:32":0,"s:9:21:9:26":1,"s:11:22:11:186":2,"f:16:16:16:32":0,"s:18:20:18:29":3,"s:19:17:19:22":4,"s:21:4:21:Infinity":5,"f:26:13:26:21":1,"s:27:8:44:Infinity":6,"f:27:26:27:27":2,"s:28:12:43:Infinity":7,"f:28:32:28:37":3,"s:29:16:29:Infinity":8,"s:30:16:32:Infinity":9,"f:30:31:30:32":4,"s:31:20:31:Infinity":10,"s:33:16:41:Infinity":11,"b:33:23:33:30:33:34:33:49:33:53:33:67":0,"s:34:20:34:Infinity":12,"f:34:38:34:41":5,"s:34:45:34:74":13,"b:35:20:35:Infinity:undefined:undefined:undefined:undefined":1,"s:35:20:35:Infinity":14,"b:35:24:35:30:35:34:35:48:35:52:35:65":2,"s:35:67:35:Infinity":15,"s:36:20:40:Infinity":16,"s:37:24:37:Infinity":17,"s:39:24:39:Infinity":18,"s:42:16:42:Infinity":19,"s:56:8:75:Infinity":20,"f:56:21:56:26":6,"s:57:12:57:Infinity":21,"s:58:24:58:29":22,"b:59:12:59:Infinity:undefined:undefined:undefined:undefined":3,"s:59:12:59:Infinity":23,"s:59:22:59:Infinity":24,"s:60:32:60:69":25,"b:60:32:60:63:60:67:60:69":4,"b:61:12:61:Infinity:undefined:undefined:undefined:undefined":5,"s:61:12:61:Infinity":26,"s:61:66:61:Infinity":27,"s:63:12:67:Infinity":28,"s:64:16:64:Infinity":29,"s:66:16:66:Infinity":30,"s:68:29:68:41":31,"s:69:12:69:Infinity":32,"s:70:12:74:Infinity":33,"f:79:13:79:22":7,"s:80:8:86:Infinity":34,"s:81:12:85:Infinity":35,"s:82:16:82:Infinity":36,"s:84:16:84:Infinity":37,"f:89:13:89:18":8,"s:90:8:90:Infinity":38,"s:91:8:97:Infinity":39,"s:92:12:96:Infinity":40,"s:93:16:93:Infinity":41,"s:98:8:98:Infinity":42,"f:106:9:106:15":9,"b:107:4:109:Infinity:undefined:undefined:undefined:undefined":6,"s:107:4:109:Infinity":43,"s:108:8:108:Infinity":44,"s:110:18:110:44":45,"b:111:4:114:Infinity:undefined:undefined:undefined:undefined":7,"s:111:4:114:Infinity":46,"s:112:43:112:54":47,"s:113:8:113:Infinity":48,"s:115:4:115:Infinity":49}}}
}
