<?xml version="1.0" encoding="UTF-8"?>
<coverage generated="1777138346989" clover="3.2.0">
  <project timestamp="1777138346989" name="All files">
    <metrics statements="96" coveredstatements="95" conditionals="88" coveredconditionals="82" methods="17" coveredmethods="17" elements="201" coveredelements="194" complexity="0" loc="96" ncloc="96" packages="1" files="1" classes="1"/>
    <file name="index.js" path="/home/runner/work/rollup-extras/rollup-extras/plugin-prebundle/src/index.js">
      <metrics statements="96" coveredstatements="95" conditionals="88" coveredconditionals="82" methods="17" coveredmethods="17"/>
      <line num="19" count="1" type="stmt"/>
      <line num="20" count="1" type="stmt"/>
      <line num="22" count="1" type="stmt"/>
      <line num="33" count="31" type="stmt"/>
      <line num="41" count="22" type="cond" truecount="2" falsecount="0"/>
      <line num="42" count="4" type="stmt"/>
      <line num="43" count="4" type="stmt"/>
      <line num="45" count="18" type="stmt"/>
      <line num="56" count="29" type="stmt"/>
      <line num="66" count="29" type="stmt"/>
      <line num="68" count="29" type="stmt"/>
      <line num="69" count="29" type="stmt"/>
      <line num="70" count="29" type="stmt"/>
      <line num="71" count="29" type="stmt"/>
      <line num="73" count="29" type="stmt"/>
      <line num="78" count="30" type="stmt"/>
      <line num="79" count="30" type="cond" truecount="2" falsecount="0"/>
      <line num="80" count="30" type="cond" truecount="2" falsecount="0"/>
      <line num="81" count="2" type="stmt"/>
      <line num="83" count="30" type="stmt"/>
      <line num="88" count="51" type="cond" truecount="2" falsecount="0"/>
      <line num="91" count="49" type="cond" truecount="4" falsecount="0"/>
      <line num="92" count="21" type="stmt"/>
      <line num="96" count="28" type="cond" truecount="1" falsecount="1"/>
      <line num="97" count="0" type="stmt"/>
      <line num="101" count="28" type="cond" truecount="5" falsecount="0"/>
      <line num="102" count="2" type="stmt"/>
      <line num="106" count="26" type="cond" truecount="2" falsecount="0"/>
      <line num="107" count="3" type="stmt"/>
      <line num="110" count="23" type="cond" truecount="2" falsecount="0"/>
      <line num="111" count="19" type="cond" truecount="2" falsecount="0"/>
      <line num="115" count="23" type="stmt"/>
      <line num="117" count="23" type="cond" truecount="4" falsecount="0"/>
      <line num="119" count="20" type="stmt"/>
      <line num="123" count="3" type="stmt"/>
      <line num="124" count="3" type="cond" truecount="4" falsecount="0"/>
      <line num="125" count="2" type="stmt"/>
      <line num="128" count="1" type="stmt"/>
      <line num="133" count="22" type="cond" truecount="1" falsecount="1"/>
      <line num="135" count="22" type="cond" truecount="2" falsecount="0"/>
      <line num="136" count="21" type="stmt"/>
      <line num="137" count="21" type="stmt"/>
      <line num="138" count="21" type="stmt"/>
      <line num="144" count="1" type="stmt"/>
      <line num="148" count="30" type="cond" truecount="4" falsecount="0"/>
      <line num="150" count="20" type="stmt"/>
      <line num="152" count="20" type="cond" truecount="2" falsecount="0"/>
      <line num="155" count="1" type="stmt"/>
      <line num="156" count="1" type="cond" truecount="1" falsecount="1"/>
      <line num="158" count="30" type="stmt"/>
      <line num="162" count="30" type="cond" truecount="4" falsecount="0"/>
      <line num="164" count="19" type="stmt"/>
      <line num="165" count="41" type="stmt"/>
      <line num="166" count="41" type="cond" truecount="2" falsecount="0"/>
      <line num="167" count="38" type="stmt"/>
      <line num="168" count="20" type="cond" truecount="4" falsecount="0"/>
      <line num="169" count="19" type="stmt"/>
      <line num="178" count="30" type="cond" truecount="4" falsecount="0"/>
      <line num="181" count="20" type="cond" truecount="4" falsecount="0"/>
      <line num="182" count="11" type="stmt"/>
      <line num="183" count="11" type="stmt"/>
      <line num="184" count="11" type="stmt"/>
      <line num="187" count="9" type="stmt"/>
      <line num="189" count="9" type="stmt"/>
      <line num="190" count="9" type="stmt"/>
      <line num="191" count="10" type="stmt"/>
      <line num="194" count="9" type="stmt"/>
      <line num="200" count="356" type="cond" truecount="2" falsecount="0"/>
      <line num="201" count="348" type="stmt"/>
      <line num="204" count="143" type="cond" truecount="2" falsecount="0"/>
      <line num="205" count="135" type="stmt"/>
      <line num="215" count="8" type="stmt"/>
      <line num="216" count="8" type="stmt"/>
      <line num="218" count="8" type="stmt"/>
      <line num="219" count="8" type="stmt"/>
      <line num="226" count="30" type="cond" truecount="1" falsecount="1"/>
      <line num="228" count="1" type="stmt"/>
      <line num="230" count="1" type="stmt"/>
      <line num="241" count="22" type="stmt"/>
      <line num="244" count="22" type="cond" truecount="4" falsecount="0"/>
      <line num="245" count="1" type="stmt"/>
      <line num="248" count="21" type="stmt"/>
      <line num="251" count="21" type="cond" truecount="4" falsecount="0"/>
      <line num="252" count="3" type="stmt"/>
      <line num="254" count="3" type="stmt"/>
      <line num="261" count="21" type="cond" truecount="2" falsecount="0"/>
      <line num="262" count="13" type="stmt"/>
      <line num="269" count="8" type="stmt"/>
      <line num="280" count="19" type="stmt"/>
      <line num="281" count="19" type="stmt"/>
      <line num="282" count="19" type="stmt"/>
      <line num="289" count="19" type="stmt"/>
      <line num="298" count="18" type="cond" truecount="2" falsecount="0"/>
      <line num="299" count="16" type="stmt"/>
      <line num="300" count="16" type="cond" truecount="2" falsecount="0"/>
      <line num="302" count="11" type="stmt"/>
    </file>
  </project>
</coverage>
