{"/home/runner/work/rollup-extras/rollup-extras/plugin-prebundle/src/index.js": {"path":"/home/runner/work/rollup-extras/rollup-extras/plugin-prebundle/src/index.js","statementMap":{"0":{"start":{"line":19,"column":25},"end":{"line":19,"column":39}},"1":{"start":{"line":20,"column":24},"end":{"line":20,"column":40}},"2":{"start":{"line":22,"column":18},"end":{"line":22,"column":28}},"3":{"start":{"line":33,"column":4},"end":{"line":33,"column":null}},"4":{"start":{"line":41,"column":4},"end":{"line":44,"column":null}},"5":{"start":{"line":42,"column":22},"end":{"line":42,"column":42}},"6":{"start":{"line":43,"column":8},"end":{"line":43,"column":null}},"7":{"start":{"line":45,"column":4},"end":{"line":45,"column":null}},"8":{"start":{"line":56,"column":63},"end":{"line":63,"column":5}},"9":{"start":{"line":66,"column":33},"end":{"line":66,"column":42}},"10":{"start":{"line":68,"column":17},"end":{"line":68,"column":22}},"11":{"start":{"line":69,"column":20},"end":{"line":69,"column":25}},"12":{"start":{"line":70,"column":18},"end":{"line":70,"column":22}},"13":{"start":{"line":71,"column":28},"end":{"line":71,"column":43}},"14":{"start":{"line":73,"column":4},"end":{"line":233,"column":null}},"15":{"start":{"line":78,"column":12},"end":{"line":78,"column":null}},"16":{"start":{"line":79,"column":12},"end":{"line":79,"column":null}},"17":{"start":{"line":80,"column":12},"end":{"line":82,"column":null}},"18":{"start":{"line":81,"column":16},"end":{"line":81,"column":null}},"19":{"start":{"line":83,"column":12},"end":{"line":83,"column":null}},"20":{"start":{"line":88,"column":12},"end":{"line":88,"column":null}},"21":{"start":{"line":88,"column":26},"end":{"line":88,"column":null}},"22":{"start":{"line":91,"column":12},"end":{"line":93,"column":null}},"23":{"start":{"line":92,"column":16},"end":{"line":92,"column":null}},"24":{"start":{"line":96,"column":12},"end":{"line":98,"column":null}},"25":{"start":{"line":97,"column":16},"end":{"line":97,"column":null}},"26":{"start":{"line":101,"column":12},"end":{"line":103,"column":null}},"27":{"start":{"line":102,"column":16},"end":{"line":102,"column":null}},"28":{"start":{"line":106,"column":12},"end":{"line":108,"column":null}},"29":{"start":{"line":107,"column":16},"end":{"line":107,"column":null}},"30":{"start":{"line":110,"column":12},"end":{"line":112,"column":null}},"31":{"start":{"line":111,"column":16},"end":{"line":111,"column":null}},"32":{"start":{"line":115,"column":31},"end":{"line":115,"column":87}},"33":{"start":{"line":117,"column":12},"end":{"line":120,"column":null}},"34":{"start":{"line":119,"column":16},"end":{"line":119,"column":null}},"35":{"start":{"line":123,"column":33},"end":{"line":123,"column":46}},"36":{"start":{"line":124,"column":12},"end":{"line":126,"column":null}},"37":{"start":{"line":125,"column":16},"end":{"line":125,"column":null}},"38":{"start":{"line":128,"column":12},"end":{"line":128,"column":null}},"39":{"start":{"line":133,"column":12},"end":{"line":133,"column":null}},"40":{"start":{"line":133,"column":26},"end":{"line":133,"column":null}},"41":{"start":{"line":135,"column":12},"end":{"line":142,"column":null}},"42":{"start":{"line":136,"column":34},"end":{"line":136,"column":67}},"43":{"start":{"line":137,"column":27},"end":{"line":137,"column":58}},"44":{"start":{"line":138,"column":16},"end":{"line":141,"column":null}},"45":{"start":{"line":144,"column":12},"end":{"line":144,"column":null}},"46":{"start":{"line":148,"column":12},"end":{"line":148,"column":null}},"47":{"start":{"line":148,"column":68},"end":{"line":148,"column":null}},"48":{"start":{"line":150,"column":28},"end":{"line":150,"column":52}},"49":{"start":{"line":152,"column":16},"end":{"line":157,"column":26}},"50":{"start":{"line":155,"column":38},"end":{"line":155,"column":81}},"51":{"start":{"line":156,"column":26},"end":{"line":156,"column":null}},"52":{"start":{"line":158,"column":12},"end":{"line":158,"column":null}},"53":{"start":{"line":162,"column":12},"end":{"line":162,"column":null}},"54":{"start":{"line":162,"column":67},"end":{"line":162,"column":null}},"55":{"start":{"line":164,"column":12},"end":{"line":173,"column":null}},"56":{"start":{"line":165,"column":30},"end":{"line":165,"column":41}},"57":{"start":{"line":166,"column":16},"end":{"line":172,"column":null}},"58":{"start":{"line":167,"column":20},"end":{"line":171,"column":null}},"59":{"start":{"line":167,"column":33},"end":{"line":167,"column":34}},"60":{"start":{"line":168,"column":24},"end":{"line":170,"column":null}},"61":{"start":{"line":169,"column":28},"end":{"line":169,"column":null}},"62":{"start":{"line":178,"column":12},"end":{"line":178,"column":null}},"63":{"start":{"line":178,"column":61},"end":{"line":178,"column":null}},"64":{"start":{"line":181,"column":12},"end":{"line":185,"column":null}},"65":{"start":{"line":182,"column":16},"end":{"line":182,"column":null}},"66":{"start":{"line":183,"column":16},"end":{"line":183,"column":null}},"67":{"start":{"line":184,"column":16},"end":{"line":184,"column":null}},"68":{"start":{"line":187,"column":12},"end":{"line":187,"column":null}},"69":{"start":{"line":189,"column":12},"end":{"line":231,"column":null}},"70":{"start":{"line":190,"column":37},"end":{"line":192,"column":31}},"71":{"start":{"line":191,"column":30},"end":{"line":191,"column":97}},"72":{"start":{"line":194,"column":36},"end":{"line":213,"column":18}},"73":{"start":{"line":200,"column":32},"end":{"line":200,"column":null}},"74":{"start":{"line":200,"column":64},"end":{"line":200,"column":null}},"75":{"start":{"line":201,"column":32},"end":{"line":201,"column":null}},"76":{"start":{"line":204,"column":32},"end":{"line":204,"column":null}},"77":{"start":{"line":204,"column":64},"end":{"line":204,"column":null}},"78":{"start":{"line":205,"column":32},"end":{"line":205,"column":null}},"79":{"start":{"line":215,"column":35},"end":{"line":215,"column":100}},"80":{"start":{"line":216,"column":16},"end":{"line":216,"column":null}},"81":{"start":{"line":218,"column":30},"end":{"line":218,"column":39}},"82":{"start":{"line":219,"column":16},"end":{"line":224,"column":null}},"83":{"start":{"line":226,"column":16},"end":{"line":226,"column":null}},"84":{"start":{"line":228,"column":16},"end":{"line":228,"column":null}},"85":{"start":{"line":230,"column":16},"end":{"line":230,"column":null}},"86":{"start":{"line":241,"column":24},"end":{"line":241,"column":46}},"87":{"start":{"line":244,"column":8},"end":{"line":246,"column":null}},"88":{"start":{"line":245,"column":12},"end":{"line":245,"column":null}},"89":{"start":{"line":248,"column":8},"end":{"line":248,"column":null}},"90":{"start":{"line":251,"column":8},"end":{"line":258,"column":null}},"91":{"start":{"line":252,"column":12},"end":{"line":257,"column":null}},"92":{"start":{"line":254,"column":16},"end":{"line":254,"column":null}},"93":{"start":{"line":261,"column":8},"end":{"line":263,"column":null}},"94":{"start":{"line":262,"column":12},"end":{"line":262,"column":null}},"95":{"start":{"line":269,"column":8},"end":{"line":269,"column":null}},"96":{"start":{"line":280,"column":16},"end":{"line":280,"column":76}},"97":{"start":{"line":281,"column":21},"end":{"line":281,"column":45}},"98":{"start":{"line":282,"column":4},"end":{"line":288,"column":null}},"99":{"start":{"line":289,"column":4},"end":{"line":289,"column":null}},"100":{"start":{"line":298,"column":4},"end":{"line":298,"column":null}},"101":{"start":{"line":298,"column":27},"end":{"line":298,"column":null}},"102":{"start":{"line":299,"column":4},"end":{"line":301,"column":null}},"103":{"start":{"line":300,"column":8},"end":{"line":300,"column":null}},"104":{"start":{"line":300,"column":26},"end":{"line":300,"column":null}},"105":{"start":{"line":302,"column":4},"end":{"line":302,"column":null}}},"fnMap":{"0":{"name":"specifierToNamespace","decl":{"start":{"line":32,"column":9},"end":{"line":32,"column":29}},"loc":{"start":{"line":32,"column":41},"end":{"line":34,"column":null}},"line":32},"1":{"name":"getPackageName","decl":{"start":{"line":40,"column":9},"end":{"line":40,"column":23}},"loc":{"start":{"line":40,"column":35},"end":{"line":46,"column":null}},"line":40},"2":{"name":"(anonymous_2)","decl":{"start":{"line":55,"column":15},"end":{"line":55,"column":23}},"loc":{"start":{"line":55,"column":39},"end":{"line":271,"column":null}},"line":55},"3":{"name":"(anonymous_3)","decl":{"start":{"line":77,"column":8},"end":{"line":77,"column":18}},"loc":{"start":{"line":77,"column":21},"end":{"line":84,"column":9}},"line":77},"4":{"name":"(anonymous_4)","decl":{"start":{"line":87,"column":14},"end":{"line":87,"column":23}},"loc":{"start":{"line":87,"column":42},"end":{"line":129,"column":9}},"line":87},"5":{"name":"(anonymous_5)","decl":{"start":{"line":132,"column":8},"end":{"line":132,"column":12}},"loc":{"start":{"line":132,"column":17},"end":{"line":145,"column":9}},"line":132},"6":{"name":"(anonymous_6)","decl":{"start":{"line":147,"column":8},"end":{"line":147,"column":19}},"loc":{"start":{"line":147,"column":33},"end":{"line":159,"column":9}},"line":147},"7":{"name":"(anonymous_7)","decl":{"start":{"line":154,"column":23},"end":{"line":154,"column":24}},"loc":{"start":{"line":154,"column":29},"end":{"line":157,"column":23}},"line":154},"8":{"name":"(anonymous_8)","decl":{"start":{"line":161,"column":8},"end":{"line":161,"column":22}},"loc":{"start":{"line":161,"column":34},"end":{"line":174,"column":9}},"line":161},"9":{"name":"(anonymous_9)","decl":{"start":{"line":177,"column":14},"end":{"line":177,"column":22}},"loc":{"start":{"line":177,"column":25},"end":{"line":232,"column":9}},"line":177},"10":{"name":"(anonymous_10)","decl":{"start":{"line":191,"column":25},"end":{"line":191,"column":26}},"loc":{"start":{"line":191,"column":30},"end":{"line":191,"column":97}},"line":191},"11":{"name":"(anonymous_11)","decl":{"start":{"line":199,"column":28},"end":{"line":199,"column":37}},"loc":{"start":{"line":199,"column":42},"end":{"line":202,"column":29}},"line":199},"12":{"name":"(anonymous_12)","decl":{"start":{"line":203,"column":28},"end":{"line":203,"column":32}},"loc":{"start":{"line":203,"column":37},"end":{"line":206,"column":29}},"line":203},"13":{"name":"(anonymous_13)","decl":{"start":{"line":212,"column":20},"end":{"line":212,"column":26}},"loc":{"start":{"line":212,"column":29},"end":{"line":212,"column":31}},"line":212},"14":{"name":"addToPrebundle","decl":{"start":{"line":240,"column":13},"end":{"line":240,"column":27}},"loc":{"start":{"line":240,"column":48},"end":{"line":270,"column":null}},"line":240},"15":{"name":"emitPrebundleChunk","decl":{"start":{"line":279,"column":9},"end":{"line":279,"column":27}},"loc":{"start":{"line":279,"column":48},"end":{"line":290,"column":null}},"line":279},"16":{"name":"setsEqual","decl":{"start":{"line":297,"column":9},"end":{"line":297,"column":18}},"loc":{"start":{"line":297,"column":25},"end":{"line":303,"column":null}},"line":297}},"branchMap":{"0":{"loc":{"start":{"line":41,"column":4},"end":{"line":44,"column":null}},"type":"if","locations":[{"start":{"line":41,"column":4},"end":{"line":44,"column":null}},{"start":{},"end":{}}],"line":41},"1":{"loc":{"start":{"line":55,"column":25},"end":{"line":55,"column":37}},"type":"default-arg","locations":[{"start":{"line":55,"column":35},"end":{"line":55,"column":37}}],"line":55},"2":{"loc":{"start":{"line":79,"column":22},"end":{"line":79,"column":52}},"type":"binary-expr","locations":[{"start":{"line":79,"column":22},"end":{"line":79,"column":31}},{"start":{"line":79,"column":35},"end":{"line":79,"column":52}}],"line":79},"3":{"loc":{"start":{"line":80,"column":12},"end":{"line":82,"column":null}},"type":"if","locations":[{"start":{"line":80,"column":12},"end":{"line":82,"column":null}},{"start":{},"end":{}}],"line":80},"4":{"loc":{"start":{"line":88,"column":12},"end":{"line":88,"column":null}},"type":"if","locations":[{"start":{"line":88,"column":12},"end":{"line":88,"column":null}},{"start":{},"end":{}}],"line":88},"5":{"loc":{"start":{"line":91,"column":12},"end":{"line":93,"column":null}},"type":"if","locations":[{"start":{"line":91,"column":12},"end":{"line":93,"column":null}},{"start":{},"end":{}}],"line":91},"6":{"loc":{"start":{"line":91,"column":16},"end":{"line":91,"column":79}},"type":"binary-expr","locations":[{"start":{"line":91,"column":16},"end":{"line":91,"column":49}},{"start":{"line":91,"column":53},"end":{"line":91,"column":79}}],"line":91},"7":{"loc":{"start":{"line":96,"column":12},"end":{"line":98,"column":null}},"type":"if","locations":[{"start":{"line":96,"column":12},"end":{"line":98,"column":null}},{"start":{},"end":{}}],"line":96},"8":{"loc":{"start":{"line":101,"column":12},"end":{"line":103,"column":null}},"type":"if","locations":[{"start":{"line":101,"column":12},"end":{"line":103,"column":null}},{"start":{},"end":{}}],"line":101},"9":{"loc":{"start":{"line":101,"column":16},"end":{"line":101,"column":91}},"type":"binary-expr","locations":[{"start":{"line":101,"column":16},"end":{"line":101,"column":38}},{"start":{"line":101,"column":42},"end":{"line":101,"column":64}},{"start":{"line":101,"column":68},"end":{"line":101,"column":91}}],"line":101},"10":{"loc":{"start":{"line":106,"column":12},"end":{"line":108,"column":null}},"type":"if","locations":[{"start":{"line":106,"column":12},"end":{"line":108,"column":null}},{"start":{},"end":{}}],"line":106},"11":{"loc":{"start":{"line":110,"column":12},"end":{"line":112,"column":null}},"type":"if","locations":[{"start":{"line":110,"column":12},"end":{"line":112,"column":null}},{"start":{},"end":{}}],"line":110},"12":{"loc":{"start":{"line":111,"column":25},"end":{"line":111,"column":58}},"type":"binary-expr","locations":[{"start":{"line":111,"column":26},"end":{"line":111,"column":50}},{"start":{"line":111,"column":55},"end":{"line":111,"column":58}}],"line":111},"13":{"loc":{"start":{"line":117,"column":12},"end":{"line":120,"column":null}},"type":"if","locations":[{"start":{"line":117,"column":12},"end":{"line":120,"column":null}},{"start":{},"end":{}}],"line":117},"14":{"loc":{"start":{"line":117,"column":16},"end":{"line":117,"column":50}},"type":"binary-expr","locations":[{"start":{"line":117,"column":16},"end":{"line":117,"column":27}},{"start":{"line":117,"column":31},"end":{"line":117,"column":50}}],"line":117},"15":{"loc":{"start":{"line":124,"column":12},"end":{"line":126,"column":null}},"type":"if","locations":[{"start":{"line":124,"column":12},"end":{"line":126,"column":null}},{"start":{},"end":{}}],"line":124},"16":{"loc":{"start":{"line":124,"column":16},"end":{"line":124,"column":104}},"type":"binary-expr","locations":[{"start":{"line":124,"column":16},"end":{"line":124,"column":53}},{"start":{"line":124,"column":56},"end":{"line":124,"column":104}}],"line":124},"17":{"loc":{"start":{"line":133,"column":12},"end":{"line":133,"column":null}},"type":"if","locations":[{"start":{"line":133,"column":12},"end":{"line":133,"column":null}},{"start":{},"end":{}}],"line":133},"18":{"loc":{"start":{"line":135,"column":12},"end":{"line":142,"column":null}},"type":"if","locations":[{"start":{"line":135,"column":12},"end":{"line":142,"column":null}},{"start":{},"end":{}}],"line":135},"19":{"loc":{"start":{"line":148,"column":12},"end":{"line":148,"column":null}},"type":"if","locations":[{"start":{"line":148,"column":12},"end":{"line":148,"column":null}},{"start":{},"end":{}}],"line":148},"20":{"loc":{"start":{"line":148,"column":16},"end":{"line":148,"column":66}},"type":"binary-expr","locations":[{"start":{"line":148,"column":16},"end":{"line":148,"column":24}},{"start":{"line":148,"column":28},"end":{"line":148,"column":66}}],"line":148},"21":{"loc":{"start":{"line":152,"column":16},"end":{"line":157,"column":26}},"type":"cond-expr","locations":[{"start":{"line":153,"column":22},"end":{"line":153,"column":null}},{"start":{"line":154,"column":22},"end":{"line":157,"column":26}}],"line":152},"22":{"loc":{"start":{"line":156,"column":33},"end":{"line":156,"column":71}},"type":"cond-expr","locations":[{"start":{"line":156,"column":55},"end":{"line":156,"column":58}},{"start":{"line":156,"column":61},"end":{"line":156,"column":71}}],"line":156},"23":{"loc":{"start":{"line":162,"column":12},"end":{"line":162,"column":null}},"type":"if","locations":[{"start":{"line":162,"column":12},"end":{"line":162,"column":null}},{"start":{},"end":{}}],"line":162},"24":{"loc":{"start":{"line":162,"column":16},"end":{"line":162,"column":65}},"type":"binary-expr","locations":[{"start":{"line":162,"column":16},"end":{"line":162,"column":24}},{"start":{"line":162,"column":28},"end":{"line":162,"column":65}}],"line":162},"25":{"loc":{"start":{"line":166,"column":16},"end":{"line":172,"column":null}},"type":"if","locations":[{"start":{"line":166,"column":16},"end":{"line":172,"column":null}},{"start":{},"end":{}}],"line":166},"26":{"loc":{"start":{"line":168,"column":24},"end":{"line":170,"column":null}},"type":"if","locations":[{"start":{"line":168,"column":24},"end":{"line":170,"column":null}},{"start":{},"end":{}}],"line":168},"27":{"loc":{"start":{"line":168,"column":28},"end":{"line":168,"column":111}},"type":"binary-expr","locations":[{"start":{"line":168,"column":28},"end":{"line":168,"column":64}},{"start":{"line":168,"column":68},"end":{"line":168,"column":111}}],"line":168},"28":{"loc":{"start":{"line":178,"column":12},"end":{"line":178,"column":null}},"type":"if","locations":[{"start":{"line":178,"column":12},"end":{"line":178,"column":null}},{"start":{},"end":{}}],"line":178},"29":{"loc":{"start":{"line":178,"column":16},"end":{"line":178,"column":59}},"type":"binary-expr","locations":[{"start":{"line":178,"column":16},"end":{"line":178,"column":24}},{"start":{"line":178,"column":28},"end":{"line":178,"column":59}}],"line":178},"30":{"loc":{"start":{"line":181,"column":12},"end":{"line":185,"column":null}},"type":"if","locations":[{"start":{"line":181,"column":12},"end":{"line":185,"column":null}},{"start":{},"end":{}}],"line":181},"31":{"loc":{"start":{"line":181,"column":16},"end":{"line":181,"column":92}},"type":"binary-expr","locations":[{"start":{"line":181,"column":16},"end":{"line":181,"column":30}},{"start":{"line":181,"column":34},"end":{"line":181,"column":92}}],"line":181},"32":{"loc":{"start":{"line":200,"column":32},"end":{"line":200,"column":null}},"type":"if","locations":[{"start":{"line":200,"column":32},"end":{"line":200,"column":null}},{"start":{},"end":{}}],"line":200},"33":{"loc":{"start":{"line":204,"column":32},"end":{"line":204,"column":null}},"type":"if","locations":[{"start":{"line":204,"column":32},"end":{"line":204,"column":null}},{"start":{},"end":{}}],"line":204},"34":{"loc":{"start":{"line":222,"column":25},"end":{"line":222,"column":42}},"type":"binary-expr","locations":[{"start":{"line":222,"column":25},"end":{"line":222,"column":34}},{"start":{"line":222,"column":38},"end":{"line":222,"column":42}}],"line":222},"35":{"loc":{"start":{"line":226,"column":93},"end":{"line":226,"column":110}},"type":"binary-expr","locations":[{"start":{"line":226,"column":93},"end":{"line":226,"column":102}},{"start":{"line":226,"column":106},"end":{"line":226,"column":110}}],"line":226},"36":{"loc":{"start":{"line":244,"column":8},"end":{"line":246,"column":null}},"type":"if","locations":[{"start":{"line":244,"column":8},"end":{"line":246,"column":null}},{"start":{},"end":{}}],"line":244},"37":{"loc":{"start":{"line":244,"column":12},"end":{"line":244,"column":51}},"type":"binary-expr","locations":[{"start":{"line":244,"column":12},"end":{"line":244,"column":20}},{"start":{"line":244,"column":24},"end":{"line":244,"column":51}}],"line":244},"38":{"loc":{"start":{"line":251,"column":8},"end":{"line":258,"column":null}},"type":"if","locations":[{"start":{"line":251,"column":8},"end":{"line":258,"column":null}},{"start":{},"end":{}}],"line":251},"39":{"loc":{"start":{"line":251,"column":12},"end":{"line":251,"column":61}},"type":"binary-expr","locations":[{"start":{"line":251,"column":12},"end":{"line":251,"column":26}},{"start":{"line":251,"column":30},"end":{"line":251,"column":61}}],"line":251},"40":{"loc":{"start":{"line":261,"column":8},"end":{"line":263,"column":null}},"type":"if","locations":[{"start":{"line":261,"column":8},"end":{"line":263,"column":null}},{"start":{},"end":{}}],"line":261},"41":{"loc":{"start":{"line":287,"column":12},"end":{"line":287,"column":30}},"type":"cond-expr","locations":[{"start":{"line":287,"column":18},"end":{"line":287,"column":25}},{"start":{"line":287,"column":28},"end":{"line":287,"column":30}}],"line":287},"42":{"loc":{"start":{"line":298,"column":4},"end":{"line":298,"column":null}},"type":"if","locations":[{"start":{"line":298,"column":4},"end":{"line":298,"column":null}},{"start":{},"end":{}}],"line":298},"43":{"loc":{"start":{"line":300,"column":8},"end":{"line":300,"column":null}},"type":"if","locations":[{"start":{"line":300,"column":8},"end":{"line":300,"column":null}},{"start":{},"end":{}}],"line":300}},"s":{"0":1,"1":1,"2":1,"3":31,"4":22,"5":4,"6":4,"7":18,"8":29,"9":29,"10":29,"11":29,"12":29,"13":29,"14":29,"15":30,"16":30,"17":30,"18":2,"19":30,"20":51,"21":2,"22":49,"23":21,"24":28,"25":0,"26":28,"27":2,"28":26,"29":3,"30":23,"31":19,"32":23,"33":23,"34":20,"35":3,"36":3,"37":2,"38":1,"39":22,"40":0,"41":22,"42":21,"43":21,"44":21,"45":1,"46":30,"47":10,"48":20,"49":20,"50":1,"51":1,"52":30,"53":30,"54":11,"55":19,"56":41,"57":41,"58":38,"59":38,"60":20,"61":19,"62":30,"63":10,"64":20,"65":11,"66":11,"67":11,"68":9,"69":9,"70":9,"71":10,"72":9,"73":356,"74":8,"75":348,"76":143,"77":8,"78":135,"79":8,"80":8,"81":8,"82":8,"83":30,"84":1,"85":1,"86":22,"87":22,"88":1,"89":21,"90":21,"91":3,"92":3,"93":21,"94":13,"95":8,"96":19,"97":19,"98":19,"99":19,"100":18,"101":2,"102":16,"103":16,"104":5,"105":11},"f":{"0":31,"1":22,"2":29,"3":30,"4":51,"5":22,"6":30,"7":1,"8":30,"9":30,"10":10,"11":356,"12":143,"13":27,"14":22,"15":19,"16":18},"b":{"0":[4,18],"1":[29],"2":[30,30],"3":[2,28],"4":[2,49],"5":[21,28],"6":[49,28],"7":[0,28],"8":[2,26],"9":[28,28,26],"10":[3,23],"11":[19,4],"12":[19,1],"13":[20,3],"14":[23,4],"15":[2,1],"16":[3,2],"17":[0,22],"18":[21,1],"19":[10,20],"20":[30,28],"21":[19,1],"22":[1,0],"23":[11,19],"24":[30,28],"25":[38,3],"26":[19,1],"27":[20,20],"28":[10,20],"29":[30,28],"30":[11,9],"31":[20,18],"32":[8,348],"33":[8,135],"34":[8,0],"35":[30,0],"36":[1,21],"37":[22,3],"38":[3,18],"39":[21,3],"40":[13,8],"41":[19,0],"42":[2,16],"43":[5,11]},"meta":{"lastBranch":44,"lastFunction":17,"lastStatement":106,"seen":{"s:19:25:19:39":0,"s:20:24:20:40":1,"s:22:18:22:28":2,"f:32:9:32:29":0,"s:33:4:33:Infinity":3,"f:40:9:40:23":1,"b:41:4:44:Infinity:undefined:undefined:undefined:undefined":0,"s:41:4:44:Infinity":4,"s:42:22:42:42":5,"s:43:8:43:Infinity":6,"s:45:4:45:Infinity":7,"f:55:15:55:23":2,"b:55:35:55:37":1,"s:56:63:63:5":8,"s:66:33:66:42":9,"s:68:17:68:22":10,"s:69:20:69:25":11,"s:70:18:70:22":12,"s:71:28:71:43":13,"s:73:4:233:Infinity":14,"f:77:8:77:18":3,"s:78:12:78:Infinity":15,"s:79:12:79:Infinity":16,"b:79:22:79:31:79:35:79:52":2,"b:80:12:82:Infinity:undefined:undefined:undefined:undefined":3,"s:80:12:82:Infinity":17,"s:81:16:81:Infinity":18,"s:83:12:83:Infinity":19,"f:87:14:87:23":4,"b:88:12:88:Infinity:undefined:undefined:undefined:undefined":4,"s:88:12:88:Infinity":20,"s:88:26:88:Infinity":21,"b:91:12:93:Infinity:undefined:undefined:undefined:undefined":5,"s:91:12:93:Infinity":22,"b:91:16:91:49:91:53:91:79":6,"s:92:16:92:Infinity":23,"b:96:12:98:Infinity:undefined:undefined:undefined:undefined":7,"s:96:12:98:Infinity":24,"s:97:16:97:Infinity":25,"b:101:12:103:Infinity:undefined:undefined:undefined:undefined":8,"s:101:12:103:Infinity":26,"b:101:16:101:38:101:42:101:64:101:68:101:91":9,"s:102:16:102:Infinity":27,"b:106:12:108:Infinity:undefined:undefined:undefined:undefined":10,"s:106:12:108:Infinity":28,"s:107:16:107:Infinity":29,"b:110:12:112:Infinity:undefined:undefined:undefined:undefined":11,"s:110:12:112:Infinity":30,"s:111:16:111:Infinity":31,"b:111:26:111:50:111:55:111:58":12,"s:115:31:115:87":32,"b:117:12:120:Infinity:undefined:undefined:undefined:undefined":13,"s:117:12:120:Infinity":33,"b:117:16:117:27:117:31:117:50":14,"s:119:16:119:Infinity":34,"s:123:33:123:46":35,"b:124:12:126:Infinity:undefined:undefined:undefined:undefined":15,"s:124:12:126:Infinity":36,"b:124:16:124:53:124:56:124:104":16,"s:125:16:125:Infinity":37,"s:128:12:128:Infinity":38,"f:132:8:132:12":5,"b:133:12:133:Infinity:undefined:undefined:undefined:undefined":17,"s:133:12:133:Infinity":39,"s:133:26:133:Infinity":40,"b:135:12:142:Infinity:undefined:undefined:undefined:undefined":18,"s:135:12:142:Infinity":41,"s:136:34:136:67":42,"s:137:27:137:58":43,"s:138:16:141:Infinity":44,"s:144:12:144:Infinity":45,"f:147:8:147:19":6,"b:148:12:148:Infinity:undefined:undefined:undefined:undefined":19,"s:148:12:148:Infinity":46,"b:148:16:148:24:148:28:148:66":20,"s:148:68:148:Infinity":47,"s:150:28:150:52":48,"s:152:16:157:26":49,"b:153:22:153:Infinity:154:22:157:26":21,"f:154:23:154:24":7,"s:155:38:155:81":50,"s:156:26:156:Infinity":51,"b:156:55:156:58:156:61:156:71":22,"s:158:12:158:Infinity":52,"f:161:8:161:22":8,"b:162:12:162:Infinity:undefined:undefined:undefined:undefined":23,"s:162:12:162:Infinity":53,"b:162:16:162:24:162:28:162:65":24,"s:162:67:162:Infinity":54,"s:164:12:173:Infinity":55,"s:165:30:165:41":56,"b:166:16:172:Infinity:undefined:undefined:undefined:undefined":25,"s:166:16:172:Infinity":57,"s:167:20:171:Infinity":58,"s:167:33:167:34":59,"b:168:24:170:Infinity:undefined:undefined:undefined:undefined":26,"s:168:24:170:Infinity":60,"b:168:28:168:64:168:68:168:111":27,"s:169:28:169:Infinity":61,"f:177:14:177:22":9,"b:178:12:178:Infinity:undefined:undefined:undefined:undefined":28,"s:178:12:178:Infinity":62,"b:178:16:178:24:178:28:178:59":29,"s:178:61:178:Infinity":63,"b:181:12:185:Infinity:undefined:undefined:undefined:undefined":30,"s:181:12:185:Infinity":64,"b:181:16:181:30:181:34:181:92":31,"s:182:16:182:Infinity":65,"s:183:16:183:Infinity":66,"s:184:16:184:Infinity":67,"s:187:12:187:Infinity":68,"s:189:12:231:Infinity":69,"s:190:37:192:31":70,"f:191:25:191:26":10,"s:191:30:191:97":71,"s:194:36:213:18":72,"f:199:28:199:37":11,"b:200:32:200:Infinity:undefined:undefined:undefined:undefined":32,"s:200:32:200:Infinity":73,"s:200:64:200:Infinity":74,"s:201:32:201:Infinity":75,"f:203:28:203:32":12,"b:204:32:204:Infinity:undefined:undefined:undefined:undefined":33,"s:204:32:204:Infinity":76,"s:204:64:204:Infinity":77,"s:205:32:205:Infinity":78,"f:212:20:212:26":13,"s:215:35:215:100":79,"s:216:16:216:Infinity":80,"s:218:30:218:39":81,"s:219:16:224:Infinity":82,"b:222:25:222:34:222:38:222:42":34,"s:226:16:226:Infinity":83,"b:226:93:226:102:226:106:226:110":35,"s:228:16:228:Infinity":84,"s:230:16:230:Infinity":85,"f:240:13:240:27":14,"s:241:24:241:46":86,"b:244:8:246:Infinity:undefined:undefined:undefined:undefined":36,"s:244:8:246:Infinity":87,"b:244:12:244:20:244:24:244:51":37,"s:245:12:245:Infinity":88,"s:248:8:248:Infinity":89,"b:251:8:258:Infinity:undefined:undefined:undefined:undefined":38,"s:251:8:258:Infinity":90,"b:251:12:251:26:251:30:251:61":39,"s:252:12:257:Infinity":91,"s:254:16:254:Infinity":92,"b:261:8:263:Infinity:undefined:undefined:undefined:undefined":40,"s:261:8:263:Infinity":93,"s:262:12:262:Infinity":94,"s:269:8:269:Infinity":95,"f:279:9:279:27":15,"s:280:16:280:76":96,"s:281:21:281:45":97,"s:282:4:288:Infinity":98,"b:287:18:287:25:287:28:287:30":41,"s:289:4:289:Infinity":99,"f:297:9:297:18":16,"b:298:4:298:Infinity:undefined:undefined:undefined:undefined":42,"s:298:4:298:Infinity":100,"s:298:27:298:Infinity":101,"s:299:4:301:Infinity":102,"b:300:8:300:Infinity:undefined:undefined:undefined:undefined":43,"s:300:8:300:Infinity":103,"s:300:26:300:Infinity":104,"s:302:4:302:Infinity":105}}}
}
