<?xml version="1.0" encoding="UTF-8"?>
<coverage generated="1777138344970" clover="3.2.0">
  <project timestamp="1777138344970" name="All files">
    <metrics statements="47" coveredstatements="47" conditionals="30" coveredconditionals="30" methods="11" coveredmethods="11" elements="88" coveredelements="88" complexity="0" loc="47" ncloc="47" packages="1" files="5" classes="5"/>
    <file name="index.js" path="/home/runner/work/rollup-extras/rollup-extras/utils/src/index.js">
      <metrics statements="0" coveredstatements="0" conditionals="0" coveredconditionals="0" methods="0" coveredmethods="0"/>
    </file>
    <file name="logger.js" path="/home/runner/work/rollup-extras/rollup-extras/utils/src/logger.js">
      <metrics statements="1" coveredstatements="1" conditionals="0" coveredconditionals="0" methods="1" coveredmethods="1"/>
      <line num="8" count="1" type="stmt"/>
    </file>
    <file name="multi-config-plugin-base.js" path="/home/runner/work/rollup-extras/rollup-extras/utils/src/multi-config-plugin-base.js">
      <metrics statements="20" coveredstatements="20" conditionals="8" coveredconditionals="8" methods="5" coveredmethods="5"/>
      <line num="21" count="7" type="cond" truecount="2" falsecount="0"/>
      <line num="23" count="7" type="stmt"/>
      <line num="24" count="7" type="stmt"/>
      <line num="26" count="7" type="stmt"/>
      <line num="28" count="7" type="stmt"/>
      <line num="38" count="7" type="stmt"/>
      <line num="41" count="2" type="stmt"/>
      <line num="42" count="2" type="stmt"/>
      <line num="44" count="2" type="stmt"/>
      <line num="48" count="2" type="stmt"/>
      <line num="49" count="2" type="stmt"/>
      <line num="57" count="11" type="stmt"/>
      <line num="62" count="11" type="stmt"/>
      <line num="63" count="11" type="cond" truecount="2" falsecount="0"/>
      <line num="64" count="2" type="stmt"/>
      <line num="66" count="11" type="cond" truecount="4" falsecount="0"/>
      <line num="68" count="9" type="stmt"/>
      <line num="69" count="9" type="stmt"/>
      <line num="72" count="9" type="stmt"/>
      <line num="73" count="2" type="stmt"/>
    </file>
    <file name="options.js" path="/home/runner/work/rollup-extras/rollup-extras/utils/src/options.js">
      <metrics statements="15" coveredstatements="15" conditionals="12" coveredconditionals="12" methods="3" coveredmethods="3"/>
      <line num="16" count="19" type="stmt"/>
      <line num="18" count="19" type="cond" truecount="2" falsecount="0"/>
      <line num="29" count="26" type="cond" truecount="2" falsecount="0"/>
      <line num="30" count="7" type="stmt"/>
      <line num="31" count="19" type="cond" truecount="2" falsecount="0"/>
      <line num="32" count="6" type="stmt"/>
      <line num="33" count="13" type="cond" truecount="2" falsecount="0"/>
      <line num="34" count="10" type="stmt"/>
      <line num="35" count="10" type="cond" truecount="2" falsecount="0"/>
      <line num="47" count="3" type="stmt"/>
      <line num="60" count="25" type="stmt"/>
      <line num="62" count="25" type="cond" truecount="2" falsecount="0"/>
      <line num="63" count="10" type="stmt"/>
      <line num="64" count="10" type="stmt"/>
      <line num="68" count="25" type="stmt"/>
    </file>
    <file name="statistics.js" path="/home/runner/work/rollup-extras/rollup-extras/utils/src/statistics.js">
      <metrics statements="11" coveredstatements="11" conditionals="10" coveredconditionals="10" methods="2" coveredmethods="2"/>
      <line num="7" count="4" type="stmt"/>
      <line num="8" count="4" type="cond" truecount="2" falsecount="0"/>
      <line num="9" count="4" type="stmt"/>
      <line num="10" count="20" type="cond" truecount="2" falsecount="0"/>
      <line num="11" count="16" type="stmt"/>
      <line num="12" count="16" type="cond" truecount="2" falsecount="0"/>
      <line num="13" count="8" type="cond" truecount="2" falsecount="0"/>
      <line num="14" count="1" type="stmt"/>
      <line num="16" count="7" type="stmt"/>
      <line num="19" count="16" type="stmt"/>
      <line num="21" count="4" type="cond" truecount="2" falsecount="0"/>
    </file>
  </project>
</coverage>
