<?xml version="1.0" encoding="UTF-8"?>
<coverage generated="1777138344689" clover="3.2.0">
  <project timestamp="1777138344690" name="All files">
    <metrics statements="12" coveredstatements="12" conditionals="4" coveredconditionals="4" methods="3" coveredmethods="3" elements="19" coveredelements="19" complexity="0" loc="12" ncloc="12" packages="1" files="1" classes="1"/>
    <file name="index.js" path="/home/runner/work/rollup-extras/rollup-extras/plugin-exec/src/index.js">
      <metrics statements="12" coveredstatements="12" conditionals="4" coveredconditionals="4" methods="3" coveredmethods="3"/>
      <line num="22" count="1" type="stmt"/>
      <line num="28" count="15" type="stmt"/>
      <line num="32" count="3" type="stmt"/>
      <line num="36" count="15" type="stmt"/>
      <line num="37" count="15" type="stmt"/>
      <line num="39" count="15" type="stmt"/>
      <line num="41" count="15" type="stmt"/>
      <line num="45" count="14" type="cond" truecount="2" falsecount="0"/>
      <line num="46" count="13" type="stmt"/>
      <line num="48" count="13" type="stmt"/>
      <line num="50" count="13" type="stmt"/>
      <line num="52" count="13" type="stmt"/>
    </file>
  </project>
</coverage>
