{"/home/runner/work/rollup-extras/rollup-extras/plugin-strip-comments/src/index.js": {"path":"/home/runner/work/rollup-extras/rollup-extras/plugin-strip-comments/src/index.js","statementMap":{"0":{"start":{"line":21,"column":18},"end":{"line":21,"column":28}},"1":{"start":{"line":28,"column":16},"end":{"line":28,"column":128}},"2":{"start":{"line":30,"column":29},"end":{"line":37,"column":5}},"3":{"start":{"line":39,"column":42},"end":{"line":39,"column":59}},"4":{"start":{"line":42,"column":23},"end":{"line":42,"column":66}},"5":{"start":{"line":43,"column":24},"end":{"line":43,"column":54}},"6":{"start":{"line":45,"column":4},"end":{"line":76,"column":null}},"7":{"start":{"line":49,"column":12},"end":{"line":51,"column":null}},"8":{"start":{"line":50,"column":16},"end":{"line":50,"column":null}},"9":{"start":{"line":53,"column":28},"end":{"line":53,"column":47}},"10":{"start":{"line":54,"column":12},"end":{"line":56,"column":null}},"11":{"start":{"line":55,"column":16},"end":{"line":55,"column":null}},"12":{"start":{"line":58,"column":29},"end":{"line":58,"column":75}},"13":{"start":{"line":58,"column":50},"end":{"line":58,"column":74}},"14":{"start":{"line":59,"column":12},"end":{"line":61,"column":null}},"15":{"start":{"line":60,"column":16},"end":{"line":60,"column":null}},"16":{"start":{"line":63,"column":32},"end":{"line":63,"column":83}},"17":{"start":{"line":65,"column":12},"end":{"line":67,"column":null}},"18":{"start":{"line":66,"column":16},"end":{"line":66,"column":null}},"19":{"start":{"line":69,"column":12},"end":{"line":69,"column":null}},"20":{"start":{"line":71,"column":12},"end":{"line":74,"column":null}}},"fnMap":{"0":{"name":"(anonymous_0)","decl":{"start":{"line":27,"column":15},"end":{"line":27,"column":23}},"loc":{"start":{"line":27,"column":34},"end":{"line":77,"column":null}},"line":27},"1":{"name":"(anonymous_1)","decl":{"start":{"line":48,"column":8},"end":{"line":48,"column":19}},"loc":{"start":{"line":48,"column":33},"end":{"line":75,"column":9}},"line":48},"2":{"name":"(anonymous_2)","decl":{"start":{"line":58,"column":45},"end":{"line":58,"column":46}},"loc":{"start":{"line":58,"column":50},"end":{"line":58,"column":74}},"line":58}},"branchMap":{"0":{"loc":{"start":{"line":28,"column":16},"end":{"line":28,"column":128}},"type":"cond-expr","locations":[{"start":{"line":28,"column":92},"end":{"line":28,"column":110}},{"start":{"line":28,"column":114},"end":{"line":28,"column":127}}],"line":28},"1":{"loc":{"start":{"line":28,"column":16},"end":{"line":28,"column":89}},"type":"binary-expr","locations":[{"start":{"line":28,"column":16},"end":{"line":28,"column":43}},{"start":{"line":28,"column":47},"end":{"line":28,"column":69}},{"start":{"line":28,"column":73},"end":{"line":28,"column":89}}],"line":28},"2":{"loc":{"start":{"line":28,"column":114},"end":{"line":28,"column":127}},"type":"binary-expr","locations":[{"start":{"line":28,"column":114},"end":{"line":28,"column":121}},{"start":{"line":28,"column":125},"end":{"line":28,"column":127}}],"line":28},"3":{"loc":{"start":{"line":42,"column":23},"end":{"line":42,"column":66}},"type":"cond-expr","locations":[{"start":{"line":42,"column":51},"end":{"line":42,"column":58}},{"start":{"line":42,"column":61},"end":{"line":42,"column":66}}],"line":42},"4":{"loc":{"start":{"line":49,"column":12},"end":{"line":51,"column":null}},"type":"if","locations":[{"start":{"line":49,"column":12},"end":{"line":51,"column":null}},{"start":{},"end":{}}],"line":49},"5":{"loc":{"start":{"line":54,"column":12},"end":{"line":56,"column":null}},"type":"if","locations":[{"start":{"line":54,"column":12},"end":{"line":56,"column":null}},{"start":{},"end":{}}],"line":54},"6":{"loc":{"start":{"line":59,"column":12},"end":{"line":61,"column":null}},"type":"if","locations":[{"start":{"line":59,"column":12},"end":{"line":61,"column":null}},{"start":{},"end":{}}],"line":59}},"s":{"0":1,"1":25,"2":25,"3":25,"4":25,"5":25,"6":25,"7":22,"8":0,"9":22,"10":22,"11":4,"12":18,"13":24,"14":18,"15":4,"16":14,"17":14,"18":17,"19":14,"20":14},"f":{"0":25,"1":22,"2":24},"b":{"0":[5,20],"1":[25,24,21],"2":[20,17],"3":[1,24],"4":[0,22],"5":[4,18],"6":[4,14]},"meta":{"lastBranch":7,"lastFunction":3,"lastStatement":21,"seen":{"s:21:18:21:28":0,"f:27:15:27:23":0,"s:28:16:28:128":1,"b:28:92:28:110:28:114:28:127":0,"b:28:16:28:43:28:47:28:69:28:73:28:89":1,"b:28:114:28:121:28:125:28:127":2,"s:30:29:37:5":2,"s:39:42:39:59":3,"s:42:23:42:66":4,"b:42:51:42:58:42:61:42:66":3,"s:43:24:43:54":5,"s:45:4:76:Infinity":6,"f:48:8:48:19":1,"b:49:12:51:Infinity:undefined:undefined:undefined:undefined":4,"s:49:12:51:Infinity":7,"s:50:16:50:Infinity":8,"s:53:28:53:47":9,"b:54:12:56:Infinity:undefined:undefined:undefined:undefined":5,"s:54:12:56:Infinity":10,"s:55:16:55:Infinity":11,"s:58:29:58:75":12,"f:58:45:58:46":2,"s:58:50:58:74":13,"b:59:12:61:Infinity:undefined:undefined:undefined:undefined":6,"s:59:12:61:Infinity":14,"s:60:16:60:Infinity":15,"s:63:32:63:83":16,"s:65:12:67:Infinity":17,"s:66:16:66:Infinity":18,"s:69:12:69:Infinity":19,"s:71:12:74:Infinity":20}}}
,"/home/runner/work/rollup-extras/rollup-extras/plugin-strip-comments/src/scan-comments.js": {"path":"/home/runner/work/rollup-extras/rollup-extras/plugin-strip-comments/src/scan-comments.js","statementMap":{"0":{"start":{"line":25,"column":21},"end":{"line":25,"column":44}},"1":{"start":{"line":32,"column":4},"end":{"line":32,"column":null}},"2":{"start":{"line":32,"column":36},"end":{"line":32,"column":54}},"3":{"start":{"line":38,"column":31},"end":{"line":56,"column":2}},"4":{"start":{"line":69,"column":4},"end":{"line":71,"column":null}},"5":{"start":{"line":70,"column":8},"end":{"line":70,"column":null}},"6":{"start":{"line":73,"column":17},"end":{"line":73,"column":49}},"7":{"start":{"line":74,"column":4},"end":{"line":76,"column":null}},"8":{"start":{"line":75,"column":8},"end":{"line":75,"column":null}},"9":{"start":{"line":79,"column":4},"end":{"line":81,"column":null}},"10":{"start":{"line":80,"column":8},"end":{"line":80,"column":null}},"11":{"start":{"line":84,"column":4},"end":{"line":86,"column":null}},"12":{"start":{"line":85,"column":8},"end":{"line":85,"column":null}},"13":{"start":{"line":88,"column":4},"end":{"line":88,"column":null}},"14":{"start":{"line":99,"column":21},"end":{"line":99,"column":23}},"15":{"start":{"line":100,"column":16},"end":{"line":100,"column":29}},"16":{"start":{"line":101,"column":12},"end":{"line":101,"column":13}},"17":{"start":{"line":104,"column":26},"end":{"line":104,"column":28}},"18":{"start":{"line":106,"column":18},"end":{"line":106,"column":23}},"19":{"start":{"line":108,"column":4},"end":{"line":110,"column":null}},"20":{"start":{"line":109,"column":8},"end":{"line":109,"column":null}},"21":{"start":{"line":109,"column":46},"end":{"line":109,"column":null}},"22":{"start":{"line":112,"column":4},"end":{"line":214,"column":null}},"23":{"start":{"line":113,"column":19},"end":{"line":113,"column":39}},"24":{"start":{"line":115,"column":8},"end":{"line":118,"column":null}},"25":{"start":{"line":116,"column":12},"end":{"line":116,"column":null}},"26":{"start":{"line":117,"column":12},"end":{"line":117,"column":null}},"27":{"start":{"line":121,"column":8},"end":{"line":127,"column":null}},"28":{"start":{"line":122,"column":26},"end":{"line":122,"column":27}},"29":{"start":{"line":123,"column":12},"end":{"line":123,"column":null}},"30":{"start":{"line":124,"column":12},"end":{"line":124,"column":null}},"31":{"start":{"line":124,"column":61},"end":{"line":124,"column":null}},"32":{"start":{"line":125,"column":12},"end":{"line":125,"column":null}},"33":{"start":{"line":126,"column":12},"end":{"line":126,"column":null}},"34":{"start":{"line":130,"column":8},"end":{"line":139,"column":null}},"35":{"start":{"line":131,"column":26},"end":{"line":131,"column":27}},"36":{"start":{"line":132,"column":12},"end":{"line":132,"column":null}},"37":{"start":{"line":133,"column":12},"end":{"line":135,"column":null}},"38":{"start":{"line":134,"column":16},"end":{"line":134,"column":null}},"39":{"start":{"line":136,"column":12},"end":{"line":136,"column":null}},"40":{"start":{"line":136,"column":25},"end":{"line":136,"column":null}},"41":{"start":{"line":137,"column":12},"end":{"line":137,"column":null}},"42":{"start":{"line":138,"column":12},"end":{"line":138,"column":null}},"43":{"start":{"line":142,"column":8},"end":{"line":146,"column":null}},"44":{"start":{"line":143,"column":12},"end":{"line":143,"column":null}},"45":{"start":{"line":144,"column":12},"end":{"line":144,"column":null}},"46":{"start":{"line":145,"column":12},"end":{"line":145,"column":null}},"47":{"start":{"line":148,"column":8},"end":{"line":152,"column":null}},"48":{"start":{"line":149,"column":12},"end":{"line":149,"column":null}},"49":{"start":{"line":150,"column":12},"end":{"line":150,"column":null}},"50":{"start":{"line":151,"column":12},"end":{"line":151,"column":null}},"51":{"start":{"line":154,"column":8},"end":{"line":158,"column":null}},"52":{"start":{"line":155,"column":12},"end":{"line":155,"column":null}},"53":{"start":{"line":156,"column":12},"end":{"line":156,"column":null}},"54":{"start":{"line":157,"column":12},"end":{"line":157,"column":null}},"55":{"start":{"line":160,"column":8},"end":{"line":164,"column":null}},"56":{"start":{"line":161,"column":12},"end":{"line":161,"column":null}},"57":{"start":{"line":162,"column":12},"end":{"line":162,"column":null}},"58":{"start":{"line":163,"column":12},"end":{"line":163,"column":null}},"59":{"start":{"line":166,"column":8},"end":{"line":180,"column":null}},"60":{"start":{"line":167,"column":12},"end":{"line":176,"column":null}},"61":{"start":{"line":168,"column":30},"end":{"line":168,"column":69}},"62":{"start":{"line":169,"column":16},"end":{"line":174,"column":null}},"63":{"start":{"line":170,"column":20},"end":{"line":170,"column":null}},"64":{"start":{"line":171,"column":20},"end":{"line":171,"column":null}},"65":{"start":{"line":172,"column":20},"end":{"line":172,"column":null}},"66":{"start":{"line":173,"column":20},"end":{"line":173,"column":null}},"67":{"start":{"line":175,"column":16},"end":{"line":175,"column":null}},"68":{"start":{"line":177,"column":12},"end":{"line":177,"column":null}},"69":{"start":{"line":178,"column":12},"end":{"line":178,"column":null}},"70":{"start":{"line":179,"column":12},"end":{"line":179,"column":null}},"71":{"start":{"line":182,"column":8},"end":{"line":189,"column":null}},"72":{"start":{"line":183,"column":12},"end":{"line":185,"column":null}},"73":{"start":{"line":184,"column":16},"end":{"line":184,"column":null}},"74":{"start":{"line":186,"column":12},"end":{"line":186,"column":null}},"75":{"start":{"line":187,"column":12},"end":{"line":187,"column":null}},"76":{"start":{"line":188,"column":12},"end":{"line":188,"column":null}},"77":{"start":{"line":191,"column":8},"end":{"line":198,"column":null}},"78":{"start":{"line":192,"column":30},"end":{"line":192,"column":31}},"79":{"start":{"line":193,"column":12},"end":{"line":193,"column":null}},"80":{"start":{"line":194,"column":12},"end":{"line":194,"column":null}},"81":{"start":{"line":194,"column":65},"end":{"line":194,"column":null}},"82":{"start":{"line":195,"column":25},"end":{"line":195,"column":51}},"83":{"start":{"line":196,"column":12},"end":{"line":196,"column":null}},"84":{"start":{"line":197,"column":12},"end":{"line":197,"column":null}},"85":{"start":{"line":200,"column":8},"end":{"line":204,"column":null}},"86":{"start":{"line":201,"column":12},"end":{"line":201,"column":null}},"87":{"start":{"line":202,"column":12},"end":{"line":202,"column":null}},"88":{"start":{"line":203,"column":12},"end":{"line":203,"column":null}},"89":{"start":{"line":206,"column":8},"end":{"line":210,"column":null}},"90":{"start":{"line":207,"column":12},"end":{"line":207,"column":null}},"91":{"start":{"line":208,"column":12},"end":{"line":208,"column":null}},"92":{"start":{"line":209,"column":12},"end":{"line":209,"column":null}},"93":{"start":{"line":212,"column":8},"end":{"line":212,"column":null}},"94":{"start":{"line":213,"column":8},"end":{"line":213,"column":null}},"95":{"start":{"line":216,"column":4},"end":{"line":216,"column":null}},"96":{"start":{"line":224,"column":4},"end":{"line":224,"column":null}},"97":{"start":{"line":232,"column":4},"end":{"line":232,"column":null}},"98":{"start":{"line":240,"column":4},"end":{"line":240,"column":null}},"99":{"start":{"line":250,"column":4},"end":{"line":250,"column":null}},"100":{"start":{"line":251,"column":4},"end":{"line":263,"column":null}},"101":{"start":{"line":252,"column":19},"end":{"line":252,"column":34}},"102":{"start":{"line":253,"column":8},"end":{"line":256,"column":null}},"103":{"start":{"line":254,"column":12},"end":{"line":254,"column":null}},"104":{"start":{"line":255,"column":12},"end":{"line":255,"column":null}},"105":{"start":{"line":257,"column":8},"end":{"line":260,"column":null}},"106":{"start":{"line":258,"column":12},"end":{"line":258,"column":null}},"107":{"start":{"line":259,"column":12},"end":{"line":259,"column":null}},"108":{"start":{"line":261,"column":8},"end":{"line":261,"column":null}},"109":{"start":{"line":261,"column":40},"end":{"line":261,"column":null}},"110":{"start":{"line":262,"column":8},"end":{"line":262,"column":null}},"111":{"start":{"line":264,"column":4},"end":{"line":264,"column":null}},"112":{"start":{"line":274,"column":4},"end":{"line":274,"column":null}},"113":{"start":{"line":275,"column":4},"end":{"line":287,"column":null}},"114":{"start":{"line":276,"column":19},"end":{"line":276,"column":34}},"115":{"start":{"line":277,"column":8},"end":{"line":280,"column":null}},"116":{"start":{"line":278,"column":12},"end":{"line":278,"column":null}},"117":{"start":{"line":279,"column":12},"end":{"line":279,"column":null}},"118":{"start":{"line":281,"column":8},"end":{"line":284,"column":null}},"119":{"start":{"line":282,"column":12},"end":{"line":282,"column":null}},"120":{"start":{"line":283,"column":12},"end":{"line":283,"column":null}},"121":{"start":{"line":285,"column":8},"end":{"line":285,"column":null}},"122":{"start":{"line":285,"column":40},"end":{"line":285,"column":null}},"123":{"start":{"line":286,"column":8},"end":{"line":286,"column":null}},"124":{"start":{"line":288,"column":4},"end":{"line":288,"column":null}},"125":{"start":{"line":298,"column":4},"end":{"line":298,"column":null}},"126":{"start":{"line":299,"column":4},"end":{"line":329,"column":null}},"127":{"start":{"line":300,"column":19},"end":{"line":300,"column":34}},"128":{"start":{"line":301,"column":8},"end":{"line":304,"column":null}},"129":{"start":{"line":302,"column":12},"end":{"line":302,"column":null}},"130":{"start":{"line":303,"column":12},"end":{"line":303,"column":null}},"131":{"start":{"line":305,"column":8},"end":{"line":321,"column":null}},"132":{"start":{"line":306,"column":12},"end":{"line":306,"column":null}},"133":{"start":{"line":307,"column":12},"end":{"line":319,"column":null}},"134":{"start":{"line":308,"column":27},"end":{"line":308,"column":42}},"135":{"start":{"line":309,"column":16},"end":{"line":312,"column":null}},"136":{"start":{"line":310,"column":20},"end":{"line":310,"column":null}},"137":{"start":{"line":311,"column":20},"end":{"line":311,"column":null}},"138":{"start":{"line":313,"column":16},"end":{"line":316,"column":null}},"139":{"start":{"line":314,"column":20},"end":{"line":314,"column":null}},"140":{"start":{"line":315,"column":20},"end":{"line":315,"column":null}},"141":{"start":{"line":317,"column":16},"end":{"line":317,"column":null}},"142":{"start":{"line":317,"column":48},"end":{"line":317,"column":null}},"143":{"start":{"line":318,"column":16},"end":{"line":318,"column":null}},"144":{"start":{"line":320,"column":12},"end":{"line":320,"column":null}},"145":{"start":{"line":322,"column":8},"end":{"line":326,"column":null}},"146":{"start":{"line":323,"column":12},"end":{"line":323,"column":null}},"147":{"start":{"line":324,"column":12},"end":{"line":324,"column":null}},"148":{"start":{"line":324,"column":60},"end":{"line":324,"column":null}},"149":{"start":{"line":325,"column":12},"end":{"line":325,"column":null}},"150":{"start":{"line":327,"column":8},"end":{"line":327,"column":null}},"151":{"start":{"line":327,"column":40},"end":{"line":327,"column":null}},"152":{"start":{"line":328,"column":8},"end":{"line":328,"column":null}},"153":{"start":{"line":330,"column":4},"end":{"line":330,"column":null}},"154":{"start":{"line":338,"column":4},"end":{"line":338,"column":null}},"155":{"start":{"line":352,"column":4},"end":{"line":368,"column":null}},"156":{"start":{"line":353,"column":19},"end":{"line":353,"column":34}},"157":{"start":{"line":354,"column":8},"end":{"line":357,"column":null}},"158":{"start":{"line":355,"column":12},"end":{"line":355,"column":null}},"159":{"start":{"line":356,"column":12},"end":{"line":356,"column":null}},"160":{"start":{"line":358,"column":8},"end":{"line":361,"column":null}},"161":{"start":{"line":359,"column":12},"end":{"line":359,"column":null}},"162":{"start":{"line":360,"column":12},"end":{"line":360,"column":null}},"163":{"start":{"line":362,"column":8},"end":{"line":366,"column":null}},"164":{"start":{"line":363,"column":12},"end":{"line":363,"column":null}},"165":{"start":{"line":364,"column":12},"end":{"line":364,"column":null}},"166":{"start":{"line":365,"column":12},"end":{"line":365,"column":null}},"167":{"start":{"line":367,"column":8},"end":{"line":367,"column":null}},"168":{"start":{"line":369,"column":4},"end":{"line":369,"column":null}},"169":{"start":{"line":384,"column":4},"end":{"line":386,"column":null}},"170":{"start":{"line":385,"column":8},"end":{"line":385,"column":null}},"171":{"start":{"line":388,"column":48},"end":{"line":388,"column":93}},"172":{"start":{"line":391,"column":19},"end":{"line":391,"column":28}},"173":{"start":{"line":393,"column":4},"end":{"line":398,"column":null}},"174":{"start":{"line":394,"column":8},"end":{"line":396,"column":null}},"175":{"start":{"line":395,"column":12},"end":{"line":395,"column":null}},"176":{"start":{"line":397,"column":8},"end":{"line":397,"column":null}},"177":{"start":{"line":400,"column":4},"end":{"line":402,"column":null}},"178":{"start":{"line":401,"column":8},"end":{"line":401,"column":null}},"179":{"start":{"line":404,"column":4},"end":{"line":404,"column":null}}},"fnMap":{"0":{"name":"isStrippableFile","decl":{"start":{"line":31,"column":16},"end":{"line":31,"column":32}},"loc":{"start":{"line":31,"column":39},"end":{"line":33,"column":null}},"line":31},"1":{"name":"(anonymous_1)","decl":{"start":{"line":32,"column":29},"end":{"line":32,"column":32}},"loc":{"start":{"line":32,"column":36},"end":{"line":32,"column":54}},"line":32},"2":{"name":"classifyBlockComment","decl":{"start":{"line":67,"column":9},"end":{"line":67,"column":29}},"loc":{"start":{"line":67,"column":50},"end":{"line":89,"column":null}},"line":67},"3":{"name":"scanComments","decl":{"start":{"line":97,"column":16},"end":{"line":97,"column":28}},"loc":{"start":{"line":97,"column":37},"end":{"line":217,"column":null}},"line":97},"4":{"name":"isDigit","decl":{"start":{"line":223,"column":9},"end":{"line":223,"column":16}},"loc":{"start":{"line":223,"column":21},"end":{"line":225,"column":null}},"line":223},"5":{"name":"isIdentStart","decl":{"start":{"line":231,"column":9},"end":{"line":231,"column":21}},"loc":{"start":{"line":231,"column":26},"end":{"line":233,"column":null}},"line":231},"6":{"name":"isIdentPart","decl":{"start":{"line":239,"column":9},"end":{"line":239,"column":20}},"loc":{"start":{"line":239,"column":25},"end":{"line":241,"column":null}},"line":239},"7":{"name":"skipSingleString","decl":{"start":{"line":249,"column":9},"end":{"line":249,"column":25}},"loc":{"start":{"line":249,"column":37},"end":{"line":265,"column":null}},"line":249},"8":{"name":"skipDoubleString","decl":{"start":{"line":273,"column":9},"end":{"line":273,"column":25}},"loc":{"start":{"line":273,"column":37},"end":{"line":289,"column":null}},"line":273},"9":{"name":"skipRegex","decl":{"start":{"line":297,"column":9},"end":{"line":297,"column":18}},"loc":{"start":{"line":297,"column":30},"end":{"line":331,"column":null}},"line":297},"10":{"name":"isRegexFlag","decl":{"start":{"line":337,"column":9},"end":{"line":337,"column":20}},"loc":{"start":{"line":337,"column":25},"end":{"line":339,"column":null}},"line":337},"11":{"name":"scanTemplateTail","decl":{"start":{"line":351,"column":9},"end":{"line":351,"column":25}},"loc":{"start":{"line":351,"column":52},"end":{"line":370,"column":null}},"line":351},"12":{"name":"parseCommentTypes","decl":{"start":{"line":383,"column":16},"end":{"line":383,"column":33}},"loc":{"start":{"line":383,"column":41},"end":{"line":405,"column":null}},"line":383}},"branchMap":{"0":{"loc":{"start":{"line":69,"column":4},"end":{"line":71,"column":null}},"type":"if","locations":[{"start":{"line":69,"column":4},"end":{"line":71,"column":null}},{"start":{},"end":{}}],"line":69},"1":{"loc":{"start":{"line":74,"column":4},"end":{"line":76,"column":null}},"type":"if","locations":[{"start":{"line":74,"column":4},"end":{"line":76,"column":null}},{"start":{},"end":{}}],"line":74},"2":{"loc":{"start":{"line":74,"column":8},"end":{"line":74,"column":63}},"type":"binary-expr","locations":[{"start":{"line":74,"column":8},"end":{"line":74,"column":33}},{"start":{"line":74,"column":37},"end":{"line":74,"column":63}}],"line":74},"3":{"loc":{"start":{"line":79,"column":4},"end":{"line":81,"column":null}},"type":"if","locations":[{"start":{"line":79,"column":4},"end":{"line":81,"column":null}},{"start":{},"end":{}}],"line":79},"4":{"loc":{"start":{"line":79,"column":8},"end":{"line":79,"column":52}},"type":"binary-expr","locations":[{"start":{"line":79,"column":8},"end":{"line":79,"column":33}},{"start":{"line":79,"column":37},"end":{"line":79,"column":52}}],"line":79},"5":{"loc":{"start":{"line":84,"column":4},"end":{"line":86,"column":null}},"type":"if","locations":[{"start":{"line":84,"column":4},"end":{"line":86,"column":null}},{"start":{},"end":{}}],"line":84},"6":{"loc":{"start":{"line":108,"column":4},"end":{"line":110,"column":null}},"type":"if","locations":[{"start":{"line":108,"column":4},"end":{"line":110,"column":null}},{"start":{},"end":{}}],"line":108},"7":{"loc":{"start":{"line":108,"column":8},"end":{"line":108,"column":58}},"type":"binary-expr","locations":[{"start":{"line":108,"column":8},"end":{"line":108,"column":16}},{"start":{"line":108,"column":20},"end":{"line":108,"column":37}},{"start":{"line":108,"column":41},"end":{"line":108,"column":58}}],"line":108},"8":{"loc":{"start":{"line":109,"column":15},"end":{"line":109,"column":44}},"type":"binary-expr","locations":[{"start":{"line":109,"column":15},"end":{"line":109,"column":22}},{"start":{"line":109,"column":26},"end":{"line":109,"column":44}}],"line":109},"9":{"loc":{"start":{"line":115,"column":8},"end":{"line":118,"column":null}},"type":"if","locations":[{"start":{"line":115,"column":8},"end":{"line":118,"column":null}},{"start":{},"end":{}}],"line":115},"10":{"loc":{"start":{"line":115,"column":12},"end":{"line":115,"column":54}},"type":"binary-expr","locations":[{"start":{"line":115,"column":12},"end":{"line":115,"column":22}},{"start":{"line":115,"column":26},"end":{"line":115,"column":39}},{"start":{"line":115,"column":43},"end":{"line":115,"column":54}}],"line":115},"11":{"loc":{"start":{"line":121,"column":8},"end":{"line":127,"column":null}},"type":"if","locations":[{"start":{"line":121,"column":8},"end":{"line":127,"column":null}},{"start":{},"end":{}}],"line":121},"12":{"loc":{"start":{"line":121,"column":12},"end":{"line":121,"column":75}},"type":"binary-expr","locations":[{"start":{"line":121,"column":12},"end":{"line":121,"column":23}},{"start":{"line":121,"column":27},"end":{"line":121,"column":38}},{"start":{"line":121,"column":42},"end":{"line":121,"column":75}}],"line":121},"13":{"loc":{"start":{"line":124,"column":19},"end":{"line":124,"column":59}},"type":"binary-expr","locations":[{"start":{"line":124,"column":19},"end":{"line":124,"column":26}},{"start":{"line":124,"column":30},"end":{"line":124,"column":59}}],"line":124},"14":{"loc":{"start":{"line":130,"column":8},"end":{"line":139,"column":null}},"type":"if","locations":[{"start":{"line":130,"column":8},"end":{"line":139,"column":null}},{"start":{},"end":{}}],"line":130},"15":{"loc":{"start":{"line":130,"column":12},"end":{"line":130,"column":75}},"type":"binary-expr","locations":[{"start":{"line":130,"column":12},"end":{"line":130,"column":23}},{"start":{"line":130,"column":27},"end":{"line":130,"column":38}},{"start":{"line":130,"column":42},"end":{"line":130,"column":75}}],"line":130},"16":{"loc":{"start":{"line":133,"column":19},"end":{"line":133,"column":114}},"type":"binary-expr","locations":[{"start":{"line":133,"column":19},"end":{"line":133,"column":26}},{"start":{"line":133,"column":30},"end":{"line":133,"column":114}}],"line":133},"17":{"loc":{"start":{"line":133,"column":32},"end":{"line":133,"column":113}},"type":"binary-expr","locations":[{"start":{"line":133,"column":32},"end":{"line":133,"column":61}},{"start":{"line":133,"column":65},"end":{"line":133,"column":76}},{"start":{"line":133,"column":80},"end":{"line":133,"column":113}}],"line":133},"18":{"loc":{"start":{"line":136,"column":12},"end":{"line":136,"column":null}},"type":"if","locations":[{"start":{"line":136,"column":12},"end":{"line":136,"column":null}},{"start":{},"end":{}}],"line":136},"19":{"loc":{"start":{"line":142,"column":8},"end":{"line":146,"column":null}},"type":"if","locations":[{"start":{"line":142,"column":8},"end":{"line":146,"column":null}},{"start":{},"end":{}}],"line":142},"20":{"loc":{"start":{"line":142,"column":12},"end":{"line":142,"column":35}},"type":"binary-expr","locations":[{"start":{"line":142,"column":12},"end":{"line":142,"column":23}},{"start":{"line":142,"column":27},"end":{"line":142,"column":35}}],"line":142},"21":{"loc":{"start":{"line":148,"column":8},"end":{"line":152,"column":null}},"type":"if","locations":[{"start":{"line":148,"column":8},"end":{"line":152,"column":null}},{"start":{},"end":{}}],"line":148},"22":{"loc":{"start":{"line":154,"column":8},"end":{"line":158,"column":null}},"type":"if","locations":[{"start":{"line":154,"column":8},"end":{"line":158,"column":null}},{"start":{},"end":{}}],"line":154},"23":{"loc":{"start":{"line":160,"column":8},"end":{"line":164,"column":null}},"type":"if","locations":[{"start":{"line":160,"column":8},"end":{"line":164,"column":null}},{"start":{},"end":{}}],"line":160},"24":{"loc":{"start":{"line":166,"column":8},"end":{"line":180,"column":null}},"type":"if","locations":[{"start":{"line":166,"column":8},"end":{"line":180,"column":null}},{"start":{},"end":{}}],"line":166},"25":{"loc":{"start":{"line":167,"column":12},"end":{"line":176,"column":null}},"type":"if","locations":[{"start":{"line":167,"column":12},"end":{"line":176,"column":null}},{"start":{},"end":{}}],"line":167},"26":{"loc":{"start":{"line":169,"column":16},"end":{"line":174,"column":null}},"type":"if","locations":[{"start":{"line":169,"column":16},"end":{"line":174,"column":null}},{"start":{},"end":{}}],"line":169},"27":{"loc":{"start":{"line":182,"column":8},"end":{"line":189,"column":null}},"type":"if","locations":[{"start":{"line":182,"column":8},"end":{"line":189,"column":null}},{"start":{},"end":{}}],"line":182},"28":{"loc":{"start":{"line":183,"column":12},"end":{"line":185,"column":null}},"type":"if","locations":[{"start":{"line":183,"column":12},"end":{"line":185,"column":null}},{"start":{},"end":{}}],"line":183},"29":{"loc":{"start":{"line":191,"column":8},"end":{"line":198,"column":null}},"type":"if","locations":[{"start":{"line":191,"column":8},"end":{"line":198,"column":null}},{"start":{},"end":{}}],"line":191},"30":{"loc":{"start":{"line":191,"column":12},"end":{"line":191,"column":43}},"type":"binary-expr","locations":[{"start":{"line":191,"column":12},"end":{"line":191,"column":28}},{"start":{"line":191,"column":32},"end":{"line":191,"column":43}}],"line":191},"31":{"loc":{"start":{"line":194,"column":19},"end":{"line":194,"column":63}},"type":"binary-expr","locations":[{"start":{"line":194,"column":19},"end":{"line":194,"column":26}},{"start":{"line":194,"column":30},"end":{"line":194,"column":63}}],"line":194},"32":{"loc":{"start":{"line":200,"column":8},"end":{"line":204,"column":null}},"type":"if","locations":[{"start":{"line":200,"column":8},"end":{"line":204,"column":null}},{"start":{},"end":{}}],"line":200},"33":{"loc":{"start":{"line":200,"column":12},"end":{"line":200,"column":90}},"type":"binary-expr","locations":[{"start":{"line":200,"column":13},"end":{"line":200,"column":24}},{"start":{"line":200,"column":28},"end":{"line":200,"column":39}},{"start":{"line":200,"column":44},"end":{"line":200,"column":55}},{"start":{"line":200,"column":59},"end":{"line":200,"column":90}}],"line":200},"34":{"loc":{"start":{"line":206,"column":8},"end":{"line":210,"column":null}},"type":"if","locations":[{"start":{"line":206,"column":8},"end":{"line":210,"column":null}},{"start":{},"end":{}}],"line":206},"35":{"loc":{"start":{"line":206,"column":12},"end":{"line":206,"column":38}},"type":"binary-expr","locations":[{"start":{"line":206,"column":12},"end":{"line":206,"column":23}},{"start":{"line":206,"column":27},"end":{"line":206,"column":38}}],"line":206},"36":{"loc":{"start":{"line":224,"column":11},"end":{"line":224,"column":35}},"type":"binary-expr","locations":[{"start":{"line":224,"column":11},"end":{"line":224,"column":21}},{"start":{"line":224,"column":25},"end":{"line":224,"column":35}}],"line":224},"37":{"loc":{"start":{"line":232,"column":11},"end":{"line":232,"column":125}},"type":"binary-expr","locations":[{"start":{"line":232,"column":12},"end":{"line":232,"column":22}},{"start":{"line":232,"column":26},"end":{"line":232,"column":36}},{"start":{"line":232,"column":42},"end":{"line":232,"column":52}},{"start":{"line":232,"column":56},"end":{"line":232,"column":66}},{"start":{"line":232,"column":71},"end":{"line":232,"column":82}},{"start":{"line":232,"column":86},"end":{"line":232,"column":97}},{"start":{"line":232,"column":101},"end":{"line":232,"column":112}},{"start":{"line":232,"column":116},"end":{"line":232,"column":125}}],"line":232},"38":{"loc":{"start":{"line":240,"column":11},"end":{"line":240,"column":42}},"type":"binary-expr","locations":[{"start":{"line":240,"column":11},"end":{"line":240,"column":27}},{"start":{"line":240,"column":31},"end":{"line":240,"column":42}}],"line":240},"39":{"loc":{"start":{"line":253,"column":8},"end":{"line":256,"column":null}},"type":"if","locations":[{"start":{"line":253,"column":8},"end":{"line":256,"column":null}},{"start":{},"end":{}}],"line":253},"40":{"loc":{"start":{"line":257,"column":8},"end":{"line":260,"column":null}},"type":"if","locations":[{"start":{"line":257,"column":8},"end":{"line":260,"column":null}},{"start":{},"end":{}}],"line":257},"41":{"loc":{"start":{"line":261,"column":8},"end":{"line":261,"column":null}},"type":"if","locations":[{"start":{"line":261,"column":8},"end":{"line":261,"column":null}},{"start":{},"end":{}}],"line":261},"42":{"loc":{"start":{"line":261,"column":12},"end":{"line":261,"column":38}},"type":"binary-expr","locations":[{"start":{"line":261,"column":12},"end":{"line":261,"column":23}},{"start":{"line":261,"column":27},"end":{"line":261,"column":38}}],"line":261},"43":{"loc":{"start":{"line":277,"column":8},"end":{"line":280,"column":null}},"type":"if","locations":[{"start":{"line":277,"column":8},"end":{"line":280,"column":null}},{"start":{},"end":{}}],"line":277},"44":{"loc":{"start":{"line":281,"column":8},"end":{"line":284,"column":null}},"type":"if","locations":[{"start":{"line":281,"column":8},"end":{"line":284,"column":null}},{"start":{},"end":{}}],"line":281},"45":{"loc":{"start":{"line":285,"column":8},"end":{"line":285,"column":null}},"type":"if","locations":[{"start":{"line":285,"column":8},"end":{"line":285,"column":null}},{"start":{},"end":{}}],"line":285},"46":{"loc":{"start":{"line":285,"column":12},"end":{"line":285,"column":38}},"type":"binary-expr","locations":[{"start":{"line":285,"column":12},"end":{"line":285,"column":23}},{"start":{"line":285,"column":27},"end":{"line":285,"column":38}}],"line":285},"47":{"loc":{"start":{"line":301,"column":8},"end":{"line":304,"column":null}},"type":"if","locations":[{"start":{"line":301,"column":8},"end":{"line":304,"column":null}},{"start":{},"end":{}}],"line":301},"48":{"loc":{"start":{"line":305,"column":8},"end":{"line":321,"column":null}},"type":"if","locations":[{"start":{"line":305,"column":8},"end":{"line":321,"column":null}},{"start":{},"end":{}}],"line":305},"49":{"loc":{"start":{"line":309,"column":16},"end":{"line":312,"column":null}},"type":"if","locations":[{"start":{"line":309,"column":16},"end":{"line":312,"column":null}},{"start":{},"end":{}}],"line":309},"50":{"loc":{"start":{"line":313,"column":16},"end":{"line":316,"column":null}},"type":"if","locations":[{"start":{"line":313,"column":16},"end":{"line":316,"column":null}},{"start":{},"end":{}}],"line":313},"51":{"loc":{"start":{"line":317,"column":16},"end":{"line":317,"column":null}},"type":"if","locations":[{"start":{"line":317,"column":16},"end":{"line":317,"column":null}},{"start":{},"end":{}}],"line":317},"52":{"loc":{"start":{"line":317,"column":20},"end":{"line":317,"column":46}},"type":"binary-expr","locations":[{"start":{"line":317,"column":20},"end":{"line":317,"column":31}},{"start":{"line":317,"column":35},"end":{"line":317,"column":46}}],"line":317},"53":{"loc":{"start":{"line":322,"column":8},"end":{"line":326,"column":null}},"type":"if","locations":[{"start":{"line":322,"column":8},"end":{"line":326,"column":null}},{"start":{},"end":{}}],"line":322},"54":{"loc":{"start":{"line":324,"column":19},"end":{"line":324,"column":58}},"type":"binary-expr","locations":[{"start":{"line":324,"column":19},"end":{"line":324,"column":26}},{"start":{"line":324,"column":30},"end":{"line":324,"column":58}}],"line":324},"55":{"loc":{"start":{"line":327,"column":8},"end":{"line":327,"column":null}},"type":"if","locations":[{"start":{"line":327,"column":8},"end":{"line":327,"column":null}},{"start":{},"end":{}}],"line":327},"56":{"loc":{"start":{"line":327,"column":12},"end":{"line":327,"column":38}},"type":"binary-expr","locations":[{"start":{"line":327,"column":12},"end":{"line":327,"column":23}},{"start":{"line":327,"column":27},"end":{"line":327,"column":38}}],"line":327},"57":{"loc":{"start":{"line":338,"column":11},"end":{"line":338,"column":35}},"type":"binary-expr","locations":[{"start":{"line":338,"column":11},"end":{"line":338,"column":21}},{"start":{"line":338,"column":25},"end":{"line":338,"column":35}}],"line":338},"58":{"loc":{"start":{"line":354,"column":8},"end":{"line":357,"column":null}},"type":"if","locations":[{"start":{"line":354,"column":8},"end":{"line":357,"column":null}},{"start":{},"end":{}}],"line":354},"59":{"loc":{"start":{"line":358,"column":8},"end":{"line":361,"column":null}},"type":"if","locations":[{"start":{"line":358,"column":8},"end":{"line":361,"column":null}},{"start":{},"end":{}}],"line":358},"60":{"loc":{"start":{"line":362,"column":8},"end":{"line":366,"column":null}},"type":"if","locations":[{"start":{"line":362,"column":8},"end":{"line":366,"column":null}},{"start":{},"end":{}}],"line":362},"61":{"loc":{"start":{"line":362,"column":12},"end":{"line":362,"column":70}},"type":"binary-expr","locations":[{"start":{"line":362,"column":12},"end":{"line":362,"column":23}},{"start":{"line":362,"column":27},"end":{"line":362,"column":38}},{"start":{"line":362,"column":42},"end":{"line":362,"column":70}}],"line":362},"62":{"loc":{"start":{"line":384,"column":4},"end":{"line":386,"column":null}},"type":"if","locations":[{"start":{"line":384,"column":4},"end":{"line":386,"column":null}},{"start":{},"end":{}}],"line":384},"63":{"loc":{"start":{"line":394,"column":8},"end":{"line":396,"column":null}},"type":"if","locations":[{"start":{"line":394,"column":8},"end":{"line":396,"column":null}},{"start":{},"end":{}}],"line":394},"64":{"loc":{"start":{"line":400,"column":4},"end":{"line":402,"column":null}},"type":"if","locations":[{"start":{"line":400,"column":4},"end":{"line":402,"column":null}},{"start":{},"end":{}}],"line":400}},"s":{"0":1,"1":22,"2":22,"3":1,"4":15,"5":5,"6":10,"7":10,"8":3,"9":7,"10":2,"11":5,"12":3,"13":2,"14":22,"15":22,"16":22,"17":22,"18":22,"19":22,"20":1,"21":19,"22":22,"23":603,"24":603,"25":268,"26":268,"27":335,"28":9,"29":9,"30":9,"31":57,"32":9,"33":9,"34":326,"35":15,"36":15,"37":15,"38":162,"39":15,"40":15,"41":15,"42":15,"43":311,"44":1,"45":1,"46":1,"47":310,"48":0,"49":0,"50":0,"51":310,"52":1,"53":1,"54":1,"55":309,"56":1,"57":1,"58":1,"59":308,"60":23,"61":1,"62":1,"63":1,"64":1,"65":1,"66":1,"67":0,"68":22,"69":22,"70":22,"71":285,"72":22,"73":0,"74":22,"75":22,"76":22,"77":263,"78":164,"79":164,"80":164,"81":474,"82":164,"83":164,"84":164,"85":99,"86":0,"87":0,"88":0,"89":99,"90":9,"91":9,"92":9,"93":90,"94":90,"95":22,"96":285,"97":901,"98":638,"99":0,"100":0,"101":0,"102":0,"103":0,"104":0,"105":0,"106":0,"107":0,"108":0,"109":0,"110":0,"111":0,"112":1,"113":1,"114":19,"115":19,"116":1,"117":1,"118":18,"119":0,"120":0,"121":18,"122":0,"123":18,"124":1,"125":1,"126":1,"127":5,"128":5,"129":2,"130":2,"131":3,"132":0,"133":0,"134":0,"135":0,"136":0,"137":0,"138":0,"139":0,"140":0,"141":0,"142":0,"143":0,"144":0,"145":3,"146":1,"147":1,"148":0,"149":1,"150":2,"151":0,"152":2,"153":1,"154":1,"155":2,"156":4,"157":4,"158":0,"159":0,"160":4,"161":1,"162":1,"163":3,"164":1,"165":1,"166":1,"167":2,"168":0,"169":25,"170":1,"171":24,"172":24,"173":24,"174":42,"175":1,"176":41,"177":23,"178":0,"179":23},"f":{"0":22,"1":22,"2":15,"3":22,"4":285,"5":901,"6":638,"7":0,"8":1,"9":1,"10":1,"11":2,"12":25},"b":{"0":[5,10],"1":[3,7],"2":[10,8],"3":[2,5],"4":[7,2],"5":[3,2],"6":[1,21],"7":[22,22,1],"8":[1,20],"9":[268,335],"10":[603,335,335],"11":[9,326],"12":[335,26,26],"13":[9,66],"14":[15,311],"15":[326,17,17],"16":[15,177],"17":[177,17,17],"18":[15,0],"19":[1,310],"20":[311,2],"21":[0,310],"22":[1,309],"23":[1,308],"24":[23,285],"25":[1,22],"26":[1,0],"27":[22,263],"28":[0,22],"29":[164,99],"30":[263,121],"31":[164,638],"32":[0,99],"33":[99,98,1,1],"34":[9,90],"35":[99,90],"36":[285,120],"37":[901,617,901,617,285,285,285,285],"38":[638,164],"39":[0,0],"40":[0,0],"41":[0,0],"42":[0,0],"43":[1,18],"44":[0,18],"45":[0,18],"46":[18,18],"47":[2,3],"48":[0,3],"49":[0,0],"50":[0,0],"51":[0,0],"52":[0,0],"53":[1,2],"54":[1,1],"55":[0,2],"56":[2,2],"57":[1,0],"58":[0,4],"59":[1,3],"60":[1,2],"61":[3,1,1],"62":[1,24],"63":[1,41],"64":[0,23]},"meta":{"lastBranch":65,"lastFunction":13,"lastStatement":180,"seen":{"s:25:21:25:44":0,"f:31:16:31:32":0,"s:32:4:32:Infinity":1,"f:32:29:32:32":1,"s:32:36:32:54":2,"s:38:31:56:2":3,"f:67:9:67:29":2,"b:69:4:71:Infinity:undefined:undefined:undefined:undefined":0,"s:69:4:71:Infinity":4,"s:70:8:70:Infinity":5,"s:73:17:73:49":6,"b:74:4:76:Infinity:undefined:undefined:undefined:undefined":1,"s:74:4:76:Infinity":7,"b:74:8:74:33:74:37:74:63":2,"s:75:8:75:Infinity":8,"b:79:4:81:Infinity:undefined:undefined:undefined:undefined":3,"s:79:4:81:Infinity":9,"b:79:8:79:33:79:37:79:52":4,"s:80:8:80:Infinity":10,"b:84:4:86:Infinity:undefined:undefined:undefined:undefined":5,"s:84:4:86:Infinity":11,"s:85:8:85:Infinity":12,"s:88:4:88:Infinity":13,"f:97:16:97:28":3,"s:99:21:99:23":14,"s:100:16:100:29":15,"s:101:12:101:13":16,"s:104:26:104:28":17,"s:106:18:106:23":18,"b:108:4:110:Infinity:undefined:undefined:undefined:undefined":6,"s:108:4:110:Infinity":19,"b:108:8:108:16:108:20:108:37:108:41:108:58":7,"s:109:8:109:Infinity":20,"b:109:15:109:22:109:26:109:44":8,"s:109:46:109:Infinity":21,"s:112:4:214:Infinity":22,"s:113:19:113:39":23,"b:115:8:118:Infinity:undefined:undefined:undefined:undefined":9,"s:115:8:118:Infinity":24,"b:115:12:115:22:115:26:115:39:115:43:115:54":10,"s:116:12:116:Infinity":25,"s:117:12:117:Infinity":26,"b:121:8:127:Infinity:undefined:undefined:undefined:undefined":11,"s:121:8:127:Infinity":27,"b:121:12:121:23:121:27:121:38:121:42:121:75":12,"s:122:26:122:27":28,"s:123:12:123:Infinity":29,"s:124:12:124:Infinity":30,"b:124:19:124:26:124:30:124:59":13,"s:124:61:124:Infinity":31,"s:125:12:125:Infinity":32,"s:126:12:126:Infinity":33,"b:130:8:139:Infinity:undefined:undefined:undefined:undefined":14,"s:130:8:139:Infinity":34,"b:130:12:130:23:130:27:130:38:130:42:130:75":15,"s:131:26:131:27":35,"s:132:12:132:Infinity":36,"s:133:12:135:Infinity":37,"b:133:19:133:26:133:30:133:114":16,"b:133:32:133:61:133:65:133:76:133:80:133:113":17,"s:134:16:134:Infinity":38,"b:136:12:136:Infinity:undefined:undefined:undefined:undefined":18,"s:136:12:136:Infinity":39,"s:136:25:136:Infinity":40,"s:137:12:137:Infinity":41,"s:138:12:138:Infinity":42,"b:142:8:146:Infinity:undefined:undefined:undefined:undefined":19,"s:142:8:146:Infinity":43,"b:142:12:142:23:142:27:142:35":20,"s:143:12:143:Infinity":44,"s:144:12:144:Infinity":45,"s:145:12:145:Infinity":46,"b:148:8:152:Infinity:undefined:undefined:undefined:undefined":21,"s:148:8:152:Infinity":47,"s:149:12:149:Infinity":48,"s:150:12:150:Infinity":49,"s:151:12:151:Infinity":50,"b:154:8:158:Infinity:undefined:undefined:undefined:undefined":22,"s:154:8:158:Infinity":51,"s:155:12:155:Infinity":52,"s:156:12:156:Infinity":53,"s:157:12:157:Infinity":54,"b:160:8:164:Infinity:undefined:undefined:undefined:undefined":23,"s:160:8:164:Infinity":55,"s:161:12:161:Infinity":56,"s:162:12:162:Infinity":57,"s:163:12:163:Infinity":58,"b:166:8:180:Infinity:undefined:undefined:undefined:undefined":24,"s:166:8:180:Infinity":59,"b:167:12:176:Infinity:undefined:undefined:undefined:undefined":25,"s:167:12:176:Infinity":60,"s:168:30:168:69":61,"b:169:16:174:Infinity:undefined:undefined:undefined:undefined":26,"s:169:16:174:Infinity":62,"s:170:20:170:Infinity":63,"s:171:20:171:Infinity":64,"s:172:20:172:Infinity":65,"s:173:20:173:Infinity":66,"s:175:16:175:Infinity":67,"s:177:12:177:Infinity":68,"s:178:12:178:Infinity":69,"s:179:12:179:Infinity":70,"b:182:8:189:Infinity:undefined:undefined:undefined:undefined":27,"s:182:8:189:Infinity":71,"b:183:12:185:Infinity:undefined:undefined:undefined:undefined":28,"s:183:12:185:Infinity":72,"s:184:16:184:Infinity":73,"s:186:12:186:Infinity":74,"s:187:12:187:Infinity":75,"s:188:12:188:Infinity":76,"b:191:8:198:Infinity:undefined:undefined:undefined:undefined":29,"s:191:8:198:Infinity":77,"b:191:12:191:28:191:32:191:43":30,"s:192:30:192:31":78,"s:193:12:193:Infinity":79,"s:194:12:194:Infinity":80,"b:194:19:194:26:194:30:194:63":31,"s:194:65:194:Infinity":81,"s:195:25:195:51":82,"s:196:12:196:Infinity":83,"s:197:12:197:Infinity":84,"b:200:8:204:Infinity:undefined:undefined:undefined:undefined":32,"s:200:8:204:Infinity":85,"b:200:13:200:24:200:28:200:39:200:44:200:55:200:59:200:90":33,"s:201:12:201:Infinity":86,"s:202:12:202:Infinity":87,"s:203:12:203:Infinity":88,"b:206:8:210:Infinity:undefined:undefined:undefined:undefined":34,"s:206:8:210:Infinity":89,"b:206:12:206:23:206:27:206:38":35,"s:207:12:207:Infinity":90,"s:208:12:208:Infinity":91,"s:209:12:209:Infinity":92,"s:212:8:212:Infinity":93,"s:213:8:213:Infinity":94,"s:216:4:216:Infinity":95,"f:223:9:223:16":4,"s:224:4:224:Infinity":96,"b:224:11:224:21:224:25:224:35":36,"f:231:9:231:21":5,"s:232:4:232:Infinity":97,"b:232:12:232:22:232:26:232:36:232:42:232:52:232:56:232:66:232:71:232:82:232:86:232:97:232:101:232:112:232:116:232:125":37,"f:239:9:239:20":6,"s:240:4:240:Infinity":98,"b:240:11:240:27:240:31:240:42":38,"f:249:9:249:25":7,"s:250:4:250:Infinity":99,"s:251:4:263:Infinity":100,"s:252:19:252:34":101,"b:253:8:256:Infinity:undefined:undefined:undefined:undefined":39,"s:253:8:256:Infinity":102,"s:254:12:254:Infinity":103,"s:255:12:255:Infinity":104,"b:257:8:260:Infinity:undefined:undefined:undefined:undefined":40,"s:257:8:260:Infinity":105,"s:258:12:258:Infinity":106,"s:259:12:259:Infinity":107,"b:261:8:261:Infinity:undefined:undefined:undefined:undefined":41,"s:261:8:261:Infinity":108,"b:261:12:261:23:261:27:261:38":42,"s:261:40:261:Infinity":109,"s:262:8:262:Infinity":110,"s:264:4:264:Infinity":111,"f:273:9:273:25":8,"s:274:4:274:Infinity":112,"s:275:4:287:Infinity":113,"s:276:19:276:34":114,"b:277:8:280:Infinity:undefined:undefined:undefined:undefined":43,"s:277:8:280:Infinity":115,"s:278:12:278:Infinity":116,"s:279:12:279:Infinity":117,"b:281:8:284:Infinity:undefined:undefined:undefined:undefined":44,"s:281:8:284:Infinity":118,"s:282:12:282:Infinity":119,"s:283:12:283:Infinity":120,"b:285:8:285:Infinity:undefined:undefined:undefined:undefined":45,"s:285:8:285:Infinity":121,"b:285:12:285:23:285:27:285:38":46,"s:285:40:285:Infinity":122,"s:286:8:286:Infinity":123,"s:288:4:288:Infinity":124,"f:297:9:297:18":9,"s:298:4:298:Infinity":125,"s:299:4:329:Infinity":126,"s:300:19:300:34":127,"b:301:8:304:Infinity:undefined:undefined:undefined:undefined":47,"s:301:8:304:Infinity":128,"s:302:12:302:Infinity":129,"s:303:12:303:Infinity":130,"b:305:8:321:Infinity:undefined:undefined:undefined:undefined":48,"s:305:8:321:Infinity":131,"s:306:12:306:Infinity":132,"s:307:12:319:Infinity":133,"s:308:27:308:42":134,"b:309:16:312:Infinity:undefined:undefined:undefined:undefined":49,"s:309:16:312:Infinity":135,"s:310:20:310:Infinity":136,"s:311:20:311:Infinity":137,"b:313:16:316:Infinity:undefined:undefined:undefined:undefined":50,"s:313:16:316:Infinity":138,"s:314:20:314:Infinity":139,"s:315:20:315:Infinity":140,"b:317:16:317:Infinity:undefined:undefined:undefined:undefined":51,"s:317:16:317:Infinity":141,"b:317:20:317:31:317:35:317:46":52,"s:317:48:317:Infinity":142,"s:318:16:318:Infinity":143,"s:320:12:320:Infinity":144,"b:322:8:326:Infinity:undefined:undefined:undefined:undefined":53,"s:322:8:326:Infinity":145,"s:323:12:323:Infinity":146,"s:324:12:324:Infinity":147,"b:324:19:324:26:324:30:324:58":54,"s:324:60:324:Infinity":148,"s:325:12:325:Infinity":149,"b:327:8:327:Infinity:undefined:undefined:undefined:undefined":55,"s:327:8:327:Infinity":150,"b:327:12:327:23:327:27:327:38":56,"s:327:40:327:Infinity":151,"s:328:8:328:Infinity":152,"s:330:4:330:Infinity":153,"f:337:9:337:20":10,"s:338:4:338:Infinity":154,"b:338:11:338:21:338:25:338:35":57,"f:351:9:351:25":11,"s:352:4:368:Infinity":155,"s:353:19:353:34":156,"b:354:8:357:Infinity:undefined:undefined:undefined:undefined":58,"s:354:8:357:Infinity":157,"s:355:12:355:Infinity":158,"s:356:12:356:Infinity":159,"b:358:8:361:Infinity:undefined:undefined:undefined:undefined":59,"s:358:8:361:Infinity":160,"s:359:12:359:Infinity":161,"s:360:12:360:Infinity":162,"b:362:8:366:Infinity:undefined:undefined:undefined:undefined":60,"s:362:8:366:Infinity":163,"b:362:12:362:23:362:27:362:38:362:42:362:70":61,"s:363:12:363:Infinity":164,"s:364:12:364:Infinity":165,"s:365:12:365:Infinity":166,"s:367:8:367:Infinity":167,"s:369:4:369:Infinity":168,"f:383:16:383:33":12,"b:384:4:386:Infinity:undefined:undefined:undefined:undefined":62,"s:384:4:386:Infinity":169,"s:385:8:385:Infinity":170,"s:388:48:388:93":171,"s:391:19:391:28":172,"s:393:4:398:Infinity":173,"b:394:8:396:Infinity:undefined:undefined:undefined:undefined":63,"s:394:8:396:Infinity":174,"s:395:12:395:Infinity":175,"s:397:8:397:Infinity":176,"b:400:4:402:Infinity:undefined:undefined:undefined:undefined":64,"s:400:4:402:Infinity":177,"s:401:8:401:Infinity":178,"s:404:4:404:Infinity":179}}}
}
