{"/home/runner/work/rollup-extras/rollup-extras/plugin-mangle/src/index.js": {"path":"/home/runner/work/rollup-extras/rollup-extras/plugin-mangle/src/index.js","statementMap":{"0":{"start":{"line":25,"column":18},"end":{"line":25,"column":28}},"1":{"start":{"line":32,"column":29},"end":{"line":39,"column":5}},"2":{"start":{"line":41,"column":43},"end":{"line":41,"column":60}},"3":{"start":{"line":44,"column":24},"end":{"line":44,"column":33}},"4":{"start":{"line":45,"column":18},"end":{"line":45,"column":19}},"5":{"start":{"line":51,"column":23},"end":{"line":62,"column":5}},"6":{"start":{"line":52,"column":8},"end":{"line":60,"column":null}},"7":{"start":{"line":53,"column":20},"end":{"line":53,"column":29}},"8":{"start":{"line":54,"column":25},"end":{"line":54,"column":27}},"9":{"start":{"line":55,"column":12},"end":{"line":58,"column":null}},"10":{"start":{"line":56,"column":16},"end":{"line":56,"column":null}},"11":{"start":{"line":57,"column":16},"end":{"line":57,"column":null}},"12":{"start":{"line":59,"column":12},"end":{"line":59,"column":null}},"13":{"start":{"line":61,"column":8},"end":{"line":61,"column":null}},"14":{"start":{"line":68,"column":25},"end":{"line":68,"column":57}},"15":{"start":{"line":68,"column":33},"end":{"line":68,"column":57}},"16":{"start":{"line":70,"column":4},"end":{"line":159,"column":null}},"17":{"start":{"line":74,"column":12},"end":{"line":74,"column":null}},"18":{"start":{"line":75,"column":12},"end":{"line":75,"column":null}},"19":{"start":{"line":79,"column":24},"end":{"line":79,"column":40}},"20":{"start":{"line":80,"column":32},"end":{"line":82,"column":14}},"21":{"start":{"line":84,"column":30},"end":{"line":84,"column":31}},"22":{"start":{"line":86,"column":11},"end":{"line":148,"column":null}},"23":{"start":{"line":89,"column":20},"end":{"line":146,"column":null}},"24":{"start":{"line":90,"column":69},"end":{"line":90,"column":77}},"25":{"start":{"line":91,"column":44},"end":{"line":91,"column":64}},"26":{"start":{"line":93,"column":24},"end":{"line":97,"column":null}},"27":{"start":{"line":94,"column":28},"end":{"line":94,"column":null}},"28":{"start":{"line":96,"column":28},"end":{"line":96,"column":null}},"29":{"start":{"line":98,"column":24},"end":{"line":98,"column":null}},"30":{"start":{"line":101,"column":25},"end":{"line":146,"column":null}},"31":{"start":{"line":107,"column":70},"end":{"line":107,"column":83}},"32":{"start":{"line":108,"column":24},"end":{"line":108,"column":null}},"33":{"start":{"line":109,"column":24},"end":{"line":109,"column":null}},"34":{"start":{"line":112,"column":25},"end":{"line":146,"column":null}},"35":{"start":{"line":113,"column":66},"end":{"line":113,"column":70}},"36":{"start":{"line":114,"column":36},"end":{"line":114,"column":66}},"37":{"start":{"line":115,"column":38},"end":{"line":115,"column":44}},"38":{"start":{"line":116,"column":24},"end":{"line":116,"column":null}},"39":{"start":{"line":117,"column":24},"end":{"line":117,"column":null}},"40":{"start":{"line":120,"column":25},"end":{"line":146,"column":null}},"41":{"start":{"line":126,"column":92},"end":{"line":126,"column":96}},"42":{"start":{"line":127,"column":24},"end":{"line":131,"column":null}},"43":{"start":{"line":132,"column":24},"end":{"line":132,"column":null}},"44":{"start":{"line":135,"column":25},"end":{"line":146,"column":null}},"45":{"start":{"line":136,"column":46},"end":{"line":136,"column":96}},"46":{"start":{"line":138,"column":28},"end":{"line":138,"column":126}},"47":{"start":{"line":139,"column":45},"end":{"line":139,"column":128}},"48":{"start":{"line":141,"column":24},"end":{"line":145,"column":null}},"49":{"start":{"line":142,"column":75},"end":{"line":142,"column":79}},"50":{"start":{"line":143,"column":28},"end":{"line":143,"column":null}},"51":{"start":{"line":144,"column":28},"end":{"line":144,"column":null}},"52":{"start":{"line":150,"column":12},"end":{"line":152,"column":null}},"53":{"start":{"line":151,"column":16},"end":{"line":151,"column":null}},"54":{"start":{"line":154,"column":12},"end":{"line":157,"column":null}}},"fnMap":{"0":{"name":"(anonymous_0)","decl":{"start":{"line":31,"column":15},"end":{"line":31,"column":23}},"loc":{"start":{"line":31,"column":34},"end":{"line":160,"column":null}},"line":31},"1":{"name":"(anonymous_1)","decl":{"start":{"line":51,"column":23},"end":{"line":51,"column":27}},"loc":{"start":{"line":51,"column":31},"end":{"line":62,"column":5}},"line":51},"2":{"name":"(anonymous_2)","decl":{"start":{"line":68,"column":25},"end":{"line":68,"column":29}},"loc":{"start":{"line":68,"column":33},"end":{"line":68,"column":57}},"line":68},"3":{"name":"(anonymous_3)","decl":{"start":{"line":73,"column":8},"end":{"line":73,"column":19}},"loc":{"start":{"line":73,"column":22},"end":{"line":76,"column":9}},"line":73},"4":{"name":"(anonymous_4)","decl":{"start":{"line":78,"column":8},"end":{"line":78,"column":19}},"loc":{"start":{"line":78,"column":33},"end":{"line":158,"column":9}},"line":78},"5":{"name":"(anonymous_5)","decl":{"start":{"line":87,"column":16},"end":{"line":87,"column":21}},"loc":{"start":{"line":87,"column":36},"end":{"line":147,"column":17}},"line":87}},"branchMap":{"0":{"loc":{"start":{"line":33,"column":8},"end":{"line":33,"column":75}},"type":"cond-expr","locations":[{"start":{"line":33,"column":38},"end":{"line":33,"column":57}},{"start":{"line":33,"column":61},"end":{"line":33,"column":74}}],"line":33},"1":{"loc":{"start":{"line":33,"column":61},"end":{"line":33,"column":74}},"type":"binary-expr","locations":[{"start":{"line":33,"column":61},"end":{"line":33,"column":68}},{"start":{"line":33,"column":72},"end":{"line":33,"column":74}}],"line":33},"2":{"loc":{"start":{"line":52,"column":8},"end":{"line":60,"column":null}},"type":"if","locations":[{"start":{"line":52,"column":8},"end":{"line":60,"column":null}},{"start":{},"end":{}}],"line":52},"3":{"loc":{"start":{"line":89,"column":20},"end":{"line":146,"column":null}},"type":"if","locations":[{"start":{"line":89,"column":20},"end":{"line":146,"column":null}},{"start":{"line":101,"column":25},"end":{"line":146,"column":null}}],"line":89},"4":{"loc":{"start":{"line":89,"column":24},"end":{"line":89,"column":113}},"type":"binary-expr","locations":[{"start":{"line":89,"column":24},"end":{"line":89,"column":48}},{"start":{"line":89,"column":52},"end":{"line":89,"column":82}},{"start":{"line":89,"column":86},"end":{"line":89,"column":113}}],"line":89},"5":{"loc":{"start":{"line":93,"column":24},"end":{"line":97,"column":null}},"type":"if","locations":[{"start":{"line":93,"column":24},"end":{"line":97,"column":null}},{"start":{"line":95,"column":31},"end":{"line":97,"column":null}}],"line":93},"6":{"loc":{"start":{"line":101,"column":25},"end":{"line":146,"column":null}},"type":"if","locations":[{"start":{"line":101,"column":25},"end":{"line":146,"column":null}},{"start":{"line":112,"column":25},"end":{"line":146,"column":null}}],"line":101},"7":{"loc":{"start":{"line":102,"column":24},"end":{"line":105,"column":null}},"type":"binary-expr","locations":[{"start":{"line":102,"column":24},"end":{"line":102,"column":56}},{"start":{"line":103,"column":24},"end":{"line":103,"column":38}},{"start":{"line":104,"column":24},"end":{"line":104,"column":59}},{"start":{"line":105,"column":24},"end":{"line":105,"column":null}}],"line":102},"8":{"loc":{"start":{"line":112,"column":25},"end":{"line":146,"column":null}},"type":"if","locations":[{"start":{"line":112,"column":25},"end":{"line":146,"column":null}},{"start":{"line":120,"column":25},"end":{"line":146,"column":null}}],"line":112},"9":{"loc":{"start":{"line":112,"column":29},"end":{"line":112,"column":114}},"type":"binary-expr","locations":[{"start":{"line":112,"column":29},"end":{"line":112,"column":52}},{"start":{"line":112,"column":56},"end":{"line":112,"column":86}},{"start":{"line":112,"column":90},"end":{"line":112,"column":114}}],"line":112},"10":{"loc":{"start":{"line":120,"column":25},"end":{"line":146,"column":null}},"type":"if","locations":[{"start":{"line":120,"column":25},"end":{"line":146,"column":null}},{"start":{"line":135,"column":25},"end":{"line":146,"column":null}}],"line":120},"11":{"loc":{"start":{"line":121,"column":24},"end":{"line":124,"column":null}},"type":"binary-expr","locations":[{"start":{"line":121,"column":24},"end":{"line":121,"column":55}},{"start":{"line":122,"column":24},"end":{"line":122,"column":53}},{"start":{"line":123,"column":24},"end":{"line":123,"column":48}},{"start":{"line":124,"column":24},"end":{"line":124,"column":null}}],"line":121},"12":{"loc":{"start":{"line":135,"column":25},"end":{"line":146,"column":null}},"type":"if","locations":[{"start":{"line":135,"column":25},"end":{"line":146,"column":null}},{"start":{},"end":{}}],"line":135},"13":{"loc":{"start":{"line":135,"column":29},"end":{"line":135,"column":82}},"type":"binary-expr","locations":[{"start":{"line":135,"column":29},"end":{"line":135,"column":55}},{"start":{"line":135,"column":59},"end":{"line":135,"column":82}}],"line":135},"14":{"loc":{"start":{"line":136,"column":46},"end":{"line":136,"column":96}},"type":"binary-expr","locations":[{"start":{"line":136,"column":46},"end":{"line":136,"column":73}},{"start":{"line":136,"column":77},"end":{"line":136,"column":96}}],"line":136},"15":{"loc":{"start":{"line":138,"column":28},"end":{"line":138,"column":126}},"type":"binary-expr","locations":[{"start":{"line":138,"column":28},"end":{"line":138,"column":55}},{"start":{"line":138,"column":83},"end":{"line":138,"column":101}},{"start":{"line":138,"column":105},"end":{"line":138,"column":126}}],"line":138},"16":{"loc":{"start":{"line":139,"column":45},"end":{"line":139,"column":128}},"type":"binary-expr","locations":[{"start":{"line":139,"column":45},"end":{"line":139,"column":80}},{"start":{"line":139,"column":84},"end":{"line":139,"column":108}},{"start":{"line":139,"column":112},"end":{"line":139,"column":128}}],"line":139},"17":{"loc":{"start":{"line":141,"column":24},"end":{"line":145,"column":null}},"type":"if","locations":[{"start":{"line":141,"column":24},"end":{"line":145,"column":null}},{"start":{},"end":{}}],"line":141},"18":{"loc":{"start":{"line":141,"column":28},"end":{"line":141,"column":80}},"type":"binary-expr","locations":[{"start":{"line":141,"column":28},"end":{"line":141,"column":42}},{"start":{"line":141,"column":46},"end":{"line":141,"column":63}},{"start":{"line":141,"column":67},"end":{"line":141,"column":80}}],"line":141},"19":{"loc":{"start":{"line":150,"column":12},"end":{"line":152,"column":null}},"type":"if","locations":[{"start":{"line":150,"column":12},"end":{"line":152,"column":null}},{"start":{},"end":{}}],"line":150}},"s":{"0":1,"1":30,"2":30,"3":30,"4":30,"5":30,"6":98,"7":53,"8":53,"9":53,"10":54,"11":54,"12":53,"13":98,"14":30,"15":257,"16":30,"17":29,"18":29,"19":30,"20":30,"21":30,"22":30,"23":646,"24":8,"25":8,"26":8,"27":2,"28":6,"29":8,"30":638,"31":14,"32":14,"33":14,"34":624,"35":5,"36":5,"37":5,"38":5,"39":5,"40":619,"41":1,"42":1,"43":1,"44":618,"45":94,"46":94,"47":94,"48":94,"49":70,"50":70,"51":70,"52":30,"53":27,"54":30},"f":{"0":30,"1":98,"2":257,"3":29,"4":30,"5":646},"b":{"0":[1,29],"1":[29,27],"2":[53,45],"3":[8,638],"4":[646,11,11],"5":[2,6],"6":[14,624],"7":[638,20,16,16],"8":[5,619],"9":[624,65,7],"10":[1,618],"11":[619,2,1,1],"12":[94,524],"13":[618,222],"14":[94,12],"15":[94,12,4],"16":[94,15,15],"17":[70,24],"18":[94,86,84],"19":[27,3]},"meta":{"lastBranch":20,"lastFunction":6,"lastStatement":55,"seen":{"s:25:18:25:28":0,"f:31:15:31:23":0,"s:32:29:39:5":1,"b:33:38:33:57:33:61:33:74":0,"b:33:61:33:68:33:72:33:74":1,"s:41:43:41:60":2,"s:44:24:44:33":3,"s:45:18:45:19":4,"s:51:23:62:5":5,"f:51:23:51:27":1,"b:52:8:60:Infinity:undefined:undefined:undefined:undefined":2,"s:52:8:60:Infinity":6,"s:53:20:53:29":7,"s:54:25:54:27":8,"s:55:12:58:Infinity":9,"s:56:16:56:Infinity":10,"s:57:16:57:Infinity":11,"s:59:12:59:Infinity":12,"s:61:8:61:Infinity":13,"s:68:25:68:57":14,"f:68:25:68:29":2,"s:68:33:68:57":15,"s:70:4:159:Infinity":16,"f:73:8:73:19":3,"s:74:12:74:Infinity":17,"s:75:12:75:Infinity":18,"f:78:8:78:19":4,"s:79:24:79:40":19,"s:80:32:82:14":20,"s:84:30:84:31":21,"s:86:11:148:Infinity":22,"f:87:16:87:21":5,"b:89:20:146:Infinity:101:25:146:Infinity":3,"s:89:20:146:Infinity":23,"b:89:24:89:48:89:52:89:82:89:86:89:113":4,"s:90:69:90:77":24,"s:91:44:91:64":25,"b:93:24:97:Infinity:95:31:97:Infinity":5,"s:93:24:97:Infinity":26,"s:94:28:94:Infinity":27,"s:96:28:96:Infinity":28,"s:98:24:98:Infinity":29,"b:101:25:146:Infinity:112:25:146:Infinity":6,"s:101:25:146:Infinity":30,"b:102:24:102:56:103:24:103:38:104:24:104:59:105:24:105:Infinity":7,"s:107:70:107:83":31,"s:108:24:108:Infinity":32,"s:109:24:109:Infinity":33,"b:112:25:146:Infinity:120:25:146:Infinity":8,"s:112:25:146:Infinity":34,"b:112:29:112:52:112:56:112:86:112:90:112:114":9,"s:113:66:113:70":35,"s:114:36:114:66":36,"s:115:38:115:44":37,"s:116:24:116:Infinity":38,"s:117:24:117:Infinity":39,"b:120:25:146:Infinity:135:25:146:Infinity":10,"s:120:25:146:Infinity":40,"b:121:24:121:55:122:24:122:53:123:24:123:48:124:24:124:Infinity":11,"s:126:92:126:96":41,"s:127:24:131:Infinity":42,"s:132:24:132:Infinity":43,"b:135:25:146:Infinity:undefined:undefined:undefined:undefined":12,"s:135:25:146:Infinity":44,"b:135:29:135:55:135:59:135:82":13,"s:136:46:136:96":45,"b:136:46:136:73:136:77:136:96":14,"s:138:28:138:126":46,"b:138:28:138:55:138:83:138:101:138:105:138:126":15,"s:139:45:139:128":47,"b:139:45:139:80:139:84:139:108:139:112:139:128":16,"b:141:24:145:Infinity:undefined:undefined:undefined:undefined":17,"s:141:24:145:Infinity":48,"b:141:28:141:42:141:46:141:63:141:67:141:80":18,"s:142:75:142:79":49,"s:143:28:143:Infinity":50,"s:144:28:144:Infinity":51,"b:150:12:152:Infinity:undefined:undefined:undefined:undefined":19,"s:150:12:152:Infinity":52,"s:151:16:151:Infinity":53,"s:154:12:157:Infinity":54}}}
}
