{"/home/runner/work/rollup-extras/rollup-extras/plugin-script-loader/src/index.js": {"path":"/home/runner/work/rollup-extras/rollup-extras/plugin-script-loader/src/index.js","statementMap":{"0":{"start":{"line":38,"column":21},"end":{"line":38,"column":39}},"1":{"start":{"line":40,"column":18},"end":{"line":40,"column":28}},"2":{"start":{"line":47,"column":29},"end":{"line":63,"column":5}},"3":{"start":{"line":65,"column":98},"end":{"line":65,"column":115}},"4":{"start":{"line":68,"column":22},"end":{"line":68,"column":69}},"5":{"start":{"line":70,"column":31},"end":{"line":73,"column":5}},"6":{"start":{"line":72,"column":53},"end":{"line":72,"column":null}},"7":{"start":{"line":77,"column":20},"end":{"line":77,"column":29}},"8":{"start":{"line":81,"column":24},"end":{"line":81,"column":26}},"9":{"start":{"line":91,"column":28},"end":{"line":93,"column":9}},"10":{"start":{"line":94,"column":8},"end":{"line":101,"column":null}},"11":{"start":{"line":95,"column":12},"end":{"line":100,"column":null}},"12":{"start":{"line":96,"column":32},"end":{"line":96,"column":86}},"13":{"start":{"line":97,"column":16},"end":{"line":97,"column":null}},"14":{"start":{"line":104,"column":30},"end":{"line":104,"column":81}},"15":{"start":{"line":105,"column":8},"end":{"line":113,"column":null}},"16":{"start":{"line":106,"column":12},"end":{"line":112,"column":null}},"17":{"start":{"line":107,"column":31},"end":{"line":107,"column":73}},"18":{"start":{"line":108,"column":35},"end":{"line":108,"column":66}},"19":{"start":{"line":109,"column":16},"end":{"line":109,"column":null}},"20":{"start":{"line":115,"column":8},"end":{"line":115,"column":null}},"21":{"start":{"line":124,"column":8},"end":{"line":124,"column":null}},"22":{"start":{"line":127,"column":4},"end":{"line":398,"column":null}},"23":{"start":{"line":132,"column":12},"end":{"line":134,"column":null}},"24":{"start":{"line":133,"column":16},"end":{"line":133,"column":null}},"25":{"start":{"line":136,"column":34},"end":{"line":136,"column":61}},"26":{"start":{"line":139,"column":29},"end":{"line":139,"column":111}},"27":{"start":{"line":141,"column":12},"end":{"line":144,"column":null}},"28":{"start":{"line":142,"column":16},"end":{"line":142,"column":null}},"29":{"start":{"line":143,"column":16},"end":{"line":143,"column":null}},"30":{"start":{"line":149,"column":31},"end":{"line":149,"column":42}},"31":{"start":{"line":150,"column":12},"end":{"line":152,"column":null}},"32":{"start":{"line":151,"column":16},"end":{"line":151,"column":null}},"33":{"start":{"line":153,"column":31},"end":{"line":153,"column":56}},"34":{"start":{"line":154,"column":12},"end":{"line":156,"column":null}},"35":{"start":{"line":155,"column":16},"end":{"line":155,"column":null}},"36":{"start":{"line":158,"column":30},"end":{"line":158,"column":57}},"37":{"start":{"line":161,"column":12},"end":{"line":164,"column":null}},"38":{"start":{"line":172,"column":12},"end":{"line":174,"column":null}},"39":{"start":{"line":173,"column":16},"end":{"line":173,"column":null}},"40":{"start":{"line":177,"column":12},"end":{"line":181,"column":null}},"41":{"start":{"line":178,"column":16},"end":{"line":180,"column":null}},"42":{"start":{"line":179,"column":20},"end":{"line":179,"column":null}},"43":{"start":{"line":186,"column":12},"end":{"line":188,"column":null}},"44":{"start":{"line":187,"column":16},"end":{"line":187,"column":null}},"45":{"start":{"line":190,"column":29},"end":{"line":190,"column":58}},"46":{"start":{"line":192,"column":12},"end":{"line":192,"column":null}},"47":{"start":{"line":194,"column":12},"end":{"line":194,"column":null}},"48":{"start":{"line":196,"column":25},"end":{"line":196,"column":62}},"49":{"start":{"line":198,"column":53},"end":{"line":198,"column":78}},"50":{"start":{"line":199,"column":12},"end":{"line":201,"column":null}},"51":{"start":{"line":200,"column":16},"end":{"line":200,"column":null}},"52":{"start":{"line":202,"column":12},"end":{"line":202,"column":null}},"53":{"start":{"line":204,"column":12},"end":{"line":204,"column":null}},"54":{"start":{"line":206,"column":12},"end":{"line":224,"column":null}},"55":{"start":{"line":209,"column":36},"end":{"line":209,"column":98}},"56":{"start":{"line":210,"column":34},"end":{"line":210,"column":61}},"57":{"start":{"line":212,"column":16},"end":{"line":216,"column":null}},"58":{"start":{"line":219,"column":16},"end":{"line":223,"column":null}},"59":{"start":{"line":235,"column":12},"end":{"line":239,"column":null}},"60":{"start":{"line":244,"column":12},"end":{"line":246,"column":null}},"61":{"start":{"line":245,"column":16},"end":{"line":245,"column":null}},"62":{"start":{"line":250,"column":34},"end":{"line":262,"column":42}},"63":{"start":{"line":252,"column":35},"end":{"line":252,"column":59}},"64":{"start":{"line":253,"column":35},"end":{"line":253,"column":59}},"65":{"start":{"line":255,"column":20},"end":{"line":257,"column":null}},"66":{"start":{"line":256,"column":24},"end":{"line":256,"column":null}},"67":{"start":{"line":258,"column":20},"end":{"line":258,"column":null}},"68":{"start":{"line":258,"column":39},"end":{"line":258,"column":null}},"69":{"start":{"line":259,"column":20},"end":{"line":259,"column":null}},"70":{"start":{"line":259,"column":39},"end":{"line":259,"column":null}},"71":{"start":{"line":260,"column":20},"end":{"line":260,"column":null}},"72":{"start":{"line":262,"column":36},"end":{"line":262,"column":41}},"73":{"start":{"line":265,"column":30},"end":{"line":265,"column":120}},"74":{"start":{"line":268,"column":32},"end":{"line":268,"column":63}},"75":{"start":{"line":270,"column":12},"end":{"line":279,"column":null}},"76":{"start":{"line":271,"column":27},"end":{"line":273,"column":18}},"77":{"start":{"line":275,"column":16},"end":{"line":278,"column":null}},"78":{"start":{"line":281,"column":35},"end":{"line":281,"column":57}},"79":{"start":{"line":285,"column":12},"end":{"line":316,"column":null}},"80":{"start":{"line":287,"column":20},"end":{"line":292,"column":null}},"81":{"start":{"line":296,"column":37},"end":{"line":296,"column":124}},"82":{"start":{"line":296,"column":71},"end":{"line":296,"column":84}},"83":{"start":{"line":296,"column":95},"end":{"line":296,"column":122}},"84":{"start":{"line":298,"column":16},"end":{"line":315,"column":null}},"85":{"start":{"line":301,"column":37},"end":{"line":301,"column":46}},"86":{"start":{"line":302,"column":20},"end":{"line":312,"column":null}},"87":{"start":{"line":304,"column":28},"end":{"line":304,"column":null}},"88":{"start":{"line":304,"column":52},"end":{"line":304,"column":null}},"89":{"start":{"line":305,"column":41},"end":{"line":305,"column":63}},"90":{"start":{"line":306,"column":28},"end":{"line":309,"column":null}},"91":{"start":{"line":307,"column":32},"end":{"line":307,"column":null}},"92":{"start":{"line":308,"column":32},"end":{"line":308,"column":null}},"93":{"start":{"line":310,"column":28},"end":{"line":310,"column":null}},"94":{"start":{"line":314,"column":20},"end":{"line":314,"column":null}},"95":{"start":{"line":319,"column":12},"end":{"line":329,"column":null}},"96":{"start":{"line":320,"column":16},"end":{"line":328,"column":null}},"97":{"start":{"line":321,"column":37},"end":{"line":321,"column":81}},"98":{"start":{"line":322,"column":20},"end":{"line":322,"column":null}},"99":{"start":{"line":323,"column":20},"end":{"line":325,"column":null}},"100":{"start":{"line":324,"column":24},"end":{"line":324,"column":null}},"101":{"start":{"line":327,"column":20},"end":{"line":327,"column":null}},"102":{"start":{"line":331,"column":12},"end":{"line":385,"column":null}},"103":{"start":{"line":333,"column":16},"end":{"line":358,"column":null}},"104":{"start":{"line":334,"column":36},"end":{"line":334,"column":70}},"105":{"start":{"line":335,"column":20},"end":{"line":335,"column":null}},"106":{"start":{"line":335,"column":96},"end":{"line":335,"column":118}},"107":{"start":{"line":337,"column":40},"end":{"line":337,"column":53}},"108":{"start":{"line":338,"column":20},"end":{"line":338,"column":null}},"109":{"start":{"line":339,"column":20},"end":{"line":339,"column":null}},"110":{"start":{"line":341,"column":20},"end":{"line":345,"column":null}},"111":{"start":{"line":347,"column":20},"end":{"line":351,"column":null}},"112":{"start":{"line":353,"column":20},"end":{"line":357,"column":null}},"113":{"start":{"line":361,"column":35},"end":{"line":365,"column":18}},"114":{"start":{"line":367,"column":38},"end":{"line":367,"column":66}},"115":{"start":{"line":369,"column":16},"end":{"line":384,"column":null}},"116":{"start":{"line":370,"column":36},"end":{"line":370,"column":79}},"117":{"start":{"line":371,"column":20},"end":{"line":371,"column":null}},"118":{"start":{"line":371,"column":96},"end":{"line":371,"column":118}},"119":{"start":{"line":373,"column":40},"end":{"line":373,"column":62}},"120":{"start":{"line":374,"column":20},"end":{"line":374,"column":null}},"121":{"start":{"line":376,"column":20},"end":{"line":380,"column":null}},"122":{"start":{"line":383,"column":47},"end":{"line":383,"column":null}},"123":{"start":{"line":387,"column":12},"end":{"line":390,"column":null}},"124":{"start":{"line":388,"column":33},"end":{"line":388,"column":88}},"125":{"start":{"line":388,"column":55},"end":{"line":388,"column":76}},"126":{"start":{"line":389,"column":16},"end":{"line":389,"column":null}},"127":{"start":{"line":395,"column":12},"end":{"line":395,"column":null}},"128":{"start":{"line":396,"column":12},"end":{"line":396,"column":null}}},"fnMap":{"0":{"name":"(anonymous_0)","decl":{"start":{"line":46,"column":15},"end":{"line":46,"column":23}},"loc":{"start":{"line":46,"column":39},"end":{"line":399,"column":null}},"line":46},"1":{"name":"(anonymous_1)","decl":{"start":{"line":72,"column":8},"end":{"line":72,"column":9}},"loc":{"start":{"line":72,"column":53},"end":{"line":72,"column":null}},"line":72},"2":{"name":"tryReadSourcemap","decl":{"start":{"line":89,"column":19},"end":{"line":89,"column":35}},"loc":{"start":{"line":89,"column":52},"end":{"line":116,"column":null}},"line":89},"3":{"name":"stripSourcemapComment","decl":{"start":{"line":123,"column":13},"end":{"line":123,"column":34}},"loc":{"start":{"line":123,"column":41},"end":{"line":125,"column":null}},"line":123},"4":{"name":"(anonymous_4)","decl":{"start":{"line":131,"column":14},"end":{"line":131,"column":23}},"loc":{"start":{"line":131,"column":58},"end":{"line":165,"column":9}},"line":131},"5":{"name":"(anonymous_5)","decl":{"start":{"line":171,"column":8},"end":{"line":171,"column":20}},"loc":{"start":{"line":171,"column":33},"end":{"line":182,"column":9}},"line":171},"6":{"name":"(anonymous_6)","decl":{"start":{"line":185,"column":14},"end":{"line":185,"column":18}},"loc":{"start":{"line":185,"column":23},"end":{"line":240,"column":9}},"line":185},"7":{"name":"(anonymous_7)","decl":{"start":{"line":243,"column":14},"end":{"line":243,"column":28}},"loc":{"start":{"line":243,"column":53},"end":{"line":391,"column":9}},"line":243},"8":{"name":"(anonymous_8)","decl":{"start":{"line":251,"column":22},"end":{"line":251,"column":23}},"loc":{"start":{"line":251,"column":40},"end":{"line":261,"column":17}},"line":251},"9":{"name":"(anonymous_9)","decl":{"start":{"line":262,"column":21},"end":{"line":262,"column":22}},"loc":{"start":{"line":262,"column":36},"end":{"line":262,"column":41}},"line":262},"10":{"name":"(anonymous_10)","decl":{"start":{"line":296,"column":66},"end":{"line":296,"column":67}},"loc":{"start":{"line":296,"column":71},"end":{"line":296,"column":84}},"line":296},"11":{"name":"(anonymous_11)","decl":{"start":{"line":296,"column":90},"end":{"line":296,"column":91}},"loc":{"start":{"line":296,"column":95},"end":{"line":296,"column":122}},"line":296},"12":{"name":"(anonymous_12)","decl":{"start":{"line":303,"column":44},"end":{"line":303,"column":48}},"loc":{"start":{"line":303,"column":52},"end":{"line":311,"column":25}},"line":303},"13":{"name":"(anonymous_13)","decl":{"start":{"line":335,"column":68},"end":{"line":335,"column":69}},"loc":{"start":{"line":335,"column":96},"end":{"line":335,"column":118}},"line":335},"14":{"name":"(anonymous_14)","decl":{"start":{"line":371,"column":68},"end":{"line":371,"column":69}},"loc":{"start":{"line":371,"column":96},"end":{"line":371,"column":118}},"line":371},"15":{"name":"(anonymous_15)","decl":{"start":{"line":388,"column":51},"end":{"line":388,"column":52}},"loc":{"start":{"line":388,"column":55},"end":{"line":388,"column":76}},"line":388},"16":{"name":"(anonymous_16)","decl":{"start":{"line":394,"column":8},"end":{"line":394,"column":19}},"loc":{"start":{"line":394,"column":22},"end":{"line":397,"column":9}},"line":394}},"branchMap":{"0":{"loc":{"start":{"line":46,"column":25},"end":{"line":46,"column":37}},"type":"default-arg","locations":[{"start":{"line":46,"column":35},"end":{"line":46,"column":37}}],"line":46},"1":{"loc":{"start":{"line":68,"column":22},"end":{"line":68,"column":69}},"type":"binary-expr","locations":[{"start":{"line":68,"column":22},"end":{"line":68,"column":49}},{"start":{"line":68,"column":53},"end":{"line":68,"column":69}}],"line":68},"2":{"loc":{"start":{"line":72,"column":64},"end":{"line":72,"column":132}},"type":"cond-expr","locations":[{"start":{"line":72,"column":93},"end":{"line":72,"column":112}},{"start":{"line":72,"column":115},"end":{"line":72,"column":132}}],"line":72},"3":{"loc":{"start":{"line":94,"column":8},"end":{"line":101,"column":null}},"type":"if","locations":[{"start":{"line":94,"column":8},"end":{"line":101,"column":null}},{"start":{},"end":{}}],"line":94},"4":{"loc":{"start":{"line":105,"column":8},"end":{"line":113,"column":null}},"type":"if","locations":[{"start":{"line":105,"column":8},"end":{"line":113,"column":null}},{"start":{},"end":{}}],"line":105},"5":{"loc":{"start":{"line":105,"column":12},"end":{"line":105,"column":66}},"type":"binary-expr","locations":[{"start":{"line":105,"column":12},"end":{"line":105,"column":25}},{"start":{"line":105,"column":29},"end":{"line":105,"column":66}}],"line":105},"6":{"loc":{"start":{"line":132,"column":12},"end":{"line":134,"column":null}},"type":"if","locations":[{"start":{"line":132,"column":12},"end":{"line":134,"column":null}},{"start":{},"end":{}}],"line":132},"7":{"loc":{"start":{"line":141,"column":12},"end":{"line":144,"column":null}},"type":"if","locations":[{"start":{"line":141,"column":12},"end":{"line":144,"column":null}},{"start":{},"end":{}}],"line":141},"8":{"loc":{"start":{"line":150,"column":12},"end":{"line":152,"column":null}},"type":"if","locations":[{"start":{"line":150,"column":12},"end":{"line":152,"column":null}},{"start":{},"end":{}}],"line":150},"9":{"loc":{"start":{"line":154,"column":12},"end":{"line":156,"column":null}},"type":"if","locations":[{"start":{"line":154,"column":12},"end":{"line":156,"column":null}},{"start":{},"end":{}}],"line":154},"10":{"loc":{"start":{"line":172,"column":12},"end":{"line":174,"column":null}},"type":"if","locations":[{"start":{"line":172,"column":12},"end":{"line":174,"column":null}},{"start":{},"end":{}}],"line":172},"11":{"loc":{"start":{"line":178,"column":16},"end":{"line":180,"column":null}},"type":"if","locations":[{"start":{"line":178,"column":16},"end":{"line":180,"column":null}},{"start":{},"end":{}}],"line":178},"12":{"loc":{"start":{"line":178,"column":20},"end":{"line":178,"column":92}},"type":"binary-expr","locations":[{"start":{"line":178,"column":20},"end":{"line":178,"column":55}},{"start":{"line":178,"column":59},"end":{"line":178,"column":92}}],"line":178},"13":{"loc":{"start":{"line":186,"column":12},"end":{"line":188,"column":null}},"type":"if","locations":[{"start":{"line":186,"column":12},"end":{"line":188,"column":null}},{"start":{},"end":{}}],"line":186},"14":{"loc":{"start":{"line":194,"column":45},"end":{"line":194,"column":87}},"type":"cond-expr","locations":[{"start":{"line":194,"column":55},"end":{"line":194,"column":68}},{"start":{"line":194,"column":71},"end":{"line":194,"column":87}}],"line":194},"15":{"loc":{"start":{"line":199,"column":12},"end":{"line":201,"column":null}},"type":"if","locations":[{"start":{"line":199,"column":12},"end":{"line":201,"column":null}},{"start":{},"end":{}}],"line":199},"16":{"loc":{"start":{"line":206,"column":12},"end":{"line":224,"column":null}},"type":"if","locations":[{"start":{"line":206,"column":12},"end":{"line":224,"column":null}},{"start":{},"end":{}}],"line":206},"17":{"loc":{"start":{"line":209,"column":36},"end":{"line":209,"column":98}},"type":"cond-expr","locations":[{"start":{"line":209,"column":48},"end":{"line":209,"column":86}},{"start":{"line":209,"column":89},"end":{"line":209,"column":98}}],"line":209},"18":{"loc":{"start":{"line":236,"column":22},"end":{"line":236,"column":63}},"type":"cond-expr","locations":[{"start":{"line":236,"column":34},"end":{"line":236,"column":56}},{"start":{"line":236,"column":59},"end":{"line":236,"column":63}}],"line":236},"19":{"loc":{"start":{"line":244,"column":12},"end":{"line":246,"column":null}},"type":"if","locations":[{"start":{"line":244,"column":12},"end":{"line":246,"column":null}},{"start":{},"end":{}}],"line":244},"20":{"loc":{"start":{"line":244,"column":16},"end":{"line":244,"column":54}},"type":"binary-expr","locations":[{"start":{"line":244,"column":16},"end":{"line":244,"column":32}},{"start":{"line":244,"column":36},"end":{"line":244,"column":54}}],"line":244},"21":{"loc":{"start":{"line":255,"column":20},"end":{"line":257,"column":null}},"type":"if","locations":[{"start":{"line":255,"column":20},"end":{"line":257,"column":null}},{"start":{},"end":{}}],"line":255},"22":{"loc":{"start":{"line":255,"column":24},"end":{"line":255,"column":54}},"type":"binary-expr","locations":[{"start":{"line":255,"column":24},"end":{"line":255,"column":37}},{"start":{"line":255,"column":41},"end":{"line":255,"column":54}}],"line":255},"23":{"loc":{"start":{"line":258,"column":20},"end":{"line":258,"column":null}},"type":"if","locations":[{"start":{"line":258,"column":20},"end":{"line":258,"column":null}},{"start":{},"end":{}}],"line":258},"24":{"loc":{"start":{"line":259,"column":20},"end":{"line":259,"column":null}},"type":"if","locations":[{"start":{"line":259,"column":20},"end":{"line":259,"column":null}},{"start":{},"end":{}}],"line":259},"25":{"loc":{"start":{"line":265,"column":30},"end":{"line":265,"column":120}},"type":"binary-expr","locations":[{"start":{"line":265,"column":30},"end":{"line":265,"column":48}},{"start":{"line":265,"column":53},"end":{"line":265,"column":119}}],"line":265},"26":{"loc":{"start":{"line":265,"column":53},"end":{"line":265,"column":119}},"type":"cond-expr","locations":[{"start":{"line":265,"column":74},"end":{"line":265,"column":103}},{"start":{"line":265,"column":106},"end":{"line":265,"column":119}}],"line":265},"27":{"loc":{"start":{"line":285,"column":12},"end":{"line":316,"column":null}},"type":"if","locations":[{"start":{"line":285,"column":12},"end":{"line":316,"column":null}},{"start":{},"end":{}}],"line":285},"28":{"loc":{"start":{"line":298,"column":16},"end":{"line":315,"column":null}},"type":"if","locations":[{"start":{"line":298,"column":16},"end":{"line":315,"column":null}},{"start":{"line":313,"column":23},"end":{"line":315,"column":null}}],"line":298},"29":{"loc":{"start":{"line":304,"column":28},"end":{"line":304,"column":null}},"type":"if","locations":[{"start":{"line":304,"column":28},"end":{"line":304,"column":null}},{"start":{},"end":{}}],"line":304},"30":{"loc":{"start":{"line":306,"column":28},"end":{"line":309,"column":null}},"type":"if","locations":[{"start":{"line":306,"column":28},"end":{"line":309,"column":null}},{"start":{},"end":{}}],"line":306},"31":{"loc":{"start":{"line":319,"column":12},"end":{"line":329,"column":null}},"type":"if","locations":[{"start":{"line":319,"column":12},"end":{"line":329,"column":null}},{"start":{},"end":{}}],"line":319},"32":{"loc":{"start":{"line":323,"column":20},"end":{"line":325,"column":null}},"type":"if","locations":[{"start":{"line":323,"column":20},"end":{"line":325,"column":null}},{"start":{},"end":{}}],"line":323},"33":{"loc":{"start":{"line":327,"column":55},"end":{"line":327,"column":103}},"type":"cond-expr","locations":[{"start":{"line":327,"column":78},"end":{"line":327,"column":89}},{"start":{"line":327,"column":92},"end":{"line":327,"column":103}}],"line":327},"34":{"loc":{"start":{"line":331,"column":12},"end":{"line":385,"column":null}},"type":"if","locations":[{"start":{"line":331,"column":12},"end":{"line":385,"column":null}},{"start":{"line":359,"column":19},"end":{"line":385,"column":null}}],"line":331},"35":{"loc":{"start":{"line":333,"column":16},"end":{"line":358,"column":null}},"type":"if","locations":[{"start":{"line":333,"column":16},"end":{"line":358,"column":null}},{"start":{"line":352,"column":23},"end":{"line":358,"column":null}}],"line":333},"36":{"loc":{"start":{"line":333,"column":20},"end":{"line":333,"column":45}},"type":"binary-expr","locations":[{"start":{"line":333,"column":20},"end":{"line":333,"column":29}},{"start":{"line":333,"column":33},"end":{"line":333,"column":45}}],"line":333},"37":{"loc":{"start":{"line":369,"column":16},"end":{"line":384,"column":null}},"type":"if","locations":[{"start":{"line":369,"column":16},"end":{"line":384,"column":null}},{"start":{},"end":{}}],"line":369},"38":{"loc":{"start":{"line":369,"column":20},"end":{"line":369,"column":45}},"type":"binary-expr","locations":[{"start":{"line":369,"column":20},"end":{"line":369,"column":29}},{"start":{"line":369,"column":33},"end":{"line":369,"column":45}}],"line":369},"39":{"loc":{"start":{"line":387,"column":12},"end":{"line":390,"column":null}},"type":"if","locations":[{"start":{"line":387,"column":12},"end":{"line":390,"column":null}},{"start":{},"end":{}}],"line":387}},"s":{"0":1,"1":1,"2":39,"3":39,"4":39,"5":39,"6":41,"7":39,"8":39,"9":17,"10":17,"11":1,"12":1,"13":1,"14":16,"15":16,"16":2,"17":2,"18":2,"19":1,"20":15,"21":32,"22":39,"23":44,"24":2,"25":42,"26":42,"27":42,"28":1,"29":1,"30":41,"31":41,"32":1,"33":41,"34":41,"35":1,"36":41,"37":41,"38":80,"39":19,"40":61,"41":30,"42":29,"43":42,"44":1,"45":41,"46":41,"47":41,"48":42,"49":41,"50":41,"51":1,"52":41,"53":41,"54":41,"55":32,"56":32,"57":32,"58":32,"59":9,"60":38,"61":11,"62":27,"63":5,"64":5,"65":5,"66":3,"67":2,"68":2,"69":1,"70":0,"71":1,"72":32,"73":27,"74":38,"75":38,"76":32,"77":32,"78":27,"79":27,"80":14,"81":14,"82":17,"83":2,"84":14,"85":2,"86":2,"87":4,"88":1,"89":3,"90":3,"91":2,"92":2,"93":1,"94":12,"95":27,"96":4,"97":4,"98":2,"99":2,"100":1,"101":2,"102":25,"103":23,"104":13,"105":13,"106":16,"107":13,"108":13,"109":13,"110":13,"111":13,"112":10,"113":2,"114":2,"115":2,"116":1,"117":1,"118":1,"119":1,"120":1,"121":1,"122":1,"123":25,"124":1,"125":1,"126":1,"127":2,"128":2},"f":{"0":39,"1":41,"2":17,"3":32,"4":44,"5":80,"6":42,"7":38,"8":5,"9":32,"10":17,"11":2,"12":4,"13":16,"14":1,"15":1,"16":2},"b":{"0":[39],"1":[39,16],"2":[0,41],"3":[1,16],"4":[2,14],"5":[16,3],"6":[2,42],"7":[1,41],"8":[1,40],"9":[1,40],"10":[19,61],"11":[29,1],"12":[30,29],"13":[1,41],"14":[1,40],"15":[1,40],"16":[32,9],"17":[17,15],"18":[8,1],"19":[11,27],"20":[38,28],"21":[3,2],"22":[5,4],"23":[1,1],"24":[0,1],"25":[27,27],"26":[0,27],"27":[14,13],"28":[2,12],"29":[1,3],"30":[2,1],"31":[4,23],"32":[1,1],"33":[1,1],"34":[23,2],"35":[13,10],"36":[23,13],"37":[1,1],"38":[2,1],"39":[1,24]},"meta":{"lastBranch":40,"lastFunction":17,"lastStatement":129,"seen":{"s:38:21:38:39":0,"s:40:18:40:28":1,"f:46:15:46:23":0,"b:46:35:46:37":0,"s:47:29:63:5":2,"s:65:98:65:115":3,"s:68:22:68:69":4,"b:68:22:68:49:68:53:68:69":1,"s:70:31:73:5":5,"f:72:8:72:9":1,"s:72:53:72:Infinity":6,"b:72:93:72:112:72:115:72:132":2,"s:77:20:77:29":7,"s:81:24:81:26":8,"f:89:19:89:35":2,"s:91:28:93:9":9,"b:94:8:101:Infinity:undefined:undefined:undefined:undefined":3,"s:94:8:101:Infinity":10,"s:95:12:100:Infinity":11,"s:96:32:96:86":12,"s:97:16:97:Infinity":13,"s:104:30:104:81":14,"b:105:8:113:Infinity:undefined:undefined:undefined:undefined":4,"s:105:8:113:Infinity":15,"b:105:12:105:25:105:29:105:66":5,"s:106:12:112:Infinity":16,"s:107:31:107:73":17,"s:108:35:108:66":18,"s:109:16:109:Infinity":19,"s:115:8:115:Infinity":20,"f:123:13:123:34":3,"s:124:8:124:Infinity":21,"s:127:4:398:Infinity":22,"f:131:14:131:23":4,"b:132:12:134:Infinity:undefined:undefined:undefined:undefined":6,"s:132:12:134:Infinity":23,"s:133:16:133:Infinity":24,"s:136:34:136:61":25,"s:139:29:139:111":26,"b:141:12:144:Infinity:undefined:undefined:undefined:undefined":7,"s:141:12:144:Infinity":27,"s:142:16:142:Infinity":28,"s:143:16:143:Infinity":29,"s:149:31:149:42":30,"b:150:12:152:Infinity:undefined:undefined:undefined:undefined":8,"s:150:12:152:Infinity":31,"s:151:16:151:Infinity":32,"s:153:31:153:56":33,"b:154:12:156:Infinity:undefined:undefined:undefined:undefined":9,"s:154:12:156:Infinity":34,"s:155:16:155:Infinity":35,"s:158:30:158:57":36,"s:161:12:164:Infinity":37,"f:171:8:171:20":5,"b:172:12:174:Infinity:undefined:undefined:undefined:undefined":10,"s:172:12:174:Infinity":38,"s:173:16:173:Infinity":39,"s:177:12:181:Infinity":40,"b:178:16:180:Infinity:undefined:undefined:undefined:undefined":11,"s:178:16:180:Infinity":41,"b:178:20:178:55:178:59:178:92":12,"s:179:20:179:Infinity":42,"f:185:14:185:18":6,"b:186:12:188:Infinity:undefined:undefined:undefined:undefined":13,"s:186:12:188:Infinity":43,"s:187:16:187:Infinity":44,"s:190:29:190:58":45,"s:192:12:192:Infinity":46,"s:194:12:194:Infinity":47,"b:194:55:194:68:194:71:194:87":14,"s:196:25:196:62":48,"s:198:53:198:78":49,"b:199:12:201:Infinity:undefined:undefined:undefined:undefined":15,"s:199:12:201:Infinity":50,"s:200:16:200:Infinity":51,"s:202:12:202:Infinity":52,"s:204:12:204:Infinity":53,"b:206:12:224:Infinity:undefined:undefined:undefined:undefined":16,"s:206:12:224:Infinity":54,"s:209:36:209:98":55,"b:209:48:209:86:209:89:209:98":17,"s:210:34:210:61":56,"s:212:16:216:Infinity":57,"s:219:16:223:Infinity":58,"s:235:12:239:Infinity":59,"b:236:34:236:56:236:59:236:63":18,"f:243:14:243:28":7,"b:244:12:246:Infinity:undefined:undefined:undefined:undefined":19,"s:244:12:246:Infinity":60,"b:244:16:244:32:244:36:244:54":20,"s:245:16:245:Infinity":61,"s:250:34:262:42":62,"f:251:22:251:23":8,"s:252:35:252:59":63,"s:253:35:253:59":64,"b:255:20:257:Infinity:undefined:undefined:undefined:undefined":21,"s:255:20:257:Infinity":65,"b:255:24:255:37:255:41:255:54":22,"s:256:24:256:Infinity":66,"b:258:20:258:Infinity:undefined:undefined:undefined:undefined":23,"s:258:20:258:Infinity":67,"s:258:39:258:Infinity":68,"b:259:20:259:Infinity:undefined:undefined:undefined:undefined":24,"s:259:20:259:Infinity":69,"s:259:39:259:Infinity":70,"s:260:20:260:Infinity":71,"f:262:21:262:22":9,"s:262:36:262:41":72,"s:265:30:265:120":73,"b:265:30:265:48:265:53:265:119":25,"b:265:74:265:103:265:106:265:119":26,"s:268:32:268:63":74,"s:270:12:279:Infinity":75,"s:271:27:273:18":76,"s:275:16:278:Infinity":77,"s:281:35:281:57":78,"b:285:12:316:Infinity:undefined:undefined:undefined:undefined":27,"s:285:12:316:Infinity":79,"s:287:20:292:Infinity":80,"s:296:37:296:124":81,"f:296:66:296:67":10,"s:296:71:296:84":82,"f:296:90:296:91":11,"s:296:95:296:122":83,"b:298:16:315:Infinity:313:23:315:Infinity":28,"s:298:16:315:Infinity":84,"s:301:37:301:46":85,"s:302:20:312:Infinity":86,"f:303:44:303:48":12,"b:304:28:304:Infinity:undefined:undefined:undefined:undefined":29,"s:304:28:304:Infinity":87,"s:304:52:304:Infinity":88,"s:305:41:305:63":89,"b:306:28:309:Infinity:undefined:undefined:undefined:undefined":30,"s:306:28:309:Infinity":90,"s:307:32:307:Infinity":91,"s:308:32:308:Infinity":92,"s:310:28:310:Infinity":93,"s:314:20:314:Infinity":94,"b:319:12:329:Infinity:undefined:undefined:undefined:undefined":31,"s:319:12:329:Infinity":95,"s:320:16:328:Infinity":96,"s:321:37:321:81":97,"s:322:20:322:Infinity":98,"b:323:20:325:Infinity:undefined:undefined:undefined:undefined":32,"s:323:20:325:Infinity":99,"s:324:24:324:Infinity":100,"s:327:20:327:Infinity":101,"b:327:78:327:89:327:92:327:103":33,"b:331:12:385:Infinity:359:19:385:Infinity":34,"s:331:12:385:Infinity":102,"b:333:16:358:Infinity:352:23:358:Infinity":35,"s:333:16:358:Infinity":103,"b:333:20:333:29:333:33:333:45":36,"s:334:36:334:70":104,"s:335:20:335:Infinity":105,"f:335:68:335:69":13,"s:335:96:335:118":106,"s:337:40:337:53":107,"s:338:20:338:Infinity":108,"s:339:20:339:Infinity":109,"s:341:20:345:Infinity":110,"s:347:20:351:Infinity":111,"s:353:20:357:Infinity":112,"s:361:35:365:18":113,"s:367:38:367:66":114,"b:369:16:384:Infinity:undefined:undefined:undefined:undefined":37,"s:369:16:384:Infinity":115,"b:369:20:369:29:369:33:369:45":38,"s:370:36:370:79":116,"s:371:20:371:Infinity":117,"f:371:68:371:69":14,"s:371:96:371:118":118,"s:373:40:373:62":119,"s:374:20:374:Infinity":120,"s:376:20:380:Infinity":121,"s:383:47:383:Infinity":122,"b:387:12:390:Infinity:undefined:undefined:undefined:undefined":39,"s:387:12:390:Infinity":123,"s:388:33:388:88":124,"f:388:51:388:52":15,"s:388:55:388:76":125,"s:389:16:389:Infinity":126,"f:394:8:394:19":16,"s:395:12:395:Infinity":127,"s:396:12:396:Infinity":128}}}
}
