<?xml version="1.0" encoding="UTF-8"?>
<coverage generated="1777138344413" clover="3.2.0">
  <project timestamp="1777138344413" name="All files">
    <metrics statements="15" coveredstatements="15" conditionals="20" coveredconditionals="20" methods="2" coveredmethods="2" elements="37" coveredelements="37" complexity="0" loc="15" ncloc="15" packages="1" files="1" classes="1"/>
    <file name="index.js" path="/home/runner/work/rollup-extras/rollup-extras/plugin-externals/src/index.js">
      <metrics statements="15" coveredstatements="15" conditionals="20" coveredconditionals="20" methods="2" coveredmethods="2"/>
      <line num="22" count="1" type="stmt"/>
      <line num="29" count="26" type="cond" truecount="2" falsecount="0"/>
      <line num="30" count="1" type="stmt"/>
      <line num="32" count="26" type="stmt"/>
      <line num="41" count="26" type="cond" truecount="2" falsecount="0"/>
      <line num="43" count="26" type="stmt"/>
      <line num="45" count="26" type="stmt"/>
      <line num="49" count="32" type="cond" truecount="2" falsecount="0"/>
      <line num="50" count="27" type="cond" truecount="2" falsecount="0"/>
      <line num="52" count="32" type="cond" truecount="2" falsecount="0"/>
      <line num="53" count="32" type="cond" truecount="3" falsecount="0"/>
      <line num="54" count="32" type="cond" truecount="2" falsecount="0"/>
      <line num="55" count="10" type="stmt"/>
      <line num="57" count="32" type="cond" truecount="2" falsecount="0"/>
      <line num="58" count="32" type="cond" truecount="2" falsecount="0"/>
    </file>
  </project>
</coverage>
