<?xml version="1.0" encoding="UTF-8"?>
<coverage generated="1777138344807" clover="3.2.0">
  <project timestamp="1777138344807" name="All files">
    <metrics statements="72" coveredstatements="72" conditionals="39" coveredconditionals="39" methods="15" coveredmethods="15" elements="126" coveredelements="126" complexity="0" loc="72" ncloc="72" packages="1" files="1" classes="1"/>
    <file name="index.js" path="/home/runner/work/rollup-extras/rollup-extras/plugin-clean/src/index.js">
      <metrics statements="72" coveredstatements="72" conditionals="39" coveredconditionals="39" methods="15" coveredmethods="15"/>
      <line num="26" count="29" type="stmt"/>
      <line num="28" count="29" type="stmt"/>
      <line num="29" count="29" type="stmt"/>
      <line num="31" count="29" type="stmt"/>
      <line num="41" count="29" type="stmt"/>
      <line num="42" count="29" type="stmt"/>
      <line num="44" count="29" type="stmt"/>
      <line num="45" count="29" type="stmt"/>
      <line num="48" count="29" type="stmt"/>
      <line num="51" count="29" type="cond" truecount="2" falsecount="0"/>
      <line num="53" count="21" type="stmt"/>
      <line num="57" count="22" type="stmt"/>
      <line num="58" count="22" type="stmt"/>
      <line num="61" count="8" type="stmt"/>
      <line num="62" count="8" type="stmt"/>
      <line num="65" count="29" type="stmt"/>
      <line num="66" count="3" type="stmt"/>
      <line num="69" count="3" type="stmt"/>
      <line num="72" count="3" type="cond" truecount="2" falsecount="0"/>
      <line num="74" count="2" type="stmt"/>
      <line num="78" count="2" type="stmt"/>
      <line num="79" count="2" type="stmt"/>
      <line num="82" count="1" type="stmt"/>
      <line num="83" count="1" type="stmt"/>
      <line num="86" count="3" type="stmt"/>
      <line num="89" count="29" type="stmt"/>
      <line num="95" count="10" type="cond" truecount="4" falsecount="0"/>
      <line num="96" count="4" type="stmt"/>
      <line num="97" count="2" type="cond" truecount="2" falsecount="0"/>
      <line num="100" count="10" type="stmt"/>
      <line num="104" count="10" type="cond" truecount="2" falsecount="0"/>
      <line num="105" count="1" type="stmt"/>
      <line num="107" count="9" type="stmt"/>
      <line num="114" count="24" type="cond" truecount="2" falsecount="0"/>
      <line num="115" count="1" type="stmt"/>
      <line num="117" count="23" type="cond" truecount="2" falsecount="0"/>
      <line num="118" count="10" type="cond" truecount="2" falsecount="0"/>
      <line num="119" count="9" type="stmt"/>
      <line num="122" count="13" type="stmt"/>
      <line num="130" count="36" type="stmt"/>
      <line num="131" count="36" type="cond" truecount="2" falsecount="0"/>
      <line num="132" count="4" type="cond" truecount="2" falsecount="0"/>
      <line num="138" count="32" type="cond" truecount="2" falsecount="0"/>
      <line num="139" count="1" type="stmt"/>
      <line num="141" count="65" type="stmt"/>
      <line num="142" count="31" type="cond" truecount="2" falsecount="0"/>
      <line num="143" count="1" type="stmt"/>
      <line num="145" count="30" type="stmt"/>
      <line num="147" count="31" type="stmt"/>
      <line num="148" count="31" type="stmt"/>
      <line num="149" count="64" type="cond" truecount="2" falsecount="0"/>
      <line num="150" count="54" type="stmt"/>
      <line num="152" count="10" type="stmt"/>
      <line num="160" count="31" type="stmt"/>
      <line num="167" count="31" type="stmt"/>
      <line num="168" count="31" type="stmt"/>
      <line num="169" count="31" type="cond" truecount="2" falsecount="0"/>
      <line num="170" count="31" type="stmt"/>
      <line num="171" count="28" type="stmt"/>
      <line num="173" count="3" type="cond" truecount="2" falsecount="0"/>
      <line num="174" count="3" type="stmt"/>
      <line num="179" count="31" type="stmt"/>
      <line num="180" count="31" type="stmt"/>
      <line num="181" count="31" type="stmt"/>
      <line num="190" count="36" type="cond" truecount="2" falsecount="0"/>
      <line num="191" count="1" type="stmt"/>
      <line num="193" count="35" type="stmt"/>
      <line num="201" count="62" type="stmt"/>
      <line num="202" count="191" type="stmt"/>
      <line num="203" count="191" type="cond" truecount="4" falsecount="0"/>
      <line num="204" count="62" type="stmt"/>
      <line num="206" count="129" type="stmt"/>
    </file>
  </project>
</coverage>
