{"/home/runner/work/rollup-extras/rollup-extras/plugin-clean/src/index.js": {"path":"/home/runner/work/rollup-extras/rollup-extras/plugin-clean/src/index.js","statementMap":{"0":{"start":{"line":26,"column":23},"end":{"line":26,"column":32}},"1":{"start":{"line":28,"column":34},"end":{"line":28,"column":43}},"2":{"start":{"line":29,"column":18},"end":{"line":29,"column":23}},"3":{"start":{"line":31,"column":29},"end":{"line":40,"column":5}},"4":{"start":{"line":41,"column":62},"end":{"line":41,"column":79}},"5":{"start":{"line":42,"column":22},"end":{"line":42,"column":39}},"6":{"start":{"line":44,"column":20},"end":{"line":44,"column":70}},"7":{"start":{"line":45,"column":57},"end":{"line":45,"column":81}},"8":{"start":{"line":48,"column":53},"end":{"line":48,"column":null}},"9":{"start":{"line":51,"column":4},"end":{"line":63,"column":null}},"10":{"start":{"line":53,"column":8},"end":{"line":59,"column":null}},"11":{"start":{"line":57,"column":12},"end":{"line":57,"column":null}},"12":{"start":{"line":58,"column":12},"end":{"line":58,"column":null}},"13":{"start":{"line":61,"column":8},"end":{"line":61,"column":null}},"14":{"start":{"line":62,"column":8},"end":{"line":62,"column":null}},"15":{"start":{"line":65,"column":4},"end":{"line":87,"column":null}},"16":{"start":{"line":66,"column":25},"end":{"line":66,"column":42}},"17":{"start":{"line":69,"column":57},"end":{"line":69,"column":null}},"18":{"start":{"line":72,"column":8},"end":{"line":84,"column":null}},"19":{"start":{"line":74,"column":12},"end":{"line":80,"column":null}},"20":{"start":{"line":78,"column":16},"end":{"line":78,"column":null}},"21":{"start":{"line":79,"column":16},"end":{"line":79,"column":null}},"22":{"start":{"line":82,"column":12},"end":{"line":82,"column":null}},"23":{"start":{"line":83,"column":12},"end":{"line":83,"column":null}},"24":{"start":{"line":86,"column":8},"end":{"line":86,"column":null}},"25":{"start":{"line":89,"column":4},"end":{"line":89,"column":null}},"26":{"start":{"line":95,"column":8},"end":{"line":99,"column":null}},"27":{"start":{"line":96,"column":12},"end":{"line":98,"column":null}},"28":{"start":{"line":97,"column":74},"end":{"line":97,"column":82}},"29":{"start":{"line":100,"column":8},"end":{"line":100,"column":null}},"30":{"start":{"line":104,"column":8},"end":{"line":106,"column":null}},"31":{"start":{"line":105,"column":12},"end":{"line":105,"column":null}},"32":{"start":{"line":107,"column":8},"end":{"line":107,"column":null}},"33":{"start":{"line":114,"column":8},"end":{"line":116,"column":null}},"34":{"start":{"line":115,"column":12},"end":{"line":115,"column":null}},"35":{"start":{"line":117,"column":8},"end":{"line":123,"column":null}},"36":{"start":{"line":118,"column":12},"end":{"line":120,"column":null}},"37":{"start":{"line":119,"column":16},"end":{"line":119,"column":null}},"38":{"start":{"line":122,"column":12},"end":{"line":122,"column":null}},"39":{"start":{"line":130,"column":30},"end":{"line":130,"column":60}},"40":{"start":{"line":131,"column":8},"end":{"line":133,"column":null}},"41":{"start":{"line":132,"column":12},"end":{"line":132,"column":null}},"42":{"start":{"line":138,"column":8},"end":{"line":146,"column":null}},"43":{"start":{"line":139,"column":12},"end":{"line":139,"column":null}},"44":{"start":{"line":139,"column":87},"end":{"line":139,"column":110}},"45":{"start":{"line":141,"column":12},"end":{"line":141,"column":null}},"46":{"start":{"line":141,"column":75},"end":{"line":141,"column":95}},"47":{"start":{"line":142,"column":12},"end":{"line":144,"column":null}},"48":{"start":{"line":143,"column":16},"end":{"line":143,"column":null}},"49":{"start":{"line":145,"column":12},"end":{"line":145,"column":null}},"50":{"start":{"line":147,"column":8},"end":{"line":147,"column":null}},"51":{"start":{"line":148,"column":8},"end":{"line":159,"column":null}},"52":{"start":{"line":149,"column":12},"end":{"line":158,"column":null}},"53":{"start":{"line":150,"column":16},"end":{"line":150,"column":null}},"54":{"start":{"line":152,"column":16},"end":{"line":157,"column":null}},"55":{"start":{"line":160,"column":8},"end":{"line":160,"column":null}},"56":{"start":{"line":167,"column":22},"end":{"line":167,"column":47}},"57":{"start":{"line":168,"column":8},"end":{"line":175,"column":null}},"58":{"start":{"line":169,"column":12},"end":{"line":169,"column":null}},"59":{"start":{"line":170,"column":12},"end":{"line":170,"column":null}},"60":{"start":{"line":171,"column":12},"end":{"line":171,"column":null}},"61":{"start":{"line":173,"column":61},"end":{"line":173,"column":110}},"62":{"start":{"line":174,"column":12},"end":{"line":174,"column":null}},"63":{"start":{"line":179,"column":8},"end":{"line":179,"column":null}},"64":{"start":{"line":180,"column":8},"end":{"line":180,"column":null}},"65":{"start":{"line":181,"column":8},"end":{"line":181,"column":null}},"66":{"start":{"line":190,"column":4},"end":{"line":192,"column":null}},"67":{"start":{"line":191,"column":8},"end":{"line":191,"column":null}},"68":{"start":{"line":193,"column":4},"end":{"line":193,"column":null}},"69":{"start":{"line":201,"column":4},"end":{"line":207,"column":null}},"70":{"start":{"line":202,"column":8},"end":{"line":202,"column":null}},"71":{"start":{"line":203,"column":8},"end":{"line":205,"column":null}},"72":{"start":{"line":204,"column":12},"end":{"line":204,"column":null}},"73":{"start":{"line":206,"column":8},"end":{"line":206,"column":null}}},"fnMap":{"0":{"name":"(anonymous_0)","decl":{"start":{"line":24,"column":15},"end":{"line":24,"column":23}},"loc":{"start":{"line":24,"column":39},"end":{"line":183,"column":null}},"line":24},"1":{"name":"(anonymous_1)","decl":{"start":{"line":53,"column":31},"end":{"line":53,"column":36}},"loc":{"start":{"line":56,"column":10},"end":{"line":59,"column":9}},"line":56},"2":{"name":"(anonymous_2)","decl":{"start":{"line":65,"column":31},"end":{"line":65,"column":32}},"loc":{"start":{"line":65,"column":37},"end":{"line":87,"column":5}},"line":65},"3":{"name":"(anonymous_3)","decl":{"start":{"line":74,"column":35},"end":{"line":74,"column":40}},"loc":{"start":{"line":77,"column":14},"end":{"line":80,"column":13}},"line":77},"4":{"name":"optionsHook","decl":{"start":{"line":94,"column":19},"end":{"line":94,"column":30}},"loc":{"start":{"line":94,"column":39},"end":{"line":101,"column":null}},"line":94},"5":{"name":"(anonymous_5)","decl":{"start":{"line":97,"column":66},"end":{"line":97,"column":70}},"loc":{"start":{"line":97,"column":74},"end":{"line":97,"column":82}},"line":97},"6":{"name":"buildStart","decl":{"start":{"line":103,"column":19},"end":{"line":103,"column":29}},"loc":{"start":{"line":103,"column":32},"end":{"line":108,"column":null}},"line":103},"7":{"name":"renderStart","decl":{"start":{"line":113,"column":19},"end":{"line":113,"column":30}},"loc":{"start":{"line":113,"column":40},"end":{"line":124,"column":null}},"line":113},"8":{"name":"removeDir","decl":{"start":{"line":129,"column":19},"end":{"line":129,"column":28}},"loc":{"start":{"line":129,"column":34},"end":{"line":161,"column":null}},"line":129},"9":{"name":"(anonymous_9)","decl":{"start":{"line":139,"column":81},"end":{"line":139,"column":82}},"loc":{"start":{"line":139,"column":87},"end":{"line":139,"column":110}},"line":139},"10":{"name":"(anonymous_10)","decl":{"start":{"line":141,"column":67},"end":{"line":141,"column":71}},"loc":{"start":{"line":141,"column":75},"end":{"line":141,"column":95}},"line":141},"11":{"name":"doRemove","decl":{"start":{"line":166,"column":19},"end":{"line":166,"column":27}},"loc":{"start":{"line":166,"column":43},"end":{"line":176,"column":null}},"line":166},"12":{"name":"cleanup","decl":{"start":{"line":178,"column":13},"end":{"line":178,"column":20}},"loc":{"start":{"line":178,"column":23},"end":{"line":182,"column":null}},"line":178},"13":{"name":"normalizeSlash","decl":{"start":{"line":189,"column":9},"end":{"line":189,"column":23}},"loc":{"start":{"line":189,"column":29},"end":{"line":194,"column":null}},"line":189},"14":{"name":"parentDirs","decl":{"start":{"line":200,"column":10},"end":{"line":200,"column":20}},"loc":{"start":{"line":200,"column":26},"end":{"line":208,"column":null}},"line":200}},"branchMap":{"0":{"loc":{"start":{"line":24,"column":25},"end":{"line":24,"column":37}},"type":"default-arg","locations":[{"start":{"line":24,"column":35},"end":{"line":24,"column":37}}],"line":24},"1":{"loc":{"start":{"line":51,"column":4},"end":{"line":63,"column":null}},"type":"if","locations":[{"start":{"line":51,"column":4},"end":{"line":63,"column":null}},{"start":{"line":60,"column":11},"end":{"line":63,"column":null}}],"line":51},"2":{"loc":{"start":{"line":72,"column":8},"end":{"line":84,"column":null}},"type":"if","locations":[{"start":{"line":72,"column":8},"end":{"line":84,"column":null}},{"start":{"line":81,"column":15},"end":{"line":84,"column":null}}],"line":72},"3":{"loc":{"start":{"line":95,"column":8},"end":{"line":99,"column":null}},"type":"if","locations":[{"start":{"line":95,"column":8},"end":{"line":99,"column":null}},{"start":{},"end":{}}],"line":95},"4":{"loc":{"start":{"line":95,"column":12},"end":{"line":95,"column":30}},"type":"binary-expr","locations":[{"start":{"line":95,"column":12},"end":{"line":95,"column":20}},{"start":{"line":95,"column":24},"end":{"line":95,"column":30}}],"line":95},"5":{"loc":{"start":{"line":97,"column":17},"end":{"line":97,"column":106}},"type":"cond-expr","locations":[{"start":{"line":97,"column":48},"end":{"line":97,"column":83}},{"start":{"line":97,"column":86},"end":{"line":97,"column":106}}],"line":97},"6":{"loc":{"start":{"line":104,"column":8},"end":{"line":106,"column":null}},"type":"if","locations":[{"start":{"line":104,"column":8},"end":{"line":106,"column":null}},{"start":{},"end":{}}],"line":104},"7":{"loc":{"start":{"line":114,"column":8},"end":{"line":116,"column":null}},"type":"if","locations":[{"start":{"line":114,"column":8},"end":{"line":116,"column":null}},{"start":{},"end":{}}],"line":114},"8":{"loc":{"start":{"line":117,"column":8},"end":{"line":123,"column":null}},"type":"if","locations":[{"start":{"line":117,"column":8},"end":{"line":123,"column":null}},{"start":{"line":121,"column":15},"end":{"line":123,"column":null}}],"line":117},"9":{"loc":{"start":{"line":118,"column":12},"end":{"line":120,"column":null}},"type":"if","locations":[{"start":{"line":118,"column":12},"end":{"line":120,"column":null}},{"start":{},"end":{}}],"line":118},"10":{"loc":{"start":{"line":131,"column":8},"end":{"line":133,"column":null}},"type":"if","locations":[{"start":{"line":131,"column":8},"end":{"line":133,"column":null}},{"start":{},"end":{}}],"line":131},"11":{"loc":{"start":{"line":132,"column":19},"end":{"line":132,"column":64}},"type":"binary-expr","locations":[{"start":{"line":132,"column":19},"end":{"line":132,"column":31}},{"start":{"line":132,"column":35},"end":{"line":132,"column":64}}],"line":132},"12":{"loc":{"start":{"line":138,"column":8},"end":{"line":146,"column":null}},"type":"if","locations":[{"start":{"line":138,"column":8},"end":{"line":146,"column":null}},{"start":{"line":140,"column":15},"end":{"line":146,"column":null}}],"line":138},"13":{"loc":{"start":{"line":142,"column":12},"end":{"line":144,"column":null}},"type":"if","locations":[{"start":{"line":142,"column":12},"end":{"line":144,"column":null}},{"start":{},"end":{}}],"line":142},"14":{"loc":{"start":{"line":149,"column":12},"end":{"line":158,"column":null}},"type":"if","locations":[{"start":{"line":149,"column":12},"end":{"line":158,"column":null}},{"start":{"line":151,"column":19},"end":{"line":158,"column":null}}],"line":149},"15":{"loc":{"start":{"line":169,"column":56},"end":{"line":169,"column":98}},"type":"cond-expr","locations":[{"start":{"line":169,"column":66},"end":{"line":169,"column":79}},{"start":{"line":169,"column":82},"end":{"line":169,"column":98}}],"line":169},"16":{"loc":{"start":{"line":173,"column":61},"end":{"line":173,"column":110}},"type":"cond-expr","locations":[{"start":{"line":173,"column":85},"end":{"line":173,"column":94}},{"start":{"line":173,"column":97},"end":{"line":173,"column":110}}],"line":173},"17":{"loc":{"start":{"line":190,"column":4},"end":{"line":192,"column":null}},"type":"if","locations":[{"start":{"line":190,"column":4},"end":{"line":192,"column":null}},{"start":{},"end":{}}],"line":190},"18":{"loc":{"start":{"line":203,"column":8},"end":{"line":205,"column":null}},"type":"if","locations":[{"start":{"line":203,"column":8},"end":{"line":205,"column":null}},{"start":{},"end":{}}],"line":203},"19":{"loc":{"start":{"line":203,"column":12},"end":{"line":203,"column":38}},"type":"binary-expr","locations":[{"start":{"line":203,"column":12},"end":{"line":203,"column":23}},{"start":{"line":203,"column":27},"end":{"line":203,"column":38}}],"line":203}},"s":{"0":29,"1":29,"2":29,"3":29,"4":29,"5":29,"6":29,"7":29,"8":29,"9":29,"10":21,"11":22,"12":22,"13":8,"14":8,"15":29,"16":3,"17":3,"18":3,"19":2,"20":2,"21":2,"22":1,"23":1,"24":3,"25":29,"26":10,"27":4,"28":2,"29":10,"30":10,"31":1,"32":9,"33":24,"34":1,"35":23,"36":10,"37":9,"38":13,"39":36,"40":36,"41":4,"42":32,"43":1,"44":1,"45":31,"46":65,"47":31,"48":1,"49":30,"50":31,"51":31,"52":64,"53":54,"54":10,"55":31,"56":31,"57":31,"58":31,"59":31,"60":28,"61":3,"62":3,"63":31,"64":31,"65":31,"66":36,"67":1,"68":35,"69":62,"70":191,"71":191,"72":62,"73":129},"f":{"0":29,"1":22,"2":3,"3":2,"4":10,"5":2,"6":10,"7":24,"8":36,"9":1,"10":65,"11":31,"12":31,"13":36,"14":62},"b":{"0":[29],"1":[21,8],"2":[2,1],"3":[4,6],"4":[10,4],"5":[1,3],"6":[1,9],"7":[1,23],"8":[10,13],"9":[9,1],"10":[4,32],"11":[4,2],"12":[1,31],"13":[1,30],"14":[54,10],"15":[1,30],"16":[2,1],"17":[1,35],"18":[62,129],"19":[191,191]},"meta":{"lastBranch":20,"lastFunction":15,"lastStatement":74,"seen":{"f:24:15:24:23":0,"b:24:35:24:37":0,"s:26:23:26:32":0,"s:28:34:28:43":1,"s:29:18:29:23":2,"s:31:29:40:5":3,"s:41:62:41:79":4,"s:42:22:42:39":5,"s:44:20:44:70":6,"s:45:57:45:81":7,"s:48:53:48:Infinity":8,"b:51:4:63:Infinity:60:11:63:Infinity":1,"s:51:4:63:Infinity":9,"s:53:8:59:Infinity":10,"f:53:31:53:36":1,"s:57:12:57:Infinity":11,"s:58:12:58:Infinity":12,"s:61:8:61:Infinity":13,"s:62:8:62:Infinity":14,"s:65:4:87:Infinity":15,"f:65:31:65:32":2,"s:66:25:66:42":16,"s:69:57:69:Infinity":17,"b:72:8:84:Infinity:81:15:84:Infinity":2,"s:72:8:84:Infinity":18,"s:74:12:80:Infinity":19,"f:74:35:74:40":3,"s:78:16:78:Infinity":20,"s:79:16:79:Infinity":21,"s:82:12:82:Infinity":22,"s:83:12:83:Infinity":23,"s:86:8:86:Infinity":24,"s:89:4:89:Infinity":25,"f:94:19:94:30":4,"b:95:8:99:Infinity:undefined:undefined:undefined:undefined":3,"s:95:8:99:Infinity":26,"b:95:12:95:20:95:24:95:30":4,"s:96:12:98:Infinity":27,"b:97:48:97:83:97:86:97:106":5,"f:97:66:97:70":5,"s:97:74:97:82":28,"s:100:8:100:Infinity":29,"f:103:19:103:29":6,"b:104:8:106:Infinity:undefined:undefined:undefined:undefined":6,"s:104:8:106:Infinity":30,"s:105:12:105:Infinity":31,"s:107:8:107:Infinity":32,"f:113:19:113:30":7,"b:114:8:116:Infinity:undefined:undefined:undefined:undefined":7,"s:114:8:116:Infinity":33,"s:115:12:115:Infinity":34,"b:117:8:123:Infinity:121:15:123:Infinity":8,"s:117:8:123:Infinity":35,"b:118:12:120:Infinity:undefined:undefined:undefined:undefined":9,"s:118:12:120:Infinity":36,"s:119:16:119:Infinity":37,"s:122:12:122:Infinity":38,"f:129:19:129:28":8,"s:130:30:130:60":39,"b:131:8:133:Infinity:undefined:undefined:undefined:undefined":10,"s:131:8:133:Infinity":40,"s:132:12:132:Infinity":41,"b:132:19:132:31:132:35:132:64":11,"b:138:8:146:Infinity:140:15:146:Infinity":12,"s:138:8:146:Infinity":42,"s:139:12:139:Infinity":43,"f:139:81:139:82":9,"s:139:87:139:110":44,"s:141:12:141:Infinity":45,"f:141:67:141:71":10,"s:141:75:141:95":46,"b:142:12:144:Infinity:undefined:undefined:undefined:undefined":13,"s:142:12:144:Infinity":47,"s:143:16:143:Infinity":48,"s:145:12:145:Infinity":49,"s:147:8:147:Infinity":50,"s:148:8:159:Infinity":51,"b:149:12:158:Infinity:151:19:158:Infinity":14,"s:149:12:158:Infinity":52,"s:150:16:150:Infinity":53,"s:152:16:157:Infinity":54,"s:160:8:160:Infinity":55,"f:166:19:166:27":11,"s:167:22:167:47":56,"s:168:8:175:Infinity":57,"s:169:12:169:Infinity":58,"b:169:66:169:79:169:82:169:98":15,"s:170:12:170:Infinity":59,"s:171:12:171:Infinity":60,"s:173:61:173:110":61,"b:173:85:173:94:173:97:173:110":16,"s:174:12:174:Infinity":62,"f:178:13:178:20":12,"s:179:8:179:Infinity":63,"s:180:8:180:Infinity":64,"s:181:8:181:Infinity":65,"f:189:9:189:23":13,"b:190:4:192:Infinity:undefined:undefined:undefined:undefined":17,"s:190:4:192:Infinity":66,"s:191:8:191:Infinity":67,"s:193:4:193:Infinity":68,"f:200:10:200:20":14,"s:201:4:207:Infinity":69,"s:202:8:202:Infinity":70,"b:203:8:205:Infinity:undefined:undefined:undefined:undefined":18,"s:203:8:205:Infinity":71,"b:203:12:203:23:203:27:203:38":19,"s:204:12:204:Infinity":72,"s:206:8:206:Infinity":73}}}
}
