<?xml version="1.0" encoding="UTF-8"?>
<coverage generated="1777138345377" clover="3.2.0">
  <project timestamp="1777138345377" name="All files">
    <metrics statements="198" coveredstatements="197" conditionals="131" coveredconditionals="128" methods="49" coveredmethods="49" elements="378" coveredelements="374" complexity="0" loc="198" ncloc="198" packages="1" files="3" classes="3"/>
    <file name="asset-factories.js" path="/home/runner/work/rollup-extras/rollup-extras/plugin-html/src/asset-factories.js">
      <metrics statements="27" coveredstatements="27" conditionals="12" coveredconditionals="12" methods="11" coveredmethods="11"/>
      <line num="25" count="3" type="stmt"/>
      <line num="34" count="2" type="stmt"/>
      <line num="35" count="2" type="stmt"/>
      <line num="36" count="4" type="cond" truecount="2" falsecount="0"/>
      <line num="37" count="1" type="stmt"/>
      <line num="47" count="5" type="stmt"/>
      <line num="48" count="5" type="stmt"/>
      <line num="49" count="4" type="cond" truecount="2" falsecount="0"/>
      <line num="50" count="2" type="stmt"/>
      <line num="60" count="2" type="stmt"/>
      <line num="61" count="2" type="stmt"/>
      <line num="62" count="3" type="cond" truecount="2" falsecount="0"/>
      <line num="63" count="2" type="stmt"/>
      <line num="73" count="1" type="stmt"/>
      <line num="74" count="2" type="stmt"/>
      <line num="75" count="3" type="stmt"/>
      <line num="76" count="3" type="cond" truecount="2" falsecount="0"/>
      <line num="77" count="2" type="stmt"/>
      <line num="87" count="9" type="stmt"/>
      <line num="88" count="9" type="cond" truecount="2" falsecount="0"/>
      <line num="89" count="4" type="stmt"/>
      <line num="90" count="4" type="stmt"/>
      <line num="91" count="4" type="stmt"/>
      <line num="93" count="9" type="stmt"/>
      <line num="97" count="4" type="cond" truecount="2" falsecount="0"/>
      <line num="98" count="3" type="stmt"/>
      <line num="100" count="4" type="stmt"/>
    </file>
    <file name="index.js" path="/home/runner/work/rollup-extras/rollup-extras/plugin-html/src/index.js">
      <metrics statements="158" coveredstatements="157" conditionals="109" coveredconditionals="106" methods="30" coveredmethods="30"/>
      <line num="56" count="1" type="stmt"/>
      <line num="57" count="1" type="stmt"/>
      <line num="58" count="1" type="stmt"/>
      <line num="59" count="1" type="stmt"/>
      <line num="63" count="1" type="stmt"/>
      <line num="70" count="77" type="stmt"/>
      <line num="74" count="64" type="stmt"/>
      <line num="78" count="1" type="stmt"/>
      <line num="105" count="70" type="stmt"/>
      <line num="114" count="70" type="stmt"/>
      <line num="117" count="70" type="stmt"/>
      <line num="118" count="70" type="stmt"/>
      <line num="120" count="70" type="cond" truecount="2" falsecount="0"/>
      <line num="121" count="15" type="cond" truecount="2" falsecount="0"/>
      <line num="122" count="3" type="stmt"/>
      <line num="124" count="12" type="cond" truecount="2" falsecount="0"/>
      <line num="125" count="8" type="stmt"/>
      <line num="127" count="8" type="stmt"/>
      <line num="128" count="8" type="stmt"/>
      <line num="130" count="3" type="stmt"/>
      <line num="133" count="4" type="stmt"/>
      <line num="134" count="4" type="stmt"/>
      <line num="136" count="3" type="cond" truecount="4" falsecount="0"/>
      <line num="137" count="1" type="stmt"/>
      <line num="138" count="1" type="stmt"/>
      <line num="140" count="2" type="stmt"/>
      <line num="149" count="70" type="stmt"/>
      <line num="151" count="70" type="stmt"/>
      <line num="154" count="70" type="stmt"/>
      <line num="156" count="70" type="stmt"/>
      <line num="158" count="70" type="stmt"/>
      <line num="159" count="70" type="stmt"/>
      <line num="162" count="70" type="stmt"/>
      <line num="166" count="67" type="stmt"/>
      <line num="167" count="67" type="cond" truecount="2" falsecount="0"/>
      <line num="168" count="67" type="stmt"/>
      <line num="169" count="67" type="stmt"/>
      <line num="174" count="70" type="stmt"/>
      <line num="175" count="10" type="stmt"/>
      <line num="177" count="10" type="cond" truecount="4" falsecount="0"/>
      <line num="178" count="1" type="stmt"/>
      <line num="181" count="10" type="stmt"/>
      <line num="184" count="70" type="cond" truecount="4" falsecount="0"/>
      <line num="186" count="5" type="stmt"/>
      <line num="187" count="6" type="stmt"/>
      <line num="188" count="6" type="stmt"/>
      <line num="190" count="1" type="stmt"/>
      <line num="192" count="6" type="stmt"/>
      <line num="196" count="70" type="stmt"/>
      <line num="205" count="75" type="stmt"/>
      <line num="206" count="75" type="stmt"/>
      <line num="207" count="301" type="stmt"/>
      <line num="208" count="301" type="stmt"/>
      <line num="209" count="93" type="stmt"/>
      <line num="211" count="75" type="stmt"/>
      <line num="215" count="75" type="cond" truecount="2" falsecount="0"/>
      <line num="216" count="75" type="stmt"/>
      <line num="217" count="75" type="cond" truecount="2" falsecount="0"/>
      <line num="218" count="6" type="cond" truecount="2" falsecount="0"/>
      <line num="219" count="2" type="stmt"/>
      <line num="221" count="2" type="cond" truecount="2" falsecount="0"/>
      <line num="224" count="2" type="stmt"/>
      <line num="226" count="4" type="stmt"/>
      <line num="228" count="6" type="cond" truecount="5" falsecount="0"/>
      <line num="229" count="5" type="stmt"/>
      <line num="238" count="136" type="stmt"/>
      <line num="250" count="12" type="cond" truecount="4" falsecount="0"/>
      <line num="251" count="2" type="stmt"/>
      <line num="253" count="10" type="stmt"/>
      <line num="261" count="5" type="cond" truecount="2" falsecount="0"/>
      <line num="262" count="4" type="stmt"/>
      <line num="264" count="1" type="stmt"/>
      <line num="269" count="3" type="stmt"/>
      <line num="274" count="6" type="stmt"/>
      <line num="279" count="67" type="stmt"/>
      <line num="280" count="67" type="stmt"/>
      <line num="281" count="67" type="cond" truecount="2" falsecount="0"/>
      <line num="282" count="67" type="stmt"/>
      <line num="283" count="67" type="stmt"/>
      <line num="284" count="67" type="stmt"/>
      <line num="286" count="66" type="cond" truecount="5" falsecount="0"/>
      <line num="287" count="3" type="cond" truecount="4" falsecount="0"/>
      <line num="288" count="1" type="stmt"/>
      <line num="290" count="3" type="stmt"/>
      <line num="291" count="3" type="stmt"/>
      <line num="293" count="63" type="stmt"/>
      <line num="300" count="66" type="stmt"/>
      <line num="301" count="66" type="stmt"/>
      <line num="302" count="66" type="stmt"/>
      <line num="304" count="1" type="stmt"/>
      <line num="305" count="1" type="stmt"/>
      <line num="314" count="75" type="cond" truecount="2" falsecount="0"/>
      <line num="315" count="75" type="stmt"/>
      <line num="316" count="106" type="stmt"/>
      <line num="317" count="106" type="stmt"/>
      <line num="318" count="106" type="cond" truecount="4" falsecount="0"/>
      <line num="319" count="10" type="stmt"/>
      <line num="321" count="96" type="stmt"/>
      <line num="322" count="96" type="cond" truecount="2" falsecount="0"/>
      <line num="323" count="14" type="cond" truecount="2" falsecount="0"/>
      <line num="326" count="1" type="stmt"/>
      <line num="328" count="13" type="cond" truecount="2" falsecount="0"/>
      <line num="329" count="8" type="stmt"/>
      <line num="335" count="82" type="cond" truecount="1" falsecount="1"/>
      <line num="336" count="82" type="stmt"/>
      <line num="337" count="82" type="cond" truecount="2" falsecount="0"/>
      <line num="338" count="76" type="cond" truecount="2" falsecount="0"/>
      <line num="339" count="4" type="stmt"/>
      <line num="341" count="72" type="cond" truecount="5" falsecount="0"/>
      <line num="342" count="71" type="stmt"/>
      <line num="344" count="68" type="stmt"/>
      <line num="345" count="68" type="cond" truecount="3" falsecount="0"/>
      <line num="346" count="68" type="cond" truecount="4" falsecount="0"/>
      <line num="354" count="72" type="cond" truecount="4" falsecount="0"/>
      <line num="355" count="58" type="stmt"/>
      <line num="356" count="58" type="stmt"/>
      <line num="357" count="6" type="stmt"/>
      <line num="358" count="6" type="stmt"/>
      <line num="378" count="90" type="cond" truecount="2" falsecount="0"/>
      <line num="379" count="8" type="stmt"/>
      <line num="380" count="8" type="stmt"/>
      <line num="381" count="7" type="cond" truecount="2" falsecount="0"/>
      <line num="382" count="5" type="cond" truecount="2" falsecount="0"/>
      <line num="383" count="3" type="stmt"/>
      <line num="389" count="5" type="cond" truecount="2" falsecount="0"/>
      <line num="390" count="1" type="stmt"/>
      <line num="392" count="5" type="stmt"/>
      <line num="393" count="5" type="stmt"/>
      <line num="396" count="1" type="stmt"/>
      <line num="399" count="85" type="stmt"/>
      <line num="408" count="30" type="cond" truecount="2" falsecount="0"/>
      <line num="417" count="140" type="cond" truecount="2" falsecount="0"/>
      <line num="418" count="139" type="stmt"/>
      <line num="419" count="139" type="cond" truecount="2" falsecount="0"/>
      <line num="420" count="137" type="stmt"/>
      <line num="422" count="2" type="stmt"/>
      <line num="425" count="3" type="stmt"/>
      <line num="435" count="65" type="stmt"/>
      <line num="439" count="87" type="cond" truecount="2" falsecount="0"/>
      <line num="440" count="68" type="stmt"/>
      <line num="442" count="87" type="stmt"/>
      <line num="444" count="87" type="stmt"/>
      <line num="445" count="87" type="stmt"/>
      <line num="446" count="65" type="stmt"/>
      <line num="447" count="65" type="stmt"/>
      <line num="448" count="65" type="stmt"/>
      <line num="449" count="65" type="stmt"/>
      <line num="459" count="58" type="stmt"/>
      <line num="461" count="58" type="stmt"/>
      <line num="462" count="58" type="stmt"/>
      <line num="463" count="6" type="stmt"/>
      <line num="465" count="6" type="cond" truecount="1" falsecount="1"/>
      <line num="466" count="0" type="stmt"/>
      <line num="468" count="6" type="stmt"/>
      <line num="469" count="6" type="stmt"/>
      <line num="470" count="6" type="cond" truecount="1" falsecount="1"/>
      <line num="471" count="6" type="stmt"/>
      <line num="474" count="58" type="stmt"/>
    </file>
    <file name="shared.js" path="/home/runner/work/rollup-extras/rollup-extras/plugin-html/src/shared.js">
      <metrics statements="13" coveredstatements="13" conditionals="10" coveredconditionals="10" methods="8" coveredmethods="8"/>
      <line num="10" count="8" type="stmt"/>
      <line num="19" count="13" type="cond" truecount="2" falsecount="0"/>
      <line num="27" count="60" type="stmt"/>
      <line num="35" count="6" type="stmt"/>
      <line num="43" count="149" type="cond" truecount="2" falsecount="0"/>
      <line num="44" count="101" type="stmt"/>
      <line num="45" count="146" type="cond" truecount="2" falsecount="0"/>
      <line num="46" count="130" type="stmt"/>
      <line num="47" count="16" type="cond" truecount="2" falsecount="0"/>
      <line num="48" count="6" type="stmt"/>
      <line num="49" count="13" type="cond" truecount="2" falsecount="0"/>
      <line num="50" count="12" type="stmt"/>
      <line num="52" count="6" type="stmt"/>
    </file>
  </project>
</coverage>
