{"/home/runner/work/rollup-extras/rollup-extras/plugin-html/src/asset-factories.js": {"path":"/home/runner/work/rollup-extras/rollup-extras/plugin-html/src/asset-factories.js","statementMap":{"0":{"start":{"line":25,"column":22},"end":{"line":25,"column":33}},"1":{"start":{"line":25,"column":28},"end":{"line":25,"column":33}},"2":{"start":{"line":34,"column":22},"end":{"line":34,"column":51}},"3":{"start":{"line":35,"column":4},"end":{"line":39,"column":null}},"4":{"start":{"line":36,"column":8},"end":{"line":38,"column":null}},"5":{"start":{"line":37,"column":12},"end":{"line":37,"column":null}},"6":{"start":{"line":47,"column":22},"end":{"line":47,"column":51}},"7":{"start":{"line":48,"column":4},"end":{"line":52,"column":null}},"8":{"start":{"line":49,"column":8},"end":{"line":51,"column":null}},"9":{"start":{"line":50,"column":12},"end":{"line":50,"column":null}},"10":{"start":{"line":60,"column":22},"end":{"line":60,"column":51}},"11":{"start":{"line":61,"column":4},"end":{"line":65,"column":null}},"12":{"start":{"line":62,"column":8},"end":{"line":64,"column":null}},"13":{"start":{"line":63,"column":12},"end":{"line":63,"column":null}},"14":{"start":{"line":73,"column":4},"end":{"line":80,"column":null}},"15":{"start":{"line":74,"column":8},"end":{"line":79,"column":null}},"16":{"start":{"line":75,"column":27},"end":{"line":75,"column":59}},"17":{"start":{"line":76,"column":12},"end":{"line":78,"column":null}},"18":{"start":{"line":77,"column":16},"end":{"line":77,"column":null}},"19":{"start":{"line":87,"column":19},"end":{"line":87,"column":53}},"20":{"start":{"line":88,"column":4},"end":{"line":92,"column":null}},"21":{"start":{"line":89,"column":23},"end":{"line":89,"column":34}},"22":{"start":{"line":90,"column":8},"end":{"line":90,"column":null}},"23":{"start":{"line":91,"column":8},"end":{"line":91,"column":null}},"24":{"start":{"line":93,"column":4},"end":{"line":93,"column":null}},"25":{"start":{"line":97,"column":4},"end":{"line":99,"column":null}},"26":{"start":{"line":98,"column":8},"end":{"line":98,"column":null}},"27":{"start":{"line":100,"column":4},"end":{"line":100,"column":null}}},"fnMap":{"0":{"name":"(anonymous_0)","decl":{"start":{"line":25,"column":22},"end":{"line":25,"column":23}},"loc":{"start":{"line":25,"column":28},"end":{"line":25,"column":33}},"line":25},"1":{"name":"simpleES5Script","decl":{"start":{"line":33,"column":16},"end":{"line":33,"column":31}},"loc":{"start":{"line":33,"column":49},"end":{"line":40,"column":null}},"line":33},"2":{"name":"(anonymous_2)","decl":{"start":{"line":35,"column":11},"end":{"line":35,"column":19}},"loc":{"start":{"line":35,"column":23},"end":{"line":39,"column":5}},"line":35},"3":{"name":"simpleES5FallbackScript","decl":{"start":{"line":46,"column":16},"end":{"line":46,"column":39}},"loc":{"start":{"line":46,"column":57},"end":{"line":53,"column":null}},"line":46},"4":{"name":"(anonymous_4)","decl":{"start":{"line":48,"column":11},"end":{"line":48,"column":19}},"loc":{"start":{"line":48,"column":23},"end":{"line":52,"column":5}},"line":48},"5":{"name":"simpleModuleScript","decl":{"start":{"line":59,"column":16},"end":{"line":59,"column":34}},"loc":{"start":{"line":59,"column":52},"end":{"line":66,"column":null}},"line":59},"6":{"name":"(anonymous_6)","decl":{"start":{"line":61,"column":11},"end":{"line":61,"column":19}},"loc":{"start":{"line":61,"column":23},"end":{"line":65,"column":5}},"line":61},"7":{"name":"combineAssetFactories","decl":{"start":{"line":72,"column":16},"end":{"line":72,"column":37}},"loc":{"start":{"line":72,"column":52},"end":{"line":81,"column":null}},"line":72},"8":{"name":"(anonymous_8)","decl":{"start":{"line":73,"column":11},"end":{"line":73,"column":12}},"loc":{"start":{"line":73,"column":40},"end":{"line":80,"column":5}},"line":73},"9":{"name":"getPredicate","decl":{"start":{"line":86,"column":9},"end":{"line":86,"column":21}},"loc":{"start":{"line":86,"column":39},"end":{"line":94,"column":null}},"line":86},"10":{"name":"getLogger","decl":{"start":{"line":96,"column":9},"end":{"line":96,"column":18}},"loc":{"start":{"line":96,"column":21},"end":{"line":101,"column":null}},"line":96}},"branchMap":{"0":{"loc":{"start":{"line":36,"column":8},"end":{"line":38,"column":null}},"type":"if","locations":[{"start":{"line":36,"column":8},"end":{"line":38,"column":null}},{"start":{},"end":{}}],"line":36},"1":{"loc":{"start":{"line":49,"column":8},"end":{"line":51,"column":null}},"type":"if","locations":[{"start":{"line":49,"column":8},"end":{"line":51,"column":null}},{"start":{},"end":{}}],"line":49},"2":{"loc":{"start":{"line":62,"column":8},"end":{"line":64,"column":null}},"type":"if","locations":[{"start":{"line":62,"column":8},"end":{"line":64,"column":null}},{"start":{},"end":{}}],"line":62},"3":{"loc":{"start":{"line":76,"column":12},"end":{"line":78,"column":null}},"type":"if","locations":[{"start":{"line":76,"column":12},"end":{"line":78,"column":null}},{"start":{},"end":{}}],"line":76},"4":{"loc":{"start":{"line":88,"column":4},"end":{"line":92,"column":null}},"type":"if","locations":[{"start":{"line":88,"column":4},"end":{"line":92,"column":null}},{"start":{},"end":{}}],"line":88},"5":{"loc":{"start":{"line":97,"column":4},"end":{"line":99,"column":null}},"type":"if","locations":[{"start":{"line":97,"column":4},"end":{"line":99,"column":null}},{"start":{},"end":{}}],"line":97}},"s":{"0":3,"1":2,"2":2,"3":2,"4":4,"5":1,"6":5,"7":5,"8":4,"9":2,"10":2,"11":2,"12":3,"13":2,"14":1,"15":2,"16":3,"17":3,"18":2,"19":9,"20":9,"21":4,"22":4,"23":4,"24":9,"25":4,"26":3,"27":4},"f":{"0":2,"1":2,"2":4,"3":5,"4":4,"5":2,"6":3,"7":1,"8":2,"9":9,"10":4},"b":{"0":[1,3],"1":[2,2],"2":[2,1],"3":[2,1],"4":[4,5],"5":[3,1]},"meta":{"lastBranch":6,"lastFunction":11,"lastStatement":28,"seen":{"s:25:22:25:33":0,"f:25:22:25:23":0,"s:25:28:25:33":1,"f:33:16:33:31":1,"s:34:22:34:51":2,"s:35:4:39:Infinity":3,"f:35:11:35:19":2,"b:36:8:38:Infinity:undefined:undefined:undefined:undefined":0,"s:36:8:38:Infinity":4,"s:37:12:37:Infinity":5,"f:46:16:46:39":3,"s:47:22:47:51":6,"s:48:4:52:Infinity":7,"f:48:11:48:19":4,"b:49:8:51:Infinity:undefined:undefined:undefined:undefined":1,"s:49:8:51:Infinity":8,"s:50:12:50:Infinity":9,"f:59:16:59:34":5,"s:60:22:60:51":10,"s:61:4:65:Infinity":11,"f:61:11:61:19":6,"b:62:8:64:Infinity:undefined:undefined:undefined:undefined":2,"s:62:8:64:Infinity":12,"s:63:12:63:Infinity":13,"f:72:16:72:37":7,"s:73:4:80:Infinity":14,"f:73:11:73:12":8,"s:74:8:79:Infinity":15,"s:75:27:75:59":16,"b:76:12:78:Infinity:undefined:undefined:undefined:undefined":3,"s:76:12:78:Infinity":17,"s:77:16:77:Infinity":18,"f:86:9:86:21":9,"s:87:19:87:53":19,"b:88:4:92:Infinity:undefined:undefined:undefined:undefined":4,"s:88:4:92:Infinity":20,"s:89:23:89:34":21,"s:90:8:90:Infinity":22,"s:91:8:91:Infinity":23,"s:93:4:93:Infinity":24,"f:96:9:96:18":10,"b:97:4:99:Infinity:undefined:undefined:undefined:undefined":5,"s:97:4:99:Infinity":25,"s:98:8:98:Infinity":26,"s:100:4:100:Infinity":27}}}
,"/home/runner/work/rollup-extras/rollup-extras/plugin-html/src/index.js": {"path":"/home/runner/work/rollup-extras/rollup-extras/plugin-html/src/index.js","statementMap":{"0":{"start":{"line":56,"column":24},"end":{"line":56,"column":80}},"1":{"start":{"line":57,"column":27},"end":{"line":57,"column":36}},"2":{"start":{"line":58,"column":27},"end":{"line":58,"column":36}},"3":{"start":{"line":59,"column":21},"end":{"line":59,"column":27}},"4":{"start":{"line":63,"column":17},"end":{"line":76,"column":1}},"5":{"start":{"line":70,"column":87},"end":{"line":70,"column":118}},"6":{"start":{"line":74,"column":12},"end":{"line":74,"column":null}},"7":{"start":{"line":78,"column":18},"end":{"line":82,"column":1}},"8":{"start":{"line":105,"column":11},"end":{"line":113,"column":9}},"9":{"start":{"line":114,"column":35},"end":{"line":114,"column":63}},"10":{"start":{"line":117,"column":25},"end":{"line":117,"column":40}},"11":{"start":{"line":118,"column":26},"end":{"line":118,"column":31}},"12":{"start":{"line":120,"column":4},"end":{"line":147,"column":null}},"13":{"start":{"line":121,"column":8},"end":{"line":146,"column":null}},"14":{"start":{"line":122,"column":12},"end":{"line":122,"column":null}},"15":{"start":{"line":124,"column":12},"end":{"line":145,"column":null}},"16":{"start":{"line":125,"column":16},"end":{"line":131,"column":null}},"17":{"start":{"line":127,"column":20},"end":{"line":127,"column":null}},"18":{"start":{"line":128,"column":20},"end":{"line":128,"column":null}},"19":{"start":{"line":130,"column":20},"end":{"line":130,"column":null}},"20":{"start":{"line":133,"column":16},"end":{"line":144,"column":null}},"21":{"start":{"line":134,"column":19},"end":{"line":143,"column":null}},"22":{"start":{"line":136,"column":28},"end":{"line":141,"column":null}},"23":{"start":{"line":137,"column":32},"end":{"line":137,"column":null}},"24":{"start":{"line":138,"column":32},"end":{"line":138,"column":null}},"25":{"start":{"line":140,"column":32},"end":{"line":140,"column":null}},"26":{"start":{"line":149,"column":21},"end":{"line":149,"column":23}},"27":{"start":{"line":151,"column":39},"end":{"line":151,"column":52}},"28":{"start":{"line":154,"column":27},"end":{"line":154,"column":36}},"29":{"start":{"line":156,"column":20},"end":{"line":156,"column":100}},"30":{"start":{"line":158,"column":69},"end":{"line":158,"column":91}},"31":{"start":{"line":159,"column":57},"end":{"line":159,"column":81}},"32":{"start":{"line":162,"column":4},"end":{"line":172,"column":null}},"33":{"start":{"line":166,"column":8},"end":{"line":166,"column":null}},"34":{"start":{"line":167,"column":8},"end":{"line":167,"column":null}},"35":{"start":{"line":168,"column":8},"end":{"line":168,"column":null}},"36":{"start":{"line":169,"column":8},"end":{"line":171,"column":null}},"37":{"start":{"line":174,"column":4},"end":{"line":182,"column":null}},"38":{"start":{"line":175,"column":25},"end":{"line":175,"column":42}},"39":{"start":{"line":177,"column":8},"end":{"line":179,"column":null}},"40":{"start":{"line":178,"column":39},"end":{"line":178,"column":null}},"41":{"start":{"line":181,"column":8},"end":{"line":181,"column":null}},"42":{"start":{"line":184,"column":4},"end":{"line":194,"column":null}},"43":{"start":{"line":186,"column":8},"end":{"line":193,"column":null}},"44":{"start":{"line":187,"column":12},"end":{"line":191,"column":null}},"45":{"start":{"line":188,"column":16},"end":{"line":188,"column":null}},"46":{"start":{"line":190,"column":16},"end":{"line":190,"column":null}},"47":{"start":{"line":192,"column":12},"end":{"line":192,"column":null}},"48":{"start":{"line":196,"column":4},"end":{"line":196,"column":null}},"49":{"start":{"line":205,"column":8},"end":{"line":205,"column":null}},"50":{"start":{"line":206,"column":27},"end":{"line":210,"column":23}},"51":{"start":{"line":207,"column":25},"end":{"line":207,"column":121}},"52":{"start":{"line":208,"column":28},"end":{"line":208,"column":38}},"53":{"start":{"line":209,"column":37},"end":{"line":209,"column":55}},"54":{"start":{"line":211,"column":8},"end":{"line":214,"column":null}},"55":{"start":{"line":215,"column":20},"end":{"line":215,"column":37}},"56":{"start":{"line":216,"column":22},"end":{"line":216,"column":58}},"57":{"start":{"line":217,"column":8},"end":{"line":231,"column":null}},"58":{"start":{"line":218,"column":12},"end":{"line":227,"column":null}},"59":{"start":{"line":219,"column":16},"end":{"line":219,"column":null}},"60":{"start":{"line":221,"column":61},"end":{"line":223,"column":76}},"61":{"start":{"line":224,"column":16},"end":{"line":224,"column":null}},"62":{"start":{"line":226,"column":16},"end":{"line":226,"column":null}},"63":{"start":{"line":228,"column":12},"end":{"line":230,"column":null}},"64":{"start":{"line":229,"column":16},"end":{"line":229,"column":null}},"65":{"start":{"line":238,"column":8},"end":{"line":243,"column":null}},"66":{"start":{"line":250,"column":8},"end":{"line":254,"column":null}},"67":{"start":{"line":251,"column":12},"end":{"line":251,"column":null}},"68":{"start":{"line":253,"column":12},"end":{"line":253,"column":null}},"69":{"start":{"line":261,"column":8},"end":{"line":265,"column":null}},"70":{"start":{"line":262,"column":12},"end":{"line":262,"column":null}},"71":{"start":{"line":264,"column":12},"end":{"line":264,"column":null}},"72":{"start":{"line":269,"column":8},"end":{"line":269,"column":null}},"73":{"start":{"line":274,"column":8},"end":{"line":274,"column":null}},"74":{"start":{"line":279,"column":8},"end":{"line":279,"column":null}},"75":{"start":{"line":280,"column":8},"end":{"line":306,"column":null}},"76":{"start":{"line":281,"column":24},"end":{"line":281,"column":41}},"77":{"start":{"line":282,"column":26},"end":{"line":282,"column":62}},"78":{"start":{"line":283,"column":48},"end":{"line":283,"column":68}},"79":{"start":{"line":284,"column":25},"end":{"line":284,"column":107}},"80":{"start":{"line":286,"column":12},"end":{"line":298,"column":null}},"81":{"start":{"line":287,"column":16},"end":{"line":289,"column":null}},"82":{"start":{"line":288,"column":20},"end":{"line":288,"column":null}},"83":{"start":{"line":290,"column":16},"end":{"line":290,"column":null}},"84":{"start":{"line":291,"column":16},"end":{"line":291,"column":null}},"85":{"start":{"line":293,"column":16},"end":{"line":297,"column":null}},"86":{"start":{"line":300,"column":12},"end":{"line":300,"column":null}},"87":{"start":{"line":301,"column":12},"end":{"line":301,"column":null}},"88":{"start":{"line":302,"column":12},"end":{"line":302,"column":null}},"89":{"start":{"line":304,"column":12},"end":{"line":304,"column":null}},"90":{"start":{"line":305,"column":12},"end":{"line":305,"column":null}},"91":{"start":{"line":314,"column":20},"end":{"line":314,"column":37}},"92":{"start":{"line":315,"column":8},"end":{"line":367,"column":null}},"93":{"start":{"line":316,"column":43},"end":{"line":316,"column":63}},"94":{"start":{"line":317,"column":29},"end":{"line":317,"column":75}},"95":{"start":{"line":318,"column":12},"end":{"line":320,"column":null}},"96":{"start":{"line":319,"column":16},"end":{"line":319,"column":null}},"97":{"start":{"line":321,"column":12},"end":{"line":321,"column":null}},"98":{"start":{"line":322,"column":12},"end":{"line":366,"column":null}},"99":{"start":{"line":323,"column":16},"end":{"line":327,"column":null}},"100":{"start":{"line":326,"column":20},"end":{"line":326,"column":null}},"101":{"start":{"line":328,"column":16},"end":{"line":334,"column":null}},"102":{"start":{"line":329,"column":53},"end":{"line":333,"column":null}},"103":{"start":{"line":335,"column":19},"end":{"line":366,"column":null}},"104":{"start":{"line":336,"column":58},"end":{"line":336,"column":74}},"105":{"start":{"line":337,"column":16},"end":{"line":365,"column":null}},"106":{"start":{"line":338,"column":20},"end":{"line":340,"column":null}},"107":{"start":{"line":339,"column":24},"end":{"line":339,"column":null}},"108":{"start":{"line":341,"column":20},"end":{"line":353,"column":null}},"109":{"start":{"line":342,"column":57},"end":{"line":352,"column":null}},"110":{"start":{"line":344,"column":60},"end":{"line":344,"column":78}},"111":{"start":{"line":345,"column":32},"end":{"line":345,"column":null}},"112":{"start":{"line":346,"column":32},"end":{"line":348,"column":null}},"113":{"start":{"line":354,"column":20},"end":{"line":364,"column":null}},"114":{"start":{"line":355,"column":50},"end":{"line":355,"column":92}},"115":{"start":{"line":356,"column":24},"end":{"line":363,"column":null}},"116":{"start":{"line":357,"column":51},"end":{"line":357,"column":99}},"117":{"start":{"line":358,"column":61},"end":{"line":362,"column":null}},"118":{"start":{"line":378,"column":8},"end":{"line":398,"column":null}},"119":{"start":{"line":379,"column":12},"end":{"line":397,"column":null}},"120":{"start":{"line":380,"column":28},"end":{"line":380,"column":73}},"121":{"start":{"line":381,"column":16},"end":{"line":394,"column":null}},"122":{"start":{"line":382,"column":20},"end":{"line":388,"column":null}},"123":{"start":{"line":383,"column":24},"end":{"line":387,"column":null}},"124":{"start":{"line":389,"column":20},"end":{"line":391,"column":null}},"125":{"start":{"line":390,"column":24},"end":{"line":390,"column":null}},"126":{"start":{"line":392,"column":53},"end":{"line":392,"column":null}},"127":{"start":{"line":393,"column":20},"end":{"line":393,"column":null}},"128":{"start":{"line":396,"column":16},"end":{"line":396,"column":null}},"129":{"start":{"line":399,"column":8},"end":{"line":399,"column":null}},"130":{"start":{"line":408,"column":4},"end":{"line":408,"column":null}},"131":{"start":{"line":417,"column":4},"end":{"line":424,"column":null}},"132":{"start":{"line":418,"column":25},"end":{"line":418,"column":91}},"133":{"start":{"line":419,"column":8},"end":{"line":423,"column":null}},"134":{"start":{"line":420,"column":12},"end":{"line":420,"column":null}},"135":{"start":{"line":422,"column":12},"end":{"line":422,"column":null}},"136":{"start":{"line":425,"column":4},"end":{"line":425,"column":null}},"137":{"start":{"line":435,"column":59},"end":{"line":443,"column":10}},"138":{"start":{"line":439,"column":12},"end":{"line":441,"column":null}},"139":{"start":{"line":440,"column":16},"end":{"line":440,"column":null}},"140":{"start":{"line":442,"column":12},"end":{"line":442,"column":null}},"141":{"start":{"line":444,"column":25},"end":{"line":444,"column":91}},"142":{"start":{"line":444,"column":55},"end":{"line":444,"column":65}},"143":{"start":{"line":444,"column":80},"end":{"line":444,"column":90}},"144":{"start":{"line":445,"column":25},"end":{"line":445,"column":92}},"145":{"start":{"line":445,"column":55},"end":{"line":445,"column":66}},"146":{"start":{"line":445,"column":81},"end":{"line":445,"column":91}},"147":{"start":{"line":446,"column":22},"end":{"line":446,"column":72}},"148":{"start":{"line":447,"column":4},"end":{"line":447,"column":null}},"149":{"start":{"line":448,"column":22},"end":{"line":448,"column":72}},"150":{"start":{"line":449,"column":4},"end":{"line":449,"column":null}},"151":{"start":{"line":459,"column":22},"end":{"line":459,"column":31}},"152":{"start":{"line":461,"column":18},"end":{"line":461,"column":81}},"153":{"start":{"line":462,"column":4},"end":{"line":473,"column":null}},"154":{"start":{"line":463,"column":54},"end":{"line":463,"column":65}},"155":{"start":{"line":465,"column":8},"end":{"line":467,"column":null}},"156":{"start":{"line":466,"column":12},"end":{"line":466,"column":null}},"157":{"start":{"line":468,"column":8},"end":{"line":468,"column":null}},"158":{"start":{"line":469,"column":22},"end":{"line":469,"column":44}},"159":{"start":{"line":470,"column":8},"end":{"line":472,"column":null}},"160":{"start":{"line":471,"column":12},"end":{"line":471,"column":null}},"161":{"start":{"line":474,"column":4},"end":{"line":474,"column":null}}},"fnMap":{"0":{"name":"(anonymous_0)","decl":{"start":{"line":70,"column":51},"end":{"line":70,"column":52}},"loc":{"start":{"line":70,"column":87},"end":{"line":70,"column":118}},"line":70},"1":{"name":"(anonymous_1)","decl":{"start":{"line":73,"column":8},"end":{"line":73,"column":9}},"loc":{"start":{"line":74,"column":12},"end":{"line":74,"column":null}},"line":74},"2":{"name":"(anonymous_2)","decl":{"start":{"line":88,"column":15},"end":{"line":88,"column":23}},"loc":{"start":{"line":88,"column":39},"end":{"line":401,"column":null}},"line":88},"3":{"name":"(anonymous_3)","decl":{"start":{"line":133,"column":45},"end":{"line":133,"column":52}},"loc":{"start":{"line":133,"column":56},"end":{"line":144,"column":17}},"line":133},"4":{"name":"(anonymous_4)","decl":{"start":{"line":135,"column":30},"end":{"line":135,"column":47}},"loc":{"start":{"line":135,"column":51},"end":{"line":142,"column":25}},"line":135},"5":{"name":"(anonymous_5)","decl":{"start":{"line":162,"column":27},"end":{"line":162,"column":35}},"loc":{"start":{"line":165,"column":6},"end":{"line":172,"column":5}},"line":165},"6":{"name":"(anonymous_6)","decl":{"start":{"line":174,"column":31},"end":{"line":174,"column":32}},"loc":{"start":{"line":174,"column":37},"end":{"line":182,"column":5}},"line":174},"7":{"name":"(anonymous_7)","decl":{"start":{"line":186,"column":30},"end":{"line":186,"column":35}},"loc":{"start":{"line":186,"column":48},"end":{"line":193,"column":9}},"line":186},"8":{"name":"updateAssets","decl":{"start":{"line":199,"column":19},"end":{"line":199,"column":31}},"loc":{"start":{"line":204,"column":6},"end":{"line":232,"column":null}},"line":204},"9":{"name":"(anonymous_9)","decl":{"start":{"line":207,"column":17},"end":{"line":207,"column":20}},"loc":{"start":{"line":207,"column":25},"end":{"line":207,"column":121}},"line":207},"10":{"name":"(anonymous_10)","decl":{"start":{"line":208,"column":20},"end":{"line":208,"column":24}},"loc":{"start":{"line":208,"column":28},"end":{"line":208,"column":38}},"line":208},"11":{"name":"(anonymous_11)","decl":{"start":{"line":209,"column":17},"end":{"line":209,"column":18}},"loc":{"start":{"line":209,"column":37},"end":{"line":209,"column":55}},"line":209},"12":{"name":"freshAssets","decl":{"start":{"line":237,"column":13},"end":{"line":237,"column":24}},"loc":{"start":{"line":237,"column":27},"end":{"line":244,"column":null}},"line":237},"13":{"name":"useNewTemplate","decl":{"start":{"line":249,"column":13},"end":{"line":249,"column":27}},"loc":{"start":{"line":249,"column":47},"end":{"line":255,"column":null}},"line":249},"14":{"name":"handleTemplateReadError","decl":{"start":{"line":260,"column":13},"end":{"line":260,"column":36}},"loc":{"start":{"line":260,"column":40},"end":{"line":266,"column":null}},"line":260},"15":{"name":"warnAboutUsingDefaultTemplate","decl":{"start":{"line":268,"column":13},"end":{"line":268,"column":42}},"loc":{"start":{"line":268,"column":45},"end":{"line":270,"column":null}},"line":268},"16":{"name":"buildStart","decl":{"start":{"line":273,"column":19},"end":{"line":273,"column":29}},"loc":{"start":{"line":273,"column":32},"end":{"line":275,"column":null}},"line":273},"17":{"name":"generateBundle","decl":{"start":{"line":278,"column":19},"end":{"line":278,"column":33}},"loc":{"start":{"line":278,"column":82},"end":{"line":307,"column":null}},"line":278},"18":{"name":"getAssets","decl":{"start":{"line":313,"column":19},"end":{"line":313,"column":28}},"loc":{"start":{"line":313,"column":46},"end":{"line":368,"column":null}},"line":313},"19":{"name":"(anonymous_19)","decl":{"start":{"line":343,"column":34},"end":{"line":343,"column":35}},"loc":{"start":{"line":343,"column":68},"end":{"line":349,"column":29}},"line":343},"20":{"name":"useAssetFactory","decl":{"start":{"line":377,"column":19},"end":{"line":377,"column":34}},"loc":{"start":{"line":377,"column":86},"end":{"line":400,"column":null}},"line":377},"21":{"name":"isUsableByDefaultTemplateFactory","decl":{"start":{"line":407,"column":9},"end":{"line":407,"column":41}},"loc":{"start":{"line":407,"column":52},"end":{"line":409,"column":null}},"line":407},"22":{"name":"predicateFactory","decl":{"start":{"line":416,"column":9},"end":{"line":416,"column":25}},"loc":{"start":{"line":416,"column":42},"end":{"line":426,"column":null}},"line":416},"23":{"name":"defaultTemplateFactory","decl":{"start":{"line":433,"column":9},"end":{"line":433,"column":31}},"loc":{"start":{"line":433,"column":50},"end":{"line":450,"column":null}},"line":433},"24":{"name":"(anonymous_24)","decl":{"start":{"line":438,"column":13},"end":{"line":438,"column":14}},"loc":{"start":{"line":438,"column":55},"end":{"line":443,"column":9}},"line":438},"25":{"name":"(anonymous_25)","decl":{"start":{"line":444,"column":46},"end":{"line":444,"column":51}},"loc":{"start":{"line":444,"column":55},"end":{"line":444,"column":65}},"line":444},"26":{"name":"(anonymous_26)","decl":{"start":{"line":444,"column":71},"end":{"line":444,"column":76}},"loc":{"start":{"line":444,"column":80},"end":{"line":444,"column":90}},"line":444},"27":{"name":"(anonymous_27)","decl":{"start":{"line":445,"column":46},"end":{"line":445,"column":51}},"loc":{"start":{"line":445,"column":55},"end":{"line":445,"column":66}},"line":445},"28":{"name":"(anonymous_28)","decl":{"start":{"line":445,"column":72},"end":{"line":445,"column":77}},"loc":{"start":{"line":445,"column":81},"end":{"line":445,"column":91}},"line":445},"29":{"name":"collectTransitiveImports","decl":{"start":{"line":457,"column":9},"end":{"line":457,"column":33}},"loc":{"start":{"line":457,"column":57},"end":{"line":475,"column":null}},"line":457}},"branchMap":{"0":{"loc":{"start":{"line":88,"column":25},"end":{"line":88,"column":37}},"type":"default-arg","locations":[{"start":{"line":88,"column":35},"end":{"line":88,"column":37}}],"line":88},"1":{"loc":{"start":{"line":110,"column":26},"end":{"line":110,"column":76}},"type":"cond-expr","locations":[{"start":{"line":110,"column":44},"end":{"line":110,"column":57}},{"start":{"line":110,"column":60},"end":{"line":110,"column":76}}],"line":110},"2":{"loc":{"start":{"line":120,"column":4},"end":{"line":147,"column":null}},"type":"if","locations":[{"start":{"line":120,"column":4},"end":{"line":147,"column":null}},{"start":{},"end":{}}],"line":120},"3":{"loc":{"start":{"line":121,"column":8},"end":{"line":146,"column":null}},"type":"if","locations":[{"start":{"line":121,"column":8},"end":{"line":146,"column":null}},{"start":{"line":123,"column":15},"end":{"line":146,"column":null}}],"line":121},"4":{"loc":{"start":{"line":124,"column":12},"end":{"line":145,"column":null}},"type":"if","locations":[{"start":{"line":124,"column":12},"end":{"line":145,"column":null}},{"start":{"line":132,"column":19},"end":{"line":145,"column":null}}],"line":124},"5":{"loc":{"start":{"line":136,"column":28},"end":{"line":141,"column":null}},"type":"if","locations":[{"start":{"line":136,"column":28},"end":{"line":141,"column":null}},{"start":{"line":139,"column":35},"end":{"line":141,"column":null}}],"line":136},"6":{"loc":{"start":{"line":136,"column":32},"end":{"line":136,"column":113}},"type":"binary-expr","locations":[{"start":{"line":136,"column":32},"end":{"line":136,"column":84}},{"start":{"line":136,"column":88},"end":{"line":136,"column":113}}],"line":136},"7":{"loc":{"start":{"line":167,"column":21},"end":{"line":167,"column":44}},"type":"binary-expr","locations":[{"start":{"line":167,"column":21},"end":{"line":167,"column":38}},{"start":{"line":167,"column":42},"end":{"line":167,"column":44}}],"line":167},"8":{"loc":{"start":{"line":177,"column":8},"end":{"line":179,"column":null}},"type":"if","locations":[{"start":{"line":177,"column":8},"end":{"line":179,"column":null}},{"start":{},"end":{}}],"line":177},"9":{"loc":{"start":{"line":177,"column":12},"end":{"line":177,"column":36}},"type":"binary-expr","locations":[{"start":{"line":177,"column":12},"end":{"line":177,"column":27}},{"start":{"line":177,"column":31},"end":{"line":177,"column":36}}],"line":177},"10":{"loc":{"start":{"line":184,"column":4},"end":{"line":194,"column":null}},"type":"if","locations":[{"start":{"line":184,"column":4},"end":{"line":194,"column":null}},{"start":{},"end":{}}],"line":184},"11":{"loc":{"start":{"line":184,"column":8},"end":{"line":184,"column":32}},"type":"binary-expr","locations":[{"start":{"line":184,"column":8},"end":{"line":184,"column":23}},{"start":{"line":184,"column":27},"end":{"line":184,"column":32}}],"line":184},"12":{"loc":{"start":{"line":215,"column":20},"end":{"line":215,"column":37}},"type":"binary-expr","locations":[{"start":{"line":215,"column":20},"end":{"line":215,"column":31}},{"start":{"line":215,"column":35},"end":{"line":215,"column":37}}],"line":215},"13":{"loc":{"start":{"line":217,"column":8},"end":{"line":231,"column":null}},"type":"if","locations":[{"start":{"line":217,"column":8},"end":{"line":231,"column":null}},{"start":{},"end":{}}],"line":217},"14":{"loc":{"start":{"line":218,"column":12},"end":{"line":227,"column":null}},"type":"if","locations":[{"start":{"line":218,"column":12},"end":{"line":227,"column":null}},{"start":{"line":225,"column":19},"end":{"line":227,"column":null}}],"line":218},"15":{"loc":{"start":{"line":221,"column":61},"end":{"line":223,"column":76}},"type":"cond-expr","locations":[{"start":{"line":222,"column":53},"end":{"line":222,"column":null}},{"start":{"line":223,"column":53},"end":{"line":223,"column":76}}],"line":221},"16":{"loc":{"start":{"line":228,"column":12},"end":{"line":230,"column":null}},"type":"if","locations":[{"start":{"line":228,"column":12},"end":{"line":230,"column":null}},{"start":{},"end":{}}],"line":228},"17":{"loc":{"start":{"line":228,"column":16},"end":{"line":228,"column":74}},"type":"binary-expr","locations":[{"start":{"line":228,"column":16},"end":{"line":228,"column":43}},{"start":{"line":228,"column":47},"end":{"line":228,"column":55}},{"start":{"line":228,"column":59},"end":{"line":228,"column":74}}],"line":228},"18":{"loc":{"start":{"line":250,"column":8},"end":{"line":254,"column":null}},"type":"if","locations":[{"start":{"line":250,"column":8},"end":{"line":254,"column":null}},{"start":{"line":252,"column":15},"end":{"line":254,"column":null}}],"line":250},"19":{"loc":{"start":{"line":250,"column":12},"end":{"line":250,"column":93}},"type":"binary-expr","locations":[{"start":{"line":250,"column":12},"end":{"line":250,"column":64}},{"start":{"line":250,"column":68},"end":{"line":250,"column":93}}],"line":250},"20":{"loc":{"start":{"line":261,"column":8},"end":{"line":265,"column":null}},"type":"if","locations":[{"start":{"line":261,"column":8},"end":{"line":265,"column":null}},{"start":{"line":263,"column":15},"end":{"line":265,"column":null}}],"line":261},"21":{"loc":{"start":{"line":281,"column":24},"end":{"line":281,"column":41}},"type":"binary-expr","locations":[{"start":{"line":281,"column":24},"end":{"line":281,"column":35}},{"start":{"line":281,"column":39},"end":{"line":281,"column":41}}],"line":281},"22":{"loc":{"start":{"line":286,"column":12},"end":{"line":298,"column":null}},"type":"if","locations":[{"start":{"line":286,"column":12},"end":{"line":298,"column":null}},{"start":{"line":292,"column":19},"end":{"line":298,"column":null}}],"line":286},"23":{"loc":{"start":{"line":286,"column":16},"end":{"line":286,"column":72}},"type":"binary-expr","locations":[{"start":{"line":286,"column":16},"end":{"line":286,"column":25}},{"start":{"line":286,"column":29},"end":{"line":286,"column":54}},{"start":{"line":286,"column":58},"end":{"line":286,"column":72}}],"line":286},"24":{"loc":{"start":{"line":287,"column":16},"end":{"line":289,"column":null}},"type":"if","locations":[{"start":{"line":287,"column":16},"end":{"line":289,"column":null}},{"start":{},"end":{}}],"line":287},"25":{"loc":{"start":{"line":287,"column":20},"end":{"line":287,"column":51}},"type":"binary-expr","locations":[{"start":{"line":287,"column":20},"end":{"line":287,"column":28}},{"start":{"line":287,"column":32},"end":{"line":287,"column":51}}],"line":287},"26":{"loc":{"start":{"line":314,"column":20},"end":{"line":314,"column":37}},"type":"binary-expr","locations":[{"start":{"line":314,"column":20},"end":{"line":314,"column":31}},{"start":{"line":314,"column":35},"end":{"line":314,"column":37}}],"line":314},"27":{"loc":{"start":{"line":318,"column":12},"end":{"line":320,"column":null}},"type":"if","locations":[{"start":{"line":318,"column":12},"end":{"line":320,"column":null}},{"start":{},"end":{}}],"line":318},"28":{"loc":{"start":{"line":318,"column":16},"end":{"line":318,"column":94}},"type":"binary-expr","locations":[{"start":{"line":318,"column":16},"end":{"line":318,"column":47}},{"start":{"line":318,"column":51},"end":{"line":318,"column":94}}],"line":318},"29":{"loc":{"start":{"line":322,"column":12},"end":{"line":366,"column":null}},"type":"if","locations":[{"start":{"line":322,"column":12},"end":{"line":366,"column":null}},{"start":{"line":335,"column":19},"end":{"line":366,"column":null}}],"line":322},"30":{"loc":{"start":{"line":323,"column":16},"end":{"line":327,"column":null}},"type":"if","locations":[{"start":{"line":323,"column":16},"end":{"line":327,"column":null}},{"start":{},"end":{}}],"line":323},"31":{"loc":{"start":{"line":328,"column":16},"end":{"line":334,"column":null}},"type":"if","locations":[{"start":{"line":328,"column":16},"end":{"line":334,"column":null}},{"start":{},"end":{}}],"line":328},"32":{"loc":{"start":{"line":335,"column":19},"end":{"line":366,"column":null}},"type":"if","locations":[{"start":{"line":335,"column":19},"end":{"line":366,"column":null}},{"start":{},"end":{}}],"line":335},"33":{"loc":{"start":{"line":337,"column":16},"end":{"line":365,"column":null}},"type":"if","locations":[{"start":{"line":337,"column":16},"end":{"line":365,"column":null}},{"start":{},"end":{}}],"line":337},"34":{"loc":{"start":{"line":338,"column":20},"end":{"line":340,"column":null}},"type":"if","locations":[{"start":{"line":338,"column":20},"end":{"line":340,"column":null}},{"start":{},"end":{}}],"line":338},"35":{"loc":{"start":{"line":341,"column":20},"end":{"line":353,"column":null}},"type":"if","locations":[{"start":{"line":341,"column":20},"end":{"line":353,"column":null}},{"start":{},"end":{}}],"line":341},"36":{"loc":{"start":{"line":341,"column":24},"end":{"line":341,"column":104}},"type":"binary-expr","locations":[{"start":{"line":341,"column":24},"end":{"line":341,"column":47}},{"start":{"line":341,"column":51},"end":{"line":341,"column":76}},{"start":{"line":341,"column":80},"end":{"line":341,"column":104}}],"line":341},"37":{"loc":{"start":{"line":345,"column":61},"end":{"line":345,"column":125}},"type":"binary-expr","locations":[{"start":{"line":345,"column":62},"end":{"line":345,"column":81}},{"start":{"line":345,"column":85},"end":{"line":345,"column":103}},{"start":{"line":345,"column":108},"end":{"line":345,"column":125}}],"line":345},"38":{"loc":{"start":{"line":346,"column":39},"end":{"line":348,"column":71}},"type":"cond-expr","locations":[{"start":{"line":347,"column":37},"end":{"line":347,"column":null}},{"start":{"line":348,"column":37},"end":{"line":348,"column":71}}],"line":346},"39":{"loc":{"start":{"line":346,"column":39},"end":{"line":346,"column":null}},"type":"binary-expr","locations":[{"start":{"line":346,"column":39},"end":{"line":346,"column":64}},{"start":{"line":346,"column":68},"end":{"line":346,"column":null}}],"line":346},"40":{"loc":{"start":{"line":354,"column":20},"end":{"line":364,"column":null}},"type":"if","locations":[{"start":{"line":354,"column":20},"end":{"line":364,"column":null}},{"start":{},"end":{}}],"line":354},"41":{"loc":{"start":{"line":354,"column":24},"end":{"line":354,"column":64}},"type":"binary-expr","locations":[{"start":{"line":354,"column":24},"end":{"line":354,"column":37}},{"start":{"line":354,"column":41},"end":{"line":354,"column":64}}],"line":354},"42":{"loc":{"start":{"line":378,"column":8},"end":{"line":398,"column":null}},"type":"if","locations":[{"start":{"line":378,"column":8},"end":{"line":398,"column":null}},{"start":{},"end":{}}],"line":378},"43":{"loc":{"start":{"line":381,"column":16},"end":{"line":394,"column":null}},"type":"if","locations":[{"start":{"line":381,"column":16},"end":{"line":394,"column":null}},{"start":{},"end":{}}],"line":381},"44":{"loc":{"start":{"line":382,"column":20},"end":{"line":388,"column":null}},"type":"if","locations":[{"start":{"line":382,"column":20},"end":{"line":388,"column":null}},{"start":{},"end":{}}],"line":382},"45":{"loc":{"start":{"line":389,"column":20},"end":{"line":391,"column":null}},"type":"if","locations":[{"start":{"line":389,"column":20},"end":{"line":391,"column":null}},{"start":{},"end":{}}],"line":389},"46":{"loc":{"start":{"line":408,"column":11},"end":{"line":408,"column":97}},"type":"binary-expr","locations":[{"start":{"line":408,"column":11},"end":{"line":408,"column":52}},{"start":{"line":408,"column":56},"end":{"line":408,"column":97}}],"line":408},"47":{"loc":{"start":{"line":417,"column":4},"end":{"line":424,"column":null}},"type":"if","locations":[{"start":{"line":417,"column":4},"end":{"line":424,"column":null}},{"start":{},"end":{}}],"line":417},"48":{"loc":{"start":{"line":419,"column":8},"end":{"line":423,"column":null}},"type":"if","locations":[{"start":{"line":419,"column":8},"end":{"line":423,"column":null}},{"start":{"line":421,"column":15},"end":{"line":423,"column":null}}],"line":419},"49":{"loc":{"start":{"line":436,"column":83},"end":{"line":436,"column":130}},"type":"cond-expr","locations":[{"start":{"line":436,"column":106},"end":{"line":436,"column":117}},{"start":{"line":436,"column":120},"end":{"line":436,"column":130}}],"line":436},"50":{"loc":{"start":{"line":439,"column":12},"end":{"line":441,"column":null}},"type":"if","locations":[{"start":{"line":439,"column":12},"end":{"line":441,"column":null}},{"start":{},"end":{}}],"line":439},"51":{"loc":{"start":{"line":465,"column":8},"end":{"line":467,"column":null}},"type":"if","locations":[{"start":{"line":465,"column":8},"end":{"line":467,"column":null}},{"start":{},"end":{}}],"line":465},"52":{"loc":{"start":{"line":470,"column":8},"end":{"line":472,"column":null}},"type":"if","locations":[{"start":{"line":470,"column":8},"end":{"line":472,"column":null}},{"start":{},"end":{}}],"line":470}},"s":{"0":1,"1":1,"2":1,"3":1,"4":1,"5":77,"6":64,"7":1,"8":70,"9":70,"10":70,"11":70,"12":70,"13":15,"14":3,"15":12,"16":8,"17":8,"18":8,"19":3,"20":4,"21":4,"22":3,"23":1,"24":1,"25":2,"26":70,"27":70,"28":70,"29":70,"30":70,"31":70,"32":70,"33":67,"34":67,"35":67,"36":67,"37":70,"38":10,"39":10,"40":1,"41":10,"42":70,"43":5,"44":6,"45":6,"46":1,"47":6,"48":70,"49":75,"50":75,"51":301,"52":301,"53":93,"54":75,"55":75,"56":75,"57":75,"58":6,"59":2,"60":2,"61":2,"62":4,"63":6,"64":5,"65":136,"66":12,"67":2,"68":10,"69":5,"70":4,"71":1,"72":3,"73":6,"74":67,"75":67,"76":67,"77":67,"78":67,"79":67,"80":66,"81":3,"82":1,"83":3,"84":3,"85":63,"86":66,"87":66,"88":66,"89":1,"90":1,"91":75,"92":75,"93":106,"94":106,"95":106,"96":10,"97":96,"98":96,"99":14,"100":1,"101":13,"102":8,"103":82,"104":82,"105":82,"106":76,"107":4,"108":72,"109":71,"110":68,"111":68,"112":68,"113":72,"114":58,"115":58,"116":6,"117":6,"118":90,"119":8,"120":8,"121":7,"122":5,"123":3,"124":5,"125":1,"126":5,"127":5,"128":1,"129":85,"130":30,"131":140,"132":139,"133":139,"134":137,"135":2,"136":3,"137":65,"138":87,"139":68,"140":87,"141":65,"142":87,"143":17,"144":65,"145":87,"146":70,"147":65,"148":65,"149":65,"150":65,"151":58,"152":58,"153":58,"154":6,"155":6,"156":0,"157":6,"158":6,"159":6,"160":6,"161":58},"f":{"0":77,"1":64,"2":70,"3":4,"4":3,"5":67,"6":10,"7":6,"8":75,"9":301,"10":301,"11":93,"12":136,"13":12,"14":5,"15":3,"16":6,"17":67,"18":75,"19":68,"20":90,"21":30,"22":140,"23":65,"24":87,"25":87,"26":17,"27":87,"28":70,"29":58},"b":{"0":[70],"1":[1,69],"2":[15,55],"3":[3,12],"4":[8,4],"5":[1,2],"6":[3,2],"7":[67,1],"8":[1,9],"9":[10,1],"10":[5,65],"11":[70,5],"12":[75,1],"13":[6,69],"14":[2,4],"15":[1,1],"16":[5,1],"17":[6,5,5],"18":[2,10],"19":[12,2],"20":[4,1],"21":[67,1],"22":[3,63],"23":[66,64,63],"24":[1,2],"25":[3,1],"26":[75,1],"27":[10,96],"28":[106,101],"29":[14,82],"30":[1,13],"31":[8,5],"32":[82,0],"33":[76,6],"34":[4,72],"35":[71,1],"36":[72,12,4],"37":[68,57,10],"38":[10,58],"39":[68,60],"40":[58,14],"41":[72,70],"42":[8,82],"43":[5,2],"44":[3,2],"45":[1,4],"46":[30,14],"47":[139,1],"48":[137,2],"49":[8,57],"50":[68,19],"51":[0,6],"52":[6,0]},"meta":{"lastBranch":53,"lastFunction":30,"lastStatement":162,"seen":{"s:56:24:56:80":0,"s:57:27:57:36":1,"s:58:27:58:36":2,"s:59:21:59:27":3,"s:63:17:76:1":4,"f:70:51:70:52":0,"s:70:87:70:118":5,"f:73:8:73:9":1,"s:74:12:74:Infinity":6,"s:78:18:82:1":7,"f:88:15:88:23":2,"b:88:35:88:37":0,"s:105:11:113:9":8,"b:110:44:110:57:110:60:110:76":1,"s:114:35:114:63":9,"s:117:25:117:40":10,"s:118:26:118:31":11,"b:120:4:147:Infinity:undefined:undefined:undefined:undefined":2,"s:120:4:147:Infinity":12,"b:121:8:146:Infinity:123:15:146:Infinity":3,"s:121:8:146:Infinity":13,"s:122:12:122:Infinity":14,"b:124:12:145:Infinity:132:19:145:Infinity":4,"s:124:12:145:Infinity":15,"s:125:16:131:Infinity":16,"s:127:20:127:Infinity":17,"s:128:20:128:Infinity":18,"s:130:20:130:Infinity":19,"s:133:16:144:Infinity":20,"f:133:45:133:52":3,"s:134:19:143:Infinity":21,"f:135:30:135:47":4,"b:136:28:141:Infinity:139:35:141:Infinity":5,"s:136:28:141:Infinity":22,"b:136:32:136:84:136:88:136:113":6,"s:137:32:137:Infinity":23,"s:138:32:138:Infinity":24,"s:140:32:140:Infinity":25,"s:149:21:149:23":26,"s:151:39:151:52":27,"s:154:27:154:36":28,"s:156:20:156:100":29,"s:158:69:158:91":30,"s:159:57:159:81":31,"s:162:4:172:Infinity":32,"f:162:27:162:35":5,"s:166:8:166:Infinity":33,"s:167:8:167:Infinity":34,"b:167:21:167:38:167:42:167:44":7,"s:168:8:168:Infinity":35,"s:169:8:171:Infinity":36,"s:174:4:182:Infinity":37,"f:174:31:174:32":6,"s:175:25:175:42":38,"b:177:8:179:Infinity:undefined:undefined:undefined:undefined":8,"s:177:8:179:Infinity":39,"b:177:12:177:27:177:31:177:36":9,"s:178:39:178:Infinity":40,"s:181:8:181:Infinity":41,"b:184:4:194:Infinity:undefined:undefined:undefined:undefined":10,"s:184:4:194:Infinity":42,"b:184:8:184:23:184:27:184:32":11,"s:186:8:193:Infinity":43,"f:186:30:186:35":7,"s:187:12:191:Infinity":44,"s:188:16:188:Infinity":45,"s:190:16:190:Infinity":46,"s:192:12:192:Infinity":47,"s:196:4:196:Infinity":48,"f:199:19:199:31":8,"s:205:8:205:Infinity":49,"s:206:27:210:23":50,"f:207:17:207:20":9,"s:207:25:207:121":51,"f:208:20:208:24":10,"s:208:28:208:38":52,"f:209:17:209:18":11,"s:209:37:209:55":53,"s:211:8:214:Infinity":54,"s:215:20:215:37":55,"b:215:20:215:31:215:35:215:37":12,"s:216:22:216:58":56,"b:217:8:231:Infinity:undefined:undefined:undefined:undefined":13,"s:217:8:231:Infinity":57,"b:218:12:227:Infinity:225:19:227:Infinity":14,"s:218:12:227:Infinity":58,"s:219:16:219:Infinity":59,"s:221:61:223:76":60,"b:222:53:222:Infinity:223:53:223:76":15,"s:224:16:224:Infinity":61,"s:226:16:226:Infinity":62,"b:228:12:230:Infinity:undefined:undefined:undefined:undefined":16,"s:228:12:230:Infinity":63,"b:228:16:228:43:228:47:228:55:228:59:228:74":17,"s:229:16:229:Infinity":64,"f:237:13:237:24":12,"s:238:8:243:Infinity":65,"f:249:13:249:27":13,"b:250:8:254:Infinity:252:15:254:Infinity":18,"s:250:8:254:Infinity":66,"b:250:12:250:64:250:68:250:93":19,"s:251:12:251:Infinity":67,"s:253:12:253:Infinity":68,"f:260:13:260:36":14,"b:261:8:265:Infinity:263:15:265:Infinity":20,"s:261:8:265:Infinity":69,"s:262:12:262:Infinity":70,"s:264:12:264:Infinity":71,"f:268:13:268:42":15,"s:269:8:269:Infinity":72,"f:273:19:273:29":16,"s:274:8:274:Infinity":73,"f:278:19:278:33":17,"s:279:8:279:Infinity":74,"s:280:8:306:Infinity":75,"s:281:24:281:41":76,"b:281:24:281:35:281:39:281:41":21,"s:282:26:282:62":77,"s:283:48:283:68":78,"s:284:25:284:107":79,"b:286:12:298:Infinity:292:19:298:Infinity":22,"s:286:12:298:Infinity":80,"b:286:16:286:25:286:29:286:54:286:58:286:72":23,"b:287:16:289:Infinity:undefined:undefined:undefined:undefined":24,"s:287:16:289:Infinity":81,"b:287:20:287:28:287:32:287:51":25,"s:288:20:288:Infinity":82,"s:290:16:290:Infinity":83,"s:291:16:291:Infinity":84,"s:293:16:297:Infinity":85,"s:300:12:300:Infinity":86,"s:301:12:301:Infinity":87,"s:302:12:302:Infinity":88,"s:304:12:304:Infinity":89,"s:305:12:305:Infinity":90,"f:313:19:313:28":18,"s:314:20:314:37":91,"b:314:20:314:31:314:35:314:37":26,"s:315:8:367:Infinity":92,"s:316:43:316:63":93,"s:317:29:317:75":94,"b:318:12:320:Infinity:undefined:undefined:undefined:undefined":27,"s:318:12:320:Infinity":95,"b:318:16:318:47:318:51:318:94":28,"s:319:16:319:Infinity":96,"s:321:12:321:Infinity":97,"b:322:12:366:Infinity:335:19:366:Infinity":29,"s:322:12:366:Infinity":98,"b:323:16:327:Infinity:undefined:undefined:undefined:undefined":30,"s:323:16:327:Infinity":99,"s:326:20:326:Infinity":100,"b:328:16:334:Infinity:undefined:undefined:undefined:undefined":31,"s:328:16:334:Infinity":101,"s:329:53:333:Infinity":102,"b:335:19:366:Infinity:undefined:undefined:undefined:undefined":32,"s:335:19:366:Infinity":103,"s:336:58:336:74":104,"b:337:16:365:Infinity:undefined:undefined:undefined:undefined":33,"s:337:16:365:Infinity":105,"b:338:20:340:Infinity:undefined:undefined:undefined:undefined":34,"s:338:20:340:Infinity":106,"s:339:24:339:Infinity":107,"b:341:20:353:Infinity:undefined:undefined:undefined:undefined":35,"s:341:20:353:Infinity":108,"b:341:24:341:47:341:51:341:76:341:80:341:104":36,"s:342:57:352:Infinity":109,"f:343:34:343:35":19,"s:344:60:344:78":110,"s:345:32:345:Infinity":111,"b:345:62:345:81:345:85:345:103:345:108:345:125":37,"s:346:32:348:Infinity":112,"b:347:37:347:Infinity:348:37:348:71":38,"b:346:39:346:64:346:68:346:Infinity":39,"b:354:20:364:Infinity:undefined:undefined:undefined:undefined":40,"s:354:20:364:Infinity":113,"b:354:24:354:37:354:41:354:64":41,"s:355:50:355:92":114,"s:356:24:363:Infinity":115,"s:357:51:357:99":116,"s:358:61:362:Infinity":117,"f:377:19:377:34":20,"b:378:8:398:Infinity:undefined:undefined:undefined:undefined":42,"s:378:8:398:Infinity":118,"s:379:12:397:Infinity":119,"s:380:28:380:73":120,"b:381:16:394:Infinity:undefined:undefined:undefined:undefined":43,"s:381:16:394:Infinity":121,"b:382:20:388:Infinity:undefined:undefined:undefined:undefined":44,"s:382:20:388:Infinity":122,"s:383:24:387:Infinity":123,"b:389:20:391:Infinity:undefined:undefined:undefined:undefined":45,"s:389:20:391:Infinity":124,"s:390:24:390:Infinity":125,"s:392:53:392:Infinity":126,"s:393:20:393:Infinity":127,"s:396:16:396:Infinity":128,"s:399:8:399:Infinity":129,"f:407:9:407:41":21,"s:408:4:408:Infinity":130,"b:408:11:408:52:408:56:408:97":46,"f:416:9:416:25":22,"b:417:4:424:Infinity:undefined:undefined:undefined:undefined":47,"s:417:4:424:Infinity":131,"s:418:25:418:91":132,"b:419:8:423:Infinity:421:15:423:Infinity":48,"s:419:8:423:Infinity":133,"s:420:12:420:Infinity":134,"s:422:12:422:Infinity":135,"s:425:4:425:Infinity":136,"f:433:9:433:31":23,"s:435:59:443:10":137,"b:436:106:436:117:436:120:436:130":49,"f:438:13:438:14":24,"b:439:12:441:Infinity:undefined:undefined:undefined:undefined":50,"s:439:12:441:Infinity":138,"s:440:16:440:Infinity":139,"s:442:12:442:Infinity":140,"s:444:25:444:91":141,"f:444:46:444:51":25,"s:444:55:444:65":142,"f:444:71:444:76":26,"s:444:80:444:90":143,"s:445:25:445:92":144,"f:445:46:445:51":27,"s:445:55:445:66":145,"f:445:72:445:77":28,"s:445:81:445:91":146,"s:446:22:446:72":147,"s:447:4:447:Infinity":148,"s:448:22:448:72":149,"s:449:4:449:Infinity":150,"f:457:9:457:33":29,"s:459:22:459:31":151,"s:461:18:461:81":152,"s:462:4:473:Infinity":153,"s:463:54:463:65":154,"b:465:8:467:Infinity:undefined:undefined:undefined:undefined":51,"s:465:8:467:Infinity":155,"s:466:12:466:Infinity":156,"s:468:8:468:Infinity":157,"s:469:22:469:44":158,"b:470:8:472:Infinity:undefined:undefined:undefined:undefined":52,"s:470:8:472:Infinity":159,"s:471:12:471:Infinity":160,"s:474:4:474:Infinity":161}}}
,"/home/runner/work/rollup-extras/rollup-extras/plugin-html/src/shared.js": {"path":"/home/runner/work/rollup-extras/rollup-extras/plugin-html/src/shared.js","statementMap":{"0":{"start":{"line":10,"column":4},"end":{"line":10,"column":null}},"1":{"start":{"line":19,"column":4},"end":{"line":19,"column":null}},"2":{"start":{"line":27,"column":4},"end":{"line":27,"column":null}},"3":{"start":{"line":35,"column":4},"end":{"line":35,"column":null}},"4":{"start":{"line":43,"column":4},"end":{"line":51,"column":null}},"5":{"start":{"line":44,"column":8},"end":{"line":44,"column":null}},"6":{"start":{"line":44,"column":21},"end":{"line":44,"column":33}},"7":{"start":{"line":45,"column":11},"end":{"line":51,"column":null}},"8":{"start":{"line":46,"column":8},"end":{"line":46,"column":null}},"9":{"start":{"line":47,"column":11},"end":{"line":51,"column":null}},"10":{"start":{"line":48,"column":8},"end":{"line":48,"column":null}},"11":{"start":{"line":48,"column":51},"end":{"line":48,"column":78}},"12":{"start":{"line":49,"column":11},"end":{"line":51,"column":null}},"13":{"start":{"line":50,"column":8},"end":{"line":50,"column":null}},"14":{"start":{"line":50,"column":51},"end":{"line":50,"column":82}},"15":{"start":{"line":52,"column":4},"end":{"line":52,"column":null}}},"fnMap":{"0":{"name":"getLinkElement","decl":{"start":{"line":9,"column":16},"end":{"line":9,"column":30}},"loc":{"start":{"line":9,"column":41},"end":{"line":11,"column":null}},"line":9},"1":{"name":"getNonModuleScriptElement","decl":{"start":{"line":18,"column":16},"end":{"line":18,"column":41}},"loc":{"start":{"line":18,"column":72},"end":{"line":20,"column":null}},"line":18},"2":{"name":"getModuleScriptElement","decl":{"start":{"line":26,"column":16},"end":{"line":26,"column":38}},"loc":{"start":{"line":26,"column":49},"end":{"line":28,"column":null}},"line":26},"3":{"name":"getModulePreloadElement","decl":{"start":{"line":34,"column":16},"end":{"line":34,"column":39}},"loc":{"start":{"line":34,"column":50},"end":{"line":36,"column":null}},"line":34},"4":{"name":"toAssetPredicate","decl":{"start":{"line":42,"column":16},"end":{"line":42,"column":32}},"loc":{"start":{"line":42,"column":47},"end":{"line":53,"column":null}},"line":42},"5":{"name":"(anonymous_5)","decl":{"start":{"line":44,"column":15},"end":{"line":44,"column":16}},"loc":{"start":{"line":44,"column":21},"end":{"line":44,"column":33}},"line":44},"6":{"name":"(anonymous_6)","decl":{"start":{"line":48,"column":15},"end":{"line":48,"column":16}},"loc":{"start":{"line":48,"column":51},"end":{"line":48,"column":78}},"line":48},"7":{"name":"(anonymous_7)","decl":{"start":{"line":50,"column":15},"end":{"line":50,"column":16}},"loc":{"start":{"line":50,"column":51},"end":{"line":50,"column":82}},"line":50}},"branchMap":{"0":{"loc":{"start":{"line":19,"column":62},"end":{"line":19,"column":99}},"type":"cond-expr","locations":[{"start":{"line":19,"column":83},"end":{"line":19,"column":94}},{"start":{"line":19,"column":97},"end":{"line":19,"column":99}}],"line":19},"1":{"loc":{"start":{"line":43,"column":4},"end":{"line":51,"column":null}},"type":"if","locations":[{"start":{"line":43,"column":4},"end":{"line":51,"column":null}},{"start":{"line":45,"column":11},"end":{"line":51,"column":null}}],"line":43},"2":{"loc":{"start":{"line":45,"column":11},"end":{"line":51,"column":null}},"type":"if","locations":[{"start":{"line":45,"column":11},"end":{"line":51,"column":null}},{"start":{"line":47,"column":11},"end":{"line":51,"column":null}}],"line":45},"3":{"loc":{"start":{"line":47,"column":11},"end":{"line":51,"column":null}},"type":"if","locations":[{"start":{"line":47,"column":11},"end":{"line":51,"column":null}},{"start":{"line":49,"column":11},"end":{"line":51,"column":null}}],"line":47},"4":{"loc":{"start":{"line":49,"column":11},"end":{"line":51,"column":null}},"type":"if","locations":[{"start":{"line":49,"column":11},"end":{"line":51,"column":null}},{"start":{},"end":{}}],"line":49}},"s":{"0":8,"1":13,"2":60,"3":6,"4":149,"5":3,"6":101,"7":146,"8":130,"9":16,"10":3,"11":6,"12":13,"13":7,"14":12,"15":6},"f":{"0":8,"1":13,"2":60,"3":6,"4":149,"5":101,"6":6,"7":12},"b":{"0":[6,7],"1":[3,146],"2":[130,16],"3":[3,13],"4":[7,6]},"meta":{"lastBranch":5,"lastFunction":8,"lastStatement":16,"seen":{"f:9:16:9:30":0,"s:10:4:10:Infinity":0,"f:18:16:18:41":1,"s:19:4:19:Infinity":1,"b:19:83:19:94:19:97:19:99":0,"f:26:16:26:38":2,"s:27:4:27:Infinity":2,"f:34:16:34:39":3,"s:35:4:35:Infinity":3,"f:42:16:42:32":4,"b:43:4:51:Infinity:45:11:51:Infinity":1,"s:43:4:51:Infinity":4,"s:44:8:44:Infinity":5,"f:44:15:44:16":5,"s:44:21:44:33":6,"b:45:11:51:Infinity:47:11:51:Infinity":2,"s:45:11:51:Infinity":7,"s:46:8:46:Infinity":8,"b:47:11:51:Infinity:49:11:51:Infinity":3,"s:47:11:51:Infinity":9,"s:48:8:48:Infinity":10,"f:48:15:48:16":6,"s:48:51:48:78":11,"b:49:11:51:Infinity:undefined:undefined:undefined:undefined":4,"s:49:11:51:Infinity":12,"s:50:8:50:Infinity":13,"f:50:15:50:16":7,"s:50:51:50:82":14,"s:52:4:52:Infinity":15}}}
}
