{"/home/runner/work/rollup-extras/rollup-extras/plugin-copy/src/glob.js": {"path":"/home/runner/work/rollup-extras/rollup-extras/plugin-copy/src/glob.js","statementMap":{"0":{"start":{"line":10,"column":19},"end":{"line":10,"column":21}},"1":{"start":{"line":11,"column":20},"end":{"line":11,"column":107}},"2":{"start":{"line":12,"column":4},"end":{"line":14,"column":null}},"3":{"start":{"line":13,"column":8},"end":{"line":13,"column":null}},"4":{"start":{"line":15,"column":4},"end":{"line":15,"column":null}}},"fnMap":{"0":{"name":"globFiles","decl":{"start":{"line":8,"column":22},"end":{"line":8,"column":31}},"loc":{"start":{"line":8,"column":50},"end":{"line":16,"column":null}},"line":8}},"branchMap":{"0":{"loc":{"start":{"line":11,"column":20},"end":{"line":11,"column":107}},"type":"cond-expr","locations":[{"start":{"line":11,"column":38},"end":{"line":11,"column":95}},{"start":{"line":11,"column":98},"end":{"line":11,"column":107}}],"line":11},"1":{"loc":{"start":{"line":11,"column":49},"end":{"line":11,"column":93}},"type":"cond-expr","locations":[{"start":{"line":11,"column":74},"end":{"line":11,"column":81}},{"start":{"line":11,"column":84},"end":{"line":11,"column":93}}],"line":11},"2":{"loc":{"start":{"line":12,"column":30},"end":{"line":12,"column":78}},"type":"cond-expr","locations":[{"start":{"line":12,"column":39},"end":{"line":12,"column":62}},{"start":{"line":12,"column":64},"end":{"line":12,"column":78}}],"line":12}},"s":{"0":60,"1":60,"2":60,"3":90,"4":60},"f":{"0":60},"b":{"0":[4,56],"1":[2,2],"2":[4,56]},"meta":{"lastBranch":3,"lastFunction":1,"lastStatement":5,"seen":{"f:8:22:8:31":0,"s:10:19:10:21":0,"s:11:20:11:107":1,"b:11:38:11:95:11:98:11:107":0,"b:11:74:11:81:11:84:11:93":1,"s:12:4:14:Infinity":2,"b:12:39:12:62:12:64:12:78":2,"s:13:8:13:Infinity":3,"s:15:4:15:Infinity":4}}}
,"/home/runner/work/rollup-extras/rollup-extras/plugin-copy/src/index.js": {"path":"/home/runner/work/rollup-extras/rollup-extras/plugin-copy/src/index.js","statementMap":{"0":{"start":{"line":40,"column":18},"end":{"line":45,"column":1}},"1":{"start":{"line":47,"column":22},"end":{"line":47,"column":38}},"2":{"start":{"line":55,"column":18},"end":{"line":55,"column":27}},"3":{"start":{"line":57,"column":29},"end":{"line":73,"column":5}},"4":{"start":{"line":87,"column":8},"end":{"line":87,"column":25}},"5":{"start":{"line":88,"column":20},"end":{"line":88,"column":37}},"6":{"start":{"line":90,"column":21},"end":{"line":90,"column":92}},"7":{"start":{"line":92,"column":4},"end":{"line":95,"column":null}},"8":{"start":{"line":93,"column":8},"end":{"line":93,"column":null}},"9":{"start":{"line":94,"column":8},"end":{"line":94,"column":null}},"10":{"start":{"line":97,"column":4},"end":{"line":100,"column":null}},"11":{"start":{"line":98,"column":8},"end":{"line":98,"column":null}},"12":{"start":{"line":99,"column":8},"end":{"line":99,"column":null}},"13":{"start":{"line":102,"column":4},"end":{"line":104,"column":null}},"14":{"start":{"line":103,"column":8},"end":{"line":103,"column":null}},"15":{"start":{"line":106,"column":4},"end":{"line":262,"column":null}},"16":{"start":{"line":110,"column":28},"end":{"line":127,"column":13}},"17":{"start":{"line":113,"column":24},"end":{"line":118,"column":null}},"18":{"start":{"line":114,"column":57},"end":{"line":117,"column":31}},"19":{"start":{"line":121,"column":23},"end":{"line":125,"column":null}},"20":{"start":{"line":121,"column":102},"end":{"line":125,"column":25}},"21":{"start":{"line":131,"column":12},"end":{"line":167,"column":null}},"22":{"start":{"line":133,"column":40},"end":{"line":133,"column":49}},"23":{"start":{"line":134,"column":16},"end":{"line":166,"column":null}},"24":{"start":{"line":136,"column":40},"end":{"line":136,"column":49}},"25":{"start":{"line":138,"column":42},"end":{"line":138,"column":51}},"26":{"start":{"line":139,"column":20},"end":{"line":161,"column":null}},"27":{"start":{"line":140,"column":35},"end":{"line":140,"column":65}},"28":{"start":{"line":141,"column":38},"end":{"line":141,"column":56}},"29":{"start":{"line":142,"column":38},"end":{"line":142,"column":51}},"30":{"start":{"line":143,"column":24},"end":{"line":160,"column":null}},"31":{"start":{"line":143,"column":37},"end":{"line":143,"column":38}},"32":{"start":{"line":144,"column":28},"end":{"line":144,"column":null}},"33":{"start":{"line":145,"column":28},"end":{"line":152,"column":null}},"34":{"start":{"line":146,"column":32},"end":{"line":150,"column":null}},"35":{"start":{"line":147,"column":36},"end":{"line":147,"column":null}},"36":{"start":{"line":148,"column":36},"end":{"line":148,"column":null}},"37":{"start":{"line":149,"column":36},"end":{"line":149,"column":null}},"38":{"start":{"line":151,"column":32},"end":{"line":151,"column":null}},"39":{"start":{"line":153,"column":38},"end":{"line":153,"column":58}},"40":{"start":{"line":154,"column":28},"end":{"line":154,"column":null}},"41":{"start":{"line":155,"column":28},"end":{"line":159,"column":null}},"42":{"start":{"line":156,"column":32},"end":{"line":156,"column":null}},"43":{"start":{"line":157,"column":32},"end":{"line":157,"column":null}},"44":{"start":{"line":158,"column":32},"end":{"line":158,"column":null}},"45":{"start":{"line":162,"column":20},"end":{"line":162,"column":null}},"46":{"start":{"line":162,"column":80},"end":{"line":162,"column":101}},"47":{"start":{"line":163,"column":20},"end":{"line":165,"column":null}},"48":{"start":{"line":164,"column":24},"end":{"line":164,"column":null}},"49":{"start":{"line":169,"column":12},"end":{"line":192,"column":null}},"50":{"start":{"line":170,"column":16},"end":{"line":191,"column":null}},"51":{"start":{"line":173,"column":20},"end":{"line":182,"column":null}},"52":{"start":{"line":174,"column":24},"end":{"line":174,"column":null}},"53":{"start":{"line":176,"column":24},"end":{"line":180,"column":null}},"54":{"start":{"line":181,"column":24},"end":{"line":181,"column":null}},"55":{"start":{"line":183,"column":33},"end":{"line":183,"column":130}},"56":{"start":{"line":184,"column":20},"end":{"line":186,"column":null}},"57":{"start":{"line":185,"column":24},"end":{"line":185,"column":null}},"58":{"start":{"line":188,"column":20},"end":{"line":190,"column":null}},"59":{"start":{"line":189,"column":53},"end":{"line":189,"column":null}},"60":{"start":{"line":194,"column":39},"end":{"line":197,"column":13}},"61":{"start":{"line":196,"column":61},"end":{"line":196,"column":null}},"62":{"start":{"line":198,"column":12},"end":{"line":198,"column":null}},"63":{"start":{"line":199,"column":12},"end":{"line":259,"column":null}},"64":{"start":{"line":205,"column":20},"end":{"line":224,"column":null}},"65":{"start":{"line":206,"column":41},"end":{"line":206,"column":118}},"66":{"start":{"line":207,"column":24},"end":{"line":211,"column":null}},"67":{"start":{"line":208,"column":28},"end":{"line":208,"column":null}},"68":{"start":{"line":209,"column":31},"end":{"line":211,"column":null}},"69":{"start":{"line":210,"column":28},"end":{"line":210,"column":null}},"70":{"start":{"line":212,"column":42},"end":{"line":212,"column":66}},"71":{"start":{"line":213,"column":24},"end":{"line":216,"column":null}},"72":{"start":{"line":214,"column":28},"end":{"line":214,"column":null}},"73":{"start":{"line":215,"column":28},"end":{"line":215,"column":null}},"74":{"start":{"line":217,"column":24},"end":{"line":219,"column":null}},"75":{"start":{"line":218,"column":28},"end":{"line":218,"column":null}},"76":{"start":{"line":221,"column":73},"end":{"line":221,"column":122}},"77":{"start":{"line":222,"column":24},"end":{"line":222,"column":null}},"78":{"start":{"line":223,"column":24},"end":{"line":223,"column":null}},"79":{"start":{"line":225,"column":20},"end":{"line":257,"column":null}},"80":{"start":{"line":226,"column":24},"end":{"line":228,"column":null}},"81":{"start":{"line":227,"column":28},"end":{"line":227,"column":null}},"82":{"start":{"line":229,"column":40},"end":{"line":229,"column":59}},"83":{"start":{"line":231,"column":44},"end":{"line":231,"column":65}},"84":{"start":{"line":232,"column":24},"end":{"line":256,"column":null}},"85":{"start":{"line":233,"column":28},"end":{"line":248,"column":null}},"86":{"start":{"line":234,"column":32},"end":{"line":234,"column":null}},"87":{"start":{"line":235,"column":32},"end":{"line":235,"column":null}},"88":{"start":{"line":236,"column":35},"end":{"line":248,"column":null}},"89":{"start":{"line":237,"column":61},"end":{"line":244,"column":null}},"90":{"start":{"line":246,"column":32},"end":{"line":246,"column":null}},"91":{"start":{"line":247,"column":32},"end":{"line":247,"column":null}},"92":{"start":{"line":249,"column":28},"end":{"line":251,"column":null}},"93":{"start":{"line":250,"column":32},"end":{"line":250,"column":null}},"94":{"start":{"line":252,"column":28},"end":{"line":252,"column":null}},"95":{"start":{"line":253,"column":28},"end":{"line":253,"column":null}},"96":{"start":{"line":255,"column":28},"end":{"line":255,"column":null}},"97":{"start":{"line":260,"column":12},"end":{"line":260,"column":null}},"98":{"start":{"line":270,"column":4},"end":{"line":272,"column":null}},"99":{"start":{"line":271,"column":8},"end":{"line":271,"column":null}},"100":{"start":{"line":273,"column":4},"end":{"line":273,"column":null}},"101":{"start":{"line":282,"column":90},"end":{"line":282,"column":97}},"102":{"start":{"line":283,"column":81},"end":{"line":283,"column":101}},"103":{"start":{"line":284,"column":30},"end":{"line":284,"column":112}},"104":{"start":{"line":285,"column":4},"end":{"line":299,"column":null}},"105":{"start":{"line":288,"column":16},"end":{"line":295,"column":null}},"106":{"start":{"line":289,"column":20},"end":{"line":291,"column":null}},"107":{"start":{"line":290,"column":24},"end":{"line":290,"column":null}},"108":{"start":{"line":292,"column":20},"end":{"line":294,"column":null}},"109":{"start":{"line":293,"column":24},"end":{"line":293,"column":null}},"110":{"start":{"line":296,"column":16},"end":{"line":296,"column":null}},"111":{"start":{"line":308,"column":4},"end":{"line":310,"column":null}},"112":{"start":{"line":309,"column":8},"end":{"line":309,"column":null}},"113":{"start":{"line":311,"column":4},"end":{"line":313,"column":null}},"114":{"start":{"line":312,"column":8},"end":{"line":312,"column":null}},"115":{"start":{"line":314,"column":4},"end":{"line":316,"column":null}},"116":{"start":{"line":315,"column":8},"end":{"line":315,"column":null}},"117":{"start":{"line":317,"column":4},"end":{"line":317,"column":null}}},"fnMap":{"0":{"name":"(anonymous_0)","decl":{"start":{"line":53,"column":15},"end":{"line":53,"column":23}},"loc":{"start":{"line":53,"column":34},"end":{"line":263,"column":null}},"line":53},"1":{"name":"(anonymous_1)","decl":{"start":{"line":109,"column":15},"end":{"line":109,"column":23}},"loc":{"start":{"line":109,"column":27},"end":{"line":261,"column":9}},"line":109},"2":{"name":"(anonymous_2)","decl":{"start":{"line":112,"column":29},"end":{"line":112,"column":35}},"loc":{"start":{"line":113,"column":24},"end":{"line":118,"column":null}},"line":113},"3":{"name":"(anonymous_3)","decl":{"start":{"line":114,"column":45},"end":{"line":114,"column":52}},"loc":{"start":{"line":114,"column":57},"end":{"line":117,"column":31}},"line":114},"4":{"name":"(anonymous_4)","decl":{"start":{"line":120,"column":25},"end":{"line":120,"column":31}},"loc":{"start":{"line":121,"column":23},"end":{"line":125,"column":null}},"line":121},"5":{"name":"(anonymous_5)","decl":{"start":{"line":121,"column":91},"end":{"line":121,"column":97}},"loc":{"start":{"line":121,"column":102},"end":{"line":125,"column":25}},"line":121},"6":{"name":"(anonymous_6)","decl":{"start":{"line":162,"column":51},"end":{"line":162,"column":52}},"loc":{"start":{"line":162,"column":80},"end":{"line":162,"column":101}},"line":162},"7":{"name":"(anonymous_7)","decl":{"start":{"line":196,"column":16},"end":{"line":196,"column":17}},"loc":{"start":{"line":196,"column":61},"end":{"line":196,"column":null}},"line":196},"8":{"name":"(anonymous_8)","decl":{"start":{"line":200,"column":31},"end":{"line":200,"column":36}},"loc":{"start":{"line":200,"column":63},"end":{"line":258,"column":17}},"line":200},"9":{"name":"normalizeSlash","decl":{"start":{"line":269,"column":9},"end":{"line":269,"column":23}},"loc":{"start":{"line":269,"column":29},"end":{"line":274,"column":null}},"line":269},"10":{"name":"targets","decl":{"start":{"line":281,"column":9},"end":{"line":281,"column":16}},"loc":{"start":{"line":281,"column":33},"end":{"line":300,"column":null}},"line":281},"11":{"name":"(anonymous_11)","decl":{"start":{"line":287,"column":17},"end":{"line":287,"column":18}},"loc":{"start":{"line":287,"column":68},"end":{"line":297,"column":13}},"line":287},"12":{"name":"getOriginalFileName","decl":{"start":{"line":307,"column":9},"end":{"line":307,"column":28}},"loc":{"start":{"line":307,"column":61},"end":{"line":318,"column":null}},"line":307}},"branchMap":{"0":{"loc":{"start":{"line":90,"column":21},"end":{"line":90,"column":92}},"type":"cond-expr","locations":[{"start":{"line":90,"column":36},"end":{"line":90,"column":52}},{"start":{"line":90,"column":55},"end":{"line":90,"column":92}}],"line":90},"1":{"loc":{"start":{"line":90,"column":55},"end":{"line":90,"column":92}},"type":"cond-expr","locations":[{"start":{"line":90,"column":67},"end":{"line":90,"column":79}},{"start":{"line":90,"column":82},"end":{"line":90,"column":92}}],"line":90},"2":{"loc":{"start":{"line":92,"column":4},"end":{"line":95,"column":null}},"type":"if","locations":[{"start":{"line":92,"column":4},"end":{"line":95,"column":null}},{"start":{},"end":{}}],"line":92},"3":{"loc":{"start":{"line":92,"column":8},"end":{"line":92,"column":44}},"type":"binary-expr","locations":[{"start":{"line":92,"column":8},"end":{"line":92,"column":21}},{"start":{"line":92,"column":25},"end":{"line":92,"column":35}},{"start":{"line":92,"column":39},"end":{"line":92,"column":44}}],"line":92},"4":{"loc":{"start":{"line":97,"column":4},"end":{"line":100,"column":null}},"type":"if","locations":[{"start":{"line":97,"column":4},"end":{"line":100,"column":null}},{"start":{},"end":{}}],"line":97},"5":{"loc":{"start":{"line":97,"column":8},"end":{"line":97,"column":29}},"type":"binary-expr","locations":[{"start":{"line":97,"column":8},"end":{"line":97,"column":20}},{"start":{"line":97,"column":24},"end":{"line":97,"column":29}}],"line":97},"6":{"loc":{"start":{"line":102,"column":4},"end":{"line":104,"column":null}},"type":"if","locations":[{"start":{"line":102,"column":4},"end":{"line":104,"column":null}},{"start":{},"end":{}}],"line":102},"7":{"loc":{"start":{"line":102,"column":8},"end":{"line":102,"column":37}},"type":"binary-expr","locations":[{"start":{"line":102,"column":8},"end":{"line":102,"column":24}},{"start":{"line":102,"column":28},"end":{"line":102,"column":37}}],"line":102},"8":{"loc":{"start":{"line":113,"column":24},"end":{"line":118,"column":null}},"type":"cond-expr","locations":[{"start":{"line":114,"column":30},"end":{"line":117,"column":null}},{"start":{"line":118,"column":30},"end":{"line":118,"column":null}}],"line":113},"9":{"loc":{"start":{"line":123,"column":34},"end":{"line":123,"column":64}},"type":"cond-expr","locations":[{"start":{"line":123,"column":48},"end":{"line":123,"column":59}},{"start":{"line":123,"column":62},"end":{"line":123,"column":64}}],"line":123},"10":{"loc":{"start":{"line":131,"column":12},"end":{"line":167,"column":null}},"type":"if","locations":[{"start":{"line":131,"column":12},"end":{"line":167,"column":null}},{"start":{},"end":{}}],"line":131},"11":{"loc":{"start":{"line":131,"column":16},"end":{"line":131,"column":46}},"type":"binary-expr","locations":[{"start":{"line":131,"column":16},"end":{"line":131,"column":32}},{"start":{"line":131,"column":36},"end":{"line":131,"column":46}}],"line":131},"12":{"loc":{"start":{"line":145,"column":28},"end":{"line":152,"column":null}},"type":"if","locations":[{"start":{"line":145,"column":28},"end":{"line":152,"column":null}},{"start":{},"end":{}}],"line":145},"13":{"loc":{"start":{"line":146,"column":32},"end":{"line":150,"column":null}},"type":"if","locations":[{"start":{"line":146,"column":32},"end":{"line":150,"column":null}},{"start":{},"end":{}}],"line":146},"14":{"loc":{"start":{"line":155,"column":28},"end":{"line":159,"column":null}},"type":"if","locations":[{"start":{"line":155,"column":28},"end":{"line":159,"column":null}},{"start":{},"end":{}}],"line":155},"15":{"loc":{"start":{"line":173,"column":20},"end":{"line":182,"column":null}},"type":"if","locations":[{"start":{"line":173,"column":20},"end":{"line":182,"column":null}},{"start":{"line":175,"column":27},"end":{"line":182,"column":null}}],"line":173},"16":{"loc":{"start":{"line":183,"column":33},"end":{"line":183,"column":130}},"type":"cond-expr","locations":[{"start":{"line":183,"column":43},"end":{"line":183,"column":70}},{"start":{"line":183,"column":72},"end":{"line":183,"column":130}}],"line":183},"17":{"loc":{"start":{"line":184,"column":20},"end":{"line":186,"column":null}},"type":"if","locations":[{"start":{"line":184,"column":20},"end":{"line":186,"column":null}},{"start":{},"end":{}}],"line":184},"18":{"loc":{"start":{"line":188,"column":20},"end":{"line":190,"column":null}},"type":"if","locations":[{"start":{"line":188,"column":20},"end":{"line":190,"column":null}},{"start":{},"end":{}}],"line":188},"19":{"loc":{"start":{"line":196,"column":71},"end":{"line":196,"column":137}},"type":"cond-expr","locations":[{"start":{"line":196,"column":100},"end":{"line":196,"column":117}},{"start":{"line":196,"column":120},"end":{"line":196,"column":137}}],"line":196},"20":{"loc":{"start":{"line":198,"column":42},"end":{"line":198,"column":84}},"type":"cond-expr","locations":[{"start":{"line":198,"column":52},"end":{"line":198,"column":65}},{"start":{"line":198,"column":68},"end":{"line":198,"column":84}}],"line":198},"21":{"loc":{"start":{"line":206,"column":41},"end":{"line":206,"column":118}},"type":"cond-expr","locations":[{"start":{"line":206,"column":74},"end":{"line":206,"column":95}},{"start":{"line":206,"column":98},"end":{"line":206,"column":118}}],"line":206},"22":{"loc":{"start":{"line":206,"column":41},"end":{"line":206,"column":71}},"type":"binary-expr","locations":[{"start":{"line":206,"column":41},"end":{"line":206,"column":57}},{"start":{"line":206,"column":61},"end":{"line":206,"column":71}}],"line":206},"23":{"loc":{"start":{"line":207,"column":24},"end":{"line":211,"column":null}},"type":"if","locations":[{"start":{"line":207,"column":24},"end":{"line":211,"column":null}},{"start":{"line":209,"column":31},"end":{"line":211,"column":null}}],"line":207},"24":{"loc":{"start":{"line":207,"column":28},"end":{"line":207,"column":73}},"type":"binary-expr","locations":[{"start":{"line":207,"column":28},"end":{"line":207,"column":44}},{"start":{"line":207,"column":48},"end":{"line":207,"column":73}}],"line":207},"25":{"loc":{"start":{"line":209,"column":31},"end":{"line":211,"column":null}},"type":"if","locations":[{"start":{"line":209,"column":31},"end":{"line":211,"column":null}},{"start":{},"end":{}}],"line":209},"26":{"loc":{"start":{"line":213,"column":24},"end":{"line":216,"column":null}},"type":"if","locations":[{"start":{"line":213,"column":24},"end":{"line":216,"column":null}},{"start":{},"end":{}}],"line":213},"27":{"loc":{"start":{"line":217,"column":24},"end":{"line":219,"column":null}},"type":"if","locations":[{"start":{"line":217,"column":24},"end":{"line":219,"column":null}},{"start":{},"end":{}}],"line":217},"28":{"loc":{"start":{"line":217,"column":28},"end":{"line":217,"column":52}},"type":"binary-expr","locations":[{"start":{"line":217,"column":28},"end":{"line":217,"column":39}},{"start":{"line":217,"column":43},"end":{"line":217,"column":52}}],"line":217},"29":{"loc":{"start":{"line":221,"column":73},"end":{"line":221,"column":122}},"type":"cond-expr","locations":[{"start":{"line":221,"column":97},"end":{"line":221,"column":106}},{"start":{"line":221,"column":109},"end":{"line":221,"column":122}}],"line":221},"30":{"loc":{"start":{"line":226,"column":24},"end":{"line":228,"column":null}},"type":"if","locations":[{"start":{"line":226,"column":24},"end":{"line":228,"column":null}},{"start":{},"end":{}}],"line":226},"31":{"loc":{"start":{"line":226,"column":28},"end":{"line":226,"column":70}},"type":"binary-expr","locations":[{"start":{"line":226,"column":28},"end":{"line":226,"column":36}},{"start":{"line":226,"column":40},"end":{"line":226,"column":70}}],"line":226},"32":{"loc":{"start":{"line":233,"column":28},"end":{"line":248,"column":null}},"type":"if","locations":[{"start":{"line":233,"column":28},"end":{"line":248,"column":null}},{"start":{"line":236,"column":35},"end":{"line":248,"column":null}}],"line":233},"33":{"loc":{"start":{"line":236,"column":35},"end":{"line":248,"column":null}},"type":"if","locations":[{"start":{"line":236,"column":35},"end":{"line":248,"column":null}},{"start":{"line":245,"column":35},"end":{"line":248,"column":null}}],"line":236},"34":{"loc":{"start":{"line":240,"column":41},"end":{"line":240,"column":77}},"type":"cond-expr","locations":[{"start":{"line":240,"column":58},"end":{"line":240,"column":68}},{"start":{"line":240,"column":71},"end":{"line":240,"column":77}}],"line":240},"35":{"loc":{"start":{"line":249,"column":28},"end":{"line":251,"column":null}},"type":"if","locations":[{"start":{"line":249,"column":28},"end":{"line":251,"column":null}},{"start":{},"end":{}}],"line":249},"36":{"loc":{"start":{"line":270,"column":4},"end":{"line":272,"column":null}},"type":"if","locations":[{"start":{"line":270,"column":4},"end":{"line":272,"column":null}},{"start":{},"end":{}}],"line":270},"37":{"loc":{"start":{"line":284,"column":30},"end":{"line":284,"column":112}},"type":"binary-expr","locations":[{"start":{"line":284,"column":30},"end":{"line":284,"column":40}},{"start":{"line":284,"column":44},"end":{"line":284,"column":112}}],"line":284},"38":{"loc":{"start":{"line":288,"column":16},"end":{"line":295,"column":null}},"type":"if","locations":[{"start":{"line":288,"column":16},"end":{"line":295,"column":null}},{"start":{},"end":{}}],"line":288},"39":{"loc":{"start":{"line":289,"column":20},"end":{"line":291,"column":null}},"type":"if","locations":[{"start":{"line":289,"column":20},"end":{"line":291,"column":null}},{"start":{},"end":{}}],"line":289},"40":{"loc":{"start":{"line":292,"column":20},"end":{"line":294,"column":null}},"type":"if","locations":[{"start":{"line":292,"column":20},"end":{"line":294,"column":null}},{"start":{},"end":{}}],"line":292},"41":{"loc":{"start":{"line":292,"column":24},"end":{"line":292,"column":65}},"type":"binary-expr","locations":[{"start":{"line":292,"column":24},"end":{"line":292,"column":48}},{"start":{"line":292,"column":52},"end":{"line":292,"column":65}}],"line":292},"42":{"loc":{"start":{"line":308,"column":4},"end":{"line":310,"column":null}},"type":"if","locations":[{"start":{"line":308,"column":4},"end":{"line":310,"column":null}},{"start":{},"end":{}}],"line":308},"43":{"loc":{"start":{"line":311,"column":4},"end":{"line":313,"column":null}},"type":"if","locations":[{"start":{"line":311,"column":4},"end":{"line":313,"column":null}},{"start":{},"end":{}}],"line":311},"44":{"loc":{"start":{"line":314,"column":4},"end":{"line":316,"column":null}},"type":"if","locations":[{"start":{"line":314,"column":4},"end":{"line":316,"column":null}},{"start":{},"end":{}}],"line":314}},"s":{"0":1,"1":1,"2":51,"3":51,"4":51,"5":51,"6":51,"7":51,"8":16,"9":16,"10":51,"11":2,"12":2,"13":51,"14":1,"15":51,"16":52,"17":54,"18":2,"19":55,"20":55,"21":52,"22":7,"23":7,"24":7,"25":7,"26":7,"27":20,"28":20,"29":20,"30":20,"31":20,"32":12,"33":12,"34":5,"35":1,"36":1,"37":1,"38":4,"39":7,"40":7,"41":7,"42":3,"43":3,"44":3,"45":7,"46":20,"47":7,"48":3,"49":52,"50":55,"51":81,"52":7,"53":74,"54":74,"55":81,"56":81,"57":74,"58":81,"59":42,"60":52,"61":52,"62":52,"63":52,"64":77,"65":77,"66":59,"67":7,"68":68,"69":7,"70":68,"71":68,"72":67,"73":67,"74":68,"75":42,"76":2,"77":2,"78":2,"79":68,"80":68,"81":1,"82":67,"83":67,"84":67,"85":67,"86":7,"87":7,"88":60,"89":42,"90":18,"91":17,"92":66,"93":2,"94":66,"95":66,"96":1,"97":52,"98":3,"99":1,"100":2,"101":51,"102":51,"103":51,"104":51,"105":56,"106":55,"107":6,"108":49,"109":47,"110":3,"111":42,"112":1,"113":41,"114":39,"115":2,"116":1,"117":1},"f":{"0":51,"1":52,"2":54,"3":2,"4":55,"5":55,"6":20,"7":52,"8":77,"9":3,"10":51,"11":56,"12":42},"b":{"0":[2,49],"1":[33,16],"2":[16,35],"3":[51,49,16],"4":[2,49],"5":[51,2],"6":[1,50],"7":[51,8],"8":[1,53],"9":[20,35],"10":[7,45],"11":[52,8],"12":[5,7],"13":[1,4],"14":[3,4],"15":[7,74],"16":[3,78],"17":[74,7],"18":[42,39],"19":[1,51],"20":[1,51],"21":[16,61],"22":[77,17],"23":[7,68],"24":[59,17],"25":[7,61],"26":[67,1],"27":[42,26],"28":[68,61],"29":[1,1],"30":[1,67],"31":[68,66],"32":[7,60],"33":[42,18],"34":[41,1],"35":[2,64],"36":[1,2],"37":[51,41],"38":[55,1],"39":[6,49],"40":[47,2],"41":[49,48],"42":[1,41],"43":[39,2],"44":[1,1]},"meta":{"lastBranch":45,"lastFunction":13,"lastStatement":118,"seen":{"s:40:18:45:1":0,"s:47:22:47:38":1,"f:53:15:53:23":0,"s:55:18:55:27":2,"s:57:29:73:5":3,"s:87:8:87:25":4,"s:88:20:88:37":5,"s:90:21:90:92":6,"b:90:36:90:52:90:55:90:92":0,"b:90:67:90:79:90:82:90:92":1,"b:92:4:95:Infinity:undefined:undefined:undefined:undefined":2,"s:92:4:95:Infinity":7,"b:92:8:92:21:92:25:92:35:92:39:92:44":3,"s:93:8:93:Infinity":8,"s:94:8:94:Infinity":9,"b:97:4:100:Infinity:undefined:undefined:undefined:undefined":4,"s:97:4:100:Infinity":10,"b:97:8:97:20:97:24:97:29":5,"s:98:8:98:Infinity":11,"s:99:8:99:Infinity":12,"b:102:4:104:Infinity:undefined:undefined:undefined:undefined":6,"s:102:4:104:Infinity":13,"b:102:8:102:24:102:28:102:37":7,"s:103:8:103:Infinity":14,"s:106:4:262:Infinity":15,"f:109:15:109:23":1,"s:110:28:127:13":16,"f:112:29:112:35":2,"s:113:24:118:Infinity":17,"b:114:30:117:Infinity:118:30:118:Infinity":8,"f:114:45:114:52":3,"s:114:57:117:31":18,"f:120:25:120:31":4,"s:121:23:125:Infinity":19,"f:121:91:121:97":5,"s:121:102:125:25":20,"b:123:48:123:59:123:62:123:64":9,"b:131:12:167:Infinity:undefined:undefined:undefined:undefined":10,"s:131:12:167:Infinity":21,"b:131:16:131:32:131:36:131:46":11,"s:133:40:133:49":22,"s:134:16:166:Infinity":23,"s:136:40:136:49":24,"s:138:42:138:51":25,"s:139:20:161:Infinity":26,"s:140:35:140:65":27,"s:141:38:141:56":28,"s:142:38:142:51":29,"s:143:24:160:Infinity":30,"s:143:37:143:38":31,"s:144:28:144:Infinity":32,"b:145:28:152:Infinity:undefined:undefined:undefined:undefined":12,"s:145:28:152:Infinity":33,"b:146:32:150:Infinity:undefined:undefined:undefined:undefined":13,"s:146:32:150:Infinity":34,"s:147:36:147:Infinity":35,"s:148:36:148:Infinity":36,"s:149:36:149:Infinity":37,"s:151:32:151:Infinity":38,"s:153:38:153:58":39,"s:154:28:154:Infinity":40,"b:155:28:159:Infinity:undefined:undefined:undefined:undefined":14,"s:155:28:159:Infinity":41,"s:156:32:156:Infinity":42,"s:157:32:157:Infinity":43,"s:158:32:158:Infinity":44,"s:162:20:162:Infinity":45,"f:162:51:162:52":6,"s:162:80:162:101":46,"s:163:20:165:Infinity":47,"s:164:24:164:Infinity":48,"s:169:12:192:Infinity":49,"s:170:16:191:Infinity":50,"b:173:20:182:Infinity:175:27:182:Infinity":15,"s:173:20:182:Infinity":51,"s:174:24:174:Infinity":52,"s:176:24:180:Infinity":53,"s:181:24:181:Infinity":54,"s:183:33:183:130":55,"b:183:43:183:70:183:72:183:130":16,"b:184:20:186:Infinity:undefined:undefined:undefined:undefined":17,"s:184:20:186:Infinity":56,"s:185:24:185:Infinity":57,"b:188:20:190:Infinity:undefined:undefined:undefined:undefined":18,"s:188:20:190:Infinity":58,"s:189:53:189:Infinity":59,"s:194:39:197:13":60,"f:196:16:196:17":7,"s:196:61:196:Infinity":61,"b:196:100:196:117:196:120:196:137":19,"s:198:12:198:Infinity":62,"b:198:52:198:65:198:68:198:84":20,"s:199:12:259:Infinity":63,"f:200:31:200:36":8,"s:205:20:224:Infinity":64,"s:206:41:206:118":65,"b:206:74:206:95:206:98:206:118":21,"b:206:41:206:57:206:61:206:71":22,"b:207:24:211:Infinity:209:31:211:Infinity":23,"s:207:24:211:Infinity":66,"b:207:28:207:44:207:48:207:73":24,"s:208:28:208:Infinity":67,"b:209:31:211:Infinity:undefined:undefined:undefined:undefined":25,"s:209:31:211:Infinity":68,"s:210:28:210:Infinity":69,"s:212:42:212:66":70,"b:213:24:216:Infinity:undefined:undefined:undefined:undefined":26,"s:213:24:216:Infinity":71,"s:214:28:214:Infinity":72,"s:215:28:215:Infinity":73,"b:217:24:219:Infinity:undefined:undefined:undefined:undefined":27,"s:217:24:219:Infinity":74,"b:217:28:217:39:217:43:217:52":28,"s:218:28:218:Infinity":75,"s:221:73:221:122":76,"b:221:97:221:106:221:109:221:122":29,"s:222:24:222:Infinity":77,"s:223:24:223:Infinity":78,"s:225:20:257:Infinity":79,"b:226:24:228:Infinity:undefined:undefined:undefined:undefined":30,"s:226:24:228:Infinity":80,"b:226:28:226:36:226:40:226:70":31,"s:227:28:227:Infinity":81,"s:229:40:229:59":82,"s:231:44:231:65":83,"s:232:24:256:Infinity":84,"b:233:28:248:Infinity:236:35:248:Infinity":32,"s:233:28:248:Infinity":85,"s:234:32:234:Infinity":86,"s:235:32:235:Infinity":87,"b:236:35:248:Infinity:245:35:248:Infinity":33,"s:236:35:248:Infinity":88,"s:237:61:244:Infinity":89,"b:240:58:240:68:240:71:240:77":34,"s:246:32:246:Infinity":90,"s:247:32:247:Infinity":91,"b:249:28:251:Infinity:undefined:undefined:undefined:undefined":35,"s:249:28:251:Infinity":92,"s:250:32:250:Infinity":93,"s:252:28:252:Infinity":94,"s:253:28:253:Infinity":95,"s:255:28:255:Infinity":96,"s:260:12:260:Infinity":97,"f:269:9:269:23":9,"b:270:4:272:Infinity:undefined:undefined:undefined:undefined":36,"s:270:4:272:Infinity":98,"s:271:8:271:Infinity":99,"s:273:4:273:Infinity":100,"f:281:9:281:16":10,"s:282:90:282:97":101,"s:283:81:283:101":102,"s:284:30:284:112":103,"b:284:30:284:40:284:44:284:112":37,"s:285:4:299:Infinity":104,"f:287:17:287:18":11,"b:288:16:295:Infinity:undefined:undefined:undefined:undefined":38,"s:288:16:295:Infinity":105,"b:289:20:291:Infinity:undefined:undefined:undefined:undefined":39,"s:289:20:291:Infinity":106,"s:290:24:290:Infinity":107,"b:292:20:294:Infinity:undefined:undefined:undefined:undefined":40,"s:292:20:294:Infinity":108,"b:292:24:292:48:292:52:292:65":41,"s:293:24:293:Infinity":109,"s:296:16:296:Infinity":110,"f:307:9:307:28":12,"b:308:4:310:Infinity:undefined:undefined:undefined:undefined":42,"s:308:4:310:Infinity":111,"s:309:8:309:Infinity":112,"b:311:4:313:Infinity:undefined:undefined:undefined:undefined":43,"s:311:4:313:Infinity":113,"s:312:8:312:Infinity":114,"b:314:4:316:Infinity:undefined:undefined:undefined:undefined":44,"s:314:4:316:Infinity":115,"s:315:8:315:Infinity":116,"s:317:4:317:Infinity":117}}}
}
